[ 2019-02-24T16:35:39+08:00 ] 218.85.30.82 /index.php?m=charge&c=list&a=index
INFO: [ app_init ] --START--
INFO: Run Behavior\BuildLiteBehavior [ RunTime:0.000009s ]
INFO: [ app_init ] --END-- [ RunTime:0.000083s ]
INFO: [ app_begin ] --START--
INFO: Run Behavior\ReadHtmlCacheBehavior [ RunTime:0.000049s ]
INFO: [ app_begin ] --END-- [ RunTime:0.000090s ]
NOTIC: [8] Undefined index: p /var/www/html/shequ/Application/Charge/Controller/ListController.class.php 第 7 行.
NOTIC: [8] Undefined index: pageSize /var/www/html/shequ/Application/Charge/Controller/ListController.class.php 第 8 行.
NOTIC: [8] Use of undefined constant admin - assumed 'admin' /var/www/html/shequ/Application/Charge/Controller/ListController.class.php 第 12 行.
NOTIC: [8] Use of undefined constant community - assumed 'community' /var/www/html/shequ/Application/Charge/Controller/ListController.class.php 第 12 行.
SQL: SHOW COLUMNS FROM `charge` [ RunTime:0.0008s ]
SQL: SELECT COUNT(*) AS tp_count FROM `charge` WHERE `money` = 0 AND `community` = 3 LIMIT 1   [ RunTime:0.0005s ]
NOTIC: [8] Use of undefined constant admin - assumed 'admin' /var/www/html/shequ/Application/Charge/Controller/ListController.class.php 第 20 行.
NOTIC: [8] Use of undefined constant community - assumed 'community' /var/www/html/shequ/Application/Charge/Controller/ListController.class.php 第 20 行.
SQL: SELECT COUNT(*) AS tp_count FROM `charge` WHERE `isCharge` = 0 AND `community` = 3 AND `money` <> 0 LIMIT 1   [ RunTime:0.0004s ]
NOTIC: [8] Use of undefined constant admin - assumed 'admin' /var/www/html/shequ/Application/Charge/Controller/ListController.class.php 第 28 行.
NOTIC: [8] Use of undefined constant community - assumed 'community' /var/www/html/shequ/Application/Charge/Controller/ListController.class.php 第 28 行.
SQL: SELECT COUNT(*) AS tp_count FROM `charge` WHERE `isCharge` = 1 AND `community` = 3 AND `money` <> 0 LIMIT 1   [ RunTime:0.0004s ]
SQL: SELECT * FROM `charge` WHERE `money` = 0 AND `community` = 3 LIMIT 0,5   [ RunTime:0.0004s ]
INFO: [ view_parse ] --START--
INFO: [ template_filter ] --START--
INFO: Run Behavior\ContentReplaceBehavior [ RunTime:0.000037s ]
INFO: [ template_filter ] --END-- [ RunTime:0.000072s ]
NOTIC: [8] Undefined variable: taskCount /var/www/html/shequ/Application/Runtime/Cache/Charge/aedd94936195dc49e971bd133b6b15ac.php 第 46 行.
INFO: Run Behavior\ParseTemplateBehavior [ RunTime:0.004826s ]
INFO: [ view_parse ] --END-- [ RunTime:0.004853s ]
INFO: [ view_filter ] --START--
INFO: Run Behavior\WriteHtmlCacheBehavior [ RunTime:0.000031s ]
INFO: [ view_filter ] --END-- [ RunTime:0.000048s ]
INFO: [ app_end ] --START--
INFO: Run Behavior\ShowPageTraceBehavior [ RunTime:0.000030s ]
INFO: [ app_end ] --END-- [ RunTime:0.000050s ]

