[ 2019-02-21T00:07:13+08:00 ] 220.160.49.55 /index.php?m=charge&c=list&a=index
INFO: [ app_init ] --START--
INFO: Run Behavior\BuildLiteBehavior [ RunTime:0.000009s ]
INFO: [ app_init ] --END-- [ RunTime:0.000063s ]
INFO: [ app_begin ] --START--
INFO: Run Behavior\ReadHtmlCacheBehavior [ RunTime:0.000050s ]
INFO: [ app_begin ] --END-- [ RunTime:0.000097s ]
NOTIC: [8] Undefined index: p /var/www/html/shequ/Application/Charge/Controller/ListController.class.php 第 7 行.
NOTIC: [8] Undefined index: pageSize /var/www/html/shequ/Application/Charge/Controller/ListController.class.php 第 8 行.
NOTIC: [8] Use of undefined constant admin - assumed 'admin' /var/www/html/shequ/Application/Charge/Controller/ListController.class.php 第 12 行.
NOTIC: [8] Use of undefined constant community - assumed 'community' /var/www/html/shequ/Application/Charge/Controller/ListController.class.php 第 12 行.
SQL: SHOW COLUMNS FROM `charge` [ RunTime:0.0007s ]
SQL: SELECT COUNT(*) AS tp_count FROM `charge` WHERE `money` = 0 AND `community` = 3 LIMIT 1   [ RunTime:0.0004s ]
NOTIC: [8] Use of undefined constant admin - assumed 'admin' /var/www/html/shequ/Application/Charge/Controller/ListController.class.php 第 20 行.
NOTIC: [8] Use of undefined constant community - assumed 'community' /var/www/html/shequ/Application/Charge/Controller/ListController.class.php 第 20 行.
SQL: SELECT COUNT(*) AS tp_count FROM `charge` WHERE `isCharge` = 0 AND `community` = 3 AND `money` <> 0 LIMIT 1   [ RunTime:0.0004s ]
NOTIC: [8] Use of undefined constant admin - assumed 'admin' /var/www/html/shequ/Application/Charge/Controller/ListController.class.php 第 28 行.
NOTIC: [8] Use of undefined constant community - assumed 'community' /var/www/html/shequ/Application/Charge/Controller/ListController.class.php 第 28 行.
SQL: SELECT COUNT(*) AS tp_count FROM `charge` WHERE `isCharge` = 1 AND `community` = 3 AND `money` <> 0 LIMIT 1   [ RunTime:0.0004s ]
SQL: SELECT * FROM `charge` WHERE `money` = 0 AND `community` = 3 LIMIT 0,5   [ RunTime:0.0004s ]
INFO: [ view_parse ] --START--
INFO: [ template_filter ] --START--
INFO: Run Behavior\ContentReplaceBehavior [ RunTime:0.000043s ]
INFO: [ template_filter ] --END-- [ RunTime:0.000091s ]
NOTIC: [8] Undefined variable: taskCount /var/www/html/shequ/Application/Runtime/Cache/Charge/aedd94936195dc49e971bd133b6b15ac.php 第 46 行.
INFO: Run Behavior\ParseTemplateBehavior [ RunTime:0.014485s ]
INFO: [ view_parse ] --END-- [ RunTime:0.014513s ]
INFO: [ view_filter ] --START--
INFO: Run Behavior\WriteHtmlCacheBehavior [ RunTime:0.000036s ]
INFO: [ view_filter ] --END-- [ RunTime:0.000058s ]
INFO: [ app_end ] --START--
INFO: Run Behavior\ShowPageTraceBehavior [ RunTime:0.000025s ]
INFO: [ app_end ] --END-- [ RunTime:0.000046s ]

[ 2019-02-21T00:07:56+08:00 ] 220.160.49.55 /index.php?m=charge&c=list&a=index
INFO: [ app_init ] --START--
INFO: Run Behavior\BuildLiteBehavior [ RunTime:0.000009s ]
INFO: [ app_init ] --END-- [ RunTime:0.000056s ]
INFO: [ app_begin ] --START--
INFO: Run Behavior\ReadHtmlCacheBehavior [ RunTime:0.000025s ]
INFO: [ app_begin ] --END-- [ RunTime:0.000046s ]
NOTIC: [8] Undefined index: p /var/www/html/shequ/Application/Charge/Controller/ListController.class.php 第 7 行.
NOTIC: [8] Undefined index: pageSize /var/www/html/shequ/Application/Charge/Controller/ListController.class.php 第 8 行.
NOTIC: [8] Use of undefined constant admin - assumed 'admin' /var/www/html/shequ/Application/Charge/Controller/ListController.class.php 第 12 行.
NOTIC: [8] Use of undefined constant community - assumed 'community' /var/www/html/shequ/Application/Charge/Controller/ListController.class.php 第 12 行.
SQL: SHOW COLUMNS FROM `charge` [ RunTime:0.0007s ]
SQL: SELECT COUNT(*) AS tp_count FROM `charge` WHERE `money` = 0 AND `community` = 3 LIMIT 1   [ RunTime:0.0005s ]
NOTIC: [8] Use of undefined constant admin - assumed 'admin' /var/www/html/shequ/Application/Charge/Controller/ListController.class.php 第 20 行.
NOTIC: [8] Use of undefined constant community - assumed 'community' /var/www/html/shequ/Application/Charge/Controller/ListController.class.php 第 20 行.
SQL: SELECT COUNT(*) AS tp_count FROM `charge` WHERE `isCharge` = 0 AND `community` = 3 AND `money` <> 0 LIMIT 1   [ RunTime:0.0004s ]
NOTIC: [8] Use of undefined constant admin - assumed 'admin' /var/www/html/shequ/Application/Charge/Controller/ListController.class.php 第 28 行.
NOTIC: [8] Use of undefined constant community - assumed 'community' /var/www/html/shequ/Application/Charge/Controller/ListController.class.php 第 28 行.
SQL: SELECT COUNT(*) AS tp_count FROM `charge` WHERE `isCharge` = 1 AND `community` = 3 AND `money` <> 0 LIMIT 1   [ RunTime:0.0004s ]
SQL: SELECT * FROM `charge` WHERE `money` = 0 AND `community` = 3 LIMIT 0,5   [ RunTime:0.0004s ]
INFO: [ view_parse ] --START--
INFO: [ template_filter ] --START--
INFO: Run Behavior\ContentReplaceBehavior [ RunTime:0.000036s ]
INFO: [ template_filter ] --END-- [ RunTime:0.000064s ]
NOTIC: [8] Undefined variable: taskCount /var/www/html/shequ/Application/Runtime/Cache/Charge/aedd94936195dc49e971bd133b6b15ac.php 第 46 行.
INFO: Run Behavior\ParseTemplateBehavior [ RunTime:0.004534s ]
INFO: [ view_parse ] --END-- [ RunTime:0.004558s ]
INFO: [ view_filter ] --START--
INFO: Run Behavior\WriteHtmlCacheBehavior [ RunTime:0.000024s ]
INFO: [ view_filter ] --END-- [ RunTime:0.000040s ]
INFO: [ app_end ] --START--
INFO: Run Behavior\ShowPageTraceBehavior [ RunTime:0.000023s ]
INFO: [ app_end ] --END-- [ RunTime:0.000043s ]

[ 2019-02-21T00:18:11+08:00 ] 220.160.49.55 /index.php?m=charge&c=list&a=index
INFO: [ app_init ] --START--
INFO: Run Behavior\BuildLiteBehavior [ RunTime:0.000010s ]
INFO: [ app_init ] --END-- [ RunTime:0.000079s ]
INFO: [ app_begin ] --START--
INFO: Run Behavior\ReadHtmlCacheBehavior [ RunTime:0.000043s ]
INFO: [ app_begin ] --END-- [ RunTime:0.000070s ]
NOTIC: [8] Undefined index: p /var/www/html/shequ/Application/Charge/Controller/ListController.class.php 第 7 行.
NOTIC: [8] Undefined index: pageSize /var/www/html/shequ/Application/Charge/Controller/ListController.class.php 第 8 行.
NOTIC: [8] Use of undefined constant admin - assumed 'admin' /var/www/html/shequ/Application/Charge/Controller/ListController.class.php 第 12 行.
NOTIC: [8] Use of undefined constant community - assumed 'community' /var/www/html/shequ/Application/Charge/Controller/ListController.class.php 第 12 行.
SQL: SHOW COLUMNS FROM `charge` [ RunTime:0.0008s ]
SQL: SELECT COUNT(*) AS tp_count FROM `charge` WHERE `money` = 0 AND `community` = 3 LIMIT 1   [ RunTime:0.0005s ]
NOTIC: [8] Use of undefined constant admin - assumed 'admin' /var/www/html/shequ/Application/Charge/Controller/ListController.class.php 第 20 行.
NOTIC: [8] Use of undefined constant community - assumed 'community' /var/www/html/shequ/Application/Charge/Controller/ListController.class.php 第 20 行.
SQL: SELECT COUNT(*) AS tp_count FROM `charge` WHERE `isCharge` = 0 AND `community` = 3 AND `money` <> 0 LIMIT 1   [ RunTime:0.0005s ]
NOTIC: [8] Use of undefined constant admin - assumed 'admin' /var/www/html/shequ/Application/Charge/Controller/ListController.class.php 第 28 行.
NOTIC: [8] Use of undefined constant community - assumed 'community' /var/www/html/shequ/Application/Charge/Controller/ListController.class.php 第 28 行.
SQL: SELECT COUNT(*) AS tp_count FROM `charge` WHERE `isCharge` = 1 AND `community` = 3 AND `money` <> 0 LIMIT 1   [ RunTime:0.0005s ]
SQL: SELECT * FROM `charge` WHERE `money` = 0 AND `community` = 3 LIMIT 0,5   [ RunTime:0.0005s ]
INFO: [ view_parse ] --START--
INFO: [ template_filter ] --START--
INFO: Run Behavior\ContentReplaceBehavior [ RunTime:0.000065s ]
INFO: [ template_filter ] --END-- [ RunTime:0.000111s ]
NOTIC: [8] Undefined variable: taskCount /var/www/html/shequ/Application/Runtime/Cache/Charge/aedd94936195dc49e971bd133b6b15ac.php 第 46 行.
INFO: Run Behavior\ParseTemplateBehavior [ RunTime:0.006007s ]
INFO: [ view_parse ] --END-- [ RunTime:0.006082s ]
INFO: [ view_filter ] --START--
INFO: Run Behavior\WriteHtmlCacheBehavior [ RunTime:0.000070s ]
INFO: [ view_filter ] --END-- [ RunTime:0.000101s ]
INFO: [ app_end ] --START--
INFO: Run Behavior\ShowPageTraceBehavior [ RunTime:0.000046s ]
INFO: [ app_end ] --END-- [ RunTime:0.000119s ]

[ 2019-02-21T10:49:23+08:00 ] 220.160.49.4 /index.php?m=charge&c=list&a=index
INFO: [ app_init ] --START--
INFO: Run Behavior\BuildLiteBehavior [ RunTime:0.000009s ]
INFO: [ app_init ] --END-- [ RunTime:0.000061s ]
INFO: [ app_begin ] --START--
INFO: Run Behavior\ReadHtmlCacheBehavior [ RunTime:0.000027s ]
INFO: [ app_begin ] --END-- [ RunTime:0.000063s ]
NOTIC: [8] Undefined index: p /var/www/html/shequ/Application/Charge/Controller/ListController.class.php 第 7 行.
NOTIC: [8] Undefined index: pageSize /var/www/html/shequ/Application/Charge/Controller/ListController.class.php 第 8 行.
NOTIC: [8] Use of undefined constant admin - assumed 'admin' /var/www/html/shequ/Application/Charge/Controller/ListController.class.php 第 12 行.
NOTIC: [8] Use of undefined constant community - assumed 'community' /var/www/html/shequ/Application/Charge/Controller/ListController.class.php 第 12 行.
SQL: SHOW COLUMNS FROM `charge` [ RunTime:0.0008s ]
SQL: SELECT COUNT(*) AS tp_count FROM `charge` WHERE `money` = 0 AND `community` = 3 LIMIT 1   [ RunTime:0.0005s ]
NOTIC: [8] Use of undefined constant admin - assumed 'admin' /var/www/html/shequ/Application/Charge/Controller/ListController.class.php 第 20 行.
NOTIC: [8] Use of undefined constant community - assumed 'community' /var/www/html/shequ/Application/Charge/Controller/ListController.class.php 第 20 行.
SQL: SELECT COUNT(*) AS tp_count FROM `charge` WHERE `isCharge` = 0 AND `community` = 3 AND `money` <> 0 LIMIT 1   [ RunTime:0.0004s ]
NOTIC: [8] Use of undefined constant admin - assumed 'admin' /var/www/html/shequ/Application/Charge/Controller/ListController.class.php 第 28 行.
NOTIC: [8] Use of undefined constant community - assumed 'community' /var/www/html/shequ/Application/Charge/Controller/ListController.class.php 第 28 行.
SQL: SELECT COUNT(*) AS tp_count FROM `charge` WHERE `isCharge` = 1 AND `community` = 3 AND `money` <> 0 LIMIT 1   [ RunTime:0.0004s ]
SQL: SELECT * FROM `charge` WHERE `money` = 0 AND `community` = 3 LIMIT 0,5   [ RunTime:0.0005s ]
INFO: [ view_parse ] --START--
INFO: [ template_filter ] --START--
INFO: Run Behavior\ContentReplaceBehavior [ RunTime:0.000038s ]
INFO: [ template_filter ] --END-- [ RunTime:0.000070s ]
NOTIC: [8] Undefined variable: taskCount /var/www/html/shequ/Application/Runtime/Cache/Charge/aedd94936195dc49e971bd133b6b15ac.php 第 46 行.
INFO: Run Behavior\ParseTemplateBehavior [ RunTime:0.004903s ]
INFO: [ view_parse ] --END-- [ RunTime:0.004930s ]
INFO: [ view_filter ] --START--
INFO: Run Behavior\WriteHtmlCacheBehavior [ RunTime:0.000031s ]
INFO: [ view_filter ] --END-- [ RunTime:0.000048s ]
INFO: [ app_end ] --START--
INFO: Run Behavior\ShowPageTraceBehavior [ RunTime:0.000043s ]
INFO: [ app_end ] --END-- [ RunTime:0.000080s ]

[ 2019-02-21T23:02:46+08:00 ] 110.83.23.136 /index.php?m=charge&c=list&a=index
INFO: [ app_init ] --START--
INFO: Run Behavior\BuildLiteBehavior [ RunTime:0.000010s ]
INFO: [ app_init ] --END-- [ RunTime:0.000062s ]
INFO: [ app_begin ] --START--
INFO: Run Behavior\ReadHtmlCacheBehavior [ RunTime:0.000026s ]
INFO: [ app_begin ] --END-- [ RunTime:0.000048s ]
NOTIC: [8] Undefined index: p /var/www/html/shequ/Application/Charge/Controller/ListController.class.php 第 7 行.
NOTIC: [8] Undefined index: pageSize /var/www/html/shequ/Application/Charge/Controller/ListController.class.php 第 8 行.
NOTIC: [8] Use of undefined constant admin - assumed 'admin' /var/www/html/shequ/Application/Charge/Controller/ListController.class.php 第 12 行.
NOTIC: [8] Use of undefined constant community - assumed 'community' /var/www/html/shequ/Application/Charge/Controller/ListController.class.php 第 12 行.
SQL: SHOW COLUMNS FROM `charge` [ RunTime:0.0008s ]
SQL: SELECT COUNT(*) AS tp_count FROM `charge` WHERE `money` = 0 AND `community` = 3 LIMIT 1   [ RunTime:0.0005s ]
NOTIC: [8] Use of undefined constant admin - assumed 'admin' /var/www/html/shequ/Application/Charge/Controller/ListController.class.php 第 20 行.
NOTIC: [8] Use of undefined constant community - assumed 'community' /var/www/html/shequ/Application/Charge/Controller/ListController.class.php 第 20 行.
SQL: SELECT COUNT(*) AS tp_count FROM `charge` WHERE `isCharge` = 0 AND `community` = 3 AND `money` <> 0 LIMIT 1   [ RunTime:0.0004s ]
NOTIC: [8] Use of undefined constant admin - assumed 'admin' /var/www/html/shequ/Application/Charge/Controller/ListController.class.php 第 28 行.
NOTIC: [8] Use of undefined constant community - assumed 'community' /var/www/html/shequ/Application/Charge/Controller/ListController.class.php 第 28 行.
SQL: SELECT COUNT(*) AS tp_count FROM `charge` WHERE `isCharge` = 1 AND `community` = 3 AND `money` <> 0 LIMIT 1   [ RunTime:0.0004s ]
SQL: SELECT * FROM `charge` WHERE `money` = 0 AND `community` = 3 LIMIT 0,5   [ RunTime:0.0004s ]
INFO: [ view_parse ] --START--
INFO: [ template_filter ] --START--
INFO: Run Behavior\ContentReplaceBehavior [ RunTime:0.000055s ]
INFO: [ template_filter ] --END-- [ RunTime:0.000085s ]
NOTIC: [8] Undefined variable: taskCount /var/www/html/shequ/Application/Runtime/Cache/Charge/aedd94936195dc49e971bd133b6b15ac.php 第 46 行.
INFO: Run Behavior\ParseTemplateBehavior [ RunTime:0.004954s ]
INFO: [ view_parse ] --END-- [ RunTime:0.004986s ]
INFO: [ view_filter ] --START--
INFO: Run Behavior\WriteHtmlCacheBehavior [ RunTime:0.000028s ]
INFO: [ view_filter ] --END-- [ RunTime:0.000050s ]
INFO: [ app_end ] --START--
INFO: Run Behavior\ShowPageTraceBehavior [ RunTime:0.000024s ]
INFO: [ app_end ] --END-- [ RunTime:0.000051s ]

