[ 2019-02-02T01:37:12+08:00 ] 127.0.0.1 /index.php?m=company&c=list&a=index
INFO: [ app_init ] --START--
INFO: Run Behavior\BuildLiteBehavior [ RunTime:0.000019s ]
INFO: [ app_init ] --END-- [ RunTime:0.000320s ]
INFO: [ app_begin ] --START--
INFO: Run Behavior\ReadHtmlCacheBehavior [ RunTime:0.000450s ]
INFO: [ app_begin ] --END-- [ RunTime:0.000547s ]
NOTIC: [8] Undefined index: p D:\phpProjects\wampProjects\shequ\Application\Company\Controller\ListController.class.php 第 7 行.
NOTIC: [8] Undefined index: pageSize D:\phpProjects\wampProjects\shequ\Application\Company\Controller\ListController.class.php 第 8 行.
NOTIC: [8] Use of undefined constant admin - assumed 'admin' D:\phpProjects\wampProjects\shequ\Application\Company\Controller\ListController.class.php 第 11 行.
NOTIC: [8] Use of undefined constant community - assumed 'community' D:\phpProjects\wampProjects\shequ\Application\Company\Controller\ListController.class.php 第 11 行.
SQL: SHOW COLUMNS FROM `company` [ RunTime:0.0038s ]
SQL: SELECT COUNT(*) AS tp_count FROM `company` WHERE `community` = 2 LIMIT 1   [ RunTime:0.0002s ]
SQL: SELECT * FROM `company` WHERE `community` = 2 LIMIT 0,9   [ RunTime:0.0002s ]
INFO: [ view_parse ] --START--
INFO: [ template_filter ] --START--
INFO: Run Behavior\ContentReplaceBehavior [ RunTime:0.000208s ]
INFO: [ template_filter ] --END-- [ RunTime:0.000450s ]
NOTIC: [8] Undefined variable: taskCount D:\phpProjects\wampProjects\shequ\Application\Runtime\Cache\Company\1f4e2606f6a446f4fdaab4f2dbd54090.php 第 46 行.
INFO: Run Behavior\ParseTemplateBehavior [ RunTime:0.025845s ]
INFO: [ view_parse ] --END-- [ RunTime:0.025925s ]
INFO: [ view_filter ] --START--
INFO: Run Behavior\WriteHtmlCacheBehavior [ RunTime:0.000388s ]
INFO: [ view_filter ] --END-- [ RunTime:0.000458s ]
INFO: [ app_end ] --START--
INFO: Run Behavior\ShowPageTraceBehavior [ RunTime:0.000513s ]
INFO: [ app_end ] --END-- [ RunTime:0.000588s ]

[ 2019-02-02T01:37:13+08:00 ] 127.0.0.1 /index.php?m=company&c=information&a=index&id=1
INFO: [ app_init ] --START--
INFO: Run Behavior\BuildLiteBehavior [ RunTime:0.000017s ]
INFO: [ app_init ] --END-- [ RunTime:0.000294s ]
INFO: [ app_begin ] --START--
INFO: Run Behavior\ReadHtmlCacheBehavior [ RunTime:0.000310s ]
INFO: [ app_begin ] --END-- [ RunTime:0.000382s ]
SQL: SHOW COLUMNS FROM `company` [ RunTime:0.0047s ]
SQL: SELECT * FROM `company` WHERE ( id="1" ) LIMIT 1   [ RunTime:0.0002s ]
SQL: SHOW COLUMNS FROM `house` [ RunTime:0.0053s ]
SQL: SELECT * FROM `house` WHERE `community` = 2 AND `buildNum` = '12' AND `unitNum` = '12' AND `roomNum` = '12' LIMIT 1   [ RunTime:0.0002s ]
INFO: [ view_parse ] --START--
INFO: [ template_filter ] --START--
INFO: Run Behavior\ContentReplaceBehavior [ RunTime:0.000061s ]
INFO: [ template_filter ] --END-- [ RunTime:0.000138s ]
NOTIC: [8] Undefined variable: taskCount D:\phpProjects\wampProjects\shequ\Application\Runtime\Cache\Company\3c7e4f989e580b9a668a7ab0afaf0c70.php 第 46 行.
INFO: Run Behavior\ParseTemplateBehavior [ RunTime:0.014739s ]
INFO: [ view_parse ] --END-- [ RunTime:0.014813s ]
INFO: [ view_filter ] --START--
INFO: Run Behavior\WriteHtmlCacheBehavior [ RunTime:0.000360s ]
INFO: [ view_filter ] --END-- [ RunTime:0.000428s ]
INFO: [ app_end ] --START--
INFO: Run Behavior\ShowPageTraceBehavior [ RunTime:0.000492s ]
INFO: [ app_end ] --END-- [ RunTime:0.000567s ]

[ 2019-02-02T01:37:28+08:00 ] 127.0.0.1 /index.php?m=company&c=information&a=index&id=1
INFO: [ app_init ] --START--
INFO: Run Behavior\BuildLiteBehavior [ RunTime:0.000016s ]
INFO: [ app_init ] --END-- [ RunTime:0.000347s ]
INFO: [ app_begin ] --START--
INFO: Run Behavior\ReadHtmlCacheBehavior [ RunTime:0.000439s ]
INFO: [ app_begin ] --END-- [ RunTime:0.000516s ]
SQL: SHOW COLUMNS FROM `company` [ RunTime:0.0048s ]
SQL: SELECT * FROM `company` WHERE ( id="1" ) LIMIT 1   [ RunTime:0.0002s ]
SQL: SHOW COLUMNS FROM `house` [ RunTime:0.0037s ]
SQL: SELECT * FROM `house` WHERE `community` = 2 AND `buildNum` = '12' AND `unitNum` = '12' AND `roomNum` = '12' LIMIT 1   [ RunTime:0.0002s ]
INFO: [ view_parse ] --START--
INFO: [ template_filter ] --START--
INFO: Run Behavior\ContentReplaceBehavior [ RunTime:0.000068s ]
INFO: [ template_filter ] --END-- [ RunTime:0.000185s ]
NOTIC: [8] Undefined variable: taskCount D:\phpProjects\wampProjects\shequ\Application\Runtime\Cache\Company\3c7e4f989e580b9a668a7ab0afaf0c70.php 第 46 行.
INFO: Run Behavior\ParseTemplateBehavior [ RunTime:0.008638s ]
INFO: [ view_parse ] --END-- [ RunTime:0.008713s ]
INFO: [ view_filter ] --START--
INFO: Run Behavior\WriteHtmlCacheBehavior [ RunTime:0.000364s ]
INFO: [ view_filter ] --END-- [ RunTime:0.000430s ]
INFO: [ app_end ] --START--
INFO: Run Behavior\ShowPageTraceBehavior [ RunTime:0.000631s ]
INFO: [ app_end ] --END-- [ RunTime:0.000742s ]

[ 2019-02-02T12:20:09+08:00 ] 127.0.0.1 /index.php?m=company&c=list&a=index
INFO: [ app_init ] --START--
INFO: Run Behavior\BuildLiteBehavior [ RunTime:0.000016s ]
INFO: [ app_init ] --END-- [ RunTime:0.000292s ]
INFO: [ app_begin ] --START--
INFO: Run Behavior\ReadHtmlCacheBehavior [ RunTime:0.000331s ]
INFO: [ app_begin ] --END-- [ RunTime:0.000414s ]
NOTIC: [8] Undefined index: p D:\phpProjects\wampProjects\shequ\Application\Company\Controller\ListController.class.php 第 7 行.
NOTIC: [8] Undefined index: pageSize D:\phpProjects\wampProjects\shequ\Application\Company\Controller\ListController.class.php 第 8 行.
NOTIC: [8] Use of undefined constant admin - assumed 'admin' D:\phpProjects\wampProjects\shequ\Application\Company\Controller\ListController.class.php 第 11 行.
NOTIC: [8] Use of undefined constant community - assumed 'community' D:\phpProjects\wampProjects\shequ\Application\Company\Controller\ListController.class.php 第 11 行.
SQL: SHOW COLUMNS FROM `company` [ RunTime:0.0038s ]
SQL: SELECT COUNT(*) AS tp_count FROM `company` WHERE `community` = 2 LIMIT 1   [ RunTime:0.0002s ]
SQL: SELECT * FROM `company` WHERE `community` = 2 LIMIT 0,9   [ RunTime:0.0002s ]
INFO: [ view_parse ] --START--
INFO: [ template_filter ] --START--
INFO: Run Behavior\ContentReplaceBehavior [ RunTime:0.000098s ]
INFO: [ template_filter ] --END-- [ RunTime:0.000189s ]
NOTIC: [8] Undefined variable: taskCount D:\phpProjects\wampProjects\shequ\Application\Runtime\Cache\Company\1f4e2606f6a446f4fdaab4f2dbd54090.php 第 46 行.
INFO: Run Behavior\ParseTemplateBehavior [ RunTime:0.017779s ]
INFO: [ view_parse ] --END-- [ RunTime:0.017855s ]
INFO: [ view_filter ] --START--
INFO: Run Behavior\WriteHtmlCacheBehavior [ RunTime:0.000373s ]
INFO: [ view_filter ] --END-- [ RunTime:0.000439s ]
INFO: [ app_end ] --START--
INFO: Run Behavior\ShowPageTraceBehavior [ RunTime:0.000522s ]
INFO: [ app_end ] --END-- [ RunTime:0.000599s ]

[ 2019-02-02T12:20:13+08:00 ] 127.0.0.1 /index.php?m=company&c=add&a=index
INFO: [ app_init ] --START--
INFO: Run Behavior\BuildLiteBehavior [ RunTime:0.000015s ]
INFO: [ app_init ] --END-- [ RunTime:0.000286s ]
INFO: [ app_begin ] --START--
INFO: Run Behavior\ReadHtmlCacheBehavior [ RunTime:0.000386s ]
INFO: [ app_begin ] --END-- [ RunTime:0.000459s ]
SQL: SHOW COLUMNS FROM `community` [ RunTime:0.0034s ]
SQL: SELECT * FROM `community`  [ RunTime:0.0002s ]
INFO: [ view_parse ] --START--
INFO: [ template_filter ] --START--
INFO: Run Behavior\ContentReplaceBehavior [ RunTime:0.000080s ]
INFO: [ template_filter ] --END-- [ RunTime:0.000162s ]
NOTIC: [8] Undefined variable: taskCount D:\phpProjects\wampProjects\shequ\Application\Runtime\Cache\Company\dfd226aad292d097f9138a36db413526.php 第 46 行.
INFO: Run Behavior\ParseTemplateBehavior [ RunTime:0.018016s ]
INFO: [ view_parse ] --END-- [ RunTime:0.018094s ]
INFO: [ view_filter ] --START--
INFO: Run Behavior\WriteHtmlCacheBehavior [ RunTime:0.000399s ]
INFO: [ view_filter ] --END-- [ RunTime:0.000474s ]
INFO: [ app_end ] --START--
INFO: Run Behavior\ShowPageTraceBehavior [ RunTime:0.000564s ]
INFO: [ app_end ] --END-- [ RunTime:0.000643s ]

[ 2019-02-02T12:20:19+08:00 ] 127.0.0.1 /index.php?m=company&c=add&a=index
INFO: [ app_init ] --START--
INFO: Run Behavior\BuildLiteBehavior [ RunTime:0.000017s ]
INFO: [ app_init ] --END-- [ RunTime:0.000348s ]
INFO: [ app_begin ] --START--
INFO: Run Behavior\ReadHtmlCacheBehavior [ RunTime:0.000322s ]
INFO: [ app_begin ] --END-- [ RunTime:0.000396s ]
SQL: SHOW COLUMNS FROM `community` [ RunTime:0.0060s ]
SQL: SELECT * FROM `community`  [ RunTime:0.0002s ]
INFO: [ view_parse ] --START--
INFO: [ template_filter ] --START--
INFO: Run Behavior\ContentReplaceBehavior [ RunTime:0.000073s ]
INFO: [ template_filter ] --END-- [ RunTime:0.000146s ]
NOTIC: [8] Undefined variable: taskCount D:\phpProjects\wampProjects\shequ\Application\Runtime\Cache\Company\dfd226aad292d097f9138a36db413526.php 第 46 行.
INFO: Run Behavior\ParseTemplateBehavior [ RunTime:0.006887s ]
INFO: [ view_parse ] --END-- [ RunTime:0.006962s ]
INFO: [ view_filter ] --START--
INFO: Run Behavior\WriteHtmlCacheBehavior [ RunTime:0.000377s ]
INFO: [ view_filter ] --END-- [ RunTime:0.000446s ]
INFO: [ app_end ] --START--
INFO: Run Behavior\ShowPageTraceBehavior [ RunTime:0.000550s ]
INFO: [ app_end ] --END-- [ RunTime:0.000635s ]

[ 2019-02-02T12:20:23+08:00 ] 127.0.0.1 /index.php?m=company&c=add&a=getInfo
INFO: [ app_init ] --START--
INFO: Run Behavior\BuildLiteBehavior [ RunTime:0.000015s ]
INFO: [ app_init ] --END-- [ RunTime:0.000296s ]
INFO: [ app_begin ] --START--
INFO: Run Behavior\ReadHtmlCacheBehavior [ RunTime:0.000307s ]
INFO: [ app_begin ] --END-- [ RunTime:0.000371s ]
NOTIC: [8] Use of undefined constant admin - assumed 'admin' D:\phpProjects\wampProjects\shequ\Application\Company\Controller\AddController.class.php 第 15 行.
NOTIC: [8] Use of undefined constant community - assumed 'community' D:\phpProjects\wampProjects\shequ\Application\Company\Controller\AddController.class.php 第 15 行.
SQL: SHOW COLUMNS FROM `house` [ RunTime:0.0036s ]
SQL: SELECT * FROM `house` WHERE `buildNum` = '12' AND `unitNum` = '12' AND `roomNum` = '12' AND `community` = 2 LIMIT 1   [ RunTime:0.0002s ]

[ 2019-02-02T12:20:29+08:00 ] 127.0.0.1 /index.php?m=company&c=add&a=getInfo
INFO: [ app_init ] --START--
INFO: Run Behavior\BuildLiteBehavior [ RunTime:0.000016s ]
INFO: [ app_init ] --END-- [ RunTime:0.000291s ]
INFO: [ app_begin ] --START--
INFO: Run Behavior\ReadHtmlCacheBehavior [ RunTime:0.000304s ]
INFO: [ app_begin ] --END-- [ RunTime:0.000368s ]
NOTIC: [8] Use of undefined constant admin - assumed 'admin' D:\phpProjects\wampProjects\shequ\Application\Company\Controller\AddController.class.php 第 15 行.
NOTIC: [8] Use of undefined constant community - assumed 'community' D:\phpProjects\wampProjects\shequ\Application\Company\Controller\AddController.class.php 第 15 行.
SQL: SHOW COLUMNS FROM `house` [ RunTime:0.0037s ]
SQL: SELECT * FROM `house` WHERE `buildNum` = '12' AND `unitNum` = '12' AND `roomNum` = '121' AND `community` = 2 LIMIT 1   [ RunTime:0.0002s ]

[ 2019-02-02T12:20:33+08:00 ] 127.0.0.1 /index.php?m=company&c=list&a=index
INFO: [ app_init ] --START--
INFO: Run Behavior\BuildLiteBehavior [ RunTime:0.000017s ]
INFO: [ app_init ] --END-- [ RunTime:0.000299s ]
INFO: [ app_begin ] --START--
INFO: Run Behavior\ReadHtmlCacheBehavior [ RunTime:0.000318s ]
INFO: [ app_begin ] --END-- [ RunTime:0.000393s ]
NOTIC: [8] Undefined index: p D:\phpProjects\wampProjects\shequ\Application\Company\Controller\ListController.class.php 第 7 行.
NOTIC: [8] Undefined index: pageSize D:\phpProjects\wampProjects\shequ\Application\Company\Controller\ListController.class.php 第 8 行.
NOTIC: [8] Use of undefined constant admin - assumed 'admin' D:\phpProjects\wampProjects\shequ\Application\Company\Controller\ListController.class.php 第 11 行.
NOTIC: [8] Use of undefined constant community - assumed 'community' D:\phpProjects\wampProjects\shequ\Application\Company\Controller\ListController.class.php 第 11 行.
SQL: SHOW COLUMNS FROM `company` [ RunTime:0.0035s ]
SQL: SELECT COUNT(*) AS tp_count FROM `company` WHERE `community` = 2 LIMIT 1   [ RunTime:0.0002s ]
SQL: SELECT * FROM `company` WHERE `community` = 2 LIMIT 0,9   [ RunTime:0.0002s ]
INFO: [ view_parse ] --START--
INFO: [ template_filter ] --START--
INFO: Run Behavior\ContentReplaceBehavior [ RunTime:0.000113s ]
INFO: [ template_filter ] --END-- [ RunTime:0.000225s ]
NOTIC: [8] Undefined variable: taskCount D:\phpProjects\wampProjects\shequ\Application\Runtime\Cache\Company\1f4e2606f6a446f4fdaab4f2dbd54090.php 第 46 行.
INFO: Run Behavior\ParseTemplateBehavior [ RunTime:0.008257s ]
INFO: [ view_parse ] --END-- [ RunTime:0.008338s ]
INFO: [ view_filter ] --START--
INFO: Run Behavior\WriteHtmlCacheBehavior [ RunTime:0.000393s ]
INFO: [ view_filter ] --END-- [ RunTime:0.000461s ]
INFO: [ app_end ] --START--
INFO: Run Behavior\ShowPageTraceBehavior [ RunTime:0.000573s ]
INFO: [ app_end ] --END-- [ RunTime:0.000651s ]

[ 2019-02-02T12:24:14+08:00 ] 127.0.0.1 /index.php?m=company&c=add&a=index
INFO: [ app_init ] --START--
INFO: Run Behavior\BuildLiteBehavior [ RunTime:0.000020s ]
INFO: [ app_init ] --END-- [ RunTime:0.000307s ]
INFO: [ app_begin ] --START--
INFO: Run Behavior\ReadHtmlCacheBehavior [ RunTime:0.000315s ]
INFO: [ app_begin ] --END-- [ RunTime:0.000390s ]
SQL: SHOW COLUMNS FROM `community` [ RunTime:0.0048s ]
SQL: SELECT * FROM `community`  [ RunTime:0.0002s ]
INFO: [ view_parse ] --START--
INFO: [ template_filter ] --START--
INFO: Run Behavior\ContentReplaceBehavior [ RunTime:0.000075s ]
INFO: [ template_filter ] --END-- [ RunTime:0.000154s ]
NOTIC: [8] Undefined variable: taskCount D:\phpProjects\wampProjects\shequ\Application\Runtime\Cache\Company\dfd226aad292d097f9138a36db413526.php 第 46 行.
INFO: Run Behavior\ParseTemplateBehavior [ RunTime:0.016022s ]
INFO: [ view_parse ] --END-- [ RunTime:0.016097s ]
INFO: [ view_filter ] --START--
INFO: Run Behavior\WriteHtmlCacheBehavior [ RunTime:0.000382s ]
INFO: [ view_filter ] --END-- [ RunTime:0.000451s ]
INFO: [ app_end ] --START--
INFO: Run Behavior\ShowPageTraceBehavior [ RunTime:0.000541s ]
INFO: [ app_end ] --END-- [ RunTime:0.000620s ]

[ 2019-02-02T14:16:59+08:00 ] 127.0.0.1 /index.php?m=company&c=add&a=index
INFO: [ app_init ] --START--
INFO: Run Behavior\BuildLiteBehavior [ RunTime:0.000016s ]
INFO: [ app_init ] --END-- [ RunTime:0.000366s ]
INFO: [ app_begin ] --START--
INFO: Run Behavior\ReadHtmlCacheBehavior [ RunTime:0.000434s ]
INFO: [ app_begin ] --END-- [ RunTime:0.000518s ]
SQL: SHOW COLUMNS FROM `community` [ RunTime:0.0033s ]
SQL: SELECT * FROM `community`  [ RunTime:0.0002s ]
INFO: [ view_parse ] --START--
INFO: [ template_filter ] --START--
INFO: Run Behavior\ContentReplaceBehavior [ RunTime:0.000075s ]
INFO: [ template_filter ] --END-- [ RunTime:0.000150s ]
NOTIC: [8] Undefined variable: taskCount D:\phpProjects\wampProjects\shequ\Application\Runtime\Cache\Company\dfd226aad292d097f9138a36db413526.php 第 46 行.
INFO: Run Behavior\ParseTemplateBehavior [ RunTime:0.007308s ]
INFO: [ view_parse ] --END-- [ RunTime:0.007381s ]
INFO: [ view_filter ] --START--
INFO: Run Behavior\WriteHtmlCacheBehavior [ RunTime:0.000304s ]
INFO: [ view_filter ] --END-- [ RunTime:0.000372s ]
INFO: [ app_end ] --START--
INFO: Run Behavior\ShowPageTraceBehavior [ RunTime:0.000433s ]
INFO: [ app_end ] --END-- [ RunTime:0.000508s ]

[ 2019-02-02T17:43:30+08:00 ] 127.0.0.1 /index.php?m=company&c=list&a=index
INFO: [ app_init ] --START--
INFO: Run Behavior\BuildLiteBehavior [ RunTime:0.000016s ]
INFO: [ app_init ] --END-- [ RunTime:0.000288s ]
INFO: [ app_begin ] --START--
INFO: Run Behavior\ReadHtmlCacheBehavior [ RunTime:0.000313s ]
INFO: [ app_begin ] --END-- [ RunTime:0.000387s ]
NOTIC: [8] Undefined index: p D:\phpProjects\wampProjects\shequ\Application\Company\Controller\ListController.class.php 第 7 行.
NOTIC: [8] Undefined index: pageSize D:\phpProjects\wampProjects\shequ\Application\Company\Controller\ListController.class.php 第 8 行.
NOTIC: [8] Use of undefined constant admin - assumed 'admin' D:\phpProjects\wampProjects\shequ\Application\Company\Controller\ListController.class.php 第 11 行.
NOTIC: [8] Use of undefined constant community - assumed 'community' D:\phpProjects\wampProjects\shequ\Application\Company\Controller\ListController.class.php 第 11 行.
SQL: SHOW COLUMNS FROM `company` [ RunTime:0.0042s ]
SQL: SELECT COUNT(*) AS tp_count FROM `company` WHERE `community` = 2 LIMIT 1   [ RunTime:0.0002s ]
SQL: SELECT * FROM `company` WHERE `community` = 2 LIMIT 0,9   [ RunTime:0.0002s ]
INFO: [ view_parse ] --START--
INFO: [ template_filter ] --START--
INFO: Run Behavior\ContentReplaceBehavior [ RunTime:0.000071s ]
INFO: [ template_filter ] --END-- [ RunTime:0.000145s ]
NOTIC: [8] Undefined variable: taskCount D:\phpProjects\wampProjects\shequ\Application\Runtime\Cache\Company\1f4e2606f6a446f4fdaab4f2dbd54090.php 第 46 行.
INFO: Run Behavior\ParseTemplateBehavior [ RunTime:0.010109s ]
INFO: [ view_parse ] --END-- [ RunTime:0.010185s ]
INFO: [ view_filter ] --START--
INFO: Run Behavior\WriteHtmlCacheBehavior [ RunTime:0.000370s ]
INFO: [ view_filter ] --END-- [ RunTime:0.000436s ]
INFO: [ app_end ] --START--
INFO: Run Behavior\ShowPageTraceBehavior [ RunTime:0.000314s ]
INFO: [ app_end ] --END-- [ RunTime:0.000388s ]

[ 2019-02-02T17:44:23+08:00 ] 127.0.0.1 /index.php?m=company&c=list&a=index
INFO: [ app_init ] --START--
INFO: Run Behavior\BuildLiteBehavior [ RunTime:0.000018s ]
INFO: [ app_init ] --END-- [ RunTime:0.000307s ]
INFO: [ app_begin ] --START--
INFO: Run Behavior\ReadHtmlCacheBehavior [ RunTime:0.000345s ]
INFO: [ app_begin ] --END-- [ RunTime:0.000421s ]
NOTIC: [8] Undefined index: p D:\phpProjects\wampProjects\shequ\Application\Company\Controller\ListController.class.php 第 7 行.
NOTIC: [8] Undefined index: pageSize D:\phpProjects\wampProjects\shequ\Application\Company\Controller\ListController.class.php 第 8 行.
NOTIC: [8] Use of undefined constant admin - assumed 'admin' D:\phpProjects\wampProjects\shequ\Application\Company\Controller\ListController.class.php 第 11 行.
NOTIC: [8] Use of undefined constant community - assumed 'community' D:\phpProjects\wampProjects\shequ\Application\Company\Controller\ListController.class.php 第 11 行.
SQL: SHOW COLUMNS FROM `company` [ RunTime:0.0043s ]
SQL: SELECT COUNT(*) AS tp_count FROM `company` WHERE `community` = 2 LIMIT 1   [ RunTime:0.0002s ]
SQL: SELECT * FROM `company` WHERE `community` = 2 LIMIT 0,9   [ RunTime:0.0002s ]
INFO: [ view_parse ] --START--
INFO: [ template_filter ] --START--
INFO: Run Behavior\ContentReplaceBehavior [ RunTime:0.000072s ]
INFO: [ template_filter ] --END-- [ RunTime:0.000143s ]
NOTIC: [8] Undefined variable: taskCount D:\phpProjects\wampProjects\shequ\Application\Runtime\Cache\Company\1f4e2606f6a446f4fdaab4f2dbd54090.php 第 46 行.
INFO: Run Behavior\ParseTemplateBehavior [ RunTime:0.008849s ]
INFO: [ view_parse ] --END-- [ RunTime:0.008950s ]
INFO: [ view_filter ] --START--
INFO: Run Behavior\WriteHtmlCacheBehavior [ RunTime:0.000356s ]
INFO: [ view_filter ] --END-- [ RunTime:0.000422s ]
INFO: [ app_end ] --START--
INFO: Run Behavior\ShowPageTraceBehavior [ RunTime:0.000316s ]
INFO: [ app_end ] --END-- [ RunTime:0.000413s ]

[ 2019-02-02T17:44:24+08:00 ] 127.0.0.1 /index.php?m=company&c=list&a=index
INFO: [ app_init ] --START--
INFO: Run Behavior\BuildLiteBehavior [ RunTime:0.000015s ]
INFO: [ app_init ] --END-- [ RunTime:0.000290s ]
INFO: [ app_begin ] --START--
INFO: Run Behavior\ReadHtmlCacheBehavior [ RunTime:0.000322s ]
INFO: [ app_begin ] --END-- [ RunTime:0.000395s ]
NOTIC: [8] Undefined index: p D:\phpProjects\wampProjects\shequ\Application\Company\Controller\ListController.class.php 第 7 行.
NOTIC: [8] Undefined index: pageSize D:\phpProjects\wampProjects\shequ\Application\Company\Controller\ListController.class.php 第 8 行.
NOTIC: [8] Use of undefined constant admin - assumed 'admin' D:\phpProjects\wampProjects\shequ\Application\Company\Controller\ListController.class.php 第 11 行.
NOTIC: [8] Use of undefined constant community - assumed 'community' D:\phpProjects\wampProjects\shequ\Application\Company\Controller\ListController.class.php 第 11 行.
SQL: SHOW COLUMNS FROM `company` [ RunTime:0.0052s ]
SQL: SELECT COUNT(*) AS tp_count FROM `company` WHERE `community` = 2 LIMIT 1   [ RunTime:0.0002s ]
SQL: SELECT * FROM `company` WHERE `community` = 2 LIMIT 0,9   [ RunTime:0.0002s ]
INFO: [ view_parse ] --START--
INFO: [ template_filter ] --START--
INFO: Run Behavior\ContentReplaceBehavior [ RunTime:0.000228s ]
INFO: [ template_filter ] --END-- [ RunTime:0.000398s ]
NOTIC: [8] Undefined variable: taskCount D:\phpProjects\wampProjects\shequ\Application\Runtime\Cache\Company\1f4e2606f6a446f4fdaab4f2dbd54090.php 第 46 行.
INFO: Run Behavior\ParseTemplateBehavior [ RunTime:0.013790s ]
INFO: [ view_parse ] --END-- [ RunTime:0.013866s ]
INFO: [ view_filter ] --START--
INFO: Run Behavior\WriteHtmlCacheBehavior [ RunTime:0.000381s ]
INFO: [ view_filter ] --END-- [ RunTime:0.000448s ]
INFO: [ app_end ] --START--
INFO: Run Behavior\ShowPageTraceBehavior [ RunTime:0.000323s ]
INFO: [ app_end ] --END-- [ RunTime:0.000397s ]

[ 2019-02-02T17:44:26+08:00 ] 127.0.0.1 /index.php?m=company&c=list&a=index
INFO: [ app_init ] --START--
INFO: Run Behavior\BuildLiteBehavior [ RunTime:0.000016s ]
INFO: [ app_init ] --END-- [ RunTime:0.000283s ]
INFO: [ app_begin ] --START--
INFO: Run Behavior\ReadHtmlCacheBehavior [ RunTime:0.000344s ]
INFO: [ app_begin ] --END-- [ RunTime:0.000433s ]
NOTIC: [8] Undefined index: p D:\phpProjects\wampProjects\shequ\Application\Company\Controller\ListController.class.php 第 7 行.
NOTIC: [8] Undefined index: pageSize D:\phpProjects\wampProjects\shequ\Application\Company\Controller\ListController.class.php 第 8 行.
NOTIC: [8] Use of undefined constant admin - assumed 'admin' D:\phpProjects\wampProjects\shequ\Application\Company\Controller\ListController.class.php 第 11 行.
NOTIC: [8] Use of undefined constant community - assumed 'community' D:\phpProjects\wampProjects\shequ\Application\Company\Controller\ListController.class.php 第 11 行.
SQL: SHOW COLUMNS FROM `company` [ RunTime:0.0048s ]
SQL: SELECT COUNT(*) AS tp_count FROM `company` WHERE `community` = 2 LIMIT 1   [ RunTime:0.0002s ]
SQL: SELECT * FROM `company` WHERE `community` = 2 LIMIT 0,9   [ RunTime:0.0002s ]
INFO: [ view_parse ] --START--
INFO: [ template_filter ] --START--
INFO: Run Behavior\ContentReplaceBehavior [ RunTime:0.000088s ]
INFO: [ template_filter ] --END-- [ RunTime:0.000164s ]
NOTIC: [8] Undefined variable: taskCount D:\phpProjects\wampProjects\shequ\Application\Runtime\Cache\Company\1f4e2606f6a446f4fdaab4f2dbd54090.php 第 46 行.
INFO: Run Behavior\ParseTemplateBehavior [ RunTime:0.009498s ]
INFO: [ view_parse ] --END-- [ RunTime:0.009575s ]
INFO: [ view_filter ] --START--
INFO: Run Behavior\WriteHtmlCacheBehavior [ RunTime:0.000369s ]
INFO: [ view_filter ] --END-- [ RunTime:0.000436s ]
INFO: [ app_end ] --START--
INFO: Run Behavior\ShowPageTraceBehavior [ RunTime:0.002458s ]
INFO: [ app_end ] --END-- [ RunTime:0.002534s ]

[ 2019-02-02T17:44:26+08:00 ] 127.0.0.1 /index.php?m=company&c=list&a=index
INFO: [ app_init ] --START--
INFO: Run Behavior\BuildLiteBehavior [ RunTime:0.000015s ]
INFO: [ app_init ] --END-- [ RunTime:0.000295s ]
INFO: [ app_begin ] --START--
INFO: Run Behavior\ReadHtmlCacheBehavior [ RunTime:0.000311s ]
INFO: [ app_begin ] --END-- [ RunTime:0.000386s ]
NOTIC: [8] Undefined index: p D:\phpProjects\wampProjects\shequ\Application\Company\Controller\ListController.class.php 第 7 行.
NOTIC: [8] Undefined index: pageSize D:\phpProjects\wampProjects\shequ\Application\Company\Controller\ListController.class.php 第 8 行.
NOTIC: [8] Use of undefined constant admin - assumed 'admin' D:\phpProjects\wampProjects\shequ\Application\Company\Controller\ListController.class.php 第 11 行.
NOTIC: [8] Use of undefined constant community - assumed 'community' D:\phpProjects\wampProjects\shequ\Application\Company\Controller\ListController.class.php 第 11 行.
SQL: SHOW COLUMNS FROM `company` [ RunTime:0.0038s ]
SQL: SELECT COUNT(*) AS tp_count FROM `company` WHERE `community` = 2 LIMIT 1   [ RunTime:0.0002s ]
SQL: SELECT * FROM `company` WHERE `community` = 2 LIMIT 0,9   [ RunTime:0.0002s ]
INFO: [ view_parse ] --START--
INFO: [ template_filter ] --START--
INFO: Run Behavior\ContentReplaceBehavior [ RunTime:0.000096s ]
INFO: [ template_filter ] --END-- [ RunTime:0.000193s ]
NOTIC: [8] Undefined variable: taskCount D:\phpProjects\wampProjects\shequ\Application\Runtime\Cache\Company\1f4e2606f6a446f4fdaab4f2dbd54090.php 第 46 行.
INFO: Run Behavior\ParseTemplateBehavior [ RunTime:0.009414s ]
INFO: [ view_parse ] --END-- [ RunTime:0.009496s ]
INFO: [ view_filter ] --START--
INFO: Run Behavior\WriteHtmlCacheBehavior [ RunTime:0.000378s ]
INFO: [ view_filter ] --END-- [ RunTime:0.000446s ]
INFO: [ app_end ] --START--
INFO: Run Behavior\ShowPageTraceBehavior [ RunTime:0.000321s ]
INFO: [ app_end ] --END-- [ RunTime:0.000395s ]

[ 2019-02-02T17:44:27+08:00 ] 127.0.0.1 /index.php?m=company&c=list&a=index
INFO: [ app_init ] --START--
INFO: Run Behavior\BuildLiteBehavior [ RunTime:0.000022s ]
INFO: [ app_init ] --END-- [ RunTime:0.000309s ]
INFO: [ app_begin ] --START--
INFO: Run Behavior\ReadHtmlCacheBehavior [ RunTime:0.000319s ]
INFO: [ app_begin ] --END-- [ RunTime:0.000392s ]
NOTIC: [8] Undefined index: p D:\phpProjects\wampProjects\shequ\Application\Company\Controller\ListController.class.php 第 7 行.
NOTIC: [8] Undefined index: pageSize D:\phpProjects\wampProjects\shequ\Application\Company\Controller\ListController.class.php 第 8 行.
NOTIC: [8] Use of undefined constant admin - assumed 'admin' D:\phpProjects\wampProjects\shequ\Application\Company\Controller\ListController.class.php 第 11 行.
NOTIC: [8] Use of undefined constant community - assumed 'community' D:\phpProjects\wampProjects\shequ\Application\Company\Controller\ListController.class.php 第 11 行.
SQL: SHOW COLUMNS FROM `company` [ RunTime:0.0035s ]
SQL: SELECT COUNT(*) AS tp_count FROM `company` WHERE `community` = 2 LIMIT 1   [ RunTime:0.0002s ]
SQL: SELECT * FROM `company` WHERE `community` = 2 LIMIT 0,9   [ RunTime:0.0002s ]
INFO: [ view_parse ] --START--
INFO: [ template_filter ] --START--
INFO: Run Behavior\ContentReplaceBehavior [ RunTime:0.000075s ]
INFO: [ template_filter ] --END-- [ RunTime:0.000147s ]
NOTIC: [8] Undefined variable: taskCount D:\phpProjects\wampProjects\shequ\Application\Runtime\Cache\Company\1f4e2606f6a446f4fdaab4f2dbd54090.php 第 46 行.
INFO: Run Behavior\ParseTemplateBehavior [ RunTime:0.008625s ]
INFO: [ view_parse ] --END-- [ RunTime:0.008707s ]
INFO: [ view_filter ] --START--
INFO: Run Behavior\WriteHtmlCacheBehavior [ RunTime:0.000372s ]
INFO: [ view_filter ] --END-- [ RunTime:0.000440s ]
INFO: [ app_end ] --START--
INFO: Run Behavior\ShowPageTraceBehavior [ RunTime:0.000318s ]
INFO: [ app_end ] --END-- [ RunTime:0.000393s ]

[ 2019-02-02T17:44:45+08:00 ] 127.0.0.1 /index.php?m=company&c=list&a=index
INFO: [ app_init ] --START--
INFO: Run Behavior\BuildLiteBehavior [ RunTime:0.000016s ]
INFO: [ app_init ] --END-- [ RunTime:0.000394s ]
INFO: [ app_begin ] --START--
INFO: Run Behavior\ReadHtmlCacheBehavior [ RunTime:0.000739s ]
INFO: [ app_begin ] --END-- [ RunTime:0.000851s ]
NOTIC: [8] Undefined index: p D:\phpProjects\wampProjects\shequ\Application\Company\Controller\ListController.class.php 第 7 行.
NOTIC: [8] Undefined index: pageSize D:\phpProjects\wampProjects\shequ\Application\Company\Controller\ListController.class.php 第 8 行.
NOTIC: [8] Use of undefined constant admin - assumed 'admin' D:\phpProjects\wampProjects\shequ\Application\Company\Controller\ListController.class.php 第 11 行.
NOTIC: [8] Use of undefined constant community - assumed 'community' D:\phpProjects\wampProjects\shequ\Application\Company\Controller\ListController.class.php 第 11 行.
SQL: SHOW COLUMNS FROM `company` [ RunTime:0.0039s ]
SQL: SELECT COUNT(*) AS tp_count FROM `company` WHERE `community` = 2 LIMIT 1   [ RunTime:0.0002s ]
SQL: SELECT * FROM `company` WHERE `community` = 2 LIMIT 0,9   [ RunTime:0.0002s ]
INFO: [ view_parse ] --START--
INFO: [ template_filter ] --START--
INFO: Run Behavior\ContentReplaceBehavior [ RunTime:0.000075s ]
INFO: [ template_filter ] --END-- [ RunTime:0.000145s ]
NOTIC: [8] Undefined variable: taskCount D:\phpProjects\wampProjects\shequ\Application\Runtime\Cache\Company\1f4e2606f6a446f4fdaab4f2dbd54090.php 第 46 行.
INFO: Run Behavior\ParseTemplateBehavior [ RunTime:0.008867s ]
INFO: [ view_parse ] --END-- [ RunTime:0.008941s ]
INFO: [ view_filter ] --START--
INFO: Run Behavior\WriteHtmlCacheBehavior [ RunTime:0.000467s ]
INFO: [ view_filter ] --END-- [ RunTime:0.000554s ]
INFO: [ app_end ] --START--
INFO: Run Behavior\ShowPageTraceBehavior [ RunTime:0.000448s ]
INFO: [ app_end ] --END-- [ RunTime:0.000531s ]

[ 2019-02-02T17:44:46+08:00 ] 127.0.0.1 /index.php?m=company&c=list&a=index
INFO: [ app_init ] --START--
INFO: Run Behavior\BuildLiteBehavior [ RunTime:0.000016s ]
INFO: [ app_init ] --END-- [ RunTime:0.000287s ]
INFO: [ app_begin ] --START--
INFO: Run Behavior\ReadHtmlCacheBehavior [ RunTime:0.000305s ]
INFO: [ app_begin ] --END-- [ RunTime:0.000377s ]
NOTIC: [8] Undefined index: p D:\phpProjects\wampProjects\shequ\Application\Company\Controller\ListController.class.php 第 7 行.
NOTIC: [8] Undefined index: pageSize D:\phpProjects\wampProjects\shequ\Application\Company\Controller\ListController.class.php 第 8 行.
NOTIC: [8] Use of undefined constant admin - assumed 'admin' D:\phpProjects\wampProjects\shequ\Application\Company\Controller\ListController.class.php 第 11 行.
NOTIC: [8] Use of undefined constant community - assumed 'community' D:\phpProjects\wampProjects\shequ\Application\Company\Controller\ListController.class.php 第 11 行.
SQL: SHOW COLUMNS FROM `company` [ RunTime:0.0055s ]
SQL: SELECT COUNT(*) AS tp_count FROM `company` WHERE `community` = 2 LIMIT 1   [ RunTime:0.0002s ]
SQL: SELECT * FROM `company` WHERE `community` = 2 LIMIT 0,9   [ RunTime:0.0002s ]
INFO: [ view_parse ] --START--
INFO: [ template_filter ] --START--
INFO: Run Behavior\ContentReplaceBehavior [ RunTime:0.000089s ]
INFO: [ template_filter ] --END-- [ RunTime:0.000160s ]
NOTIC: [8] Undefined variable: taskCount D:\phpProjects\wampProjects\shequ\Application\Runtime\Cache\Company\1f4e2606f6a446f4fdaab4f2dbd54090.php 第 46 行.
INFO: Run Behavior\ParseTemplateBehavior [ RunTime:0.008427s ]
INFO: [ view_parse ] --END-- [ RunTime:0.008501s ]
INFO: [ view_filter ] --START--
INFO: Run Behavior\WriteHtmlCacheBehavior [ RunTime:0.000371s ]
INFO: [ view_filter ] --END-- [ RunTime:0.000436s ]
INFO: [ app_end ] --START--
INFO: Run Behavior\ShowPageTraceBehavior [ RunTime:0.000412s ]
INFO: [ app_end ] --END-- [ RunTime:0.000529s ]

[ 2019-02-02T17:45:21+08:00 ] 127.0.0.1 /index.php?m=company&c=list&a=index
INFO: [ app_init ] --START--
INFO: Run Behavior\BuildLiteBehavior [ RunTime:0.000017s ]
INFO: [ app_init ] --END-- [ RunTime:0.000333s ]
INFO: [ app_begin ] --START--
INFO: Run Behavior\ReadHtmlCacheBehavior [ RunTime:0.000437s ]
INFO: [ app_begin ] --END-- [ RunTime:0.000509s ]
NOTIC: [8] Undefined index: p D:\phpProjects\wampProjects\shequ\Application\Company\Controller\ListController.class.php 第 7 行.
NOTIC: [8] Undefined index: pageSize D:\phpProjects\wampProjects\shequ\Application\Company\Controller\ListController.class.php 第 8 行.
NOTIC: [8] Use of undefined constant admin - assumed 'admin' D:\phpProjects\wampProjects\shequ\Application\Company\Controller\ListController.class.php 第 11 行.
NOTIC: [8] Use of undefined constant community - assumed 'community' D:\phpProjects\wampProjects\shequ\Application\Company\Controller\ListController.class.php 第 11 行.
SQL: SHOW COLUMNS FROM `company` [ RunTime:0.0054s ]
SQL: SELECT COUNT(*) AS tp_count FROM `company` WHERE `community` = 2 LIMIT 1   [ RunTime:0.0002s ]
SQL: SELECT * FROM `company` WHERE `community` = 2 LIMIT 0,9   [ RunTime:0.0002s ]
INFO: [ view_parse ] --START--
INFO: [ template_filter ] --START--
INFO: Run Behavior\ContentReplaceBehavior [ RunTime:0.000076s ]
INFO: [ template_filter ] --END-- [ RunTime:0.000157s ]
NOTIC: [8] Undefined variable: taskCount D:\phpProjects\wampProjects\shequ\Application\Runtime\Cache\Company\1f4e2606f6a446f4fdaab4f2dbd54090.php 第 46 行.
INFO: Run Behavior\ParseTemplateBehavior [ RunTime:0.009590s ]
INFO: [ view_parse ] --END-- [ RunTime:0.009664s ]
INFO: [ view_filter ] --START--
INFO: Run Behavior\WriteHtmlCacheBehavior [ RunTime:0.000369s ]
INFO: [ view_filter ] --END-- [ RunTime:0.000435s ]
INFO: [ app_end ] --START--
INFO: Run Behavior\ShowPageTraceBehavior [ RunTime:0.001023s ]
INFO: [ app_end ] --END-- [ RunTime:0.001154s ]

[ 2019-02-02T17:45:22+08:00 ] 127.0.0.1 /index.php?m=company&c=list&a=index
INFO: [ app_init ] --START--
INFO: Run Behavior\BuildLiteBehavior [ RunTime:0.000017s ]
INFO: [ app_init ] --END-- [ RunTime:0.000309s ]
INFO: [ app_begin ] --START--
INFO: Run Behavior\ReadHtmlCacheBehavior [ RunTime:0.000417s ]
INFO: [ app_begin ] --END-- [ RunTime:0.000511s ]
NOTIC: [8] Undefined index: p D:\phpProjects\wampProjects\shequ\Application\Company\Controller\ListController.class.php 第 7 行.
NOTIC: [8] Undefined index: pageSize D:\phpProjects\wampProjects\shequ\Application\Company\Controller\ListController.class.php 第 8 行.
NOTIC: [8] Use of undefined constant admin - assumed 'admin' D:\phpProjects\wampProjects\shequ\Application\Company\Controller\ListController.class.php 第 11 行.
NOTIC: [8] Use of undefined constant community - assumed 'community' D:\phpProjects\wampProjects\shequ\Application\Company\Controller\ListController.class.php 第 11 行.
SQL: SHOW COLUMNS FROM `company` [ RunTime:0.0039s ]
SQL: SELECT COUNT(*) AS tp_count FROM `company` WHERE `community` = 2 LIMIT 1   [ RunTime:0.0002s ]
SQL: SELECT * FROM `company` WHERE `community` = 2 LIMIT 0,9   [ RunTime:0.0002s ]
INFO: [ view_parse ] --START--
INFO: [ template_filter ] --START--
INFO: Run Behavior\ContentReplaceBehavior [ RunTime:0.000074s ]
INFO: [ template_filter ] --END-- [ RunTime:0.000157s ]
NOTIC: [8] Undefined variable: taskCount D:\phpProjects\wampProjects\shequ\Application\Runtime\Cache\Company\1f4e2606f6a446f4fdaab4f2dbd54090.php 第 46 行.
INFO: Run Behavior\ParseTemplateBehavior [ RunTime:0.009014s ]
INFO: [ view_parse ] --END-- [ RunTime:0.009089s ]
INFO: [ view_filter ] --START--
INFO: Run Behavior\WriteHtmlCacheBehavior [ RunTime:0.000386s ]
INFO: [ view_filter ] --END-- [ RunTime:0.000454s ]
INFO: [ app_end ] --START--
INFO: Run Behavior\ShowPageTraceBehavior [ RunTime:0.000321s ]
INFO: [ app_end ] --END-- [ RunTime:0.000399s ]

[ 2019-02-02T17:45:24+08:00 ] 127.0.0.1 /index.php?m=company&c=information&a=index&id=1
INFO: [ app_init ] --START--
INFO: Run Behavior\BuildLiteBehavior [ RunTime:0.000018s ]
INFO: [ app_init ] --END-- [ RunTime:0.000322s ]
INFO: [ app_begin ] --START--
INFO: Run Behavior\ReadHtmlCacheBehavior [ RunTime:0.000394s ]
INFO: [ app_begin ] --END-- [ RunTime:0.000470s ]
SQL: SHOW COLUMNS FROM `company` [ RunTime:0.0039s ]
SQL: SELECT * FROM `company` WHERE ( id="1" ) LIMIT 1   [ RunTime:0.0003s ]
SQL: SHOW COLUMNS FROM `house` [ RunTime:0.0036s ]
SQL: SELECT * FROM `house` WHERE `community` = 2 AND `buildNum` = '12' AND `unitNum` = '12' AND `roomNum` = '12' LIMIT 1   [ RunTime:0.0003s ]
INFO: [ view_parse ] --START--
INFO: [ template_filter ] --START--
INFO: Run Behavior\ContentReplaceBehavior [ RunTime:0.000065s ]
INFO: [ template_filter ] --END-- [ RunTime:0.000141s ]
NOTIC: [8] Undefined variable: taskCount D:\phpProjects\wampProjects\shequ\Application\Runtime\Cache\Company\3c7e4f989e580b9a668a7ab0afaf0c70.php 第 46 行.
INFO: Run Behavior\ParseTemplateBehavior [ RunTime:0.016666s ]
INFO: [ view_parse ] --END-- [ RunTime:0.016783s ]
INFO: [ view_filter ] --START--
INFO: Run Behavior\WriteHtmlCacheBehavior [ RunTime:0.000377s ]
INFO: [ view_filter ] --END-- [ RunTime:0.000447s ]
INFO: [ app_end ] --START--
INFO: Run Behavior\ShowPageTraceBehavior [ RunTime:0.000481s ]
INFO: [ app_end ] --END-- [ RunTime:0.000574s ]

[ 2019-02-02T17:45:50+08:00 ] 127.0.0.1 /index.php?m=company&c=information&a=index&id=1
INFO: [ app_init ] --START--
INFO: Run Behavior\BuildLiteBehavior [ RunTime:0.000016s ]
INFO: [ app_init ] --END-- [ RunTime:0.000293s ]
INFO: [ app_begin ] --START--
INFO: Run Behavior\ReadHtmlCacheBehavior [ RunTime:0.000361s ]
INFO: [ app_begin ] --END-- [ RunTime:0.000435s ]
SQL: SHOW COLUMNS FROM `company` [ RunTime:0.0043s ]
SQL: SELECT * FROM `company` WHERE ( id="1" ) LIMIT 1   [ RunTime:0.0003s ]
SQL: SHOW COLUMNS FROM `house` [ RunTime:0.0036s ]
SQL: SELECT * FROM `house` WHERE `community` = 2 AND `buildNum` = '12' AND `unitNum` = '12' AND `roomNum` = '12' LIMIT 1   [ RunTime:0.0002s ]
INFO: [ view_parse ] --START--
INFO: [ template_filter ] --START--
INFO: Run Behavior\ContentReplaceBehavior [ RunTime:0.000089s ]
INFO: [ template_filter ] --END-- [ RunTime:0.000162s ]
NOTIC: [8] Undefined variable: taskCount D:\phpProjects\wampProjects\shequ\Application\Runtime\Cache\Company\3c7e4f989e580b9a668a7ab0afaf0c70.php 第 46 行.
INFO: Run Behavior\ParseTemplateBehavior [ RunTime:0.007821s ]
INFO: [ view_parse ] --END-- [ RunTime:0.007912s ]
INFO: [ view_filter ] --START--
INFO: Run Behavior\WriteHtmlCacheBehavior [ RunTime:0.000366s ]
INFO: [ view_filter ] --END-- [ RunTime:0.000432s ]
INFO: [ app_end ] --START--
INFO: Run Behavior\ShowPageTraceBehavior [ RunTime:0.000346s ]
INFO: [ app_end ] --END-- [ RunTime:0.000470s ]

[ 2019-02-02T17:45:51+08:00 ] 127.0.0.1 /index.php?m=company&c=information&a=index&id=1
INFO: [ app_init ] --START--
INFO: Run Behavior\BuildLiteBehavior [ RunTime:0.000016s ]
INFO: [ app_init ] --END-- [ RunTime:0.000334s ]
INFO: [ app_begin ] --START--
INFO: Run Behavior\ReadHtmlCacheBehavior [ RunTime:0.000908s ]
INFO: [ app_begin ] --END-- [ RunTime:0.001140s ]
SQL: SHOW COLUMNS FROM `company` [ RunTime:0.0057s ]
SQL: SELECT * FROM `company` WHERE ( id="1" ) LIMIT 1   [ RunTime:0.0003s ]
SQL: SHOW COLUMNS FROM `house` [ RunTime:0.0063s ]
SQL: SELECT * FROM `house` WHERE `community` = 2 AND `buildNum` = '12' AND `unitNum` = '12' AND `roomNum` = '12' LIMIT 1   [ RunTime:0.0002s ]
INFO: [ view_parse ] --START--
INFO: [ template_filter ] --START--
INFO: Run Behavior\ContentReplaceBehavior [ RunTime:0.000065s ]
INFO: [ template_filter ] --END-- [ RunTime:0.000138s ]
NOTIC: [8] Undefined variable: taskCount D:\phpProjects\wampProjects\shequ\Application\Runtime\Cache\Company\3c7e4f989e580b9a668a7ab0afaf0c70.php 第 46 行.
INFO: Run Behavior\ParseTemplateBehavior [ RunTime:0.007937s ]
INFO: [ view_parse ] --END-- [ RunTime:0.008011s ]
INFO: [ view_filter ] --START--
INFO: Run Behavior\WriteHtmlCacheBehavior [ RunTime:0.000385s ]
INFO: [ view_filter ] --END-- [ RunTime:0.000452s ]
INFO: [ app_end ] --START--
INFO: Run Behavior\ShowPageTraceBehavior [ RunTime:0.000367s ]
INFO: [ app_end ] --END-- [ RunTime:0.000450s ]

[ 2019-02-02T17:46:37+08:00 ] 127.0.0.1 /index.php?m=company&c=list&a=index
INFO: [ app_init ] --START--
INFO: Run Behavior\BuildLiteBehavior [ RunTime:0.000014s ]
INFO: [ app_init ] --END-- [ RunTime:0.000287s ]
INFO: [ app_begin ] --START--
INFO: Run Behavior\ReadHtmlCacheBehavior [ RunTime:0.000359s ]
INFO: [ app_begin ] --END-- [ RunTime:0.000433s ]
NOTIC: [8] Undefined index: p D:\phpProjects\wampProjects\shequ\Application\Company\Controller\ListController.class.php 第 7 行.
NOTIC: [8] Undefined index: pageSize D:\phpProjects\wampProjects\shequ\Application\Company\Controller\ListController.class.php 第 8 行.
NOTIC: [8] Use of undefined constant admin - assumed 'admin' D:\phpProjects\wampProjects\shequ\Application\Company\Controller\ListController.class.php 第 11 行.
NOTIC: [8] Use of undefined constant community - assumed 'community' D:\phpProjects\wampProjects\shequ\Application\Company\Controller\ListController.class.php 第 11 行.
SQL: SHOW COLUMNS FROM `company` [ RunTime:0.0043s ]
SQL: SELECT COUNT(*) AS tp_count FROM `company` WHERE `community` = 2 LIMIT 1   [ RunTime:0.0002s ]
SQL: SELECT * FROM `company` WHERE `community` = 2 LIMIT 0,9   [ RunTime:0.0002s ]
INFO: [ view_parse ] --START--
INFO: [ template_filter ] --START--
INFO: Run Behavior\ContentReplaceBehavior [ RunTime:0.000076s ]
INFO: [ template_filter ] --END-- [ RunTime:0.000152s ]
NOTIC: [8] Undefined variable: taskCount D:\phpProjects\wampProjects\shequ\Application\Runtime\Cache\Company\1f4e2606f6a446f4fdaab4f2dbd54090.php 第 46 行.
INFO: Run Behavior\ParseTemplateBehavior [ RunTime:0.009923s ]
INFO: [ view_parse ] --END-- [ RunTime:0.009997s ]
INFO: [ view_filter ] --START--
INFO: Run Behavior\WriteHtmlCacheBehavior [ RunTime:0.000365s ]
INFO: [ view_filter ] --END-- [ RunTime:0.000431s ]
INFO: [ app_end ] --START--
INFO: Run Behavior\ShowPageTraceBehavior [ RunTime:0.000319s ]
INFO: [ app_end ] --END-- [ RunTime:0.000391s ]

[ 2019-02-02T17:46:38+08:00 ] 127.0.0.1 /index.php?m=company&c=add&a=index
INFO: [ app_init ] --START--
INFO: Run Behavior\BuildLiteBehavior [ RunTime:0.000016s ]
INFO: [ app_init ] --END-- [ RunTime:0.000290s ]
INFO: [ app_begin ] --START--
INFO: Run Behavior\ReadHtmlCacheBehavior [ RunTime:0.000364s ]
INFO: [ app_begin ] --END-- [ RunTime:0.000435s ]
SQL: SHOW COLUMNS FROM `community` [ RunTime:0.0047s ]
SQL: SELECT * FROM `community`  [ RunTime:0.0002s ]
INFO: [ view_parse ] --START--
INFO: [ template_filter ] --START--
INFO: Run Behavior\ContentReplaceBehavior [ RunTime:0.000078s ]
INFO: [ template_filter ] --END-- [ RunTime:0.000148s ]
NOTIC: [8] Undefined variable: taskCount D:\phpProjects\wampProjects\shequ\Application\Runtime\Cache\Company\dfd226aad292d097f9138a36db413526.php 第 46 行.
INFO: Run Behavior\ParseTemplateBehavior [ RunTime:0.007327s ]
INFO: [ view_parse ] --END-- [ RunTime:0.007398s ]
INFO: [ view_filter ] --START--
INFO: Run Behavior\WriteHtmlCacheBehavior [ RunTime:0.000360s ]
INFO: [ view_filter ] --END-- [ RunTime:0.000426s ]
INFO: [ app_end ] --START--
INFO: Run Behavior\ShowPageTraceBehavior [ RunTime:0.000338s ]
INFO: [ app_end ] --END-- [ RunTime:0.000458s ]

[ 2019-02-02T17:47:09+08:00 ] 127.0.0.1 /index.php?m=company&c=add&a=index
INFO: [ app_init ] --START--
INFO: Run Behavior\BuildLiteBehavior [ RunTime:0.000016s ]
INFO: [ app_init ] --END-- [ RunTime:0.000290s ]
INFO: [ app_begin ] --START--
INFO: Run Behavior\ReadHtmlCacheBehavior [ RunTime:0.000372s ]
INFO: [ app_begin ] --END-- [ RunTime:0.000446s ]
SQL: SHOW COLUMNS FROM `community` [ RunTime:0.0041s ]
SQL: SELECT * FROM `community`  [ RunTime:0.0015s ]
INFO: [ view_parse ] --START--
INFO: [ template_filter ] --START--
INFO: Run Behavior\ContentReplaceBehavior [ RunTime:0.000082s ]
INFO: [ template_filter ] --END-- [ RunTime:0.000154s ]
NOTIC: [8] Undefined variable: taskCount D:\phpProjects\wampProjects\shequ\Application\Runtime\Cache\Company\dfd226aad292d097f9138a36db413526.php 第 46 行.
INFO: Run Behavior\ParseTemplateBehavior [ RunTime:0.010354s ]
INFO: [ view_parse ] --END-- [ RunTime:0.010428s ]
INFO: [ view_filter ] --START--
INFO: Run Behavior\WriteHtmlCacheBehavior [ RunTime:0.000368s ]
INFO: [ view_filter ] --END-- [ RunTime:0.000444s ]
INFO: [ app_end ] --START--
INFO: Run Behavior\ShowPageTraceBehavior [ RunTime:0.000325s ]
INFO: [ app_end ] --END-- [ RunTime:0.000416s ]

[ 2019-02-02T17:47:10+08:00 ] 127.0.0.1 /index.php?m=company&c=add&a=index
INFO: [ app_init ] --START--
INFO: Run Behavior\BuildLiteBehavior [ RunTime:0.000047s ]
INFO: [ app_init ] --END-- [ RunTime:0.000836s ]
INFO: [ app_begin ] --START--
INFO: Run Behavior\ReadHtmlCacheBehavior [ RunTime:0.000651s ]
INFO: [ app_begin ] --END-- [ RunTime:0.000733s ]
SQL: SHOW COLUMNS FROM `community` [ RunTime:0.0040s ]
SQL: SELECT * FROM `community`  [ RunTime:0.0002s ]
INFO: [ view_parse ] --START--
INFO: [ template_filter ] --START--
INFO: Run Behavior\ContentReplaceBehavior [ RunTime:0.000166s ]
INFO: [ template_filter ] --END-- [ RunTime:0.000276s ]
NOTIC: [8] Undefined variable: taskCount D:\phpProjects\wampProjects\shequ\Application\Runtime\Cache\Company\dfd226aad292d097f9138a36db413526.php 第 46 行.
INFO: Run Behavior\ParseTemplateBehavior [ RunTime:0.011045s ]
INFO: [ view_parse ] --END-- [ RunTime:0.011120s ]
INFO: [ view_filter ] --START--
INFO: Run Behavior\WriteHtmlCacheBehavior [ RunTime:0.000388s ]
INFO: [ view_filter ] --END-- [ RunTime:0.000457s ]
INFO: [ app_end ] --START--
INFO: Run Behavior\ShowPageTraceBehavior [ RunTime:0.010424s ]
INFO: [ app_end ] --END-- [ RunTime:0.010502s ]

[ 2019-02-02T17:47:22+08:00 ] 127.0.0.1 /index.php?m=company&c=add&a=index
INFO: [ app_init ] --START--
INFO: Run Behavior\BuildLiteBehavior [ RunTime:0.000016s ]
INFO: [ app_init ] --END-- [ RunTime:0.000332s ]
INFO: [ app_begin ] --START--
INFO: Run Behavior\ReadHtmlCacheBehavior [ RunTime:0.000441s ]
INFO: [ app_begin ] --END-- [ RunTime:0.000518s ]
SQL: SHOW COLUMNS FROM `community` [ RunTime:0.0034s ]
SQL: SELECT * FROM `community`  [ RunTime:0.0002s ]
INFO: [ view_parse ] --START--
INFO: [ template_filter ] --START--
INFO: Run Behavior\ContentReplaceBehavior [ RunTime:0.000086s ]
INFO: [ template_filter ] --END-- [ RunTime:0.000163s ]
NOTIC: [8] Undefined variable: taskCount D:\phpProjects\wampProjects\shequ\Application\Runtime\Cache\Company\dfd226aad292d097f9138a36db413526.php 第 46 行.
INFO: Run Behavior\ParseTemplateBehavior [ RunTime:0.008316s ]
INFO: [ view_parse ] --END-- [ RunTime:0.008391s ]
INFO: [ view_filter ] --START--
INFO: Run Behavior\WriteHtmlCacheBehavior [ RunTime:0.000378s ]
INFO: [ view_filter ] --END-- [ RunTime:0.000448s ]
INFO: [ app_end ] --START--
INFO: Run Behavior\ShowPageTraceBehavior [ RunTime:0.000439s ]
INFO: [ app_end ] --END-- [ RunTime:0.000515s ]

[ 2019-02-02T17:48:59+08:00 ] 127.0.0.1 /index.php?m=company&c=add&a=index
INFO: [ app_init ] --START--
INFO: Run Behavior\BuildLiteBehavior [ RunTime:0.000016s ]
INFO: [ app_init ] --END-- [ RunTime:0.000294s ]
INFO: [ app_begin ] --START--
INFO: Run Behavior\ReadHtmlCacheBehavior [ RunTime:0.000320s ]
INFO: [ app_begin ] --END-- [ RunTime:0.000395s ]
SQL: SHOW COLUMNS FROM `community` [ RunTime:0.0046s ]
SQL: SELECT * FROM `community`  [ RunTime:0.0002s ]
INFO: [ view_parse ] --START--
INFO: [ template_filter ] --START--
INFO: Run Behavior\ContentReplaceBehavior [ RunTime:0.000083s ]
INFO: [ template_filter ] --END-- [ RunTime:0.000157s ]
NOTIC: [8] Undefined variable: taskCount D:\phpProjects\wampProjects\shequ\Application\Runtime\Cache\Company\dfd226aad292d097f9138a36db413526.php 第 46 行.
INFO: Run Behavior\ParseTemplateBehavior [ RunTime:0.007726s ]
INFO: [ view_parse ] --END-- [ RunTime:0.007798s ]
INFO: [ view_filter ] --START--
INFO: Run Behavior\WriteHtmlCacheBehavior [ RunTime:0.000368s ]
INFO: [ view_filter ] --END-- [ RunTime:0.000436s ]
INFO: [ app_end ] --START--
INFO: Run Behavior\ShowPageTraceBehavior [ RunTime:0.000323s ]
INFO: [ app_end ] --END-- [ RunTime:0.000398s ]

[ 2019-02-02T17:49:00+08:00 ] 127.0.0.1 /index.php?m=company&c=add&a=index
INFO: [ app_init ] --START--
INFO: Run Behavior\BuildLiteBehavior [ RunTime:0.000016s ]
INFO: [ app_init ] --END-- [ RunTime:0.000294s ]
INFO: [ app_begin ] --START--
INFO: Run Behavior\ReadHtmlCacheBehavior [ RunTime:0.000321s ]
INFO: [ app_begin ] --END-- [ RunTime:0.000397s ]
SQL: SHOW COLUMNS FROM `community` [ RunTime:0.0035s ]
SQL: SELECT * FROM `community`  [ RunTime:0.0002s ]
INFO: [ view_parse ] --START--
INFO: [ template_filter ] --START--
INFO: Run Behavior\ContentReplaceBehavior [ RunTime:0.000089s ]
INFO: [ template_filter ] --END-- [ RunTime:0.000169s ]
NOTIC: [8] Undefined variable: taskCount D:\phpProjects\wampProjects\shequ\Application\Runtime\Cache\Company\dfd226aad292d097f9138a36db413526.php 第 46 行.
INFO: Run Behavior\ParseTemplateBehavior [ RunTime:0.007959s ]
INFO: [ view_parse ] --END-- [ RunTime:0.008034s ]
INFO: [ view_filter ] --START--
INFO: Run Behavior\WriteHtmlCacheBehavior [ RunTime:0.000567s ]
INFO: [ view_filter ] --END-- [ RunTime:0.000692s ]
INFO: [ app_end ] --START--
INFO: Run Behavior\ShowPageTraceBehavior [ RunTime:0.000414s ]
INFO: [ app_end ] --END-- [ RunTime:0.000502s ]

[ 2019-02-02T17:49:01+08:00 ] 127.0.0.1 /index.php?m=company&c=add&a=index
INFO: [ app_init ] --START--
INFO: Run Behavior\BuildLiteBehavior [ RunTime:0.000016s ]
INFO: [ app_init ] --END-- [ RunTime:0.000290s ]
INFO: [ app_begin ] --START--
INFO: Run Behavior\ReadHtmlCacheBehavior [ RunTime:0.000325s ]
INFO: [ app_begin ] --END-- [ RunTime:0.000399s ]
SQL: SHOW COLUMNS FROM `community` [ RunTime:0.0039s ]
SQL: SELECT * FROM `community`  [ RunTime:0.0002s ]
INFO: [ view_parse ] --START--
INFO: [ template_filter ] --START--
INFO: Run Behavior\ContentReplaceBehavior [ RunTime:0.000103s ]
INFO: [ template_filter ] --END-- [ RunTime:0.000201s ]
NOTIC: [8] Undefined variable: taskCount D:\phpProjects\wampProjects\shequ\Application\Runtime\Cache\Company\dfd226aad292d097f9138a36db413526.php 第 46 行.
INFO: Run Behavior\ParseTemplateBehavior [ RunTime:0.008601s ]
INFO: [ view_parse ] --END-- [ RunTime:0.008677s ]
INFO: [ view_filter ] --START--
INFO: Run Behavior\WriteHtmlCacheBehavior [ RunTime:0.000365s ]
INFO: [ view_filter ] --END-- [ RunTime:0.000433s ]
INFO: [ app_end ] --START--
INFO: Run Behavior\ShowPageTraceBehavior [ RunTime:0.000317s ]
INFO: [ app_end ] --END-- [ RunTime:0.000390s ]

[ 2019-02-02T17:49:01+08:00 ] 127.0.0.1 /index.php?m=company&c=add&a=index
INFO: [ app_init ] --START--
INFO: Run Behavior\BuildLiteBehavior [ RunTime:0.000015s ]
INFO: [ app_init ] --END-- [ RunTime:0.000283s ]
INFO: [ app_begin ] --START--
INFO: Run Behavior\ReadHtmlCacheBehavior [ RunTime:0.000416s ]
INFO: [ app_begin ] --END-- [ RunTime:0.000517s ]
SQL: SHOW COLUMNS FROM `community` [ RunTime:0.0038s ]
SQL: SELECT * FROM `community`  [ RunTime:0.0002s ]
INFO: [ view_parse ] --START--
INFO: [ template_filter ] --START--
INFO: Run Behavior\ContentReplaceBehavior [ RunTime:0.000079s ]
INFO: [ template_filter ] --END-- [ RunTime:0.000149s ]
NOTIC: [8] Undefined variable: taskCount D:\phpProjects\wampProjects\shequ\Application\Runtime\Cache\Company\dfd226aad292d097f9138a36db413526.php 第 46 行.
INFO: Run Behavior\ParseTemplateBehavior [ RunTime:0.007386s ]
INFO: [ view_parse ] --END-- [ RunTime:0.007456s ]
INFO: [ view_filter ] --START--
INFO: Run Behavior\WriteHtmlCacheBehavior [ RunTime:0.000364s ]
INFO: [ view_filter ] --END-- [ RunTime:0.000431s ]
INFO: [ app_end ] --START--
INFO: Run Behavior\ShowPageTraceBehavior [ RunTime:0.000352s ]
INFO: [ app_end ] --END-- [ RunTime:0.000428s ]

[ 2019-02-02T17:49:03+08:00 ] 127.0.0.1 /index.php?m=company&c=add&a=index
INFO: [ app_init ] --START--
INFO: Run Behavior\BuildLiteBehavior [ RunTime:0.000015s ]
INFO: [ app_init ] --END-- [ RunTime:0.000293s ]
INFO: [ app_begin ] --START--
INFO: Run Behavior\ReadHtmlCacheBehavior [ RunTime:0.000315s ]
INFO: [ app_begin ] --END-- [ RunTime:0.000390s ]
SQL: SHOW COLUMNS FROM `community` [ RunTime:0.0045s ]
SQL: SELECT * FROM `community`  [ RunTime:0.0002s ]
INFO: [ view_parse ] --START--
INFO: [ template_filter ] --START--
INFO: Run Behavior\ContentReplaceBehavior [ RunTime:0.000084s ]
INFO: [ template_filter ] --END-- [ RunTime:0.000156s ]
NOTIC: [8] Undefined variable: taskCount D:\phpProjects\wampProjects\shequ\Application\Runtime\Cache\Company\dfd226aad292d097f9138a36db413526.php 第 46 行.
INFO: Run Behavior\ParseTemplateBehavior [ RunTime:0.007368s ]
INFO: [ view_parse ] --END-- [ RunTime:0.007439s ]
INFO: [ view_filter ] --START--
INFO: Run Behavior\WriteHtmlCacheBehavior [ RunTime:0.000365s ]
INFO: [ view_filter ] --END-- [ RunTime:0.000433s ]
INFO: [ app_end ] --START--
INFO: Run Behavior\ShowPageTraceBehavior [ RunTime:0.000325s ]
INFO: [ app_end ] --END-- [ RunTime:0.000400s ]

[ 2019-02-02T17:49:24+08:00 ] 127.0.0.1 /index.php?m=company&c=add&a=index
INFO: [ app_init ] --START--
INFO: Run Behavior\BuildLiteBehavior [ RunTime:0.000016s ]
INFO: [ app_init ] --END-- [ RunTime:0.000337s ]
INFO: [ app_begin ] --START--
INFO: Run Behavior\ReadHtmlCacheBehavior [ RunTime:0.000458s ]
INFO: [ app_begin ] --END-- [ RunTime:0.000533s ]
SQL: SHOW COLUMNS FROM `community` [ RunTime:0.0038s ]
SQL: SELECT * FROM `community`  [ RunTime:0.0002s ]
INFO: [ view_parse ] --START--
INFO: [ template_filter ] --START--
INFO: Run Behavior\ContentReplaceBehavior [ RunTime:0.000087s ]
INFO: [ template_filter ] --END-- [ RunTime:0.000168s ]
NOTIC: [8] Undefined variable: taskCount D:\phpProjects\wampProjects\shequ\Application\Runtime\Cache\Company\dfd226aad292d097f9138a36db413526.php 第 46 行.
INFO: Run Behavior\ParseTemplateBehavior [ RunTime:0.008084s ]
INFO: [ view_parse ] --END-- [ RunTime:0.008159s ]
INFO: [ view_filter ] --START--
INFO: Run Behavior\WriteHtmlCacheBehavior [ RunTime:0.001167s ]
INFO: [ view_filter ] --END-- [ RunTime:0.001310s ]
INFO: [ app_end ] --START--
INFO: Run Behavior\ShowPageTraceBehavior [ RunTime:0.000489s ]
INFO: [ app_end ] --END-- [ RunTime:0.000571s ]

[ 2019-02-02T17:49:25+08:00 ] 127.0.0.1 /index.php?m=company&c=add&a=index
INFO: [ app_init ] --START--
INFO: Run Behavior\BuildLiteBehavior [ RunTime:0.000025s ]
INFO: [ app_init ] --END-- [ RunTime:0.000314s ]
INFO: [ app_begin ] --START--
INFO: Run Behavior\ReadHtmlCacheBehavior [ RunTime:0.000748s ]
INFO: [ app_begin ] --END-- [ RunTime:0.000946s ]
SQL: SHOW COLUMNS FROM `community` [ RunTime:0.0036s ]
SQL: SELECT * FROM `community`  [ RunTime:0.0002s ]
INFO: [ view_parse ] --START--
INFO: [ template_filter ] --START--
INFO: Run Behavior\ContentReplaceBehavior [ RunTime:0.000083s ]
INFO: [ template_filter ] --END-- [ RunTime:0.000183s ]
NOTIC: [8] Undefined variable: taskCount D:\phpProjects\wampProjects\shequ\Application\Runtime\Cache\Company\dfd226aad292d097f9138a36db413526.php 第 46 行.
INFO: Run Behavior\ParseTemplateBehavior [ RunTime:0.009902s ]
INFO: [ view_parse ] --END-- [ RunTime:0.009976s ]
INFO: [ view_filter ] --START--
INFO: Run Behavior\WriteHtmlCacheBehavior [ RunTime:0.000389s ]
INFO: [ view_filter ] --END-- [ RunTime:0.000459s ]
INFO: [ app_end ] --START--
INFO: Run Behavior\ShowPageTraceBehavior [ RunTime:0.000333s ]
INFO: [ app_end ] --END-- [ RunTime:0.000409s ]

[ 2019-02-02T17:49:29+08:00 ] 127.0.0.1 /index.php?m=company&c=add&a=index
INFO: [ app_init ] --START--
INFO: Run Behavior\BuildLiteBehavior [ RunTime:0.000016s ]
INFO: [ app_init ] --END-- [ RunTime:0.000296s ]
INFO: [ app_begin ] --START--
INFO: Run Behavior\ReadHtmlCacheBehavior [ RunTime:0.000315s ]
INFO: [ app_begin ] --END-- [ RunTime:0.000390s ]
SQL: SHOW COLUMNS FROM `community` [ RunTime:0.0073s ]
SQL: SELECT * FROM `community`  [ RunTime:0.0002s ]
INFO: [ view_parse ] --START--
INFO: [ template_filter ] --START--
INFO: Run Behavior\ContentReplaceBehavior [ RunTime:0.000089s ]
INFO: [ template_filter ] --END-- [ RunTime:0.000168s ]
NOTIC: [8] Undefined variable: taskCount D:\phpProjects\wampProjects\shequ\Application\Runtime\Cache\Company\dfd226aad292d097f9138a36db413526.php 第 46 行.
INFO: Run Behavior\ParseTemplateBehavior [ RunTime:0.007868s ]
INFO: [ view_parse ] --END-- [ RunTime:0.007953s ]
INFO: [ view_filter ] --START--
INFO: Run Behavior\WriteHtmlCacheBehavior [ RunTime:0.000398s ]
INFO: [ view_filter ] --END-- [ RunTime:0.000473s ]
INFO: [ app_end ] --START--
INFO: Run Behavior\ShowPageTraceBehavior [ RunTime:0.000498s ]
INFO: [ app_end ] --END-- [ RunTime:0.000594s ]

[ 2019-02-02T17:49:30+08:00 ] 127.0.0.1 /index.php?m=company&c=add&a=index
INFO: [ app_init ] --START--
INFO: Run Behavior\BuildLiteBehavior [ RunTime:0.000018s ]
INFO: [ app_init ] --END-- [ RunTime:0.000303s ]
INFO: [ app_begin ] --START--
INFO: Run Behavior\ReadHtmlCacheBehavior [ RunTime:0.001055s ]
INFO: [ app_begin ] --END-- [ RunTime:0.001317s ]
SQL: SHOW COLUMNS FROM `community` [ RunTime:0.0032s ]
SQL: SELECT * FROM `community`  [ RunTime:0.0002s ]
INFO: [ view_parse ] --START--
INFO: [ template_filter ] --START--
INFO: Run Behavior\ContentReplaceBehavior [ RunTime:0.000090s ]
INFO: [ template_filter ] --END-- [ RunTime:0.000173s ]
NOTIC: [8] Undefined variable: taskCount D:\phpProjects\wampProjects\shequ\Application\Runtime\Cache\Company\dfd226aad292d097f9138a36db413526.php 第 46 行.
INFO: Run Behavior\ParseTemplateBehavior [ RunTime:0.007897s ]
INFO: [ view_parse ] --END-- [ RunTime:0.007971s ]
INFO: [ view_filter ] --START--
INFO: Run Behavior\WriteHtmlCacheBehavior [ RunTime:0.000381s ]
INFO: [ view_filter ] --END-- [ RunTime:0.000450s ]
INFO: [ app_end ] --START--
INFO: Run Behavior\ShowPageTraceBehavior [ RunTime:0.000346s ]
INFO: [ app_end ] --END-- [ RunTime:0.000425s ]

[ 2019-02-02T17:49:35+08:00 ] 127.0.0.1 /index.php?m=company&c=add&a=index
INFO: [ app_init ] --START--
INFO: Run Behavior\BuildLiteBehavior [ RunTime:0.000016s ]
INFO: [ app_init ] --END-- [ RunTime:0.000286s ]
INFO: [ app_begin ] --START--
INFO: Run Behavior\ReadHtmlCacheBehavior [ RunTime:0.000306s ]
INFO: [ app_begin ] --END-- [ RunTime:0.000380s ]
SQL: SHOW COLUMNS FROM `community` [ RunTime:0.0072s ]
SQL: SELECT * FROM `community`  [ RunTime:0.0002s ]
INFO: [ view_parse ] --START--
INFO: [ template_filter ] --START--
INFO: Run Behavior\ContentReplaceBehavior [ RunTime:0.000080s ]
INFO: [ template_filter ] --END-- [ RunTime:0.000150s ]
NOTIC: [8] Undefined variable: taskCount D:\phpProjects\wampProjects\shequ\Application\Runtime\Cache\Company\dfd226aad292d097f9138a36db413526.php 第 46 行.
INFO: Run Behavior\ParseTemplateBehavior [ RunTime:0.007281s ]
INFO: [ view_parse ] --END-- [ RunTime:0.007351s ]
INFO: [ view_filter ] --START--
INFO: Run Behavior\WriteHtmlCacheBehavior [ RunTime:0.000374s ]
INFO: [ view_filter ] --END-- [ RunTime:0.000441s ]
INFO: [ app_end ] --START--
INFO: Run Behavior\ShowPageTraceBehavior [ RunTime:0.000408s ]
INFO: [ app_end ] --END-- [ RunTime:0.000500s ]

[ 2019-02-02T17:49:36+08:00 ] 127.0.0.1 /index.php?m=company&c=add&a=index
INFO: [ app_init ] --START--
INFO: Run Behavior\BuildLiteBehavior [ RunTime:0.000019s ]
INFO: [ app_init ] --END-- [ RunTime:0.000334s ]
INFO: [ app_begin ] --START--
INFO: Run Behavior\ReadHtmlCacheBehavior [ RunTime:0.000902s ]
INFO: [ app_begin ] --END-- [ RunTime:0.001162s ]
SQL: SHOW COLUMNS FROM `community` [ RunTime:0.0032s ]
SQL: SELECT * FROM `community`  [ RunTime:0.0002s ]
INFO: [ view_parse ] --START--
INFO: [ template_filter ] --START--
INFO: Run Behavior\ContentReplaceBehavior [ RunTime:0.000107s ]
INFO: [ template_filter ] --END-- [ RunTime:0.000217s ]
NOTIC: [8] Undefined variable: taskCount D:\phpProjects\wampProjects\shequ\Application\Runtime\Cache\Company\dfd226aad292d097f9138a36db413526.php 第 46 行.
INFO: Run Behavior\ParseTemplateBehavior [ RunTime:0.007995s ]
INFO: [ view_parse ] --END-- [ RunTime:0.008068s ]
INFO: [ view_filter ] --START--
INFO: Run Behavior\WriteHtmlCacheBehavior [ RunTime:0.000385s ]
INFO: [ view_filter ] --END-- [ RunTime:0.000455s ]
INFO: [ app_end ] --START--
INFO: Run Behavior\ShowPageTraceBehavior [ RunTime:0.000337s ]
INFO: [ app_end ] --END-- [ RunTime:0.000418s ]

[ 2019-02-02T17:49:53+08:00 ] 127.0.0.1 /index.php?m=company&c=add&a=index
INFO: [ app_init ] --START--
INFO: Run Behavior\BuildLiteBehavior [ RunTime:0.000017s ]
INFO: [ app_init ] --END-- [ RunTime:0.000299s ]
INFO: [ app_begin ] --START--
INFO: Run Behavior\ReadHtmlCacheBehavior [ RunTime:0.000315s ]
INFO: [ app_begin ] --END-- [ RunTime:0.000389s ]
SQL: SHOW COLUMNS FROM `community` [ RunTime:0.0038s ]
SQL: SELECT * FROM `community`  [ RunTime:0.0003s ]
INFO: [ view_parse ] --START--
INFO: [ template_filter ] --START--
INFO: Run Behavior\ContentReplaceBehavior [ RunTime:0.000083s ]
INFO: [ template_filter ] --END-- [ RunTime:0.000163s ]
NOTIC: [8] Undefined variable: taskCount D:\phpProjects\wampProjects\shequ\Application\Runtime\Cache\Company\dfd226aad292d097f9138a36db413526.php 第 46 行.
INFO: Run Behavior\ParseTemplateBehavior [ RunTime:0.009980s ]
INFO: [ view_parse ] --END-- [ RunTime:0.010098s ]
INFO: [ view_filter ] --START--
INFO: Run Behavior\WriteHtmlCacheBehavior [ RunTime:0.000572s ]
INFO: [ view_filter ] --END-- [ RunTime:0.000652s ]
INFO: [ app_end ] --START--
INFO: Run Behavior\ShowPageTraceBehavior [ RunTime:0.000342s ]
INFO: [ app_end ] --END-- [ RunTime:0.000434s ]

[ 2019-02-02T17:50:01+08:00 ] 127.0.0.1 /index.php?m=company&c=information&a=index&id=1
INFO: [ app_init ] --START--
INFO: Run Behavior\BuildLiteBehavior [ RunTime:0.000015s ]
INFO: [ app_init ] --END-- [ RunTime:0.000291s ]
INFO: [ app_begin ] --START--
INFO: Run Behavior\ReadHtmlCacheBehavior [ RunTime:0.000347s ]
INFO: [ app_begin ] --END-- [ RunTime:0.000438s ]
SQL: SHOW COLUMNS FROM `company` [ RunTime:0.0037s ]
SQL: SELECT * FROM `company` WHERE ( id="1" ) LIMIT 1   [ RunTime:0.0002s ]
SQL: SHOW COLUMNS FROM `house` [ RunTime:0.0033s ]
SQL: SELECT * FROM `house` WHERE `community` = 2 AND `buildNum` = '12' AND `unitNum` = '12' AND `roomNum` = '12' LIMIT 1   [ RunTime:0.0003s ]
INFO: [ view_parse ] --START--
INFO: [ template_filter ] --START--
INFO: Run Behavior\ContentReplaceBehavior [ RunTime:0.000068s ]
INFO: [ template_filter ] --END-- [ RunTime:0.000147s ]
NOTIC: [8] Undefined variable: taskCount D:\phpProjects\wampProjects\shequ\Application\Runtime\Cache\Company\3c7e4f989e580b9a668a7ab0afaf0c70.php 第 46 行.
INFO: Run Behavior\ParseTemplateBehavior [ RunTime:0.008500s ]
INFO: [ view_parse ] --END-- [ RunTime:0.008576s ]
INFO: [ view_filter ] --START--
INFO: Run Behavior\WriteHtmlCacheBehavior [ RunTime:0.000371s ]
INFO: [ view_filter ] --END-- [ RunTime:0.000438s ]
INFO: [ app_end ] --START--
INFO: Run Behavior\ShowPageTraceBehavior [ RunTime:0.000330s ]
INFO: [ app_end ] --END-- [ RunTime:0.000404s ]

[ 2019-02-02T17:58:06+08:00 ] 127.0.0.1 /index.php?m=company&c=add&a=index
INFO: [ app_init ] --START--
INFO: Run Behavior\BuildLiteBehavior [ RunTime:0.000016s ]
INFO: [ app_init ] --END-- [ RunTime:0.000300s ]
INFO: [ app_begin ] --START--
INFO: Run Behavior\ReadHtmlCacheBehavior [ RunTime:0.000357s ]
INFO: [ app_begin ] --END-- [ RunTime:0.000455s ]
SQL: SHOW COLUMNS FROM `community` [ RunTime:0.0057s ]
SQL: SELECT * FROM `community`  [ RunTime:0.0002s ]
INFO: [ view_parse ] --START--
INFO: [ template_filter ] --START--
INFO: Run Behavior\ContentReplaceBehavior [ RunTime:0.000076s ]
INFO: [ template_filter ] --END-- [ RunTime:0.000150s ]
NOTIC: [8] Undefined variable: taskCount D:\phpProjects\wampProjects\shequ\Application\Runtime\Cache\Company\dfd226aad292d097f9138a36db413526.php 第 46 行.
INFO: Run Behavior\ParseTemplateBehavior [ RunTime:0.007418s ]
INFO: [ view_parse ] --END-- [ RunTime:0.007491s ]
INFO: [ view_filter ] --START--
INFO: Run Behavior\WriteHtmlCacheBehavior [ RunTime:0.000373s ]
INFO: [ view_filter ] --END-- [ RunTime:0.000443s ]
INFO: [ app_end ] --START--
INFO: Run Behavior\ShowPageTraceBehavior [ RunTime:0.000334s ]
INFO: [ app_end ] --END-- [ RunTime:0.000412s ]

[ 2019-02-02T18:26:01+08:00 ] 127.0.0.1 /index.php?m=company&c=list&a=index
INFO: [ app_init ] --START--
INFO: Run Behavior\BuildLiteBehavior [ RunTime:0.000016s ]
INFO: [ app_init ] --END-- [ RunTime:0.000295s ]
INFO: [ app_begin ] --START--
INFO: Run Behavior\ReadHtmlCacheBehavior [ RunTime:0.000391s ]
INFO: [ app_begin ] --END-- [ RunTime:0.000475s ]
NOTIC: [8] Undefined index: p D:\phpProjects\wampProjects\shequ\Application\Company\Controller\ListController.class.php 第 7 行.
NOTIC: [8] Undefined index: pageSize D:\phpProjects\wampProjects\shequ\Application\Company\Controller\ListController.class.php 第 8 行.
NOTIC: [8] Use of undefined constant admin - assumed 'admin' D:\phpProjects\wampProjects\shequ\Application\Company\Controller\ListController.class.php 第 11 行.
NOTIC: [8] Use of undefined constant community - assumed 'community' D:\phpProjects\wampProjects\shequ\Application\Company\Controller\ListController.class.php 第 11 行.
SQL: SHOW COLUMNS FROM `company` [ RunTime:0.0050s ]
SQL: SELECT COUNT(*) AS tp_count FROM `company` WHERE `community` = 2 LIMIT 1   [ RunTime:0.0002s ]
SQL: SELECT * FROM `company` WHERE `community` = 2 LIMIT 0,9   [ RunTime:0.0002s ]
INFO: [ view_parse ] --START--
INFO: [ template_filter ] --START--
INFO: Run Behavior\ContentReplaceBehavior [ RunTime:0.000067s ]
INFO: [ template_filter ] --END-- [ RunTime:0.000140s ]
NOTIC: [8] Undefined variable: taskCount D:\phpProjects\wampProjects\shequ\Application\Runtime\Cache\Company\1f4e2606f6a446f4fdaab4f2dbd54090.php 第 46 行.
INFO: Run Behavior\ParseTemplateBehavior [ RunTime:0.007992s ]
INFO: [ view_parse ] --END-- [ RunTime:0.008075s ]
INFO: [ view_filter ] --START--
INFO: Run Behavior\WriteHtmlCacheBehavior [ RunTime:0.000405s ]
INFO: [ view_filter ] --END-- [ RunTime:0.000477s ]
INFO: [ app_end ] --START--
INFO: Run Behavior\ShowPageTraceBehavior [ RunTime:0.000589s ]
INFO: [ app_end ] --END-- [ RunTime:0.000669s ]

[ 2019-02-02T19:38:58+08:00 ] 127.0.0.1 /index.php?m=company&c=list&a=index
INFO: [ app_init ] --START--
INFO: Run Behavior\BuildLiteBehavior [ RunTime:0.000014s ]
INFO: [ app_init ] --END-- [ RunTime:0.000283s ]
INFO: [ app_begin ] --START--
INFO: Run Behavior\ReadHtmlCacheBehavior [ RunTime:0.000312s ]
INFO: [ app_begin ] --END-- [ RunTime:0.000384s ]
NOTIC: [8] Undefined index: p D:\phpProjects\wampProjects\shequ\Application\Company\Controller\ListController.class.php 第 7 行.
NOTIC: [8] Undefined index: pageSize D:\phpProjects\wampProjects\shequ\Application\Company\Controller\ListController.class.php 第 8 行.
NOTIC: [8] Use of undefined constant admin - assumed 'admin' D:\phpProjects\wampProjects\shequ\Application\Company\Controller\ListController.class.php 第 11 行.
NOTIC: [8] Use of undefined constant community - assumed 'community' D:\phpProjects\wampProjects\shequ\Application\Company\Controller\ListController.class.php 第 11 行.
SQL: SHOW COLUMNS FROM `company` [ RunTime:0.0050s ]
SQL: SELECT COUNT(*) AS tp_count FROM `company` WHERE `community` = 2 LIMIT 1   [ RunTime:0.0002s ]
SQL: SELECT * FROM `company` WHERE `community` = 2 LIMIT 0,9   [ RunTime:0.0002s ]
INFO: [ view_parse ] --START--
INFO: [ template_filter ] --START--
INFO: Run Behavior\ContentReplaceBehavior [ RunTime:0.000067s ]
INFO: [ template_filter ] --END-- [ RunTime:0.000181s ]
NOTIC: [8] Undefined variable: taskCount D:\phpProjects\wampProjects\shequ\Application\Runtime\Cache\Company\1f4e2606f6a446f4fdaab4f2dbd54090.php 第 46 行.
INFO: Run Behavior\ParseTemplateBehavior [ RunTime:0.019242s ]
INFO: [ view_parse ] --END-- [ RunTime:0.019313s ]
INFO: [ view_filter ] --START--
INFO: Run Behavior\WriteHtmlCacheBehavior [ RunTime:0.000320s ]
INFO: [ view_filter ] --END-- [ RunTime:0.000386s ]
INFO: [ app_end ] --START--
INFO: Run Behavior\ShowPageTraceBehavior [ RunTime:0.000479s ]
INFO: [ app_end ] --END-- [ RunTime:0.000550s ]

[ 2019-02-02T19:39:00+08:00 ] 127.0.0.1 /index.php?m=company&c=information&a=index&id=1
INFO: [ app_init ] --START--
INFO: Run Behavior\BuildLiteBehavior [ RunTime:0.000015s ]
INFO: [ app_init ] --END-- [ RunTime:0.000286s ]
INFO: [ app_begin ] --START--
INFO: Run Behavior\ReadHtmlCacheBehavior [ RunTime:0.000301s ]
INFO: [ app_begin ] --END-- [ RunTime:0.000374s ]
SQL: SHOW COLUMNS FROM `company` [ RunTime:0.0043s ]
SQL: SELECT * FROM `company` WHERE ( id="1" ) LIMIT 1   [ RunTime:0.0002s ]
SQL: SHOW COLUMNS FROM `house` [ RunTime:0.0036s ]
SQL: SELECT * FROM `house` WHERE `community` = 2 AND `buildNum` = '12' AND `unitNum` = '12' AND `roomNum` = '12' LIMIT 1   [ RunTime:0.0002s ]
INFO: [ view_parse ] --START--
INFO: [ template_filter ] --START--
INFO: Run Behavior\ContentReplaceBehavior [ RunTime:0.000065s ]
INFO: [ template_filter ] --END-- [ RunTime:0.000179s ]
NOTIC: [8] Undefined variable: taskCount D:\phpProjects\wampProjects\shequ\Application\Runtime\Cache\Company\3c7e4f989e580b9a668a7ab0afaf0c70.php 第 46 行.
INFO: Run Behavior\ParseTemplateBehavior [ RunTime:0.014596s ]
INFO: [ view_parse ] --END-- [ RunTime:0.014669s ]
INFO: [ view_filter ] --START--
INFO: Run Behavior\WriteHtmlCacheBehavior [ RunTime:0.000332s ]
INFO: [ view_filter ] --END-- [ RunTime:0.000399s ]
INFO: [ app_end ] --START--
INFO: Run Behavior\ShowPageTraceBehavior [ RunTime:0.000494s ]
INFO: [ app_end ] --END-- [ RunTime:0.000569s ]

[ 2019-02-02T20:34:07+08:00 ] 127.0.0.1 /index.php?m=company&c=add&a=index
INFO: [ app_init ] --START--
INFO: Run Behavior\BuildLiteBehavior [ RunTime:0.000016s ]
INFO: [ app_init ] --END-- [ RunTime:0.000274s ]
INFO: [ app_begin ] --START--
INFO: Run Behavior\ReadHtmlCacheBehavior [ RunTime:0.002962s ]
INFO: [ app_begin ] --END-- [ RunTime:0.003038s ]
SQL: SHOW COLUMNS FROM `community` [ RunTime:0.0058s ]
SQL: SELECT * FROM `community`  [ RunTime:0.0015s ]
INFO: [ view_parse ] --START--
INFO: [ template_filter ] --START--
INFO: Run Behavior\ContentReplaceBehavior [ RunTime:0.000133s ]
INFO: [ template_filter ] --END-- [ RunTime:0.000249s ]
NOTIC: [8] Undefined variable: taskCount D:\phpProjects\wampProjects\shequ\Application\Runtime\Cache\Company\dfd226aad292d097f9138a36db413526.php 第 46 行.
INFO: Run Behavior\ParseTemplateBehavior [ RunTime:0.019183s ]
INFO: [ view_parse ] --END-- [ RunTime:0.019289s ]
INFO: [ view_filter ] --START--
INFO: Run Behavior\WriteHtmlCacheBehavior [ RunTime:0.000433s ]
INFO: [ view_filter ] --END-- [ RunTime:0.000534s ]
INFO: [ app_end ] --START--
INFO: Run Behavior\ShowPageTraceBehavior [ RunTime:0.000737s ]
INFO: [ app_end ] --END-- [ RunTime:0.000939s ]

[ 2019-02-02T20:34:11+08:00 ] 127.0.0.1 /index.php?m=company&c=add&a=getInfo
INFO: [ app_init ] --START--
INFO: Run Behavior\BuildLiteBehavior [ RunTime:0.000017s ]
INFO: [ app_init ] --END-- [ RunTime:0.000309s ]
INFO: [ app_begin ] --START--
INFO: Run Behavior\ReadHtmlCacheBehavior [ RunTime:0.000314s ]
INFO: [ app_begin ] --END-- [ RunTime:0.000379s ]
NOTIC: [8] Use of undefined constant admin - assumed 'admin' D:\phpProjects\wampProjects\shequ\Application\Company\Controller\AddController.class.php 第 15 行.
NOTIC: [8] Use of undefined constant community - assumed 'community' D:\phpProjects\wampProjects\shequ\Application\Company\Controller\AddController.class.php 第 15 行.
SQL: SHOW COLUMNS FROM `house` [ RunTime:0.0044s ]
SQL: SELECT * FROM `house` WHERE `buildNum` = '12' AND `unitNum` = '12' AND `roomNum` = '12' AND `community` = 2 LIMIT 1   [ RunTime:0.0003s ]

[ 2019-02-02T21:18:18+08:00 ] 127.0.0.1 /index.php?m=company&c=add&a=index
INFO: [ app_init ] --START--
INFO: Run Behavior\BuildLiteBehavior [ RunTime:0.000016s ]
INFO: [ app_init ] --END-- [ RunTime:0.000276s ]
INFO: [ app_begin ] --START--
INFO: Run Behavior\ReadHtmlCacheBehavior [ RunTime:0.000381s ]
INFO: [ app_begin ] --END-- [ RunTime:0.000455s ]
SQL: SHOW COLUMNS FROM `community` [ RunTime:0.0056s ]
SQL: SELECT * FROM `community`  [ RunTime:0.0004s ]
INFO: [ view_parse ] --START--
INFO: [ template_filter ] --START--
INFO: Run Behavior\ContentReplaceBehavior [ RunTime:0.000088s ]
INFO: [ template_filter ] --END-- [ RunTime:0.000185s ]
NOTIC: [8] Undefined variable: taskCount D:\phpProjects\wampProjects\shequ\Application\Runtime\Cache\Company\dfd226aad292d097f9138a36db413526.php 第 46 行.
INFO: Run Behavior\ParseTemplateBehavior [ RunTime:0.008358s ]
INFO: [ view_parse ] --END-- [ RunTime:0.008442s ]
INFO: [ view_filter ] --START--
INFO: Run Behavior\WriteHtmlCacheBehavior [ RunTime:0.000373s ]
INFO: [ view_filter ] --END-- [ RunTime:0.000441s ]
INFO: [ app_end ] --START--
INFO: Run Behavior\ShowPageTraceBehavior [ RunTime:0.000687s ]
INFO: [ app_end ] --END-- [ RunTime:0.000762s ]

[ 2019-02-02T21:45:06+08:00 ] 127.0.0.1 /index.php?m=company&c=list&a=index
INFO: [ app_init ] --START--
INFO: Run Behavior\BuildLiteBehavior [ RunTime:0.000019s ]
INFO: [ app_init ] --END-- [ RunTime:0.000338s ]
INFO: [ app_begin ] --START--
INFO: Run Behavior\ReadHtmlCacheBehavior [ RunTime:0.000438s ]
INFO: [ app_begin ] --END-- [ RunTime:0.000532s ]
NOTIC: [8] Undefined index: p D:\phpProjects\wampProjects\shequ\Application\Company\Controller\ListController.class.php 第 7 行.
NOTIC: [8] Undefined index: pageSize D:\phpProjects\wampProjects\shequ\Application\Company\Controller\ListController.class.php 第 8 行.
NOTIC: [8] Use of undefined constant admin - assumed 'admin' D:\phpProjects\wampProjects\shequ\Application\Company\Controller\ListController.class.php 第 11 行.
NOTIC: [8] Use of undefined constant community - assumed 'community' D:\phpProjects\wampProjects\shequ\Application\Company\Controller\ListController.class.php 第 11 行.
SQL: SHOW COLUMNS FROM `company` [ RunTime:0.0041s ]
SQL: SELECT COUNT(*) AS tp_count FROM `company` WHERE `community` = 2 LIMIT 1   [ RunTime:0.0003s ]
SQL: SELECT * FROM `company` WHERE `community` = 2 LIMIT 0,9   [ RunTime:0.0002s ]
INFO: [ view_parse ] --START--
INFO: [ template_filter ] --START--
INFO: Run Behavior\ContentReplaceBehavior [ RunTime:0.000126s ]
INFO: [ template_filter ] --END-- [ RunTime:0.000222s ]
NOTIC: [8] Undefined variable: taskCount D:\phpProjects\wampProjects\shequ\Application\Runtime\Cache\Company\1f4e2606f6a446f4fdaab4f2dbd54090.php 第 46 行.
INFO: Run Behavior\ParseTemplateBehavior [ RunTime:0.008609s ]
INFO: [ view_parse ] --END-- [ RunTime:0.008684s ]
INFO: [ view_filter ] --START--
INFO: Run Behavior\WriteHtmlCacheBehavior [ RunTime:0.000342s ]
INFO: [ view_filter ] --END-- [ RunTime:0.000408s ]
INFO: [ app_end ] --START--
INFO: Run Behavior\ShowPageTraceBehavior [ RunTime:0.000761s ]
INFO: [ app_end ] --END-- [ RunTime:0.000922s ]

[ 2019-02-02T21:45:08+08:00 ] 127.0.0.1 /index.php?m=company&c=information&a=index&id=1
INFO: [ app_init ] --START--
INFO: Run Behavior\BuildLiteBehavior [ RunTime:0.000027s ]
INFO: [ app_init ] --END-- [ RunTime:0.000411s ]
INFO: [ app_begin ] --START--
INFO: Run Behavior\ReadHtmlCacheBehavior [ RunTime:0.000331s ]
INFO: [ app_begin ] --END-- [ RunTime:0.000412s ]
SQL: SHOW COLUMNS FROM `company` [ RunTime:0.0060s ]
SQL: SELECT * FROM `company` WHERE ( id="1" ) LIMIT 1   [ RunTime:0.0004s ]
SQL: SHOW COLUMNS FROM `house` [ RunTime:0.0065s ]
SQL: SELECT * FROM `house` WHERE `community` = 2 AND `buildNum` = '12' AND `unitNum` = '12' AND `roomNum` = '12' LIMIT 1   [ RunTime:0.0003s ]
INFO: [ view_parse ] --START--
INFO: [ template_filter ] --START--
INFO: Run Behavior\ContentReplaceBehavior [ RunTime:0.000068s ]
INFO: [ template_filter ] --END-- [ RunTime:0.000153s ]
NOTIC: [8] Undefined variable: taskCount D:\phpProjects\wampProjects\shequ\Application\Runtime\Cache\Company\3c7e4f989e580b9a668a7ab0afaf0c70.php 第 46 行.
INFO: Run Behavior\ParseTemplateBehavior [ RunTime:0.008718s ]
INFO: [ view_parse ] --END-- [ RunTime:0.008804s ]
INFO: [ view_filter ] --START--
INFO: Run Behavior\WriteHtmlCacheBehavior [ RunTime:0.000520s ]
INFO: [ view_filter ] --END-- [ RunTime:0.000590s ]
INFO: [ app_end ] --START--
INFO: Run Behavior\ShowPageTraceBehavior [ RunTime:0.000605s ]
INFO: [ app_end ] --END-- [ RunTime:0.000696s ]

[ 2019-02-02T21:45:32+08:00 ] 127.0.0.1 /index.php?m=company&c=list&a=index
INFO: [ app_init ] --START--
INFO: Run Behavior\BuildLiteBehavior [ RunTime:0.000017s ]
INFO: [ app_init ] --END-- [ RunTime:0.000338s ]
INFO: [ app_begin ] --START--
INFO: Run Behavior\ReadHtmlCacheBehavior [ RunTime:0.000427s ]
INFO: [ app_begin ] --END-- [ RunTime:0.000503s ]
NOTIC: [8] Undefined index: p D:\phpProjects\wampProjects\shequ\Application\Company\Controller\ListController.class.php 第 7 行.
NOTIC: [8] Undefined index: pageSize D:\phpProjects\wampProjects\shequ\Application\Company\Controller\ListController.class.php 第 8 行.
NOTIC: [8] Use of undefined constant admin - assumed 'admin' D:\phpProjects\wampProjects\shequ\Application\Company\Controller\ListController.class.php 第 11 行.
NOTIC: [8] Use of undefined constant community - assumed 'community' D:\phpProjects\wampProjects\shequ\Application\Company\Controller\ListController.class.php 第 11 行.
SQL: SHOW COLUMNS FROM `company` [ RunTime:0.0039s ]
SQL: SELECT COUNT(*) AS tp_count FROM `company` WHERE `community` = 2 LIMIT 1   [ RunTime:0.0002s ]
SQL: SELECT * FROM `company` WHERE `community` = 2 LIMIT 0,9   [ RunTime:0.0002s ]
INFO: [ view_parse ] --START--
INFO: [ template_filter ] --START--
INFO: Run Behavior\ContentReplaceBehavior [ RunTime:0.000070s ]
INFO: [ template_filter ] --END-- [ RunTime:0.000155s ]
NOTIC: [8] Undefined variable: taskCount D:\phpProjects\wampProjects\shequ\Application\Runtime\Cache\Company\1f4e2606f6a446f4fdaab4f2dbd54090.php 第 46 行.
INFO: Run Behavior\ParseTemplateBehavior [ RunTime:0.008357s ]
INFO: [ view_parse ] --END-- [ RunTime:0.008434s ]
INFO: [ view_filter ] --START--
INFO: Run Behavior\WriteHtmlCacheBehavior [ RunTime:0.000367s ]
INFO: [ view_filter ] --END-- [ RunTime:0.000434s ]
INFO: [ app_end ] --START--
INFO: Run Behavior\ShowPageTraceBehavior [ RunTime:0.000532s ]
INFO: [ app_end ] --END-- [ RunTime:0.000611s ]

[ 2019-02-02T21:58:49+08:00 ] 127.0.0.1 /index.php?m=company&c=list&a=index
INFO: [ app_init ] --START--
INFO: Run Behavior\BuildLiteBehavior [ RunTime:0.000016s ]
INFO: [ app_init ] --END-- [ RunTime:0.000340s ]
INFO: [ app_begin ] --START--
INFO: Run Behavior\ReadHtmlCacheBehavior [ RunTime:0.000486s ]
INFO: [ app_begin ] --END-- [ RunTime:0.000571s ]
NOTIC: [8] Undefined index: p D:\phpProjects\wampProjects\shequ\Application\Company\Controller\ListController.class.php 第 7 行.
NOTIC: [8] Undefined index: pageSize D:\phpProjects\wampProjects\shequ\Application\Company\Controller\ListController.class.php 第 8 行.
NOTIC: [8] Use of undefined constant admin - assumed 'admin' D:\phpProjects\wampProjects\shequ\Application\Company\Controller\ListController.class.php 第 11 行.
NOTIC: [8] Use of undefined constant community - assumed 'community' D:\phpProjects\wampProjects\shequ\Application\Company\Controller\ListController.class.php 第 11 行.
SQL: SHOW COLUMNS FROM `company` [ RunTime:0.0037s ]
SQL: SELECT COUNT(*) AS tp_count FROM `company` WHERE `community` = 2 LIMIT 1   [ RunTime:0.0002s ]
SQL: SELECT * FROM `company` WHERE `community` = 2 LIMIT 0,9   [ RunTime:0.0002s ]
INFO: [ view_parse ] --START--
INFO: [ template_filter ] --START--
INFO: Run Behavior\ContentReplaceBehavior [ RunTime:0.000069s ]
INFO: [ template_filter ] --END-- [ RunTime:0.000151s ]
NOTIC: [8] Undefined variable: taskCount D:\phpProjects\wampProjects\shequ\Application\Runtime\Cache\Company\1f4e2606f6a446f4fdaab4f2dbd54090.php 第 46 行.
INFO: Run Behavior\ParseTemplateBehavior [ RunTime:0.008426s ]
INFO: [ view_parse ] --END-- [ RunTime:0.008503s ]
INFO: [ view_filter ] --START--
INFO: Run Behavior\WriteHtmlCacheBehavior [ RunTime:0.014239s ]
INFO: [ view_filter ] --END-- [ RunTime:0.014318s ]
INFO: [ app_end ] --START--
INFO: Run Behavior\ShowPageTraceBehavior [ RunTime:0.000577s ]
INFO: [ app_end ] --END-- [ RunTime:0.000657s ]

[ 2019-02-02T22:49:15+08:00 ] 127.0.0.1 /index.php?m=company&c=list&a=index
INFO: [ app_init ] --START--
INFO: Run Behavior\BuildLiteBehavior [ RunTime:0.000018s ]
INFO: [ app_init ] --END-- [ RunTime:0.000334s ]
INFO: [ app_begin ] --START--
INFO: Run Behavior\ReadHtmlCacheBehavior [ RunTime:0.000596s ]
INFO: [ app_begin ] --END-- [ RunTime:0.000672s ]
NOTIC: [8] Undefined index: p D:\phpProjects\wampProjects\shequ\Application\Company\Controller\ListController.class.php 第 7 行.
NOTIC: [8] Undefined index: pageSize D:\phpProjects\wampProjects\shequ\Application\Company\Controller\ListController.class.php 第 8 行.
NOTIC: [8] Use of undefined constant admin - assumed 'admin' D:\phpProjects\wampProjects\shequ\Application\Company\Controller\ListController.class.php 第 11 行.
NOTIC: [8] Use of undefined constant community - assumed 'community' D:\phpProjects\wampProjects\shequ\Application\Company\Controller\ListController.class.php 第 11 行.
SQL: SHOW COLUMNS FROM `company` [ RunTime:0.0040s ]
SQL: SELECT COUNT(*) AS tp_count FROM `company` WHERE `community` = 2 LIMIT 1   [ RunTime:0.0002s ]
SQL: SELECT * FROM `company` WHERE `community` = 2 LIMIT 0,9   [ RunTime:0.0002s ]
INFO: [ view_parse ] --START--
INFO: [ template_filter ] --START--
INFO: Run Behavior\ContentReplaceBehavior [ RunTime:0.000068s ]
INFO: [ template_filter ] --END-- [ RunTime:0.000144s ]
NOTIC: [8] Undefined variable: taskCount D:\phpProjects\wampProjects\shequ\Application\Runtime\Cache\Company\1f4e2606f6a446f4fdaab4f2dbd54090.php 第 46 行.
INFO: Run Behavior\ParseTemplateBehavior [ RunTime:0.014714s ]
INFO: [ view_parse ] --END-- [ RunTime:0.014791s ]
INFO: [ view_filter ] --START--
INFO: Run Behavior\WriteHtmlCacheBehavior [ RunTime:0.000822s ]
INFO: [ view_filter ] --END-- [ RunTime:0.000931s ]
INFO: [ app_end ] --START--
INFO: Run Behavior\ShowPageTraceBehavior [ RunTime:0.000779s ]
INFO: [ app_end ] --END-- [ RunTime:0.000862s ]

[ 2019-02-02T22:49:16+08:00 ] 127.0.0.1 /index.php?m=company&c=information&a=index&id=1
INFO: [ app_init ] --START--
INFO: Run Behavior\BuildLiteBehavior [ RunTime:0.000018s ]
INFO: [ app_init ] --END-- [ RunTime:0.000447s ]
INFO: [ app_begin ] --START--
INFO: Run Behavior\ReadHtmlCacheBehavior [ RunTime:0.000696s ]
INFO: [ app_begin ] --END-- [ RunTime:0.000780s ]
SQL: SHOW COLUMNS FROM `company` [ RunTime:0.0044s ]
SQL: SELECT * FROM `company` WHERE ( id="1" ) LIMIT 1   [ RunTime:0.0002s ]
SQL: SHOW COLUMNS FROM `house` [ RunTime:0.0036s ]
SQL: SELECT * FROM `house` WHERE `community` = 2 AND `buildNum` = '12' AND `unitNum` = '12' AND `roomNum` = '12' LIMIT 1   [ RunTime:0.0008s ]
INFO: [ view_parse ] --START--
INFO: [ template_filter ] --START--
INFO: Run Behavior\ContentReplaceBehavior [ RunTime:0.000067s ]
INFO: [ template_filter ] --END-- [ RunTime:0.000143s ]
NOTIC: [8] Undefined variable: taskCount D:\phpProjects\wampProjects\shequ\Application\Runtime\Cache\Company\3c7e4f989e580b9a668a7ab0afaf0c70.php 第 46 行.
INFO: Run Behavior\ParseTemplateBehavior [ RunTime:0.007733s ]
INFO: [ view_parse ] --END-- [ RunTime:0.007879s ]
INFO: [ view_filter ] --START--
INFO: Run Behavior\WriteHtmlCacheBehavior [ RunTime:0.000488s ]
INFO: [ view_filter ] --END-- [ RunTime:0.000556s ]
INFO: [ app_end ] --START--
INFO: Run Behavior\ShowPageTraceBehavior [ RunTime:0.000599s ]
INFO: [ app_end ] --END-- [ RunTime:0.000670s ]

[ 2019-02-02T22:49:25+08:00 ] 127.0.0.1 /index.php?m=company&c=add&a=index
INFO: [ app_init ] --START--
INFO: Run Behavior\BuildLiteBehavior [ RunTime:0.000017s ]
INFO: [ app_init ] --END-- [ RunTime:0.000362s ]
INFO: [ app_begin ] --START--
INFO: Run Behavior\ReadHtmlCacheBehavior [ RunTime:0.000418s ]
INFO: [ app_begin ] --END-- [ RunTime:0.000502s ]
SQL: SHOW COLUMNS FROM `community` [ RunTime:0.0039s ]
SQL: SELECT * FROM `community`  [ RunTime:0.0002s ]
INFO: [ view_parse ] --START--
INFO: [ template_filter ] --START--
INFO: Run Behavior\ContentReplaceBehavior [ RunTime:0.000078s ]
INFO: [ template_filter ] --END-- [ RunTime:0.000165s ]
NOTIC: [8] Undefined variable: taskCount D:\phpProjects\wampProjects\shequ\Application\Runtime\Cache\Company\dfd226aad292d097f9138a36db413526.php 第 46 行.
INFO: Run Behavior\ParseTemplateBehavior [ RunTime:0.020859s ]
INFO: [ view_parse ] --END-- [ RunTime:0.020947s ]
INFO: [ view_filter ] --START--
INFO: Run Behavior\WriteHtmlCacheBehavior [ RunTime:0.000356s ]
INFO: [ view_filter ] --END-- [ RunTime:0.000426s ]
INFO: [ app_end ] --START--
INFO: Run Behavior\ShowPageTraceBehavior [ RunTime:0.000498s ]
INFO: [ app_end ] --END-- [ RunTime:0.000582s ]

[ 2019-02-02T22:49:37+08:00 ] 127.0.0.1 /index.php?m=company&c=add&a=index
INFO: [ app_init ] --START--
INFO: Run Behavior\BuildLiteBehavior [ RunTime:0.000020s ]
INFO: [ app_init ] --END-- [ RunTime:0.000443s ]
INFO: [ app_begin ] --START--
INFO: Run Behavior\ReadHtmlCacheBehavior [ RunTime:0.001046s ]
INFO: [ app_begin ] --END-- [ RunTime:0.001271s ]
SQL: SHOW COLUMNS FROM `community` [ RunTime:0.0090s ]
SQL: SELECT * FROM `community`  [ RunTime:0.0002s ]
INFO: [ view_parse ] --START--
INFO: [ template_filter ] --START--
INFO: Run Behavior\ContentReplaceBehavior [ RunTime:0.000073s ]
INFO: [ template_filter ] --END-- [ RunTime:0.000150s ]
NOTIC: [8] Undefined variable: taskCount D:\phpProjects\wampProjects\shequ\Application\Runtime\Cache\Company\dfd226aad292d097f9138a36db413526.php 第 46 行.
INFO: Run Behavior\ParseTemplateBehavior [ RunTime:0.006364s ]
INFO: [ view_parse ] --END-- [ RunTime:0.006471s ]
INFO: [ view_filter ] --START--
INFO: Run Behavior\WriteHtmlCacheBehavior [ RunTime:0.000400s ]
INFO: [ view_filter ] --END-- [ RunTime:0.000476s ]
INFO: [ app_end ] --START--
INFO: Run Behavior\ShowPageTraceBehavior [ RunTime:0.001065s ]
INFO: [ app_end ] --END-- [ RunTime:0.001428s ]

