[ 2019-04-09T00:37:36+08:00 ] 59.36.119.226 /lapan.php
INFO: [ app_init ] --START--
INFO: Run Behavior\BuildLiteBehavior [ RunTime:0.000012s ]
INFO: [ app_init ] --END-- [ RunTime:0.000072s ]
ERR: Êó†Ê≥ïÂä†ËΩΩÊ®°Âùó:Lapan

[ 2019-04-09T01:26:38+08:00 ] 58.251.121.186 /d.php
INFO: [ app_init ] --START--
INFO: Run Behavior\BuildLiteBehavior [ RunTime:0.000011s ]
INFO: [ app_init ] --END-- [ RunTime:0.000079s ]
ERR: Êó†Ê≥ïÂä†ËΩΩÊ®°Âùó:D

[ 2019-04-09T02:09:24+08:00 ] 101.91.62.11 /undx.php
INFO: [ app_init ] --START--
INFO: Run Behavior\BuildLiteBehavior [ RunTime:0.000010s ]
INFO: [ app_init ] --END-- [ RunTime:0.000076s ]
ERR: Êó†Ê≥ïÂä†ËΩΩÊ®°Âùó:Undx

[ 2019-04-09T02:17:42+08:00 ] 163.177.90.152 /xiaoyu.php
INFO: [ app_init ] --START--
INFO: Run Behavior\BuildLiteBehavior [ RunTime:0.000013s ]
INFO: [ app_init ] --END-- [ RunTime:0.000101s ]
ERR: Êó†Ê≥ïÂä†ËΩΩÊ®°Âùó:Xiaoyu

[ 2019-04-09T02:19:47+08:00 ] 3.91.93.3 /cms/wp-login.php
INFO: [ app_init ] --START--
INFO: Run Behavior\BuildLiteBehavior [ RunTime:0.000014s ]
INFO: [ app_init ] --END-- [ RunTime:0.000094s ]
ERR: Êó†Ê≥ïÂä†ËΩΩÊ®°Âùó:Cms

[ 2019-04-09T02:30:51+08:00 ] 14.17.3.64 /mazi.php
INFO: [ app_init ] --START--
INFO: Run Behavior\BuildLiteBehavior [ RunTime:0.000009s ]
INFO: [ app_init ] --END-- [ RunTime:0.000064s ]
ERR: Êó†Ê≥ïÂä†ËΩΩÊ®°Âùó:Mazi

[ 2019-04-09T02:56:59+08:00 ] 59.36.119.226 /xampp/phpmyadmin/index.php
INFO: [ app_init ] --START--
INFO: Run Behavior\BuildLiteBehavior [ RunTime:0.000010s ]
INFO: [ app_init ] --END-- [ RunTime:0.000073s ]
ERR: Êó†Ê≥ïÂä†ËΩΩÊ®°Âùó:Xampp

[ 2019-04-09T03:04:08+08:00 ] 18.236.157.219 /cms1/wp-login.php
INFO: [ app_init ] --START--
INFO: Run Behavior\BuildLiteBehavior [ RunTime:0.000022s ]
INFO: [ app_init ] --END-- [ RunTime:0.000111s ]
ERR: Êó†Ê≥ïÂä†ËΩΩÊ®°Âùó:Cms1

[ 2019-04-09T05:05:16+08:00 ] 58.251.121.184 /xiao.php
INFO: [ app_init ] --START--
INFO: Run Behavior\BuildLiteBehavior [ RunTime:0.000013s ]
INFO: [ app_init ] --END-- [ RunTime:0.000091s ]
ERR: Êó†Ê≥ïÂä†ËΩΩÊ®°Âùó:Xiao

[ 2019-04-09T05:20:24+08:00 ] 101.91.62.11 /bx.php
INFO: [ app_init ] --START--
INFO: Run Behavior\BuildLiteBehavior [ RunTime:0.000009s ]
INFO: [ app_init ] --END-- [ RunTime:0.000067s ]
ERR: Êó†Ê≥ïÂä†ËΩΩÊ®°Âùó:Bx

[ 2019-04-09T10:04:49+08:00 ] 94.191.64.183 /_test_not_exist_404
INFO: [ app_init ] --START--
INFO: Run Behavior\BuildLiteBehavior [ RunTime:0.000021s ]
INFO: [ app_init ] --END-- [ RunTime:0.000106s ]
ERR: Êó†Ê≥ïÂä†ËΩΩÊ®°Âùó:_test_not_exist_404

[ 2019-04-09T10:05:51+08:00 ] 94.191.64.183 //etc/passwd
INFO: [ app_init ] --START--
INFO: Run Behavior\BuildLiteBehavior [ RunTime:0.000010s ]
INFO: [ app_init ] --END-- [ RunTime:0.000069s ]
ERR: Êó†Ê≥ïÂä†ËΩΩÊ®°Âùó:Etc

[ 2019-04-09T10:06:25+08:00 ] 94.191.64.183 //proc/meminfo
INFO: [ app_init ] --START--
INFO: Run Behavior\BuildLiteBehavior [ RunTime:0.000010s ]
INFO: [ app_init ] --END-- [ RunTime:0.000076s ]
ERR: Êó†Ê≥ïÂä†ËΩΩÊ®°Âùó:Proc

[ 2019-04-09T10:07:00+08:00 ] 94.191.64.183 /etc/profile
INFO: [ app_init ] --START--
INFO: Run Behavior\BuildLiteBehavior [ RunTime:0.000014s ]
INFO: [ app_init ] --END-- [ RunTime:0.000097s ]
ERR: Êó†Ê≥ïÂä†ËΩΩÊ®°Âùó:Etc

[ 2019-04-09T10:07:31+08:00 ] 94.191.64.183 /file:///etc/passwd
INFO: [ app_init ] --START--
INFO: Run Behavior\BuildLiteBehavior [ RunTime:0.000014s ]
INFO: [ app_init ] --END-- [ RunTime:0.000104s ]
ERR: Êó†Ê≥ïÂä†ËΩΩÊ®°Âùó:File:

[ 2019-04-09T10:08:04+08:00 ] 94.191.64.183 //file:///etc/passwd
INFO: [ app_init ] --START--
INFO: Run Behavior\BuildLiteBehavior [ RunTime:0.000015s ]
INFO: [ app_init ] --END-- [ RunTime:0.000102s ]
ERR: Êó†Ê≥ïÂä†ËΩΩÊ®°Âùó:File:

[ 2019-04-09T10:08:48+08:00 ] 58.250.125.105 /robots.txt
INFO: [ app_init ] --START--
INFO: Run Behavior\BuildLiteBehavior [ RunTime:0.000010s ]
INFO: [ app_init ] --END-- [ RunTime:0.000067s ]
ERR: Êó†Ê≥ïÂä†ËΩΩÊ®°Âùó:Robots

[ 2019-04-09T10:09:22+08:00 ] 94.191.64.183 /%C0%AE%C0%AE/%C0%AE%C0%AE/%C0%AE%C0%AE/%C0%AE%C0%AE/%C0%AE%C0%AE/%C0%AE%C0%AE/%C0%AE%C0%AE/%C0%AE%C0%AE/%C0%AE%C0%AE/%C0%AE%C0%AE/etc/profile
INFO: [ app_init ] --START--
INFO: Run Behavior\BuildLiteBehavior [ RunTime:0.000012s ]
INFO: [ app_init ] --END-- [ RunTime:0.000090s ]
ERR: Êó†Ê≥ïÂä†ËΩΩÊ®°Âùó:¿Æ¿Æ

[ 2019-04-09T10:09:44+08:00 ] 62.173.154.232 /HNAP1/
INFO: [ app_init ] --START--
INFO: Run Behavior\BuildLiteBehavior [ RunTime:0.000013s ]
INFO: [ app_init ] --END-- [ RunTime:0.000079s ]
ERR: Êó†Ê≥ïÂä†ËΩΩÊ®°Âùó:HNAP1

[ 2019-04-09T10:10:31+08:00 ] 94.191.64.183 /resource/tutorial/jndi-appconfig/test?inputFile=/etc/passwd
INFO: [ app_init ] --START--
INFO: Run Behavior\BuildLiteBehavior [ RunTime:0.000010s ]
INFO: [ app_init ] --END-- [ RunTime:0.000077s ]
ERR: Êó†Ê≥ïÂä†ËΩΩÊ®°Âùó:Resource

[ 2019-04-09T10:11:08+08:00 ] 94.191.64.183 /static../manage.py
INFO: [ app_init ] --START--
INFO: Run Behavior\BuildLiteBehavior [ RunTime:0.000011s ]
INFO: [ app_init ] --END-- [ RunTime:0.000104s ]
ERR: Êó†Ê≥ïÂä†ËΩΩÊ®°Âùó:Static..

[ 2019-04-09T10:12:28+08:00 ] 94.191.64.183 //example.com/..;/css
INFO: [ app_init ] --START--
INFO: Run Behavior\BuildLiteBehavior [ RunTime:0.000011s ]
INFO: [ app_init ] --END-- [ RunTime:0.000083s ]
ERR: Êó†Ê≥ïÂä†ËΩΩÊ®°Âùó:Example.com

[ 2019-04-09T10:13:01+08:00 ] 94.191.64.183 //css;@example.com
INFO: [ app_init ] --START--
INFO: Run Behavior\BuildLiteBehavior [ RunTime:0.000009s ]
INFO: [ app_init ] --END-- [ RunTime:0.000062s ]
ERR: Êó†Ê≥ïÂä†ËΩΩÊ®°Âùó:Css;@example

[ 2019-04-09T10:13:33+08:00 ] 94.191.64.183 /@example.com
INFO: [ app_init ] --START--
INFO: Run Behavior\BuildLiteBehavior [ RunTime:0.000014s ]
INFO: [ app_init ] --END-- [ RunTime:0.000105s ]
ERR: Êó†Ê≥ïÂä†ËΩΩÊ®°Âùó:@example

[ 2019-04-09T10:14:02+08:00 ] 94.191.64.183 /http:/%5Cexample.com
INFO: [ app_init ] --START--
INFO: Run Behavior\BuildLiteBehavior [ RunTime:0.000008s ]
INFO: [ app_init ] --END-- [ RunTime:0.000062s ]
ERR: Êó†Ê≥ïÂä†ËΩΩÊ®°Âùó:Http:

[ 2019-04-09T10:14:37+08:00 ] 94.191.64.183 //example.com
INFO: [ app_init ] --START--
INFO: Run Behavior\BuildLiteBehavior [ RunTime:0.000012s ]
INFO: [ app_init ] --END-- [ RunTime:0.000087s ]
ERR: Êó†Ê≥ïÂä†ËΩΩÊ®°Âùó:Example

[ 2019-04-09T10:15:01+08:00 ] 94.191.64.183 /%09/example.com
INFO: [ app_init ] --START--
INFO: Run Behavior\BuildLiteBehavior [ RunTime:0.000009s ]
INFO: [ app_init ] --END-- [ RunTime:0.000066s ]
ERR: Êó†Ê≥ïÂä†ËΩΩÊ®°Âùó:	

[ 2019-04-09T10:15:51+08:00 ] 94.191.64.183 /%5Cexample.com
INFO: [ app_init ] --START--
INFO: Run Behavior\BuildLiteBehavior [ RunTime:0.000013s ]
INFO: [ app_init ] --END-- [ RunTime:0.000100s ]
ERR: Êó†Ê≥ïÂä†ËΩΩÊ®°Âùó:\example

[ 2019-04-09T10:16:27+08:00 ] 94.191.64.183 /4e5e5d7364f443e28fbf0d3ae744a59a
INFO: [ app_init ] --START--
INFO: Run Behavior\BuildLiteBehavior [ RunTime:0.000015s ]
INFO: [ app_init ] --END-- [ RunTime:0.000127s ]
ERR: Êó†Ê≥ïÂä†ËΩΩÊ®°Âùó:4e5e5d7364f443e28fbf0d3ae744a59a

[ 2019-04-09T10:18:37+08:00 ] 94.191.64.183 /thinkphp/logo.png
INFO: [ app_init ] --START--
INFO: Run Behavior\BuildLiteBehavior [ RunTime:0.000009s ]
INFO: [ app_init ] --END-- [ RunTime:0.000083s ]
ERR: Êó†Ê≥ïÂä†ËΩΩÊ®°Âùó:Thinkphp

[ 2019-04-09T10:20:02+08:00 ] 94.191.64.183 /index.php?s=/index/%5Cthink%5Capp/invokefunction&function=call_user_func_array&vars%5B0%5D=system&vars%5B1%5D%5B%5D=php%20-r%20'phpinfo();'
INFO: [ app_init ] --START--
INFO: Run Behavior\BuildLiteBehavior [ RunTime:0.000015s ]
INFO: [ app_init ] --END-- [ RunTime:0.000100s ]
ERR: Êó†Ê≥ïÂä†ËΩΩÊ®°Âùó:Index

[ 2019-04-09T10:23:11+08:00 ] 94.191.64.183 /phpinfo.php
INFO: [ app_init ] --START--
INFO: Run Behavior\BuildLiteBehavior [ RunTime:0.000014s ]
INFO: [ app_init ] --END-- [ RunTime:0.000095s ]
ERR: Êó†Ê≥ïÂä†ËΩΩÊ®°Âùó:Phpinfo

[ 2019-04-09T10:23:50+08:00 ] 94.191.64.183 /test.php
INFO: [ app_init ] --START--
INFO: Run Behavior\BuildLiteBehavior [ RunTime:0.000010s ]
INFO: [ app_init ] --END-- [ RunTime:0.000082s ]
ERR: Êó†Ê≥ïÂä†ËΩΩÊ®°Âùó:Test

[ 2019-04-09T10:24:44+08:00 ] 94.191.64.183 /info.php
INFO: [ app_init ] --START--
INFO: Run Behavior\BuildLiteBehavior [ RunTime:0.000011s ]
INFO: [ app_init ] --END-- [ RunTime:0.000088s ]
ERR: Êó†Ê≥ïÂä†ËΩΩÊ®°Âùó:Info

[ 2019-04-09T10:25:12+08:00 ] 94.191.64.183 /1.php
INFO: [ app_init ] --START--
INFO: Run Behavior\BuildLiteBehavior [ RunTime:0.000010s ]
INFO: [ app_init ] --END-- [ RunTime:0.000065s ]
ERR: Êó†Ê≥ïÂä†ËΩΩÊ®°Âùó:1

[ 2019-04-09T10:30:49+08:00 ] 94.191.64.183 /httpd.conf
INFO: [ app_init ] --START--
INFO: Run Behavior\BuildLiteBehavior [ RunTime:0.000014s ]
INFO: [ app_init ] --END-- [ RunTime:0.000094s ]
ERR: Êó†Ê≥ïÂä†ËΩΩÊ®°Âùó:Httpd

[ 2019-04-09T10:31:21+08:00 ] 94.191.64.183 /server-status
INFO: [ app_init ] --START--
INFO: Run Behavior\BuildLiteBehavior [ RunTime:0.000013s ]
INFO: [ app_init ] --END-- [ RunTime:0.000095s ]
ERR: Êó†Ê≥ïÂä†ËΩΩÊ®°Âùó:Server-status

[ 2019-04-09T10:31:51+08:00 ] 94.191.64.183 /config/database.yml
INFO: [ app_init ] --START--
INFO: Run Behavior\BuildLiteBehavior [ RunTime:0.000009s ]
INFO: [ app_init ] --END-- [ RunTime:0.000066s ]
ERR: Êó†Ê≥ïÂä†ËΩΩÊ®°Âùó:Config

[ 2019-04-09T10:32:18+08:00 ] 94.191.64.183 /config/database.ini
INFO: [ app_init ] --START--
INFO: Run Behavior\BuildLiteBehavior [ RunTime:0.000009s ]
INFO: [ app_init ] --END-- [ RunTime:0.000066s ]
ERR: Êó†Ê≥ïÂä†ËΩΩÊ®°Âùó:Config

[ 2019-04-09T10:32:49+08:00 ] 94.191.64.183 /db.conf
INFO: [ app_init ] --START--
INFO: Run Behavior\BuildLiteBehavior [ RunTime:0.000012s ]
INFO: [ app_init ] --END-- [ RunTime:0.000082s ]
ERR: Êó†Ê≥ïÂä†ËΩΩÊ®°Âùó:Db

[ 2019-04-09T10:33:15+08:00 ] 94.191.64.183 /db.ini
INFO: [ app_init ] --START--
INFO: Run Behavior\BuildLiteBehavior [ RunTime:0.000013s ]
INFO: [ app_init ] --END-- [ RunTime:0.000158s ]
ERR: Êó†Ê≥ïÂä†ËΩΩÊ®°Âùó:Db

[ 2019-04-09T10:33:46+08:00 ] 94.191.64.183 /.svn/entries
INFO: [ app_init ] --START--
INFO: Run Behavior\BuildLiteBehavior [ RunTime:0.000010s ]
INFO: [ app_init ] --END-- [ RunTime:0.000064s ]
ERR: Êó†Ê≥ïÂä†ËΩΩÊ®°Âùó:.svn

[ 2019-04-09T10:34:14+08:00 ] 94.191.64.183 /.git/config
INFO: [ app_init ] --START--
INFO: Run Behavior\BuildLiteBehavior [ RunTime:0.000013s ]
INFO: [ app_init ] --END-- [ RunTime:0.000098s ]
ERR: Êó†Ê≥ïÂä†ËΩΩÊ®°Âùó:.git

[ 2019-04-09T10:34:40+08:00 ] 94.191.64.183 /.git/HEAD
INFO: [ app_init ] --START--
INFO: Run Behavior\BuildLiteBehavior [ RunTime:0.000010s ]
INFO: [ app_init ] --END-- [ RunTime:0.000067s ]
ERR: Êó†Ê≥ïÂä†ËΩΩÊ®°Âùó:.git

[ 2019-04-09T10:35:45+08:00 ] 94.191.64.183 /.ssh/known_hosts
INFO: [ app_init ] --START--
INFO: Run Behavior\BuildLiteBehavior [ RunTime:0.000014s ]
INFO: [ app_init ] --END-- [ RunTime:0.000116s ]
ERR: Êó†Ê≥ïÂä†ËΩΩÊ®°Âùó:.ssh

[ 2019-04-09T10:36:14+08:00 ] 94.191.64.183 /.ssh/id_rsa
INFO: [ app_init ] --START--
INFO: Run Behavior\BuildLiteBehavior [ RunTime:0.000009s ]
INFO: [ app_init ] --END-- [ RunTime:0.000062s ]
ERR: Êó†Ê≥ïÂä†ËΩΩÊ®°Âùó:.ssh

[ 2019-04-09T10:36:35+08:00 ] 94.191.64.183 /id_rsa
INFO: [ app_init ] --START--
INFO: Run Behavior\BuildLiteBehavior [ RunTime:0.000010s ]
INFO: [ app_init ] --END-- [ RunTime:0.000073s ]
ERR: Êó†Ê≥ïÂä†ËΩΩÊ®°Âùó:Id_rsa

[ 2019-04-09T10:37:04+08:00 ] 94.191.64.183 /.ssh/id_dsa
INFO: [ app_init ] --START--
INFO: Run Behavior\BuildLiteBehavior [ RunTime:0.000012s ]
INFO: [ app_init ] --END-- [ RunTime:0.000091s ]
ERR: Êó†Ê≥ïÂä†ËΩΩÊ®°Âùó:.ssh

[ 2019-04-09T10:37:35+08:00 ] 94.191.64.183 /id_dsa
INFO: [ app_init ] --START--
INFO: Run Behavior\BuildLiteBehavior [ RunTime:0.000011s ]
INFO: [ app_init ] --END-- [ RunTime:0.000101s ]
ERR: Êó†Ê≥ïÂä†ËΩΩÊ®°Âùó:Id_dsa

[ 2019-04-09T10:38:06+08:00 ] 94.191.64.183 /.ssh/authorized_keys
INFO: [ app_init ] --START--
INFO: Run Behavior\BuildLiteBehavior [ RunTime:0.000014s ]
INFO: [ app_init ] --END-- [ RunTime:0.000097s ]
ERR: Êó†Ê≥ïÂä†ËΩΩÊ®°Âùó:.ssh

[ 2019-04-09T10:38:39+08:00 ] 94.191.64.183 /install.sh
INFO: [ app_init ] --START--
INFO: Run Behavior\BuildLiteBehavior [ RunTime:0.000013s ]
INFO: [ app_init ] --END-- [ RunTime:0.000100s ]
ERR: Êó†Ê≥ïÂä†ËΩΩÊ®°Âùó:Install

[ 2019-04-09T10:39:09+08:00 ] 94.191.64.183 /deploy.sh
INFO: [ app_init ] --START--
INFO: Run Behavior\BuildLiteBehavior [ RunTime:0.000009s ]
INFO: [ app_init ] --END-- [ RunTime:0.000065s ]
ERR: Êó†Ê≥ïÂä†ËΩΩÊ®°Âùó:Deploy

[ 2019-04-09T10:39:41+08:00 ] 94.191.64.183 /upload.sh
INFO: [ app_init ] --START--
INFO: Run Behavior\BuildLiteBehavior [ RunTime:0.000031s ]
INFO: [ app_init ] --END-- [ RunTime:0.000103s ]
ERR: Êó†Ê≥ïÂä†ËΩΩÊ®°Âùó:Upload

[ 2019-04-09T10:40:11+08:00 ] 94.191.64.183 /setup.sh
INFO: [ app_init ] --START--
INFO: Run Behavior\BuildLiteBehavior [ RunTime:0.000010s ]
INFO: [ app_init ] --END-- [ RunTime:0.000068s ]
ERR: Êó†Ê≥ïÂä†ËΩΩÊ®°Âùó:Setup

[ 2019-04-09T10:40:40+08:00 ] 94.191.64.183 /backup.sh
INFO: [ app_init ] --START--
INFO: Run Behavior\BuildLiteBehavior [ RunTime:0.000010s ]
INFO: [ app_init ] --END-- [ RunTime:0.000067s ]
ERR: Êó†Ê≥ïÂä†ËΩΩÊ®°Âùó:Backup

[ 2019-04-09T10:41:11+08:00 ] 94.191.64.183 /rsync.sh
INFO: [ app_init ] --START--
INFO: Run Behavior\BuildLiteBehavior [ RunTime:0.000010s ]
INFO: [ app_init ] --END-- [ RunTime:0.000065s ]
ERR: Êó†Ê≥ïÂä†ËΩΩÊ®°Âùó:Rsync

[ 2019-04-09T10:41:39+08:00 ] 94.191.64.183 /sync.sh
INFO: [ app_init ] --START--
INFO: Run Behavior\BuildLiteBehavior [ RunTime:0.000012s ]
INFO: [ app_init ] --END-- [ RunTime:0.000092s ]
ERR: Êó†Ê≥ïÂä†ËΩΩÊ®°Âùó:Sync

[ 2019-04-09T10:42:13+08:00 ] 94.191.64.183 /test.sh
INFO: [ app_init ] --START--
INFO: Run Behavior\BuildLiteBehavior [ RunTime:0.000013s ]
INFO: [ app_init ] --END-- [ RunTime:0.000093s ]
ERR: Êó†Ê≥ïÂä†ËΩΩÊ®°Âùó:Test

[ 2019-04-09T10:42:39+08:00 ] 94.191.64.183 /1.sh
INFO: [ app_init ] --START--
INFO: Run Behavior\BuildLiteBehavior [ RunTime:0.000009s ]
INFO: [ app_init ] --END-- [ RunTime:0.000061s ]
ERR: Êó†Ê≥ïÂä†ËΩΩÊ®°Âùó:1

[ 2019-04-09T10:43:10+08:00 ] 94.191.64.183 /run.sh
INFO: [ app_init ] --START--
INFO: Run Behavior\BuildLiteBehavior [ RunTime:0.000010s ]
INFO: [ app_init ] --END-- [ RunTime:0.000064s ]
ERR: Êó†Ê≥ïÂä†ËΩΩÊ®°Âùó:Run

[ 2019-04-09T10:43:41+08:00 ] 94.191.64.183 /.test.php.swp
INFO: [ app_init ] --START--
INFO: Run Behavior\BuildLiteBehavior [ RunTime:0.000010s ]
INFO: [ app_init ] --END-- [ RunTime:0.000118s ]
ERR: Êó†Ê≥ïÂä†ËΩΩÊ®°Âùó:.test.php

[ 2019-04-09T10:44:13+08:00 ] 94.191.64.183 /test.php.bak
INFO: [ app_init ] --START--
INFO: Run Behavior\BuildLiteBehavior [ RunTime:0.000013s ]
INFO: [ app_init ] --END-- [ RunTime:0.000086s ]
ERR: Êó†Ê≥ïÂä†ËΩΩÊ®°Âùó:Test.php

[ 2019-04-09T10:46:14+08:00 ] 94.191.64.183 /index.php.bak
INFO: [ app_init ] --START--
INFO: Run Behavior\BuildLiteBehavior [ RunTime:0.000009s ]
INFO: [ app_init ] --END-- [ RunTime:0.000075s ]
ERR: Êó†Ê≥ïÂä†ËΩΩÊ®°Âùó:Index.php

[ 2019-04-09T10:46:44+08:00 ] 94.191.64.183 /.index.php.swp
INFO: [ app_init ] --START--
INFO: Run Behavior\BuildLiteBehavior [ RunTime:0.000015s ]
INFO: [ app_init ] --END-- [ RunTime:0.000107s ]
ERR: Êó†Ê≥ïÂä†ËΩΩÊ®°Âùó:.index.php

[ 2019-04-09T10:47:13+08:00 ] 94.191.64.183 /config.inc.php.bak
INFO: [ app_init ] --START--
INFO: Run Behavior\BuildLiteBehavior [ RunTime:0.000014s ]
INFO: [ app_init ] --END-- [ RunTime:0.000094s ]
ERR: Êó†Ê≥ïÂä†ËΩΩÊ®°Âùó:Config.inc.php

[ 2019-04-09T10:47:46+08:00 ] 94.191.64.183 /.config.inc.php.swp
INFO: [ app_init ] --START--
INFO: Run Behavior\BuildLiteBehavior [ RunTime:0.000009s ]
INFO: [ app_init ] --END-- [ RunTime:0.000064s ]
ERR: Êó†Ê≥ïÂä†ËΩΩÊ®°Âùó:.config.inc.php

[ 2019-04-09T10:48:13+08:00 ] 94.191.64.183 /config/.config.php.swp
INFO: [ app_init ] --START--
INFO: Run Behavior\BuildLiteBehavior [ RunTime:0.000013s ]
INFO: [ app_init ] --END-- [ RunTime:0.000100s ]
ERR: Êó†Ê≥ïÂä†ËΩΩÊ®°Âùó:Config

[ 2019-04-09T10:48:38+08:00 ] 94.191.64.183 /.config.php.swp
INFO: [ app_init ] --START--
INFO: Run Behavior\BuildLiteBehavior [ RunTime:0.000013s ]
INFO: [ app_init ] --END-- [ RunTime:0.000111s ]
ERR: Êó†Ê≥ïÂä†ËΩΩÊ®°Âùó:.config.php

[ 2019-04-09T10:49:12+08:00 ] 94.191.64.183 /.config.php.bak
INFO: [ app_init ] --START--
INFO: Run Behavior\BuildLiteBehavior [ RunTime:0.000010s ]
INFO: [ app_init ] --END-- [ RunTime:0.000072s ]
ERR: Êó†Ê≥ïÂä†ËΩΩÊ®°Âùó:.config.php

[ 2019-04-09T10:49:45+08:00 ] 94.191.64.183 /.settings.php.swp
INFO: [ app_init ] --START--
INFO: Run Behavior\BuildLiteBehavior [ RunTime:0.000010s ]
INFO: [ app_init ] --END-- [ RunTime:0.000076s ]
ERR: Êó†Ê≥ïÂä†ËΩΩÊ®°Âùó:.settings.php

[ 2019-04-09T10:50:12+08:00 ] 94.191.64.183 /.settings.php.bak
INFO: [ app_init ] --START--
INFO: Run Behavior\BuildLiteBehavior [ RunTime:0.000010s ]
INFO: [ app_init ] --END-- [ RunTime:0.000082s ]
ERR: Êó†Ê≥ïÂä†ËΩΩÊ®°Âùó:.settings.php

[ 2019-04-09T10:50:43+08:00 ] 94.191.64.183 /.database.php.swp
INFO: [ app_init ] --START--
INFO: Run Behavior\BuildLiteBehavior [ RunTime:0.000010s ]
INFO: [ app_init ] --END-- [ RunTime:0.000065s ]
ERR: Êó†Ê≥ïÂä†ËΩΩÊ®°Âùó:.database.php

[ 2019-04-09T10:51:12+08:00 ] 94.191.64.183 /.db.php.swp
INFO: [ app_init ] --START--
INFO: Run Behavior\BuildLiteBehavior [ RunTime:0.000014s ]
INFO: [ app_init ] --END-- [ RunTime:0.000100s ]
ERR: Êó†Ê≥ïÂä†ËΩΩÊ®°Âùó:.db.php

[ 2019-04-09T10:51:44+08:00 ] 94.191.64.183 /.mysql.php.swp
INFO: [ app_init ] --START--
INFO: Run Behavior\BuildLiteBehavior [ RunTime:0.000012s ]
INFO: [ app_init ] --END-- [ RunTime:0.000094s ]
ERR: Êó†Ê≥ïÂä†ËΩΩÊ®°Âùó:.mysql.php

[ 2019-04-09T10:52:46+08:00 ] 94.191.64.183 /.env.bak
INFO: [ app_init ] --START--
INFO: Run Behavior\BuildLiteBehavior [ RunTime:0.000010s ]
INFO: [ app_init ] --END-- [ RunTime:0.000064s ]
ERR: Êó†Ê≥ïÂä†ËΩΩÊ®°Âùó:.env

[ 2019-04-09T10:53:17+08:00 ] 94.191.64.183 /.env.1
INFO: [ app_init ] --START--
INFO: Run Behavior\BuildLiteBehavior [ RunTime:0.000010s ]
INFO: [ app_init ] --END-- [ RunTime:0.000073s ]
ERR: Êó†Ê≥ïÂä†ËΩΩÊ®°Âùó:.env

[ 2019-04-09T10:53:50+08:00 ] 94.191.64.183 /.env.swp
INFO: [ app_init ] --START--
INFO: Run Behavior\BuildLiteBehavior [ RunTime:0.000010s ]
INFO: [ app_init ] --END-- [ RunTime:0.000071s ]
ERR: Êó†Ê≥ïÂä†ËΩΩÊ®°Âùó:.env

[ 2019-04-09T10:54:18+08:00 ] 94.191.64.183 /config.php~
INFO: [ app_init ] --START--
INFO: Run Behavior\BuildLiteBehavior [ RunTime:0.000011s ]
INFO: [ app_init ] --END-- [ RunTime:0.000079s ]
ERR: Êó†Ê≥ïÂä†ËΩΩÊ®°Âùó:Config

[ 2019-04-09T10:54:47+08:00 ] 94.191.64.183 /config.php.bak
INFO: [ app_init ] --START--
INFO: Run Behavior\BuildLiteBehavior [ RunTime:0.000013s ]
INFO: [ app_init ] --END-- [ RunTime:0.000098s ]
ERR: Êó†Ê≥ïÂä†ËΩΩÊ®°Âùó:Config.php

[ 2019-04-09T10:55:11+08:00 ] 94.191.64.183 /config.php.swp
INFO: [ app_init ] --START--
INFO: Run Behavior\BuildLiteBehavior [ RunTime:0.000013s ]
INFO: [ app_init ] --END-- [ RunTime:0.000093s ]
ERR: Êó†Ê≥ïÂä†ËΩΩÊ®°Âùó:Config.php

[ 2019-04-09T10:55:42+08:00 ] 94.191.64.183 /config/config.php~
INFO: [ app_init ] --START--
INFO: Run Behavior\BuildLiteBehavior [ RunTime:0.000009s ]
INFO: [ app_init ] --END-- [ RunTime:0.000065s ]
ERR: Êó†Ê≥ïÂä†ËΩΩÊ®°Âùó:Config

[ 2019-04-09T10:56:16+08:00 ] 94.191.64.183 /config/config.php.bak
INFO: [ app_init ] --START--
INFO: Run Behavior\BuildLiteBehavior [ RunTime:0.000013s ]
INFO: [ app_init ] --END-- [ RunTime:0.000089s ]
ERR: Êó†Ê≥ïÂä†ËΩΩÊ®°Âùó:Config

[ 2019-04-09T10:56:48+08:00 ] 94.191.64.183 /config/config.swp
INFO: [ app_init ] --START--
INFO: Run Behavior\BuildLiteBehavior [ RunTime:0.000008s ]
INFO: [ app_init ] --END-- [ RunTime:0.000063s ]
ERR: Êó†Ê≥ïÂä†ËΩΩÊ®°Âùó:Config

[ 2019-04-09T10:57:10+08:00 ] 94.191.64.183 /setting.py
INFO: [ app_init ] --START--
INFO: Run Behavior\BuildLiteBehavior [ RunTime:0.000011s ]
INFO: [ app_init ] --END-- [ RunTime:0.000092s ]
ERR: Êó†Ê≥ïÂä†ËΩΩÊ®°Âùó:Setting

[ 2019-04-09T10:57:38+08:00 ] 94.191.64.183 /.setting.py.swp
INFO: [ app_init ] --START--
INFO: Run Behavior\BuildLiteBehavior [ RunTime:0.000009s ]
INFO: [ app_init ] --END-- [ RunTime:0.000061s ]
ERR: Êó†Ê≥ïÂä†ËΩΩÊ®°Âùó:.setting.py

[ 2019-04-09T10:58:09+08:00 ] 94.191.64.183 /setting.py.bak
INFO: [ app_init ] --START--
INFO: Run Behavior\BuildLiteBehavior [ RunTime:0.000014s ]
INFO: [ app_init ] --END-- [ RunTime:0.000098s ]
ERR: Êó†Ê≥ïÂä†ËΩΩÊ®°Âùó:Setting.py

[ 2019-04-09T10:58:34+08:00 ] 94.191.64.183 /app/setting.py
INFO: [ app_init ] --START--
INFO: Run Behavior\BuildLiteBehavior [ RunTime:0.000009s ]
INFO: [ app_init ] --END-- [ RunTime:0.000068s ]
ERR: Êó†Ê≥ïÂä†ËΩΩÊ®°Âùó:App

[ 2019-04-09T10:59:05+08:00 ] 94.191.64.183 /app/.setting.py.swp
INFO: [ app_init ] --START--
INFO: Run Behavior\BuildLiteBehavior [ RunTime:0.000033s ]
INFO: [ app_init ] --END-- [ RunTime:0.000202s ]
ERR: Êó†Ê≥ïÂä†ËΩΩÊ®°Âùó:App

[ 2019-04-09T10:59:30+08:00 ] 94.191.64.183 /app/setting.py.bak
INFO: [ app_init ] --START--
INFO: Run Behavior\BuildLiteBehavior [ RunTime:0.000013s ]
INFO: [ app_init ] --END-- [ RunTime:0.000093s ]
ERR: Êó†Ê≥ïÂä†ËΩΩÊ®°Âùó:App

[ 2019-04-09T11:00:00+08:00 ] 94.191.64.183 /wp-config.php.inc
INFO: [ app_init ] --START--
INFO: Run Behavior\BuildLiteBehavior [ RunTime:0.000015s ]
INFO: [ app_init ] --END-- [ RunTime:0.000102s ]
ERR: Êó†Ê≥ïÂä†ËΩΩÊ®°Âùó:Wp-config.php

[ 2019-04-09T11:00:32+08:00 ] 94.191.64.183 /wp-config.inc
INFO: [ app_init ] --START--
INFO: Run Behavior\BuildLiteBehavior [ RunTime:0.000013s ]
INFO: [ app_init ] --END-- [ RunTime:0.000097s ]
ERR: Êó†Ê≥ïÂä†ËΩΩÊ®°Âùó:Wp-config

[ 2019-04-09T11:01:03+08:00 ] 94.191.64.183 /wp-config.bak
INFO: [ app_init ] --START--
INFO: Run Behavior\BuildLiteBehavior [ RunTime:0.000013s ]
INFO: [ app_init ] --END-- [ RunTime:0.000093s ]
ERR: Êó†Ê≥ïÂä†ËΩΩÊ®°Âùó:Wp-config

[ 2019-04-09T11:01:34+08:00 ] 94.191.64.183 /wp-config.php~
INFO: [ app_init ] --START--
INFO: Run Behavior\BuildLiteBehavior [ RunTime:0.000012s ]
INFO: [ app_init ] --END-- [ RunTime:0.000096s ]
ERR: Êó†Ê≥ïÂä†ËΩΩÊ®°Âùó:Wp-config

[ 2019-04-09T11:02:06+08:00 ] 94.191.64.183 /.wp-config.php.swp
INFO: [ app_init ] --START--
INFO: Run Behavior\BuildLiteBehavior [ RunTime:0.000013s ]
INFO: [ app_init ] --END-- [ RunTime:0.000095s ]
ERR: Êó†Ê≥ïÂä†ËΩΩÊ®°Âùó:.wp-config.php

[ 2019-04-09T11:02:37+08:00 ] 94.191.64.183 /wp-config.php.bak
INFO: [ app_init ] --START--
INFO: Run Behavior\BuildLiteBehavior [ RunTime:0.000012s ]
INFO: [ app_init ] --END-- [ RunTime:0.000090s ]
ERR: Êó†Ê≥ïÂä†ËΩΩÊ®°Âùó:Wp-config.php

[ 2019-04-09T11:03:09+08:00 ] 94.191.64.183 /config/config_ucenter.php.bak
INFO: [ app_init ] --START--
INFO: Run Behavior\BuildLiteBehavior [ RunTime:0.000012s ]
INFO: [ app_init ] --END-- [ RunTime:0.000087s ]
ERR: Êó†Ê≥ïÂä†ËΩΩÊ®°Âùó:Config

[ 2019-04-09T11:03:41+08:00 ] 94.191.64.183 /config/.config_ucenter.php.swp
INFO: [ app_init ] --START--
INFO: Run Behavior\BuildLiteBehavior [ RunTime:0.000010s ]
INFO: [ app_init ] --END-- [ RunTime:0.000063s ]
ERR: Êó†Ê≥ïÂä†ËΩΩÊ®°Âùó:Config

[ 2019-04-09T11:04:12+08:00 ] 94.191.64.183 /config/.config_global.php.swp
INFO: [ app_init ] --START--
INFO: Run Behavior\BuildLiteBehavior [ RunTime:0.000010s ]
INFO: [ app_init ] --END-- [ RunTime:0.000069s ]
ERR: Êó†Ê≥ïÂä†ËΩΩÊ®°Âùó:Config

[ 2019-04-09T11:04:43+08:00 ] 94.191.64.183 /config/config_global.php.1
INFO: [ app_init ] --START--
INFO: Run Behavior\BuildLiteBehavior [ RunTime:0.000013s ]
INFO: [ app_init ] --END-- [ RunTime:0.000103s ]
ERR: Êó†Ê≥ïÂä†ËΩΩÊ®°Âùó:Config

[ 2019-04-09T11:05:15+08:00 ] 94.191.64.183 /uc_server/data/config.inc.php.bak
INFO: [ app_init ] --START--
INFO: Run Behavior\BuildLiteBehavior [ RunTime:0.000009s ]
INFO: [ app_init ] --END-- [ RunTime:0.000065s ]
ERR: Êó†Ê≥ïÂä†ËΩΩÊ®°Âùó:Uc_server

[ 2019-04-09T11:05:42+08:00 ] 94.191.64.183 /config/config_global.php.bak
INFO: [ app_init ] --START--
INFO: Run Behavior\BuildLiteBehavior [ RunTime:0.000009s ]
INFO: [ app_init ] --END-- [ RunTime:0.000062s ]
ERR: Êó†Ê≥ïÂä†ËΩΩÊ®°Âùó:Config

[ 2019-04-09T11:06:11+08:00 ] 94.191.64.183 /include/config.inc.php.tmp
INFO: [ app_init ] --START--
INFO: Run Behavior\BuildLiteBehavior [ RunTime:0.000010s ]
INFO: [ app_init ] --END-- [ RunTime:0.000068s ]
ERR: Êó†Ê≥ïÂä†ËΩΩÊ®°Âùó:Include

[ 2019-04-09T11:06:40+08:00 ] 94.191.64.183 /include/config.inc.php.tmp
INFO: [ app_init ] --START--
INFO: Run Behavior\BuildLiteBehavior [ RunTime:0.000010s ]
INFO: [ app_init ] --END-- [ RunTime:0.000077s ]
ERR: Êó†Ê≥ïÂä†ËΩΩÊ®°Âùó:Include

[ 2019-04-09T11:07:16+08:00 ] 94.191.64.183 /install/
INFO: [ app_init ] --START--
INFO: Run Behavior\BuildLiteBehavior [ RunTime:0.000016s ]
INFO: [ app_init ] --END-- [ RunTime:0.000072s ]
ERR: Êó†Ê≥ïÂä†ËΩΩÊ®°Âùó:Install

[ 2019-04-09T11:07:43+08:00 ] 94.191.64.183 /upload/install/index.php
INFO: [ app_init ] --START--
INFO: Run Behavior\BuildLiteBehavior [ RunTime:0.000010s ]
INFO: [ app_init ] --END-- [ RunTime:0.000076s ]
ERR: Êó†Ê≥ïÂä†ËΩΩÊ®°Âùó:Upload

[ 2019-04-09T11:08:12+08:00 ] 94.191.64.183 /info
INFO: [ app_init ] --START--
INFO: Run Behavior\BuildLiteBehavior [ RunTime:0.000013s ]
INFO: [ app_init ] --END-- [ RunTime:0.000092s ]
ERR: Êó†Ê≥ïÂä†ËΩΩÊ®°Âùó:Info

[ 2019-04-09T11:08:43+08:00 ] 94.191.64.183 /uddiexplorer/
INFO: [ app_init ] --START--
INFO: Run Behavior\BuildLiteBehavior [ RunTime:0.000011s ]
INFO: [ app_init ] --END-- [ RunTime:0.000090s ]
ERR: Êó†Ê≥ïÂä†ËΩΩÊ®°Âùó:Uddiexplorer

[ 2019-04-09T11:09:05+08:00 ] 94.191.64.183 /manager/html
INFO: [ app_init ] --START--
INFO: Run Behavior\BuildLiteBehavior [ RunTime:0.000013s ]
INFO: [ app_init ] --END-- [ RunTime:0.000094s ]
ERR: Êó†Ê≥ïÂä†ËΩΩÊ®°Âùó:Manager

[ 2019-04-09T11:09:37+08:00 ] 94.191.64.183 /jmx-console/HtmlAdaptor
INFO: [ app_init ] --START--
INFO: Run Behavior\BuildLiteBehavior [ RunTime:0.000010s ]
INFO: [ app_init ] --END-- [ RunTime:0.000065s ]
ERR: Êó†Ê≥ïÂä†ËΩΩÊ®°Âùó:Jmx-console

[ 2019-04-09T11:10:06+08:00 ] 94.191.64.183 /cacti/
INFO: [ app_init ] --START--
INFO: Run Behavior\BuildLiteBehavior [ RunTime:0.000022s ]
INFO: [ app_init ] --END-- [ RunTime:0.000101s ]
ERR: Êó†Ê≥ïÂä†ËΩΩÊ®°Âùó:Cacti

[ 2019-04-09T11:10:40+08:00 ] 94.191.64.183 /zabbix/
INFO: [ app_init ] --START--
INFO: Run Behavior\BuildLiteBehavior [ RunTime:0.000013s ]
INFO: [ app_init ] --END-- [ RunTime:0.000092s ]
ERR: Êó†Ê≥ïÂä†ËΩΩÊ®°Âùó:Zabbix

[ 2019-04-09T11:11:13+08:00 ] 94.191.64.183 /jenkins/static/f3a41d2f/css/style.css
INFO: [ app_init ] --START--
INFO: Run Behavior\BuildLiteBehavior [ RunTime:0.000012s ]
INFO: [ app_init ] --END-- [ RunTime:0.000097s ]
ERR: Êó†Ê≥ïÂä†ËΩΩÊ®°Âùó:Jenkins

[ 2019-04-09T11:11:39+08:00 ] 94.191.64.183 /static/f3a41d2f/css/style.css
INFO: [ app_init ] --START--
INFO: Run Behavior\BuildLiteBehavior [ RunTime:0.000009s ]
INFO: [ app_init ] --END-- [ RunTime:0.000065s ]
ERR: Êó†Ê≥ïÂä†ËΩΩÊ®°Âùó:Static

[ 2019-04-09T11:12:10+08:00 ] 94.191.64.183 /script
INFO: [ app_init ] --START--
INFO: Run Behavior\BuildLiteBehavior [ RunTime:0.000009s ]
INFO: [ app_init ] --END-- [ RunTime:0.000074s ]
ERR: Êó†Ê≥ïÂä†ËΩΩÊ®°Âùó:Script

[ 2019-04-09T11:12:41+08:00 ] 94.191.64.183 /jenkins/script
INFO: [ app_init ] --START--
INFO: Run Behavior\BuildLiteBehavior [ RunTime:0.000008s ]
INFO: [ app_init ] --END-- [ RunTime:0.000071s ]
ERR: Êó†Ê≥ïÂä†ËΩΩÊ®°Âùó:Jenkins

[ 2019-04-09T11:12:52+08:00 ] 80.82.70.187 http://www.baidu.com/cache/global/img/gs.gif
INFO: [ app_init ] --START--
INFO: Run Behavior\BuildLiteBehavior [ RunTime:0.000012s ]
INFO: [ app_init ] --END-- [ RunTime:0.000093s ]
ERR: Êó†Ê≥ïÂä†ËΩΩÊ®°Âùó:Cache

[ 2019-04-09T11:13:09+08:00 ] 94.191.64.183 /jenkins/script
INFO: [ app_init ] --START--
INFO: Run Behavior\BuildLiteBehavior [ RunTime:0.000010s ]
INFO: [ app_init ] --END-- [ RunTime:0.000074s ]
ERR: Êó†Ê≥ïÂä†ËΩΩÊ®°Âùó:Jenkins

[ 2019-04-09T11:13:40+08:00 ] 94.191.64.183 /resin-doc/resource/tutorial/jndi-appconfig/test?inputFile=/etc/profile
INFO: [ app_init ] --START--
INFO: Run Behavior\BuildLiteBehavior [ RunTime:0.000009s ]
INFO: [ app_init ] --END-- [ RunTime:0.000062s ]
ERR: Êó†Ê≥ïÂä†ËΩΩÊ®°Âùó:Resin-doc

[ 2019-04-09T11:14:06+08:00 ] 94.191.64.183 /resin-doc/viewfile/?contextpath=/&servletpath=&file=index.jsp
INFO: [ app_init ] --START--
INFO: Run Behavior\BuildLiteBehavior [ RunTime:0.000009s ]
INFO: [ app_init ] --END-- [ RunTime:0.000064s ]
ERR: Êó†Ê≥ïÂä†ËΩΩÊ®°Âùó:Resin-doc

[ 2019-04-09T11:14:36+08:00 ] 94.191.64.183 /resin-admin/
INFO: [ app_init ] --START--
INFO: Run Behavior\BuildLiteBehavior [ RunTime:0.000012s ]
INFO: [ app_init ] --END-- [ RunTime:0.000100s ]
ERR: Êó†Ê≥ïÂä†ËΩΩÊ®°Âùó:Resin-admin

[ 2019-04-09T11:15:08+08:00 ] 94.191.64.183 /solr/
INFO: [ app_init ] --START--
INFO: Run Behavior\BuildLiteBehavior [ RunTime:0.000013s ]
INFO: [ app_init ] --END-- [ RunTime:0.000089s ]
ERR: Êó†Ê≥ïÂä†ËΩΩÊ®°Âùó:Solr

[ 2019-04-09T11:15:40+08:00 ] 94.191.64.183 /ueditor/ueditor.config.js
INFO: [ app_init ] --START--
INFO: Run Behavior\BuildLiteBehavior [ RunTime:0.000013s ]
INFO: [ app_init ] --END-- [ RunTime:0.000098s ]
ERR: Êó†Ê≥ïÂä†ËΩΩÊ®°Âùó:Ueditor

[ 2019-04-09T11:16:07+08:00 ] 94.191.64.183 /ueditor/php/getRemoteImage.php
INFO: [ app_init ] --START--
INFO: Run Behavior\BuildLiteBehavior [ RunTime:0.000010s ]
INFO: [ app_init ] --END-- [ RunTime:0.000079s ]
ERR: Êó†Ê≥ïÂä†ËΩΩÊ®°Âùó:Ueditor

[ 2019-04-09T11:16:36+08:00 ] 94.191.64.183 /composer/send_email?to=testtest@qqq&url=http://wwwwwwwwwwww1w.cctvasdfasfsaasfasfs.com
INFO: [ app_init ] --START--
INFO: Run Behavior\BuildLiteBehavior [ RunTime:0.000009s ]
INFO: [ app_init ] --END-- [ RunTime:0.000064s ]
ERR: Êó†Ê≥ïÂä†ËΩΩÊ®°Âùó:Composer

[ 2019-04-09T11:17:03+08:00 ] 94.191.64.183 /memadmin/index.php
INFO: [ app_init ] --START--
INFO: Run Behavior\BuildLiteBehavior [ RunTime:0.000009s ]
INFO: [ app_init ] --END-- [ RunTime:0.000076s ]
ERR: Êó†Ê≥ïÂä†ËΩΩÊ®°Âùó:Memadmin

[ 2019-04-09T11:17:28+08:00 ] 94.191.64.183 /phpmyadmin/index.php
INFO: [ app_init ] --START--
INFO: Run Behavior\BuildLiteBehavior [ RunTime:0.000013s ]
INFO: [ app_init ] --END-- [ RunTime:0.000093s ]
ERR: Êó†Ê≥ïÂä†ËΩΩÊ®°Âùó:Phpmyadmin

[ 2019-04-09T11:17:58+08:00 ] 94.191.64.183 /phpMyAdmin/index.php
INFO: [ app_init ] --START--
INFO: Run Behavior\BuildLiteBehavior [ RunTime:0.000009s ]
INFO: [ app_init ] --END-- [ RunTime:0.000068s ]
ERR: Êó†Ê≥ïÂä†ËΩΩÊ®°Âùó:PhpMyAdmin

[ 2019-04-09T11:18:21+08:00 ] 94.191.64.183 /_phpmyadmin/index.php
INFO: [ app_init ] --START--
INFO: Run Behavior\BuildLiteBehavior [ RunTime:0.000012s ]
INFO: [ app_init ] --END-- [ RunTime:0.000086s ]
ERR: Êó†Ê≥ïÂä†ËΩΩÊ®°Âùó:_phpmyadmin

[ 2019-04-09T11:18:46+08:00 ] 94.191.64.183 /pma/index.php
INFO: [ app_init ] --START--
INFO: Run Behavior\BuildLiteBehavior [ RunTime:0.000008s ]
INFO: [ app_init ] --END-- [ RunTime:0.000062s ]
ERR: Êó†Ê≥ïÂä†ËΩΩÊ®°Âùó:Pma

[ 2019-04-09T11:19:18+08:00 ] 94.191.64.183 /phpmyadmin
INFO: [ app_init ] --START--
INFO: Run Behavior\BuildLiteBehavior [ RunTime:0.000019s ]
INFO: [ app_init ] --END-- [ RunTime:0.000095s ]
ERR: Êó†Ê≥ïÂä†ËΩΩÊ®°Âùó:Phpmyadmin

[ 2019-04-09T11:21:34+08:00 ] 94.191.64.183 /temp.zip
INFO: [ app_init ] --START--
INFO: Run Behavior\BuildLiteBehavior [ RunTime:0.000010s ]
INFO: [ app_init ] --END-- [ RunTime:0.000080s ]
ERR: Êó†Ê≥ïÂä†ËΩΩÊ®°Âùó:Temp

[ 2019-04-09T11:22:02+08:00 ] 94.191.64.183 /temp.rar
INFO: [ app_init ] --START--
INFO: Run Behavior\BuildLiteBehavior [ RunTime:0.000009s ]
INFO: [ app_init ] --END-- [ RunTime:0.000067s ]
ERR: Êó†Ê≥ïÂä†ËΩΩÊ®°Âùó:Temp

[ 2019-04-09T11:22:33+08:00 ] 94.191.64.183 /temp.tar.gz
INFO: [ app_init ] --START--
INFO: Run Behavior\BuildLiteBehavior [ RunTime:0.000014s ]
INFO: [ app_init ] --END-- [ RunTime:0.000095s ]
ERR: Êó†Ê≥ïÂä†ËΩΩÊ®°Âùó:Temp.tar

[ 2019-04-09T11:22:55+08:00 ] 94.191.64.183 /temp.tar.bz2
INFO: [ app_init ] --START--
INFO: Run Behavior\BuildLiteBehavior [ RunTime:0.000013s ]
INFO: [ app_init ] --END-- [ RunTime:0.000095s ]
ERR: Êó†Ê≥ïÂä†ËΩΩÊ®°Âùó:Temp.tar

[ 2019-04-09T11:23:22+08:00 ] 94.191.64.183 /package.zip
INFO: [ app_init ] --START--
INFO: Run Behavior\BuildLiteBehavior [ RunTime:0.000013s ]
INFO: [ app_init ] --END-- [ RunTime:0.000098s ]
ERR: Êó†Ê≥ïÂä†ËΩΩÊ®°Âùó:Package

[ 2019-04-09T11:23:46+08:00 ] 94.191.64.183 /package.rar
INFO: [ app_init ] --START--
INFO: Run Behavior\BuildLiteBehavior [ RunTime:0.000011s ]
INFO: [ app_init ] --END-- [ RunTime:0.000085s ]
ERR: Êó†Ê≥ïÂä†ËΩΩÊ®°Âùó:Package

[ 2019-04-09T11:24:13+08:00 ] 94.191.64.183 /package.tar.gz
INFO: [ app_init ] --START--
INFO: Run Behavior\BuildLiteBehavior [ RunTime:0.000009s ]
INFO: [ app_init ] --END-- [ RunTime:0.000063s ]
ERR: Êó†Ê≥ïÂä†ËΩΩÊ®°Âùó:Package.tar

[ 2019-04-09T11:24:40+08:00 ] 94.191.64.183 /package.tgz
INFO: [ app_init ] --START--
INFO: Run Behavior\BuildLiteBehavior [ RunTime:0.000009s ]
INFO: [ app_init ] --END-- [ RunTime:0.000063s ]
ERR: Êó†Ê≥ïÂä†ËΩΩÊ®°Âùó:Package

[ 2019-04-09T11:25:04+08:00 ] 94.191.64.183 /package.tar.bz2
INFO: [ app_init ] --START--
INFO: Run Behavior\BuildLiteBehavior [ RunTime:0.000013s ]
INFO: [ app_init ] --END-- [ RunTime:0.000094s ]
ERR: Êó†Ê≥ïÂä†ËΩΩÊ®°Âùó:Package.tar

[ 2019-04-09T11:25:31+08:00 ] 94.191.64.183 /tmp.zip
INFO: [ app_init ] --START--
INFO: Run Behavior\BuildLiteBehavior [ RunTime:0.000012s ]
INFO: [ app_init ] --END-- [ RunTime:0.000080s ]
ERR: Êó†Ê≥ïÂä†ËΩΩÊ®°Âùó:Tmp

[ 2019-04-09T11:25:56+08:00 ] 94.191.64.183 /tmp.rar
INFO: [ app_init ] --START--
INFO: Run Behavior\BuildLiteBehavior [ RunTime:0.000010s ]
INFO: [ app_init ] --END-- [ RunTime:0.000080s ]
ERR: Êó†Ê≥ïÂä†ËΩΩÊ®°Âùó:Tmp

[ 2019-04-09T11:26:22+08:00 ] 94.191.64.183 /tmp.tar.gz
INFO: [ app_init ] --START--
INFO: Run Behavior\BuildLiteBehavior [ RunTime:0.000015s ]
INFO: [ app_init ] --END-- [ RunTime:0.000069s ]
ERR: Êó†Ê≥ïÂä†ËΩΩÊ®°Âùó:Tmp.tar

[ 2019-04-09T11:26:47+08:00 ] 94.191.64.183 /tmp.tgz
INFO: [ app_init ] --START--
INFO: Run Behavior\BuildLiteBehavior [ RunTime:0.000013s ]
INFO: [ app_init ] --END-- [ RunTime:0.000089s ]
ERR: Êó†Ê≥ïÂä†ËΩΩÊ®°Âùó:Tmp

[ 2019-04-09T11:27:11+08:00 ] 94.191.64.183 /tmp.tar.bz2
INFO: [ app_init ] --START--
INFO: Run Behavior\BuildLiteBehavior [ RunTime:0.000019s ]
INFO: [ app_init ] --END-- [ RunTime:0.000096s ]
ERR: Êó†Ê≥ïÂä†ËΩΩÊ®°Âùó:Tmp.tar

[ 2019-04-09T11:27:35+08:00 ] 94.191.64.183 /test.zip
INFO: [ app_init ] --START--
INFO: Run Behavior\BuildLiteBehavior [ RunTime:0.000013s ]
INFO: [ app_init ] --END-- [ RunTime:0.000090s ]
ERR: Êó†Ê≥ïÂä†ËΩΩÊ®°Âùó:Test

[ 2019-04-09T11:28:02+08:00 ] 94.191.64.183 /test.rar
INFO: [ app_init ] --START--
INFO: Run Behavior\BuildLiteBehavior [ RunTime:0.000014s ]
INFO: [ app_init ] --END-- [ RunTime:0.000102s ]
ERR: Êó†Ê≥ïÂä†ËΩΩÊ®°Âùó:Test

[ 2019-04-09T11:28:23+08:00 ] 94.191.64.183 /test.tar.gz
INFO: [ app_init ] --START--
INFO: Run Behavior\BuildLiteBehavior [ RunTime:0.000010s ]
INFO: [ app_init ] --END-- [ RunTime:0.000063s ]
ERR: Êó†Ê≥ïÂä†ËΩΩÊ®°Âùó:Test.tar

[ 2019-04-09T11:28:47+08:00 ] 94.191.64.183 /test.tgz
INFO: [ app_init ] --START--
INFO: Run Behavior\BuildLiteBehavior [ RunTime:0.000011s ]
INFO: [ app_init ] --END-- [ RunTime:0.000090s ]
ERR: Êó†Ê≥ïÂä†ËΩΩÊ®°Âùó:Test

[ 2019-04-09T11:29:12+08:00 ] 94.191.64.183 /test.tar.bz2
INFO: [ app_init ] --START--
INFO: Run Behavior\BuildLiteBehavior [ RunTime:0.000009s ]
INFO: [ app_init ] --END-- [ RunTime:0.000063s ]
ERR: Êó†Ê≥ïÂä†ËΩΩÊ®°Âùó:Test.tar

[ 2019-04-09T11:29:33+08:00 ] 94.191.64.183 /backup.zip
INFO: [ app_init ] --START--
INFO: Run Behavior\BuildLiteBehavior [ RunTime:0.000010s ]
INFO: [ app_init ] --END-- [ RunTime:0.000065s ]
ERR: Êó†Ê≥ïÂä†ËΩΩÊ®°Âùó:Backup

[ 2019-04-09T11:29:56+08:00 ] 94.191.64.183 /backup.rar
INFO: [ app_init ] --START--
INFO: Run Behavior\BuildLiteBehavior [ RunTime:0.000010s ]
INFO: [ app_init ] --END-- [ RunTime:0.000066s ]
ERR: Êó†Ê≥ïÂä†ËΩΩÊ®°Âùó:Backup

[ 2019-04-09T11:30:24+08:00 ] 94.191.64.183 /backup.tar.gz
INFO: [ app_init ] --START--
INFO: Run Behavior\BuildLiteBehavior [ RunTime:0.000009s ]
INFO: [ app_init ] --END-- [ RunTime:0.000063s ]
ERR: Êó†Ê≥ïÂä†ËΩΩÊ®°Âùó:Backup.tar

[ 2019-04-09T11:30:44+08:00 ] 94.191.64.183 /backup.tgz
INFO: [ app_init ] --START--
INFO: Run Behavior\BuildLiteBehavior [ RunTime:0.000010s ]
INFO: [ app_init ] --END-- [ RunTime:0.000074s ]
ERR: Êó†Ê≥ïÂä†ËΩΩÊ®°Âùó:Backup

[ 2019-04-09T11:31:06+08:00 ] 94.191.64.183 /back.tar.bz2
INFO: [ app_init ] --START--
INFO: Run Behavior\BuildLiteBehavior [ RunTime:0.000010s ]
INFO: [ app_init ] --END-- [ RunTime:0.000063s ]
ERR: Êó†Ê≥ïÂä†ËΩΩÊ®°Âùó:Back.tar

[ 2019-04-09T11:31:31+08:00 ] 94.191.64.183 /db.tar.gz
INFO: [ app_init ] --START--
INFO: Run Behavior\BuildLiteBehavior [ RunTime:0.000014s ]
INFO: [ app_init ] --END-- [ RunTime:0.000108s ]
ERR: Êó†Ê≥ïÂä†ËΩΩÊ®°Âùó:Db.tar

[ 2019-04-09T11:31:54+08:00 ] 94.191.64.183 /db.rar
INFO: [ app_init ] --START--
INFO: Run Behavior\BuildLiteBehavior [ RunTime:0.000013s ]
INFO: [ app_init ] --END-- [ RunTime:0.000096s ]
ERR: Êó†Ê≥ïÂä†ËΩΩÊ®°Âùó:Db

[ 2019-04-09T11:32:17+08:00 ] 94.191.64.183 /db.tgz
INFO: [ app_init ] --START--
INFO: Run Behavior\BuildLiteBehavior [ RunTime:0.000009s ]
INFO: [ app_init ] --END-- [ RunTime:0.000067s ]
ERR: Êó†Ê≥ïÂä†ËΩΩÊ®°Âùó:Db

[ 2019-04-09T11:32:44+08:00 ] 94.191.64.183 /db.tar.bz2
INFO: [ app_init ] --START--
INFO: Run Behavior\BuildLiteBehavior [ RunTime:0.000009s ]
INFO: [ app_init ] --END-- [ RunTime:0.000070s ]
ERR: Êó†Ê≥ïÂä†ËΩΩÊ®°Âùó:Db.tar

[ 2019-04-09T11:33:04+08:00 ] 94.191.64.183 /db.inc
INFO: [ app_init ] --START--
INFO: Run Behavior\BuildLiteBehavior [ RunTime:0.000010s ]
INFO: [ app_init ] --END-- [ RunTime:0.000065s ]
ERR: Êó†Ê≥ïÂä†ËΩΩÊ®°Âùó:Db

[ 2019-04-09T11:33:24+08:00 ] 94.191.64.183 /db.sqlite
INFO: [ app_init ] --START--
INFO: Run Behavior\BuildLiteBehavior [ RunTime:0.000013s ]
INFO: [ app_init ] --END-- [ RunTime:0.000076s ]
ERR: Êó†Ê≥ïÂä†ËΩΩÊ®°Âùó:Db

[ 2019-04-09T11:33:47+08:00 ] 94.191.64.183 /db.sql.gz
INFO: [ app_init ] --START--
INFO: Run Behavior\BuildLiteBehavior [ RunTime:0.000012s ]
INFO: [ app_init ] --END-- [ RunTime:0.000089s ]
ERR: Êó†Ê≥ïÂä†ËΩΩÊ®°Âùó:Db.sql

[ 2019-04-09T11:34:10+08:00 ] 94.191.64.183 /dump.sql.gz
INFO: [ app_init ] --START--
INFO: Run Behavior\BuildLiteBehavior [ RunTime:0.000010s ]
INFO: [ app_init ] --END-- [ RunTime:0.000064s ]
ERR: Êó†Ê≥ïÂä†ËΩΩÊ®°Âùó:Dump.sql

[ 2019-04-09T11:34:32+08:00 ] 94.191.64.183 /database.sql.gz
INFO: [ app_init ] --START--
INFO: Run Behavior\BuildLiteBehavior [ RunTime:0.000013s ]
INFO: [ app_init ] --END-- [ RunTime:0.000111s ]
ERR: Êó†Ê≥ïÂä†ËΩΩÊ®°Âùó:Database.sql

[ 2019-04-09T11:34:56+08:00 ] 94.191.64.183 /backup.sql.gz
INFO: [ app_init ] --START--
INFO: Run Behavior\BuildLiteBehavior [ RunTime:0.000012s ]
INFO: [ app_init ] --END-- [ RunTime:0.000100s ]
ERR: Êó†Ê≥ïÂä†ËΩΩÊ®°Âùó:Backup.sql

[ 2019-04-09T11:35:19+08:00 ] 94.191.64.183 /data.sql.gz
INFO: [ app_init ] --START--
INFO: Run Behavior\BuildLiteBehavior [ RunTime:0.000011s ]
INFO: [ app_init ] --END-- [ RunTime:0.000081s ]
ERR: Êó†Ê≥ïÂä†ËΩΩÊ®°Âùó:Data.sql

[ 2019-04-09T11:35:40+08:00 ] 94.191.64.183 /data.zip
INFO: [ app_init ] --START--
INFO: Run Behavior\BuildLiteBehavior [ RunTime:0.000010s ]
INFO: [ app_init ] --END-- [ RunTime:0.000066s ]
ERR: Êó†Ê≥ïÂä†ËΩΩÊ®°Âùó:Data

[ 2019-04-09T11:36:03+08:00 ] 94.191.64.183 /data.rar
INFO: [ app_init ] --START--
INFO: Run Behavior\BuildLiteBehavior [ RunTime:0.000013s ]
INFO: [ app_init ] --END-- [ RunTime:0.000094s ]
ERR: Êó†Ê≥ïÂä†ËΩΩÊ®°Âùó:Data

[ 2019-04-09T11:36:22+08:00 ] 94.191.64.183 /data.tar.gz
INFO: [ app_init ] --START--
INFO: Run Behavior\BuildLiteBehavior [ RunTime:0.000014s ]
INFO: [ app_init ] --END-- [ RunTime:0.000115s ]
ERR: Êó†Ê≥ïÂä†ËΩΩÊ®°Âùó:Data.tar

[ 2019-04-09T11:36:45+08:00 ] 94.191.64.183 /data.tgz
INFO: [ app_init ] --START--
INFO: Run Behavior\BuildLiteBehavior [ RunTime:0.000012s ]
INFO: [ app_init ] --END-- [ RunTime:0.000094s ]
ERR: Êó†Ê≥ïÂä†ËΩΩÊ®°Âùó:Data

[ 2019-04-09T11:37:04+08:00 ] 94.191.64.183 /data.tar.bz2
INFO: [ app_init ] --START--
INFO: Run Behavior\BuildLiteBehavior [ RunTime:0.000009s ]
INFO: [ app_init ] --END-- [ RunTime:0.000065s ]
ERR: Êó†Ê≥ïÂä†ËΩΩÊ®°Âùó:Data.tar

[ 2019-04-09T11:37:27+08:00 ] 94.191.64.183 /database.zip
INFO: [ app_init ] --START--
INFO: Run Behavior\BuildLiteBehavior [ RunTime:0.000010s ]
INFO: [ app_init ] --END-- [ RunTime:0.000075s ]
ERR: Êó†Ê≥ïÂä†ËΩΩÊ®°Âùó:Database

[ 2019-04-09T11:37:46+08:00 ] 94.191.64.183 /database.rar
INFO: [ app_init ] --START--
INFO: Run Behavior\BuildLiteBehavior [ RunTime:0.000010s ]
INFO: [ app_init ] --END-- [ RunTime:0.000072s ]
ERR: Êó†Ê≥ïÂä†ËΩΩÊ®°Âùó:Database

[ 2019-04-09T11:38:07+08:00 ] 94.191.64.183 /database.tar.gz
INFO: [ app_init ] --START--
INFO: Run Behavior\BuildLiteBehavior [ RunTime:0.000009s ]
INFO: [ app_init ] --END-- [ RunTime:0.000072s ]
ERR: Êó†Ê≥ïÂä†ËΩΩÊ®°Âùó:Database.tar

[ 2019-04-09T11:38:28+08:00 ] 94.191.64.183 /database.tgz
INFO: [ app_init ] --START--
INFO: Run Behavior\BuildLiteBehavior [ RunTime:0.000010s ]
INFO: [ app_init ] --END-- [ RunTime:0.000072s ]
ERR: Êó†Ê≥ïÂä†ËΩΩÊ®°Âùó:Database

[ 2019-04-09T11:38:48+08:00 ] 94.191.64.183 /database.tar.bz2
INFO: [ app_init ] --START--
INFO: Run Behavior\BuildLiteBehavior [ RunTime:0.000009s ]
INFO: [ app_init ] --END-- [ RunTime:0.000063s ]
ERR: Êó†Ê≥ïÂä†ËΩΩÊ®°Âùó:Database.tar

[ 2019-04-09T11:39:10+08:00 ] 94.191.64.183 /ftp.zip
INFO: [ app_init ] --START--
INFO: Run Behavior\BuildLiteBehavior [ RunTime:0.000013s ]
INFO: [ app_init ] --END-- [ RunTime:0.000095s ]
ERR: Êó†Ê≥ïÂä†ËΩΩÊ®°Âùó:Ftp

[ 2019-04-09T11:39:31+08:00 ] 94.191.64.183 /ftp.rar
INFO: [ app_init ] --START--
INFO: Run Behavior\BuildLiteBehavior [ RunTime:0.000010s ]
INFO: [ app_init ] --END-- [ RunTime:0.000076s ]
ERR: Êó†Ê≥ïÂä†ËΩΩÊ®°Âùó:Ftp

[ 2019-04-09T11:39:50+08:00 ] 94.191.64.183 /ftp.tar.gz
INFO: [ app_init ] --START--
INFO: Run Behavior\BuildLiteBehavior [ RunTime:0.000010s ]
INFO: [ app_init ] --END-- [ RunTime:0.000074s ]
ERR: Êó†Ê≥ïÂä†ËΩΩÊ®°Âùó:Ftp.tar

[ 2019-04-09T11:40:09+08:00 ] 94.191.64.183 /ftp.tgz
INFO: [ app_init ] --START--
INFO: Run Behavior\BuildLiteBehavior [ RunTime:0.000013s ]
INFO: [ app_init ] --END-- [ RunTime:0.000109s ]
ERR: Êó†Ê≥ïÂä†ËΩΩÊ®°Âùó:Ftp

[ 2019-04-09T11:40:27+08:00 ] 94.191.64.183 /ftp.tar.bz2
INFO: [ app_init ] --START--
INFO: Run Behavior\BuildLiteBehavior [ RunTime:0.000009s ]
INFO: [ app_init ] --END-- [ RunTime:0.000078s ]
ERR: Êó†Ê≥ïÂä†ËΩΩÊ®°Âùó:Ftp.tar

[ 2019-04-09T11:40:46+08:00 ] 94.191.64.183 /web.zip
INFO: [ app_init ] --START--
INFO: Run Behavior\BuildLiteBehavior [ RunTime:0.000012s ]
INFO: [ app_init ] --END-- [ RunTime:0.000091s ]
ERR: Êó†Ê≥ïÂä†ËΩΩÊ®°Âùó:Web

[ 2019-04-09T11:41:08+08:00 ] 94.191.64.183 /web.rar
INFO: [ app_init ] --START--
INFO: Run Behavior\BuildLiteBehavior [ RunTime:0.000011s ]
INFO: [ app_init ] --END-- [ RunTime:0.000080s ]
ERR: Êó†Ê≥ïÂä†ËΩΩÊ®°Âùó:Web

[ 2019-04-09T11:41:29+08:00 ] 94.191.64.183 /web.tar.gz
INFO: [ app_init ] --START--
INFO: Run Behavior\BuildLiteBehavior [ RunTime:0.000008s ]
INFO: [ app_init ] --END-- [ RunTime:0.000062s ]
ERR: Êó†Ê≥ïÂä†ËΩΩÊ®°Âùó:Web.tar

[ 2019-04-09T11:41:49+08:00 ] 94.191.64.183 /web.tgz
INFO: [ app_init ] --START--
INFO: Run Behavior\BuildLiteBehavior [ RunTime:0.000014s ]
INFO: [ app_init ] --END-- [ RunTime:0.000095s ]
ERR: Êó†Ê≥ïÂä†ËΩΩÊ®°Âùó:Web

[ 2019-04-09T11:42:08+08:00 ] 94.191.64.183 /web.tar.bz2
INFO: [ app_init ] --START--
INFO: Run Behavior\BuildLiteBehavior [ RunTime:0.000009s ]
INFO: [ app_init ] --END-- [ RunTime:0.000064s ]
ERR: Êó†Ê≥ïÂä†ËΩΩÊ®°Âùó:Web.tar

[ 2019-04-09T11:42:26+08:00 ] 94.191.64.183 /www.zip
INFO: [ app_init ] --START--
INFO: Run Behavior\BuildLiteBehavior [ RunTime:0.000012s ]
INFO: [ app_init ] --END-- [ RunTime:0.000090s ]
ERR: Êó†Ê≥ïÂä†ËΩΩÊ®°Âùó:Www

[ 2019-04-09T11:42:47+08:00 ] 94.191.64.183 /www.tar
INFO: [ app_init ] --START--
INFO: Run Behavior\BuildLiteBehavior [ RunTime:0.000010s ]
INFO: [ app_init ] --END-- [ RunTime:0.000072s ]
ERR: Êó†Ê≥ïÂä†ËΩΩÊ®°Âùó:Www

[ 2019-04-09T11:43:06+08:00 ] 94.191.64.183 /www.rar
INFO: [ app_init ] --START--
INFO: Run Behavior\BuildLiteBehavior [ RunTime:0.000012s ]
INFO: [ app_init ] --END-- [ RunTime:0.000099s ]
ERR: Êó†Ê≥ïÂä†ËΩΩÊ®°Âùó:Www

[ 2019-04-09T11:43:25+08:00 ] 94.191.64.183 /www.tar.gz
INFO: [ app_init ] --START--
INFO: Run Behavior\BuildLiteBehavior [ RunTime:0.000009s ]
INFO: [ app_init ] --END-- [ RunTime:0.000065s ]
ERR: Êó†Ê≥ïÂä†ËΩΩÊ®°Âùó:Www.tar

[ 2019-04-09T11:43:43+08:00 ] 94.191.64.183 /www.tgz
INFO: [ app_init ] --START--
INFO: Run Behavior\BuildLiteBehavior [ RunTime:0.000009s ]
INFO: [ app_init ] --END-- [ RunTime:0.000064s ]
ERR: Êó†Ê≥ïÂä†ËΩΩÊ®°Âùó:Www

[ 2019-04-09T11:43:58+08:00 ] 94.191.64.183 /www.tar.bz2
INFO: [ app_init ] --START--
INFO: Run Behavior\BuildLiteBehavior [ RunTime:0.000013s ]
INFO: [ app_init ] --END-- [ RunTime:0.000077s ]
ERR: Êó†Ê≥ïÂä†ËΩΩÊ®°Âùó:Www.tar

[ 2019-04-09T11:44:18+08:00 ] 94.191.64.183 /wwwroot.zip
INFO: [ app_init ] --START--
INFO: Run Behavior\BuildLiteBehavior [ RunTime:0.000014s ]
INFO: [ app_init ] --END-- [ RunTime:0.000120s ]
ERR: Êó†Ê≥ïÂä†ËΩΩÊ®°Âùó:Wwwroot

[ 2019-04-09T11:44:35+08:00 ] 94.191.64.183 /wwwroot.rar
INFO: [ app_init ] --START--
INFO: Run Behavior\BuildLiteBehavior [ RunTime:0.000010s ]
INFO: [ app_init ] --END-- [ RunTime:0.000072s ]
ERR: Êó†Ê≥ïÂä†ËΩΩÊ®°Âùó:Wwwroot

[ 2019-04-09T11:44:52+08:00 ] 94.191.64.183 /wwwroot.tar.gz
INFO: [ app_init ] --START--
INFO: Run Behavior\BuildLiteBehavior [ RunTime:0.000012s ]
INFO: [ app_init ] --END-- [ RunTime:0.000097s ]
ERR: Êó†Ê≥ïÂä†ËΩΩÊ®°Âùó:Wwwroot.tar

[ 2019-04-09T11:45:10+08:00 ] 94.191.64.183 /wwwroot.tgz
INFO: [ app_init ] --START--
INFO: Run Behavior\BuildLiteBehavior [ RunTime:0.000010s ]
INFO: [ app_init ] --END-- [ RunTime:0.000063s ]
ERR: Êó†Ê≥ïÂä†ËΩΩÊ®°Âùó:Wwwroot

[ 2019-04-09T11:45:29+08:00 ] 94.191.64.183 /wwwroot.tar.bz2
INFO: [ app_init ] --START--
INFO: Run Behavior\BuildLiteBehavior [ RunTime:0.000013s ]
INFO: [ app_init ] --END-- [ RunTime:0.000090s ]
ERR: Êó†Ê≥ïÂä†ËΩΩÊ®°Âùó:Wwwroot.tar

[ 2019-04-09T11:45:47+08:00 ] 94.191.64.183 /upload/www.zip
INFO: [ app_init ] --START--
INFO: Run Behavior\BuildLiteBehavior [ RunTime:0.000013s ]
INFO: [ app_init ] --END-- [ RunTime:0.000101s ]
ERR: Êó†Ê≥ïÂä†ËΩΩÊ®°Âùó:Upload

[ 2019-04-09T11:46:03+08:00 ] 94.191.64.183 /upload/www.rar
INFO: [ app_init ] --START--
INFO: Run Behavior\BuildLiteBehavior [ RunTime:0.000013s ]
INFO: [ app_init ] --END-- [ RunTime:0.000096s ]
ERR: Êó†Ê≥ïÂä†ËΩΩÊ®°Âùó:Upload

[ 2019-04-09T11:46:21+08:00 ] 94.191.64.183 /upload/www.tar.gz
INFO: [ app_init ] --START--
INFO: Run Behavior\BuildLiteBehavior [ RunTime:0.000016s ]
INFO: [ app_init ] --END-- [ RunTime:0.000111s ]
ERR: Êó†Ê≥ïÂä†ËΩΩÊ®°Âùó:Upload

[ 2019-04-09T11:46:37+08:00 ] 94.191.64.183 /upload/www.tgz
INFO: [ app_init ] --START--
INFO: Run Behavior\BuildLiteBehavior [ RunTime:0.000009s ]
INFO: [ app_init ] --END-- [ RunTime:0.000062s ]
ERR: Êó†Ê≥ïÂä†ËΩΩÊ®°Âùó:Upload

[ 2019-04-09T11:46:51+08:00 ] 94.191.64.183 /upload/www.tar.bz2
INFO: [ app_init ] --START--
INFO: Run Behavior\BuildLiteBehavior [ RunTime:0.000013s ]
INFO: [ app_init ] --END-- [ RunTime:0.000089s ]
ERR: Êó†Ê≥ïÂä†ËΩΩÊ®°Âùó:Upload

[ 2019-04-09T11:47:05+08:00 ] 94.191.64.183 /upload/wwwroot.zip
INFO: [ app_init ] --START--
INFO: Run Behavior\BuildLiteBehavior [ RunTime:0.000010s ]
INFO: [ app_init ] --END-- [ RunTime:0.000064s ]
ERR: Êó†Ê≥ïÂä†ËΩΩÊ®°Âùó:Upload

[ 2019-04-09T11:47:24+08:00 ] 94.191.64.183 /upload/wwwroot.rar
INFO: [ app_init ] --START--
INFO: Run Behavior\BuildLiteBehavior [ RunTime:0.000009s ]
INFO: [ app_init ] --END-- [ RunTime:0.000067s ]
ERR: Êó†Ê≥ïÂä†ËΩΩÊ®°Âùó:Upload

[ 2019-04-09T11:47:40+08:00 ] 94.191.64.183 /upload/wwwroot.tar.gz
INFO: [ app_init ] --START--
INFO: Run Behavior\BuildLiteBehavior [ RunTime:0.000013s ]
INFO: [ app_init ] --END-- [ RunTime:0.000097s ]
ERR: Êó†Ê≥ïÂä†ËΩΩÊ®°Âùó:Upload

[ 2019-04-09T11:47:57+08:00 ] 94.191.64.183 /upload/wwwroot.tgz
INFO: [ app_init ] --START--
INFO: Run Behavior\BuildLiteBehavior [ RunTime:0.000013s ]
INFO: [ app_init ] --END-- [ RunTime:0.000105s ]
ERR: Êó†Ê≥ïÂä†ËΩΩÊ®°Âùó:Upload

[ 2019-04-09T11:48:12+08:00 ] 94.191.64.183 /upload/wwwroot.tar.bz2
INFO: [ app_init ] --START--
INFO: Run Behavior\BuildLiteBehavior [ RunTime:0.000010s ]
INFO: [ app_init ] --END-- [ RunTime:0.000070s ]
ERR: Êó†Ê≥ïÂä†ËΩΩÊ®°Âùó:Upload

[ 2019-04-09T11:48:56+08:00 ] 94.191.64.183 /admin.tar.gz
INFO: [ app_init ] --START--
INFO: Run Behavior\BuildLiteBehavior [ RunTime:0.000013s ]
INFO: [ app_init ] --END-- [ RunTime:0.000084s ]
ERR: Êó†Ê≥ïÂä†ËΩΩÊ®°Âùó:Admin.tar

[ 2019-04-09T11:49:26+08:00 ] 94.191.64.183 /admin.tar.bz2
INFO: [ app_init ] --START--
INFO: Run Behavior\BuildLiteBehavior [ RunTime:0.000013s ]
INFO: [ app_init ] --END-- [ RunTime:0.000093s ]
ERR: Êó†Ê≥ïÂä†ËΩΩÊ®°Âùó:Admin.tar

[ 2019-04-09T11:49:40+08:00 ] 94.191.64.183 /upload.zip
INFO: [ app_init ] --START--
INFO: Run Behavior\BuildLiteBehavior [ RunTime:0.000009s ]
INFO: [ app_init ] --END-- [ RunTime:0.000080s ]
ERR: Êó†Ê≥ïÂä†ËΩΩÊ®°Âùó:Upload

[ 2019-04-09T11:49:53+08:00 ] 94.191.64.183 /upload.rar
INFO: [ app_init ] --START--
INFO: Run Behavior\BuildLiteBehavior [ RunTime:0.000008s ]
INFO: [ app_init ] --END-- [ RunTime:0.000061s ]
ERR: Êó†Ê≥ïÂä†ËΩΩÊ®°Âùó:Upload

[ 2019-04-09T11:50:09+08:00 ] 94.191.64.183 /upload.tar.gz
INFO: [ app_init ] --START--
INFO: Run Behavior\BuildLiteBehavior [ RunTime:0.000010s ]
INFO: [ app_init ] --END-- [ RunTime:0.000069s ]
ERR: Êó†Ê≥ïÂä†ËΩΩÊ®°Âùó:Upload.tar

[ 2019-04-09T11:50:22+08:00 ] 94.191.64.183 /upload.tgz
INFO: [ app_init ] --START--
INFO: Run Behavior\BuildLiteBehavior [ RunTime:0.000009s ]
INFO: [ app_init ] --END-- [ RunTime:0.000078s ]
ERR: Êó†Ê≥ïÂä†ËΩΩÊ®°Âùó:Upload

[ 2019-04-09T11:50:36+08:00 ] 94.191.64.183 /upload.tar.bz2
INFO: [ app_init ] --START--
INFO: Run Behavior\BuildLiteBehavior [ RunTime:0.000012s ]
INFO: [ app_init ] --END-- [ RunTime:0.000094s ]
ERR: Êó†Ê≥ïÂä†ËΩΩÊ®°Âùó:Upload.tar

[ 2019-04-09T11:50:49+08:00 ] 94.191.64.183 /website.zip
INFO: [ app_init ] --START--
INFO: Run Behavior\BuildLiteBehavior [ RunTime:0.000009s ]
INFO: [ app_init ] --END-- [ RunTime:0.000067s ]
ERR: Êó†Ê≥ïÂä†ËΩΩÊ®°Âùó:Website

[ 2019-04-09T11:51:03+08:00 ] 94.191.64.183 /website.rar
INFO: [ app_init ] --START--
INFO: Run Behavior\BuildLiteBehavior [ RunTime:0.000009s ]
INFO: [ app_init ] --END-- [ RunTime:0.000069s ]
ERR: Êó†Ê≥ïÂä†ËΩΩÊ®°Âùó:Website

[ 2019-04-09T11:51:18+08:00 ] 94.191.64.183 /website.tar.gz
INFO: [ app_init ] --START--
INFO: Run Behavior\BuildLiteBehavior [ RunTime:0.000014s ]
INFO: [ app_init ] --END-- [ RunTime:0.000101s ]
ERR: Êó†Ê≥ïÂä†ËΩΩÊ®°Âùó:Website.tar

[ 2019-04-09T11:51:31+08:00 ] 94.191.64.183 /website.tgz
INFO: [ app_init ] --START--
INFO: Run Behavior\BuildLiteBehavior [ RunTime:0.000011s ]
INFO: [ app_init ] --END-- [ RunTime:0.000077s ]
ERR: Êó†Ê≥ïÂä†ËΩΩÊ®°Âùó:Website

[ 2019-04-09T11:51:45+08:00 ] 94.191.64.183 /www.tar.bz2
INFO: [ app_init ] --START--
INFO: Run Behavior\BuildLiteBehavior [ RunTime:0.000014s ]
INFO: [ app_init ] --END-- [ RunTime:0.000100s ]
ERR: Êó†Ê≥ïÂä†ËΩΩÊ®°Âùó:Www.tar

[ 2019-04-09T11:51:59+08:00 ] 94.191.64.183 /sql.zip
INFO: [ app_init ] --START--
INFO: Run Behavior\BuildLiteBehavior [ RunTime:0.000018s ]
INFO: [ app_init ] --END-- [ RunTime:0.000133s ]
ERR: Êó†Ê≥ïÂä†ËΩΩÊ®°Âùó:Sql

[ 2019-04-09T11:52:14+08:00 ] 94.191.64.183 /sql.rar
INFO: [ app_init ] --START--
INFO: Run Behavior\BuildLiteBehavior [ RunTime:0.000013s ]
INFO: [ app_init ] --END-- [ RunTime:0.000089s ]
ERR: Êó†Ê≥ïÂä†ËΩΩÊ®°Âùó:Sql

[ 2019-04-09T11:52:27+08:00 ] 94.191.64.183 /sql.tar.gz
INFO: [ app_init ] --START--
INFO: Run Behavior\BuildLiteBehavior [ RunTime:0.000012s ]
INFO: [ app_init ] --END-- [ RunTime:0.000098s ]
ERR: Êó†Ê≥ïÂä†ËΩΩÊ®°Âùó:Sql.tar

[ 2019-04-09T11:52:39+08:00 ] 94.191.64.183 /sql.tgz
INFO: [ app_init ] --START--
INFO: Run Behavior\BuildLiteBehavior [ RunTime:0.000013s ]
INFO: [ app_init ] --END-- [ RunTime:0.000109s ]
ERR: Êó†Ê≥ïÂä†ËΩΩÊ®°Âùó:Sql

[ 2019-04-09T11:52:52+08:00 ] 94.191.64.183 /sql.tar.bz2
INFO: [ app_init ] --START--
INFO: Run Behavior\BuildLiteBehavior [ RunTime:0.000009s ]
INFO: [ app_init ] --END-- [ RunTime:0.000063s ]
ERR: Êó†Ê≥ïÂä†ËΩΩÊ®°Âùó:Sql.tar

[ 2019-04-09T11:53:05+08:00 ] 94.191.64.183 /data.sql
INFO: [ app_init ] --START--
INFO: Run Behavior\BuildLiteBehavior [ RunTime:0.000013s ]
INFO: [ app_init ] --END-- [ RunTime:0.000090s ]
ERR: Êó†Ê≥ïÂä†ËΩΩÊ®°Âùó:Data

[ 2019-04-09T11:53:18+08:00 ] 94.191.64.183 /database.sql
INFO: [ app_init ] --START--
INFO: Run Behavior\BuildLiteBehavior [ RunTime:0.000009s ]
INFO: [ app_init ] --END-- [ RunTime:0.000063s ]
ERR: Êó†Ê≥ïÂä†ËΩΩÊ®°Âùó:Database

[ 2019-04-09T11:53:28+08:00 ] 94.191.64.183 /test.sql
INFO: [ app_init ] --START--
INFO: Run Behavior\BuildLiteBehavior [ RunTime:0.000013s ]
INFO: [ app_init ] --END-- [ RunTime:0.000090s ]
ERR: Êó†Ê≥ïÂä†ËΩΩÊ®°Âùó:Test

[ 2019-04-09T11:53:50+08:00 ] 94.191.64.183 /backup.sql
INFO: [ app_init ] --START--
INFO: Run Behavior\BuildLiteBehavior [ RunTime:0.000012s ]
INFO: [ app_init ] --END-- [ RunTime:0.000095s ]
ERR: Êó†Ê≥ïÂä†ËΩΩÊ®°Âùó:Backup

[ 2019-04-09T11:54:00+08:00 ] 94.191.64.183 /dump.sql
INFO: [ app_init ] --START--
INFO: Run Behavior\BuildLiteBehavior [ RunTime:0.000009s ]
INFO: [ app_init ] --END-- [ RunTime:0.000071s ]
ERR: Êó†Ê≥ïÂä†ËΩΩÊ®°Âùó:Dump

[ 2019-04-09T11:54:13+08:00 ] 94.191.64.183 /1.sql
INFO: [ app_init ] --START--
INFO: Run Behavior\BuildLiteBehavior [ RunTime:0.000012s ]
INFO: [ app_init ] --END-- [ RunTime:0.000100s ]
ERR: Êó†Ê≥ïÂä†ËΩΩÊ®°Âùó:1

[ 2019-04-09T11:54:25+08:00 ] 94.191.64.183 /index.zip
INFO: [ app_init ] --START--
INFO: Run Behavior\BuildLiteBehavior [ RunTime:0.000015s ]
INFO: [ app_init ] --END-- [ RunTime:0.000099s ]
ERR: Êó†Ê≥ïÂä†ËΩΩÊ®°Âùó:Index

[ 2019-04-09T11:54:37+08:00 ] 94.191.64.183 /index.rar
INFO: [ app_init ] --START--
INFO: Run Behavior\BuildLiteBehavior [ RunTime:0.000009s ]
INFO: [ app_init ] --END-- [ RunTime:0.000067s ]
ERR: Êó†Ê≥ïÂä†ËΩΩÊ®°Âùó:Index

[ 2019-04-09T11:54:48+08:00 ] 94.191.64.183 /index.tar.gz
INFO: [ app_init ] --START--
INFO: Run Behavior\BuildLiteBehavior [ RunTime:0.000023s ]
INFO: [ app_init ] --END-- [ RunTime:0.000108s ]
ERR: Êó†Ê≥ïÂä†ËΩΩÊ®°Âùó:Index.tar

[ 2019-04-09T11:54:58+08:00 ] 94.191.64.183 /index.tgz
INFO: [ app_init ] --START--
INFO: Run Behavior\BuildLiteBehavior [ RunTime:0.000013s ]
INFO: [ app_init ] --END-- [ RunTime:0.000096s ]
ERR: Êó†Ê≥ïÂä†ËΩΩÊ®°Âùó:Index

[ 2019-04-09T11:55:08+08:00 ] 94.191.64.183 /index.tar.bz2
INFO: [ app_init ] --START--
INFO: Run Behavior\BuildLiteBehavior [ RunTime:0.000013s ]
INFO: [ app_init ] --END-- [ RunTime:0.000092s ]
ERR: Êó†Ê≥ïÂä†ËΩΩÊ®°Âùó:Index.tar

[ 2019-04-09T11:55:20+08:00 ] 94.191.64.183 /conf/conf.zip
INFO: [ app_init ] --START--
INFO: Run Behavior\BuildLiteBehavior [ RunTime:0.000009s ]
INFO: [ app_init ] --END-- [ RunTime:0.000065s ]
ERR: Êó†Ê≥ïÂä†ËΩΩÊ®°Âùó:Conf

[ 2019-04-09T11:55:31+08:00 ] 94.191.64.183 /conf.tar.gz
INFO: [ app_init ] --START--
INFO: Run Behavior\BuildLiteBehavior [ RunTime:0.000010s ]
INFO: [ app_init ] --END-- [ RunTime:0.000064s ]
ERR: Êó†Ê≥ïÂä†ËΩΩÊ®°Âùó:Conf.tar

[ 2019-04-09T11:55:42+08:00 ] 94.191.64.183 /config.tar.gz
INFO: [ app_init ] --START--
INFO: Run Behavior\BuildLiteBehavior [ RunTime:0.000011s ]
INFO: [ app_init ] --END-- [ RunTime:0.000088s ]
ERR: Êó†Ê≥ïÂä†ËΩΩÊ®°Âùó:Config.tar

[ 2019-04-09T11:55:52+08:00 ] 94.191.64.183 /1.tar.gz
INFO: [ app_init ] --START--
INFO: Run Behavior\BuildLiteBehavior [ RunTime:0.000011s ]
INFO: [ app_init ] --END-- [ RunTime:0.000096s ]
ERR: Êó†Ê≥ïÂä†ËΩΩÊ®°Âùó:1.tar

[ 2019-04-09T11:56:02+08:00 ] 94.191.64.183 /a.tar.gz
INFO: [ app_init ] --START--
INFO: Run Behavior\BuildLiteBehavior [ RunTime:0.000014s ]
INFO: [ app_init ] --END-- [ RunTime:0.000099s ]
ERR: Êó†Ê≥ïÂä†ËΩΩÊ®°Âùó:A.tar

[ 2019-04-09T11:56:11+08:00 ] 94.191.64.183 /htdocs.zip
INFO: [ app_init ] --START--
INFO: Run Behavior\BuildLiteBehavior [ RunTime:0.000013s ]
INFO: [ app_init ] --END-- [ RunTime:0.000094s ]
ERR: Êó†Ê≥ïÂä†ËΩΩÊ®°Âùó:Htdocs

[ 2019-04-09T11:56:21+08:00 ] 94.191.64.183 /htdocs.rar
INFO: [ app_init ] --START--
INFO: Run Behavior\BuildLiteBehavior [ RunTime:0.000010s ]
INFO: [ app_init ] --END-- [ RunTime:0.000073s ]
ERR: Êó†Ê≥ïÂä†ËΩΩÊ®°Âùó:Htdocs

[ 2019-04-09T11:56:32+08:00 ] 94.191.64.183 /htdocs.tar.gz
INFO: [ app_init ] --START--
INFO: Run Behavior\BuildLiteBehavior [ RunTime:0.000010s ]
INFO: [ app_init ] --END-- [ RunTime:0.000067s ]
ERR: Êó†Ê≥ïÂä†ËΩΩÊ®°Âùó:Htdocs.tar

[ 2019-04-09T11:56:41+08:00 ] 94.191.64.183 /htdocs.tgz
INFO: [ app_init ] --START--
INFO: Run Behavior\BuildLiteBehavior [ RunTime:0.000009s ]
INFO: [ app_init ] --END-- [ RunTime:0.000078s ]
ERR: Êó†Ê≥ïÂä†ËΩΩÊ®°Âùó:Htdocs

[ 2019-04-09T11:56:52+08:00 ] 94.191.64.183 /htdocs.tar.bz2
INFO: [ app_init ] --START--
INFO: Run Behavior\BuildLiteBehavior [ RunTime:0.000014s ]
INFO: [ app_init ] --END-- [ RunTime:0.000134s ]
ERR: Êó†Ê≥ïÂä†ËΩΩÊ®°Âùó:Htdocs.tar

[ 2019-04-09T11:57:01+08:00 ] 94.191.64.183 /install.zip
INFO: [ app_init ] --START--
INFO: Run Behavior\BuildLiteBehavior [ RunTime:0.000015s ]
INFO: [ app_init ] --END-- [ RunTime:0.000116s ]
ERR: Êó†Ê≥ïÂä†ËΩΩÊ®°Âùó:Install

[ 2019-04-09T11:57:12+08:00 ] 94.191.64.183 /install.rar
INFO: [ app_init ] --START--
INFO: Run Behavior\BuildLiteBehavior [ RunTime:0.000009s ]
INFO: [ app_init ] --END-- [ RunTime:0.000065s ]
ERR: Êó†Ê≥ïÂä†ËΩΩÊ®°Âùó:Install

[ 2019-04-09T11:57:21+08:00 ] 94.191.64.183 /install.tar.gz
INFO: [ app_init ] --START--
INFO: Run Behavior\BuildLiteBehavior [ RunTime:0.000013s ]
INFO: [ app_init ] --END-- [ RunTime:0.000082s ]
ERR: Êó†Ê≥ïÂä†ËΩΩÊ®°Âùó:Install.tar

[ 2019-04-09T11:57:31+08:00 ] 94.191.64.183 /install.tgz
INFO: [ app_init ] --START--
INFO: Run Behavior\BuildLiteBehavior [ RunTime:0.000013s ]
INFO: [ app_init ] --END-- [ RunTime:0.000078s ]
ERR: Êó†Ê≥ïÂä†ËΩΩÊ®°Âùó:Install

[ 2019-04-09T11:57:41+08:00 ] 94.191.64.183 /install.tar.bz2
INFO: [ app_init ] --START--
INFO: Run Behavior\BuildLiteBehavior [ RunTime:0.000010s ]
INFO: [ app_init ] --END-- [ RunTime:0.000064s ]
ERR: Êó†Ê≥ïÂä†ËΩΩÊ®°Âùó:Install.tar

[ 2019-04-09T11:57:52+08:00 ] 94.191.64.183 /1.tar.gz
INFO: [ app_init ] --START--
INFO: Run Behavior\BuildLiteBehavior [ RunTime:0.000010s ]
INFO: [ app_init ] --END-- [ RunTime:0.000065s ]
ERR: Êó†Ê≥ïÂä†ËΩΩÊ®°Âùó:1.tar

[ 2019-04-09T11:58:02+08:00 ] 94.191.64.183 /a.tar.gz
INFO: [ app_init ] --START--
INFO: Run Behavior\BuildLiteBehavior [ RunTime:0.000025s ]
INFO: [ app_init ] --END-- [ RunTime:0.000142s ]
ERR: Êó†Ê≥ïÂä†ËΩΩÊ®°Âùó:A.tar

[ 2019-04-09T12:06:56+08:00 ] 106.38.241.129 /robots.txt
INFO: [ app_init ] --START--
INFO: Run Behavior\BuildLiteBehavior [ RunTime:0.000010s ]
INFO: [ app_init ] --END-- [ RunTime:0.000065s ]
ERR: Êó†Ê≥ïÂä†ËΩΩÊ®°Âùó:Robots

[ 2019-04-09T15:51:07+08:00 ] 117.50.68.45 /phpmyadmin
INFO: [ app_init ] --START--
INFO: Run Behavior\BuildLiteBehavior [ RunTime:0.000009s ]
INFO: [ app_init ] --END-- [ RunTime:0.000065s ]
ERR: Êó†Ê≥ïÂä†ËΩΩÊ®°Âùó:Phpmyadmin

[ 2019-04-09T16:39:04+08:00 ] 120.132.3.65 http://www.qq.com/404/search_children.js
INFO: [ app_init ] --START--
INFO: Run Behavior\BuildLiteBehavior [ RunTime:0.000014s ]
INFO: [ app_init ] --END-- [ RunTime:0.000103s ]
ERR: Êó†Ê≥ïÂä†ËΩΩÊ®°Âùó:404

[ 2019-04-09T18:23:44+08:00 ] 175.141.87.8 /HNAP1/
INFO: [ app_init ] --START--
INFO: Run Behavior\BuildLiteBehavior [ RunTime:0.000009s ]
INFO: [ app_init ] --END-- [ RunTime:0.000068s ]
ERR: Êó†Ê≥ïÂä†ËΩΩÊ®°Âùó:HNAP1

[ 2019-04-09T18:45:24+08:00 ] 42.56.30.66 /mgw.htm?operationType=com.cars.otsmobile.queryLeftTicket&requestData=%5B%7B"train_date"%3A"20181231"%2C"purpose_codes"%3A"00"%2C"from_station"%3A"BJP"%2C"to_station"%3A"SHH"%2C"station_train_code"%3A""%2C"start_time_begin"%3A"0000"%2C"start_time_end"%3A"2400"%2C"train_headers"%3A"QB%23"%2C"train_flag"%3A""%2C"seat_type"%3A"0"%2C"seatBack_Type"%3A""%2C"ticket_num"%3A""%2C"dfpStr"%3A""%2C"baseDTO"%3A%7B"check_code"%3A"d38a201f2de926ce0686aedfdcf2de68"%2C"device_no"%3A"WtaHBzID7ZQDADJh05y5LLpd"%2C"mobile_no"%3A""%2C"os_type"%3A"a"%2C"time_str"%3A"20181030152947"%2C"version_no"%3A"4.1.9"%7D%7D%5D&ts=1540884587652&sign=37b8ebe6406579e4fb2ac8c9038eab37
INFO: [ app_init ] --START--
INFO: Run Behavior\BuildLiteBehavior [ RunTime:0.000013s ]
INFO: [ app_init ] --END-- [ RunTime:0.000079s ]
ERR: Êó†Ê≥ïÂä†ËΩΩÊ®°Âùó:Mgw

[ 2019-04-09T19:41:06+08:00 ] 61.160.236.77 /manager/html
INFO: [ app_init ] --START--
INFO: Run Behavior\BuildLiteBehavior [ RunTime:0.000011s ]
INFO: [ app_init ] --END-- [ RunTime:0.000080s ]
ERR: Êó†Ê≥ïÂä†ËΩΩÊ®°Âùó:Manager

[ 2019-04-09T19:41:06+08:00 ] 61.160.236.77 /shell?uname%20-a
INFO: [ app_init ] --START--
INFO: Run Behavior\BuildLiteBehavior [ RunTime:0.000010s ]
INFO: [ app_init ] --END-- [ RunTime:0.000068s ]
ERR: Êó†Ê≥ïÂä†ËΩΩÊ®°Âùó:Shell

[ 2019-04-09T21:15:58+08:00 ] 80.82.70.187 http://www.baidu.com/cache/global/img/gs.gif
INFO: [ app_init ] --START--
INFO: Run Behavior\BuildLiteBehavior [ RunTime:0.000009s ]
INFO: [ app_init ] --END-- [ RunTime:0.000063s ]
ERR: Êó†Ê≥ïÂä†ËΩΩÊ®°Âùó:Cache

[ 2019-04-09T22:35:36+08:00 ] 101.226.102.70 /HNAP1
INFO: [ app_init ] --START--
INFO: Run Behavior\BuildLiteBehavior [ RunTime:0.000009s ]
INFO: [ app_init ] --END-- [ RunTime:0.000063s ]
ERR: Êó†Ê≥ïÂä†ËΩΩÊ®°Âùó:HNAP1

