[ 2019-02-14T01:53:55+08:00 ] 127.0.0.1 /index.php?m=car&c=add&a=add
ERR: 1364:Field 'cardId' doesn't have a default value
 [ SQL语句 ] : INSERT INTO `car` (`community`,`name`,`phone`,`carBrand`,`carType`,`carId`) VALUES ('2','哈哈','32','','0','')
ERR: 1364:Field 'cardId' doesn't have a default value
 [ SQL语句 ] : INSERT INTO `car` (`community`,`name`,`phone`,`carBrand`,`carType`,`carId`) VALUES ('2','哈哈','32','','0','')

[ 2019-02-14T01:54:02+08:00 ] 127.0.0.1 /index.php?m=car&c=add&a=add
ERR: 1364:Field 'cardId' doesn't have a default value
 [ SQL语句 ] : INSERT INTO `car` (`community`,`name`,`phone`,`carBrand`,`carType`,`carId`) VALUES ('2','哈哈','32','','0','')
ERR: 1364:Field 'cardId' doesn't have a default value
 [ SQL语句 ] : INSERT INTO `car` (`community`,`name`,`phone`,`carBrand`,`carType`,`carId`) VALUES ('2','哈哈','32','','0','')

[ 2019-02-14T01:54:03+08:00 ] 127.0.0.1 /index.php?m=car&c=add&a=add
ERR: 1364:Field 'cardId' doesn't have a default value
 [ SQL语句 ] : INSERT INTO `car` (`community`,`name`,`phone`,`carBrand`,`carType`,`carId`) VALUES ('2','哈哈','32','','0','')
ERR: 1364:Field 'cardId' doesn't have a default value
 [ SQL语句 ] : INSERT INTO `car` (`community`,`name`,`phone`,`carBrand`,`carType`,`carId`) VALUES ('2','哈哈','32','','0','')

[ 2019-02-14T13:14:22+08:00 ] 183.252.95.131 /index.php?m=car&c=list&a=index
INFO: [ app_init ] --START--
INFO: Run Behavior\BuildLiteBehavior [ RunTime:0.000013s ]
INFO: [ app_init ] --END-- [ RunTime:0.000084s ]
INFO: [ app_begin ] --START--
INFO: Run Behavior\ReadHtmlCacheBehavior [ RunTime:0.000032s ]
INFO: [ app_begin ] --END-- [ RunTime:0.000060s ]
NOTIC: [8] Undefined index: p /var/www/html/shequ/Application/Car/Controller/ListController.class.php 第 8 行.
NOTIC: [8] Undefined index: pageSize /var/www/html/shequ/Application/Car/Controller/ListController.class.php 第 9 行.
NOTIC: [8] Use of undefined constant admin - assumed 'admin' /var/www/html/shequ/Application/Car/Controller/ListController.class.php 第 12 行.
NOTIC: [8] Use of undefined constant community - assumed 'community' /var/www/html/shequ/Application/Car/Controller/ListController.class.php 第 12 行.
SQL: SHOW COLUMNS FROM `car` [ RunTime:0.0008s ]
SQL: SELECT COUNT(*) AS tp_count FROM `car` WHERE `community` = 1 LIMIT 1   [ RunTime:0.0005s ]
SQL: SELECT * FROM `car` WHERE `community` = 1 LIMIT 0,9   [ RunTime:0.0004s ]
INFO: [ view_parse ] --START--
INFO: [ template_filter ] --START--
INFO: Run Behavior\ContentReplaceBehavior [ RunTime:0.000036s ]
INFO: [ template_filter ] --END-- [ RunTime:0.000066s ]
NOTIC: [8] Undefined variable: taskCount /var/www/html/shequ/Application/Runtime/Cache/Car/6dd928699fc307ffbfe3f69bdbc28a87.php 第 46 行.
INFO: Run Behavior\ParseTemplateBehavior [ RunTime:0.003849s ]
INFO: [ view_parse ] --END-- [ RunTime:0.003877s ]
INFO: [ view_filter ] --START--
INFO: Run Behavior\WriteHtmlCacheBehavior [ RunTime:0.000031s ]
INFO: [ view_filter ] --END-- [ RunTime:0.000048s ]
INFO: [ app_end ] --START--
INFO: Run Behavior\ShowPageTraceBehavior [ RunTime:0.000030s ]
INFO: [ app_end ] --END-- [ RunTime:0.000054s ]

[ 2019-02-14T13:14:25+08:00 ] 183.252.95.131 /index.php?m=car&c=add&a=excel
INFO: [ app_init ] --START--
INFO: Run Behavior\BuildLiteBehavior [ RunTime:0.000012s ]
INFO: [ app_init ] --END-- [ RunTime:0.000087s ]
INFO: [ app_begin ] --START--
INFO: Run Behavior\ReadHtmlCacheBehavior [ RunTime:0.000043s ]
INFO: [ app_begin ] --END-- [ RunTime:0.000077s ]
SQL: SHOW COLUMNS FROM `community` [ RunTime:0.0008s ]
SQL: SELECT * FROM `community`  [ RunTime:0.0005s ]
INFO: [ view_parse ] --START--
INFO: [ template_filter ] --START--
INFO: Run Behavior\ContentReplaceBehavior [ RunTime:0.000036s ]
INFO: [ template_filter ] --END-- [ RunTime:0.000072s ]
NOTIC: [8] Undefined variable: taskCount /var/www/html/shequ/Application/Runtime/Cache/Car/aaf6965a42cdc1c3422b78c9fe1970b3.php 第 47 行.
INFO: Run Behavior\ParseTemplateBehavior [ RunTime:0.003561s ]
INFO: [ view_parse ] --END-- [ RunTime:0.003594s ]
INFO: [ view_filter ] --START--
INFO: Run Behavior\WriteHtmlCacheBehavior [ RunTime:0.000033s ]
INFO: [ view_filter ] --END-- [ RunTime:0.000050s ]
INFO: [ app_end ] --START--
INFO: Run Behavior\ShowPageTraceBehavior [ RunTime:0.000028s ]
INFO: [ app_end ] --END-- [ RunTime:0.000050s ]

[ 2019-02-14T13:14:34+08:00 ] 183.252.95.131 /index.php?m=car&c=add&a=addExcel
INFO: [ app_init ] --START--
INFO: Run Behavior\BuildLiteBehavior [ RunTime:0.000009s ]
INFO: [ app_init ] --END-- [ RunTime:0.000069s ]
INFO: [ app_begin ] --START--
INFO: Run Behavior\ReadHtmlCacheBehavior [ RunTime:0.000025s ]
INFO: [ app_begin ] --END-- [ RunTime:0.000051s ]
NOTIC: [2] call_user_func() expects parameter 1 to be a valid callback, no array or string given /var/www/html/shequ/ThinkPHP/Library/Think/Upload.class.php 第 170 行.
NOTIC: [8] Undefined variable: options /var/www/html/shequ/ThinkPHP/Library/Vendor/PHPExcel/PHPExcel/Settings.php 第 384 行.
NOTIC: [8] Undefined variable: options /var/www/html/shequ/ThinkPHP/Library/Vendor/PHPExcel/PHPExcel/Settings.php 第 384 行.
NOTIC: [8] Undefined variable: options /var/www/html/shequ/ThinkPHP/Library/Vendor/PHPExcel/PHPExcel/Settings.php 第 384 行.
NOTIC: [8] Undefined variable: options /var/www/html/shequ/ThinkPHP/Library/Vendor/PHPExcel/PHPExcel/Settings.php 第 384 行.
NOTIC: [8] Undefined variable: options /var/www/html/shequ/ThinkPHP/Library/Vendor/PHPExcel/PHPExcel/Settings.php 第 384 行.
NOTIC: [8] Undefined variable: options /var/www/html/shequ/ThinkPHP/Library/Vendor/PHPExcel/PHPExcel/Settings.php 第 384 行.
NOTIC: [8] Undefined variable: options /var/www/html/shequ/ThinkPHP/Library/Vendor/PHPExcel/PHPExcel/Settings.php 第 384 行.
NOTIC: [8] Undefined variable: options /var/www/html/shequ/ThinkPHP/Library/Vendor/PHPExcel/PHPExcel/Settings.php 第 384 行.
NOTIC: [8] Undefined variable: options /var/www/html/shequ/ThinkPHP/Library/Vendor/PHPExcel/PHPExcel/Settings.php 第 384 行.
NOTIC: [8] Undefined variable: options /var/www/html/shequ/ThinkPHP/Library/Vendor/PHPExcel/PHPExcel/Settings.php 第 384 行.
NOTIC: [8] Undefined variable: options /var/www/html/shequ/ThinkPHP/Library/Vendor/PHPExcel/PHPExcel/Settings.php 第 384 行.
NOTIC: [8] Undefined variable: options /var/www/html/shequ/ThinkPHP/Library/Vendor/PHPExcel/PHPExcel/Settings.php 第 384 行.
SQL: SHOW COLUMNS FROM `car` [ RunTime:0.0007s ]
SQL: SELECT `id` FROM `car` ORDER BY id desc LIMIT 1   [ RunTime:0.0004s ]
SQL: INSERT INTO `car` (`carType`,`carBrand`,`carId`,`name`,`cardId`,`id`,`phone`,`community`) VALUES ('1','闽A-999','劳斯莱斯','陈蔚林','111','11','1222','1') [ RunTime:0.0366s ]
INFO: [ view_parse ] --START--
INFO: [ template_filter ] --START--
INFO: Run Behavior\ContentReplaceBehavior [ RunTime:0.000028s ]
INFO: [ template_filter ] --END-- [ RunTime:0.000055s ]
INFO: Run Behavior\ParseTemplateBehavior [ RunTime:0.001308s ]
INFO: [ view_parse ] --END-- [ RunTime:0.001340s ]
INFO: [ view_filter ] --START--
INFO: Run Behavior\WriteHtmlCacheBehavior [ RunTime:0.000032s ]
INFO: [ view_filter ] --END-- [ RunTime:0.000050s ]
INFO: [ app_end ] --START--
INFO: Run Behavior\ShowPageTraceBehavior [ RunTime:0.000026s ]
INFO: [ app_end ] --END-- [ RunTime:0.000047s ]

[ 2019-02-14T13:14:35+08:00 ] 183.252.95.131 /index.php?m=car&c=list&a=index
INFO: [ app_init ] --START--
INFO: Run Behavior\BuildLiteBehavior [ RunTime:0.000009s ]
INFO: [ app_init ] --END-- [ RunTime:0.000060s ]
INFO: [ app_begin ] --START--
INFO: Run Behavior\ReadHtmlCacheBehavior [ RunTime:0.000026s ]
INFO: [ app_begin ] --END-- [ RunTime:0.000049s ]
NOTIC: [8] Undefined index: p /var/www/html/shequ/Application/Car/Controller/ListController.class.php 第 8 行.
NOTIC: [8] Undefined index: pageSize /var/www/html/shequ/Application/Car/Controller/ListController.class.php 第 9 行.
NOTIC: [8] Use of undefined constant admin - assumed 'admin' /var/www/html/shequ/Application/Car/Controller/ListController.class.php 第 12 行.
NOTIC: [8] Use of undefined constant community - assumed 'community' /var/www/html/shequ/Application/Car/Controller/ListController.class.php 第 12 行.
SQL: SHOW COLUMNS FROM `car` [ RunTime:0.0007s ]
SQL: SELECT COUNT(*) AS tp_count FROM `car` WHERE `community` = 1 LIMIT 1   [ RunTime:0.0004s ]
SQL: SELECT * FROM `car` WHERE `community` = 1 LIMIT 0,9   [ RunTime:0.0004s ]
INFO: [ view_parse ] --START--
INFO: [ template_filter ] --START--
INFO: Run Behavior\ContentReplaceBehavior [ RunTime:0.000034s ]
INFO: [ template_filter ] --END-- [ RunTime:0.000062s ]
NOTIC: [8] Undefined variable: taskCount /var/www/html/shequ/Application/Runtime/Cache/Car/6dd928699fc307ffbfe3f69bdbc28a87.php 第 46 行.
INFO: Run Behavior\ParseTemplateBehavior [ RunTime:0.003905s ]
INFO: [ view_parse ] --END-- [ RunTime:0.003932s ]
INFO: [ view_filter ] --START--
INFO: Run Behavior\WriteHtmlCacheBehavior [ RunTime:0.000045s ]
INFO: [ view_filter ] --END-- [ RunTime:0.000068s ]
INFO: [ app_end ] --START--
INFO: Run Behavior\ShowPageTraceBehavior [ RunTime:0.000027s ]
INFO: [ app_end ] --END-- [ RunTime:0.000049s ]

[ 2019-02-14T13:17:40+08:00 ] 183.252.95.131 /index.php?m=car&c=list&a=index
INFO: [ app_init ] --START--
INFO: Run Behavior\BuildLiteBehavior [ RunTime:0.000010s ]
INFO: [ app_init ] --END-- [ RunTime:0.000059s ]
INFO: [ app_begin ] --START--
INFO: Run Behavior\ReadHtmlCacheBehavior [ RunTime:0.000023s ]
INFO: [ app_begin ] --END-- [ RunTime:0.000045s ]
NOTIC: [8] Undefined index: p /var/www/html/shequ/Application/Car/Controller/ListController.class.php 第 8 行.
NOTIC: [8] Undefined index: pageSize /var/www/html/shequ/Application/Car/Controller/ListController.class.php 第 9 行.
NOTIC: [8] Use of undefined constant admin - assumed 'admin' /var/www/html/shequ/Application/Car/Controller/ListController.class.php 第 12 行.
NOTIC: [8] Use of undefined constant community - assumed 'community' /var/www/html/shequ/Application/Car/Controller/ListController.class.php 第 12 行.
SQL: SHOW COLUMNS FROM `car` [ RunTime:0.0007s ]
SQL: SELECT COUNT(*) AS tp_count FROM `car` WHERE `community` = 1 LIMIT 1   [ RunTime:0.0004s ]
SQL: SELECT * FROM `car` WHERE `community` = 1 LIMIT 0,9   [ RunTime:0.0004s ]
INFO: [ view_parse ] --START--
INFO: [ template_filter ] --START--
INFO: Run Behavior\ContentReplaceBehavior [ RunTime:0.000033s ]
INFO: [ template_filter ] --END-- [ RunTime:0.000062s ]
NOTIC: [8] Undefined variable: taskCount /var/www/html/shequ/Application/Runtime/Cache/Car/6dd928699fc307ffbfe3f69bdbc28a87.php 第 46 行.
INFO: Run Behavior\ParseTemplateBehavior [ RunTime:0.003819s ]
INFO: [ view_parse ] --END-- [ RunTime:0.003845s ]
INFO: [ view_filter ] --START--
INFO: Run Behavior\WriteHtmlCacheBehavior [ RunTime:0.000026s ]
INFO: [ view_filter ] --END-- [ RunTime:0.000042s ]
INFO: [ app_end ] --START--
INFO: Run Behavior\ShowPageTraceBehavior [ RunTime:0.000025s ]
INFO: [ app_end ] --END-- [ RunTime:0.000046s ]

[ 2019-02-14T13:17:44+08:00 ] 183.252.95.131 /index.php?m=car&c=information&a=index&id=11
INFO: [ app_init ] --START--
INFO: Run Behavior\BuildLiteBehavior [ RunTime:0.000008s ]
INFO: [ app_init ] --END-- [ RunTime:0.000062s ]
INFO: [ app_begin ] --START--
INFO: Run Behavior\ReadHtmlCacheBehavior [ RunTime:0.000029s ]
INFO: [ app_begin ] --END-- [ RunTime:0.000052s ]
SQL: SHOW COLUMNS FROM `car` [ RunTime:0.0007s ]
SQL: SELECT * FROM `car` WHERE ( id="11" ) LIMIT 1   [ RunTime:0.0005s ]
SQL: SHOW COLUMNS FROM `house` [ RunTime:0.0006s ]
SQL: SELECT * FROM `house` WHERE `cardId` = '111'  [ RunTime:0.0004s ]
SQL: SELECT COUNT(*) AS tp_count FROM `house` WHERE `cardId` = '111' LIMIT 1   [ RunTime:0.0004s ]
INFO: [ view_parse ] --START--
INFO: [ template_filter ] --START--
INFO: Run Behavior\ContentReplaceBehavior [ RunTime:0.000034s ]
INFO: [ template_filter ] --END-- [ RunTime:0.000065s ]
NOTIC: [8] Undefined variable: taskCount /var/www/html/shequ/Application/Runtime/Cache/Car/f7cc418602cf721599b5d0ef701a6e9d.php 第 46 行.
INFO: Run Behavior\ParseTemplateBehavior [ RunTime:0.003572s ]
INFO: [ view_parse ] --END-- [ RunTime:0.003599s ]
INFO: [ view_filter ] --START--
INFO: Run Behavior\WriteHtmlCacheBehavior [ RunTime:0.000031s ]
INFO: [ view_filter ] --END-- [ RunTime:0.000048s ]
INFO: [ app_end ] --START--
INFO: Run Behavior\ShowPageTraceBehavior [ RunTime:0.000029s ]
INFO: [ app_end ] --END-- [ RunTime:0.000049s ]

[ 2019-02-14T13:17:46+08:00 ] 183.252.95.131 /index.php?m=car&c=del&a=del
INFO: [ app_init ] --START--
INFO: Run Behavior\BuildLiteBehavior [ RunTime:0.000009s ]
INFO: [ app_init ] --END-- [ RunTime:0.000078s ]
INFO: [ app_begin ] --START--
INFO: Run Behavior\ReadHtmlCacheBehavior [ RunTime:0.000022s ]
INFO: [ app_begin ] --END-- [ RunTime:0.000043s ]
SQL: SHOW COLUMNS FROM `car` [ RunTime:0.0007s ]
SQL: DELETE FROM `car` WHERE ( id=11 ) [ RunTime:0.0143s ]

[ 2019-02-14T13:17:52+08:00 ] 183.252.95.131 /index.php?m=car&c=list&a=index
INFO: [ app_init ] --START--
INFO: Run Behavior\BuildLiteBehavior [ RunTime:0.000009s ]
INFO: [ app_init ] --END-- [ RunTime:0.000064s ]
INFO: [ app_begin ] --START--
INFO: Run Behavior\ReadHtmlCacheBehavior [ RunTime:0.000026s ]
INFO: [ app_begin ] --END-- [ RunTime:0.000048s ]
NOTIC: [8] Undefined index: p /var/www/html/shequ/Application/Car/Controller/ListController.class.php 第 8 行.
NOTIC: [8] Undefined index: pageSize /var/www/html/shequ/Application/Car/Controller/ListController.class.php 第 9 行.
NOTIC: [8] Use of undefined constant admin - assumed 'admin' /var/www/html/shequ/Application/Car/Controller/ListController.class.php 第 12 行.
NOTIC: [8] Use of undefined constant community - assumed 'community' /var/www/html/shequ/Application/Car/Controller/ListController.class.php 第 12 行.
SQL: SHOW COLUMNS FROM `car` [ RunTime:0.0007s ]
SQL: SELECT COUNT(*) AS tp_count FROM `car` WHERE `community` = 1 LIMIT 1   [ RunTime:0.0005s ]
SQL: SELECT * FROM `car` WHERE `community` = 1 LIMIT 0,9   [ RunTime:0.0005s ]
INFO: [ view_parse ] --START--
INFO: [ template_filter ] --START--
INFO: Run Behavior\ContentReplaceBehavior [ RunTime:0.000033s ]
INFO: [ template_filter ] --END-- [ RunTime:0.000062s ]
NOTIC: [8] Undefined variable: taskCount /var/www/html/shequ/Application/Runtime/Cache/Car/6dd928699fc307ffbfe3f69bdbc28a87.php 第 46 行.
INFO: Run Behavior\ParseTemplateBehavior [ RunTime:0.003746s ]
INFO: [ view_parse ] --END-- [ RunTime:0.003773s ]
INFO: [ view_filter ] --START--
INFO: Run Behavior\WriteHtmlCacheBehavior [ RunTime:0.000029s ]
INFO: [ view_filter ] --END-- [ RunTime:0.000046s ]
INFO: [ app_end ] --START--
INFO: Run Behavior\ShowPageTraceBehavior [ RunTime:0.000028s ]
INFO: [ app_end ] --END-- [ RunTime:0.000049s ]

[ 2019-02-14T13:17:57+08:00 ] 183.252.95.131 /index.php?m=car&c=list&a=index
INFO: [ app_init ] --START--
INFO: Run Behavior\BuildLiteBehavior [ RunTime:0.000009s ]
INFO: [ app_init ] --END-- [ RunTime:0.000066s ]
INFO: [ app_begin ] --START--
INFO: Run Behavior\ReadHtmlCacheBehavior [ RunTime:0.000040s ]
INFO: [ app_begin ] --END-- [ RunTime:0.000070s ]
NOTIC: [8] Undefined index: p /var/www/html/shequ/Application/Car/Controller/ListController.class.php 第 8 行.
NOTIC: [8] Undefined index: pageSize /var/www/html/shequ/Application/Car/Controller/ListController.class.php 第 9 行.
NOTIC: [8] Use of undefined constant admin - assumed 'admin' /var/www/html/shequ/Application/Car/Controller/ListController.class.php 第 12 行.
NOTIC: [8] Use of undefined constant community - assumed 'community' /var/www/html/shequ/Application/Car/Controller/ListController.class.php 第 12 行.
SQL: SHOW COLUMNS FROM `car` [ RunTime:0.0008s ]
SQL: SELECT COUNT(*) AS tp_count FROM `car` WHERE `community` = 1 LIMIT 1   [ RunTime:0.0005s ]
SQL: SELECT * FROM `car` WHERE `community` = 1 LIMIT 0,9   [ RunTime:0.0004s ]
INFO: [ view_parse ] --START--
INFO: [ template_filter ] --START--
INFO: Run Behavior\ContentReplaceBehavior [ RunTime:0.000047s ]
INFO: [ template_filter ] --END-- [ RunTime:0.000080s ]
NOTIC: [8] Undefined variable: taskCount /var/www/html/shequ/Application/Runtime/Cache/Car/6dd928699fc307ffbfe3f69bdbc28a87.php 第 46 行.
INFO: Run Behavior\ParseTemplateBehavior [ RunTime:0.004091s ]
INFO: [ view_parse ] --END-- [ RunTime:0.004127s ]
INFO: [ view_filter ] --START--
INFO: Run Behavior\WriteHtmlCacheBehavior [ RunTime:0.000037s ]
INFO: [ view_filter ] --END-- [ RunTime:0.000067s ]
INFO: [ app_end ] --START--
INFO: Run Behavior\ShowPageTraceBehavior [ RunTime:0.000033s ]
INFO: [ app_end ] --END-- [ RunTime:0.000056s ]

[ 2019-02-14T13:59:43+08:00 ] 183.252.95.131 /index.php?m=car&c=list&a=index
INFO: [ app_init ] --START--
INFO: Run Behavior\BuildLiteBehavior [ RunTime:0.000013s ]
INFO: [ app_init ] --END-- [ RunTime:0.000084s ]
INFO: [ app_begin ] --START--
INFO: Run Behavior\ReadHtmlCacheBehavior [ RunTime:0.000029s ]
INFO: [ app_begin ] --END-- [ RunTime:0.000050s ]
NOTIC: [8] Undefined index: p /var/www/html/shequ/Application/Car/Controller/ListController.class.php 第 8 行.
NOTIC: [8] Undefined index: pageSize /var/www/html/shequ/Application/Car/Controller/ListController.class.php 第 9 行.
NOTIC: [8] Use of undefined constant admin - assumed 'admin' /var/www/html/shequ/Application/Car/Controller/ListController.class.php 第 12 行.
NOTIC: [8] Use of undefined constant community - assumed 'community' /var/www/html/shequ/Application/Car/Controller/ListController.class.php 第 12 行.
SQL: SHOW COLUMNS FROM `car` [ RunTime:0.0007s ]
SQL: SELECT COUNT(*) AS tp_count FROM `car` WHERE `community` = 2 LIMIT 1   [ RunTime:0.0005s ]
SQL: SELECT * FROM `car` WHERE `community` = 2 LIMIT 0,9   [ RunTime:0.0004s ]
INFO: [ view_parse ] --START--
INFO: [ template_filter ] --START--
INFO: Run Behavior\ContentReplaceBehavior [ RunTime:0.000033s ]
INFO: [ template_filter ] --END-- [ RunTime:0.000063s ]
NOTIC: [8] Undefined variable: taskCount /var/www/html/shequ/Application/Runtime/Cache/Car/6dd928699fc307ffbfe3f69bdbc28a87.php 第 46 行.
INFO: Run Behavior\ParseTemplateBehavior [ RunTime:0.004180s ]
INFO: [ view_parse ] --END-- [ RunTime:0.004207s ]
INFO: [ view_filter ] --START--
INFO: Run Behavior\WriteHtmlCacheBehavior [ RunTime:0.000031s ]
INFO: [ view_filter ] --END-- [ RunTime:0.000047s ]
INFO: [ app_end ] --START--
INFO: Run Behavior\ShowPageTraceBehavior [ RunTime:0.000031s ]
INFO: [ app_end ] --END-- [ RunTime:0.000061s ]

[ 2019-02-14T13:59:45+08:00 ] 183.252.95.131 /index.php?m=car&c=add&a=index
INFO: [ app_init ] --START--
INFO: Run Behavior\BuildLiteBehavior [ RunTime:0.000012s ]
INFO: [ app_init ] --END-- [ RunTime:0.000082s ]
INFO: [ app_begin ] --START--
INFO: Run Behavior\ReadHtmlCacheBehavior [ RunTime:0.000032s ]
INFO: [ app_begin ] --END-- [ RunTime:0.000065s ]
INFO: [ view_parse ] --START--
INFO: [ template_filter ] --START--
INFO: Run Behavior\ContentReplaceBehavior [ RunTime:0.000052s ]
INFO: [ template_filter ] --END-- [ RunTime:0.000098s ]
NOTIC: [8] Undefined variable: taskCount /var/www/html/shequ/Application/Runtime/Cache/Car/b9a3153c9531e884a409488592ead2e3.php 第 46 行.
INFO: Run Behavior\ParseTemplateBehavior [ RunTime:0.005655s ]
INFO: [ view_parse ] --END-- [ RunTime:0.005691s ]
INFO: [ view_filter ] --START--
INFO: Run Behavior\WriteHtmlCacheBehavior [ RunTime:0.000035s ]
INFO: [ view_filter ] --END-- [ RunTime:0.000062s ]
INFO: [ app_end ] --START--
INFO: Run Behavior\ShowPageTraceBehavior [ RunTime:0.000033s ]
INFO: [ app_end ] --END-- [ RunTime:0.000067s ]

[ 2019-02-14T13:59:53+08:00 ] 183.252.95.131 /index.php?m=car&c=add&a=add
INFO: [ app_init ] --START--
INFO: Run Behavior\BuildLiteBehavior [ RunTime:0.000010s ]
INFO: [ app_init ] --END-- [ RunTime:0.000062s ]
INFO: [ app_begin ] --START--
INFO: Run Behavior\ReadHtmlCacheBehavior [ RunTime:0.000025s ]
INFO: [ app_begin ] --END-- [ RunTime:0.000044s ]
SQL: SHOW COLUMNS FROM `car` [ RunTime:0.0008s ]
ERR: 1364:Field 'cardId' doesn't have a default value
 [ SQL语句 ] : INSERT INTO `car` (`community`,`name`,`phone`,`carBrand`,`carType`,`carId`) VALUES ('2','1212','1212','1212','1','1212')
ERR: 1364:Field 'cardId' doesn't have a default value
 [ SQL语句 ] : INSERT INTO `car` (`community`,`name`,`phone`,`carBrand`,`carType`,`carId`) VALUES ('2','1212','1212','1212','1','1212')

[ 2019-02-14T14:00:17+08:00 ] 183.252.95.131 /index.php?m=car&c=list&a=index
INFO: [ app_init ] --START--
INFO: Run Behavior\BuildLiteBehavior [ RunTime:0.000014s ]
INFO: [ app_init ] --END-- [ RunTime:0.000096s ]
INFO: [ app_begin ] --START--
INFO: Run Behavior\ReadHtmlCacheBehavior [ RunTime:0.000039s ]
INFO: [ app_begin ] --END-- [ RunTime:0.000078s ]
NOTIC: [8] Undefined index: p /var/www/html/shequ/Application/Car/Controller/ListController.class.php 第 8 行.
NOTIC: [8] Undefined index: pageSize /var/www/html/shequ/Application/Car/Controller/ListController.class.php 第 9 行.
NOTIC: [8] Use of undefined constant admin - assumed 'admin' /var/www/html/shequ/Application/Car/Controller/ListController.class.php 第 12 行.
NOTIC: [8] Use of undefined constant community - assumed 'community' /var/www/html/shequ/Application/Car/Controller/ListController.class.php 第 12 行.
SQL: SHOW COLUMNS FROM `car` [ RunTime:0.0008s ]
SQL: SELECT COUNT(*) AS tp_count FROM `car` WHERE `community` = 2 LIMIT 1   [ RunTime:0.0005s ]
SQL: SELECT * FROM `car` WHERE `community` = 2 LIMIT 0,9   [ RunTime:0.0006s ]
INFO: [ view_parse ] --START--
INFO: [ template_filter ] --START--
INFO: Run Behavior\ContentReplaceBehavior [ RunTime:0.000035s ]
INFO: [ template_filter ] --END-- [ RunTime:0.000066s ]
NOTIC: [8] Undefined variable: taskCount /var/www/html/shequ/Application/Runtime/Cache/Car/6dd928699fc307ffbfe3f69bdbc28a87.php 第 46 行.
INFO: Run Behavior\ParseTemplateBehavior [ RunTime:0.004172s ]
INFO: [ view_parse ] --END-- [ RunTime:0.004204s ]
INFO: [ view_filter ] --START--
INFO: Run Behavior\WriteHtmlCacheBehavior [ RunTime:0.000030s ]
INFO: [ view_filter ] --END-- [ RunTime:0.000046s ]
INFO: [ app_end ] --START--
INFO: Run Behavior\ShowPageTraceBehavior [ RunTime:0.000026s ]
INFO: [ app_end ] --END-- [ RunTime:0.000060s ]

[ 2019-02-14T14:01:12+08:00 ] 183.252.95.131 /index.php?m=car&c=add&a=index
INFO: [ app_init ] --START--
INFO: Run Behavior\BuildLiteBehavior [ RunTime:0.000009s ]
INFO: [ app_init ] --END-- [ RunTime:0.000062s ]
INFO: [ app_begin ] --START--
INFO: Run Behavior\ReadHtmlCacheBehavior [ RunTime:0.000033s ]
INFO: [ app_begin ] --END-- [ RunTime:0.000056s ]
INFO: [ view_parse ] --START--
INFO: [ template_filter ] --START--
INFO: Run Behavior\ContentReplaceBehavior [ RunTime:0.000036s ]
INFO: [ template_filter ] --END-- [ RunTime:0.000064s ]
NOTIC: [8] Undefined variable: taskCount /var/www/html/shequ/Application/Runtime/Cache/Car/b9a3153c9531e884a409488592ead2e3.php 第 46 行.
INFO: Run Behavior\ParseTemplateBehavior [ RunTime:0.003572s ]
INFO: [ view_parse ] --END-- [ RunTime:0.003609s ]
INFO: [ view_filter ] --START--
INFO: Run Behavior\WriteHtmlCacheBehavior [ RunTime:0.000032s ]
INFO: [ view_filter ] --END-- [ RunTime:0.000049s ]
INFO: [ app_end ] --START--
INFO: Run Behavior\ShowPageTraceBehavior [ RunTime:0.000036s ]
INFO: [ app_end ] --END-- [ RunTime:0.000064s ]

[ 2019-02-14T14:01:14+08:00 ] 183.252.95.131 /index.php?m=car&c=add&a=index
INFO: [ app_init ] --START--
INFO: Run Behavior\BuildLiteBehavior [ RunTime:0.000009s ]
INFO: [ app_init ] --END-- [ RunTime:0.000061s ]
INFO: [ app_begin ] --START--
INFO: Run Behavior\ReadHtmlCacheBehavior [ RunTime:0.000024s ]
INFO: [ app_begin ] --END-- [ RunTime:0.000046s ]
INFO: [ view_parse ] --START--
INFO: [ template_filter ] --START--
INFO: Run Behavior\ContentReplaceBehavior [ RunTime:0.000037s ]
INFO: [ template_filter ] --END-- [ RunTime:0.000080s ]
NOTIC: [8] Undefined variable: taskCount /var/www/html/shequ/Application/Runtime/Cache/Car/b9a3153c9531e884a409488592ead2e3.php 第 46 行.
INFO: Run Behavior\ParseTemplateBehavior [ RunTime:0.003783s ]
INFO: [ view_parse ] --END-- [ RunTime:0.003808s ]
INFO: [ view_filter ] --START--
INFO: Run Behavior\WriteHtmlCacheBehavior [ RunTime:0.000025s ]
INFO: [ view_filter ] --END-- [ RunTime:0.000041s ]
INFO: [ app_end ] --START--
INFO: Run Behavior\ShowPageTraceBehavior [ RunTime:0.000037s ]
INFO: [ app_end ] --END-- [ RunTime:0.000076s ]

[ 2019-02-14T14:01:18+08:00 ] 183.252.95.131 /index.php?m=car&c=add&a=getInfo
INFO: [ app_init ] --START--
INFO: Run Behavior\BuildLiteBehavior [ RunTime:0.000012s ]
INFO: [ app_init ] --END-- [ RunTime:0.000075s ]
INFO: [ app_begin ] --START--
INFO: Run Behavior\ReadHtmlCacheBehavior [ RunTime:0.000028s ]
INFO: [ app_begin ] --END-- [ RunTime:0.000049s ]
NOTIC: [8] Use of undefined constant admin - assumed 'admin' /var/www/html/shequ/Application/Car/Controller/AddController.class.php 第 15 行.
NOTIC: [8] Use of undefined constant community - assumed 'community' /var/www/html/shequ/Application/Car/Controller/AddController.class.php 第 15 行.
SQL: SHOW COLUMNS FROM `house` [ RunTime:0.0007s ]
SQL: SELECT * FROM `house` WHERE `buildNum` = '12' AND `unitNum` = '12' AND `roomNum` = '12' AND `community` = 2 LIMIT 1   [ RunTime:0.0005s ]

[ 2019-02-14T14:01:33+08:00 ] 183.252.95.131 /index.php?m=car&c=add&a=getInfo
INFO: [ app_init ] --START--
INFO: Run Behavior\BuildLiteBehavior [ RunTime:0.000010s ]
INFO: [ app_init ] --END-- [ RunTime:0.000065s ]
INFO: [ app_begin ] --START--
INFO: Run Behavior\ReadHtmlCacheBehavior [ RunTime:0.000035s ]
INFO: [ app_begin ] --END-- [ RunTime:0.000063s ]
NOTIC: [8] Use of undefined constant admin - assumed 'admin' /var/www/html/shequ/Application/Car/Controller/AddController.class.php 第 15 行.
NOTIC: [8] Use of undefined constant community - assumed 'community' /var/www/html/shequ/Application/Car/Controller/AddController.class.php 第 15 行.
SQL: SHOW COLUMNS FROM `house` [ RunTime:0.0007s ]
SQL: SELECT * FROM `house` WHERE `buildNum` = '12' AND `unitNum` = '12' AND `roomNum` = '12' AND `community` = 2 LIMIT 1   [ RunTime:0.0005s ]

[ 2019-02-14T14:02:51+08:00 ] 183.252.95.131 /index.php?m=car&c=add&a=index
INFO: [ app_init ] --START--
INFO: Run Behavior\BuildLiteBehavior [ RunTime:0.000008s ]
INFO: [ app_init ] --END-- [ RunTime:0.000063s ]
INFO: [ app_begin ] --START--
INFO: Run Behavior\ReadHtmlCacheBehavior [ RunTime:0.000031s ]
INFO: [ app_begin ] --END-- [ RunTime:0.000070s ]
INFO: [ view_parse ] --START--
INFO: [ template_filter ] --START--
INFO: Run Behavior\ContentReplaceBehavior [ RunTime:0.000033s ]
INFO: [ template_filter ] --END-- [ RunTime:0.000063s ]
NOTIC: [8] Undefined variable: taskCount /var/www/html/shequ/Application/Runtime/Cache/Car/b9a3153c9531e884a409488592ead2e3.php 第 46 行.
INFO: Run Behavior\ParseTemplateBehavior [ RunTime:0.003695s ]
INFO: [ view_parse ] --END-- [ RunTime:0.003722s ]
INFO: [ view_filter ] --START--
INFO: Run Behavior\WriteHtmlCacheBehavior [ RunTime:0.000047s ]
INFO: [ view_filter ] --END-- [ RunTime:0.000065s ]
INFO: [ app_end ] --START--
INFO: Run Behavior\ShowPageTraceBehavior [ RunTime:0.000032s ]
INFO: [ app_end ] --END-- [ RunTime:0.000055s ]

[ 2019-02-14T14:02:53+08:00 ] 183.252.95.131 /index.php?m=car&c=add&a=getInfo
INFO: [ app_init ] --START--
INFO: Run Behavior\BuildLiteBehavior [ RunTime:0.000008s ]
INFO: [ app_init ] --END-- [ RunTime:0.000057s ]
INFO: [ app_begin ] --START--
INFO: Run Behavior\ReadHtmlCacheBehavior [ RunTime:0.000022s ]
INFO: [ app_begin ] --END-- [ RunTime:0.000042s ]
NOTIC: [8] Use of undefined constant admin - assumed 'admin' /var/www/html/shequ/Application/Car/Controller/AddController.class.php 第 15 行.
NOTIC: [8] Use of undefined constant community - assumed 'community' /var/www/html/shequ/Application/Car/Controller/AddController.class.php 第 15 行.
SQL: SHOW COLUMNS FROM `house` [ RunTime:0.0007s ]
SQL: SELECT * FROM `house` WHERE `buildNum` = '12' AND `unitNum` = '12' AND `roomNum` = '12' AND `community` = 2 LIMIT 1   [ RunTime:0.0005s ]

[ 2019-02-14T14:03:04+08:00 ] 183.252.95.131 /index.php?m=car&c=add&a=add
INFO: [ app_init ] --START--
INFO: Run Behavior\BuildLiteBehavior [ RunTime:0.000010s ]
INFO: [ app_init ] --END-- [ RunTime:0.000067s ]
INFO: [ app_begin ] --START--
INFO: Run Behavior\ReadHtmlCacheBehavior [ RunTime:0.000025s ]
INFO: [ app_begin ] --END-- [ RunTime:0.000045s ]
SQL: SHOW COLUMNS FROM `car` [ RunTime:0.0007s ]
SQL: INSERT INTO `car` (`community`,`cardId`,`name`,`phone`,`carBrand`,`carType`,`carId`) VALUES ('2','1212','哈哈','32','劳斯莱斯','1','121') [ RunTime:0.0111s ]

[ 2019-02-14T14:03:05+08:00 ] 183.252.95.131 /index.php?m=car&c=list&a=index
INFO: [ app_init ] --START--
INFO: Run Behavior\BuildLiteBehavior [ RunTime:0.000009s ]
INFO: [ app_init ] --END-- [ RunTime:0.000056s ]
INFO: [ app_begin ] --START--
INFO: Run Behavior\ReadHtmlCacheBehavior [ RunTime:0.000032s ]
INFO: [ app_begin ] --END-- [ RunTime:0.000053s ]
NOTIC: [8] Undefined index: p /var/www/html/shequ/Application/Car/Controller/ListController.class.php 第 8 行.
NOTIC: [8] Undefined index: pageSize /var/www/html/shequ/Application/Car/Controller/ListController.class.php 第 9 行.
NOTIC: [8] Use of undefined constant admin - assumed 'admin' /var/www/html/shequ/Application/Car/Controller/ListController.class.php 第 12 行.
NOTIC: [8] Use of undefined constant community - assumed 'community' /var/www/html/shequ/Application/Car/Controller/ListController.class.php 第 12 行.
SQL: SHOW COLUMNS FROM `car` [ RunTime:0.0007s ]
SQL: SELECT COUNT(*) AS tp_count FROM `car` WHERE `community` = 2 LIMIT 1   [ RunTime:0.0005s ]
SQL: SELECT * FROM `car` WHERE `community` = 2 LIMIT 0,9   [ RunTime:0.0004s ]
INFO: [ view_parse ] --START--
INFO: [ template_filter ] --START--
INFO: Run Behavior\ContentReplaceBehavior [ RunTime:0.000039s ]
INFO: [ template_filter ] --END-- [ RunTime:0.000074s ]
NOTIC: [8] Undefined variable: taskCount /var/www/html/shequ/Application/Runtime/Cache/Car/6dd928699fc307ffbfe3f69bdbc28a87.php 第 46 行.
INFO: Run Behavior\ParseTemplateBehavior [ RunTime:0.004726s ]
INFO: [ view_parse ] --END-- [ RunTime:0.004765s ]
INFO: [ view_filter ] --START--
INFO: Run Behavior\WriteHtmlCacheBehavior [ RunTime:0.000054s ]
INFO: [ view_filter ] --END-- [ RunTime:0.000075s ]
INFO: [ app_end ] --START--
INFO: Run Behavior\ShowPageTraceBehavior [ RunTime:0.000032s ]
INFO: [ app_end ] --END-- [ RunTime:0.000056s ]

[ 2019-02-14T14:03:06+08:00 ] 183.252.95.131 /index.php?m=car&c=information&a=index&id=12
INFO: [ app_init ] --START--
INFO: Run Behavior\BuildLiteBehavior [ RunTime:0.000009s ]
INFO: [ app_init ] --END-- [ RunTime:0.000059s ]
INFO: [ app_begin ] --START--
INFO: Run Behavior\ReadHtmlCacheBehavior [ RunTime:0.000024s ]
INFO: [ app_begin ] --END-- [ RunTime:0.000045s ]
SQL: SHOW COLUMNS FROM `car` [ RunTime:0.0007s ]
SQL: SELECT * FROM `car` WHERE ( id="12" ) LIMIT 1   [ RunTime:0.0005s ]
SQL: SHOW COLUMNS FROM `house` [ RunTime:0.0006s ]
SQL: SELECT * FROM `house` WHERE `cardId` = '1212'  [ RunTime:0.0005s ]
SQL: SELECT COUNT(*) AS tp_count FROM `house` WHERE `cardId` = '1212' LIMIT 1   [ RunTime:0.0004s ]
INFO: [ view_parse ] --START--
INFO: [ template_filter ] --START--
INFO: Run Behavior\ContentReplaceBehavior [ RunTime:0.000033s ]
INFO: [ template_filter ] --END-- [ RunTime:0.000060s ]
NOTIC: [8] Undefined variable: taskCount /var/www/html/shequ/Application/Runtime/Cache/Car/f7cc418602cf721599b5d0ef701a6e9d.php 第 46 行.
INFO: Run Behavior\ParseTemplateBehavior [ RunTime:0.003418s ]
INFO: [ view_parse ] --END-- [ RunTime:0.003444s ]
INFO: [ view_filter ] --START--
INFO: Run Behavior\WriteHtmlCacheBehavior [ RunTime:0.000025s ]
INFO: [ view_filter ] --END-- [ RunTime:0.000041s ]
INFO: [ app_end ] --START--
INFO: Run Behavior\ShowPageTraceBehavior [ RunTime:0.000023s ]
INFO: [ app_end ] --END-- [ RunTime:0.000044s ]

[ 2019-02-14T14:03:07+08:00 ] 183.252.95.131 /index.php?m=car&c=list&a=index
INFO: [ app_init ] --START--
INFO: Run Behavior\BuildLiteBehavior [ RunTime:0.000036s ]
INFO: [ app_init ] --END-- [ RunTime:0.000117s ]
INFO: [ app_begin ] --START--
INFO: Run Behavior\ReadHtmlCacheBehavior [ RunTime:0.000028s ]
INFO: [ app_begin ] --END-- [ RunTime:0.000052s ]
NOTIC: [8] Undefined index: p /var/www/html/shequ/Application/Car/Controller/ListController.class.php 第 8 行.
NOTIC: [8] Undefined index: pageSize /var/www/html/shequ/Application/Car/Controller/ListController.class.php 第 9 行.
NOTIC: [8] Use of undefined constant admin - assumed 'admin' /var/www/html/shequ/Application/Car/Controller/ListController.class.php 第 12 行.
NOTIC: [8] Use of undefined constant community - assumed 'community' /var/www/html/shequ/Application/Car/Controller/ListController.class.php 第 12 行.
SQL: SHOW COLUMNS FROM `car` [ RunTime:0.0008s ]
SQL: SELECT COUNT(*) AS tp_count FROM `car` WHERE `community` = 2 LIMIT 1   [ RunTime:0.0004s ]
SQL: SELECT * FROM `car` WHERE `community` = 2 LIMIT 0,9   [ RunTime:0.0004s ]
INFO: [ view_parse ] --START--
INFO: [ template_filter ] --START--
INFO: Run Behavior\ContentReplaceBehavior [ RunTime:0.000050s ]
INFO: [ template_filter ] --END-- [ RunTime:0.000090s ]
NOTIC: [8] Undefined variable: taskCount /var/www/html/shequ/Application/Runtime/Cache/Car/6dd928699fc307ffbfe3f69bdbc28a87.php 第 46 行.
INFO: Run Behavior\ParseTemplateBehavior [ RunTime:0.004093s ]
INFO: [ view_parse ] --END-- [ RunTime:0.004120s ]
INFO: [ view_filter ] --START--
INFO: Run Behavior\WriteHtmlCacheBehavior [ RunTime:0.000025s ]
INFO: [ view_filter ] --END-- [ RunTime:0.000043s ]
INFO: [ app_end ] --START--
INFO: Run Behavior\ShowPageTraceBehavior [ RunTime:0.000040s ]
INFO: [ app_end ] --END-- [ RunTime:0.000066s ]

[ 2019-02-14T14:05:45+08:00 ] 183.252.95.131 /index.php?m=car&c=list&a=index
INFO: [ app_init ] --START--
INFO: Run Behavior\BuildLiteBehavior [ RunTime:0.000008s ]
INFO: [ app_init ] --END-- [ RunTime:0.000062s ]
INFO: [ app_begin ] --START--
INFO: Run Behavior\ReadHtmlCacheBehavior [ RunTime:0.000028s ]
INFO: [ app_begin ] --END-- [ RunTime:0.000049s ]
NOTIC: [8] Undefined index: p /var/www/html/shequ/Application/Car/Controller/ListController.class.php 第 8 行.
NOTIC: [8] Undefined index: pageSize /var/www/html/shequ/Application/Car/Controller/ListController.class.php 第 9 行.
NOTIC: [8] Use of undefined constant admin - assumed 'admin' /var/www/html/shequ/Application/Car/Controller/ListController.class.php 第 12 行.
NOTIC: [8] Use of undefined constant community - assumed 'community' /var/www/html/shequ/Application/Car/Controller/ListController.class.php 第 12 行.
SQL: SHOW COLUMNS FROM `car` [ RunTime:0.0007s ]
SQL: SELECT COUNT(*) AS tp_count FROM `car` WHERE `community` = 2 LIMIT 1   [ RunTime:0.0005s ]
SQL: SELECT * FROM `car` WHERE `community` = 2 LIMIT 0,9   [ RunTime:0.0004s ]
INFO: [ view_parse ] --START--
INFO: [ template_filter ] --START--
INFO: Run Behavior\ContentReplaceBehavior [ RunTime:0.000033s ]
INFO: [ template_filter ] --END-- [ RunTime:0.000064s ]
NOTIC: [8] Undefined variable: taskCount /var/www/html/shequ/Application/Runtime/Cache/Car/6dd928699fc307ffbfe3f69bdbc28a87.php 第 46 行.
INFO: Run Behavior\ParseTemplateBehavior [ RunTime:0.003846s ]
INFO: [ view_parse ] --END-- [ RunTime:0.003872s ]
INFO: [ view_filter ] --START--
INFO: Run Behavior\WriteHtmlCacheBehavior [ RunTime:0.000028s ]
INFO: [ view_filter ] --END-- [ RunTime:0.000050s ]
INFO: [ app_end ] --START--
INFO: Run Behavior\ShowPageTraceBehavior [ RunTime:0.000039s ]
INFO: [ app_end ] --END-- [ RunTime:0.000065s ]

[ 2019-02-14T19:05:57+08:00 ] 183.252.95.131 /index.php?m=car&c=list&a=index
INFO: [ app_init ] --START--
INFO: Run Behavior\BuildLiteBehavior [ RunTime:0.000009s ]
INFO: [ app_init ] --END-- [ RunTime:0.000066s ]
INFO: [ app_begin ] --START--
INFO: Run Behavior\ReadHtmlCacheBehavior [ RunTime:0.000032s ]
INFO: [ app_begin ] --END-- [ RunTime:0.000060s ]
NOTIC: [8] Undefined index: p /var/www/html/shequ/Application/Car/Controller/ListController.class.php 第 8 行.
NOTIC: [8] Undefined index: pageSize /var/www/html/shequ/Application/Car/Controller/ListController.class.php 第 9 行.
NOTIC: [8] Use of undefined constant admin - assumed 'admin' /var/www/html/shequ/Application/Car/Controller/ListController.class.php 第 12 行.
NOTIC: [8] Use of undefined constant community - assumed 'community' /var/www/html/shequ/Application/Car/Controller/ListController.class.php 第 12 行.
SQL: SHOW COLUMNS FROM `car` [ RunTime:0.0007s ]
SQL: SELECT COUNT(*) AS tp_count FROM `car` WHERE `community` = 2 LIMIT 1   [ RunTime:0.0004s ]
SQL: SELECT * FROM `car` WHERE `community` = 2 LIMIT 0,9   [ RunTime:0.0004s ]
INFO: [ view_parse ] --START--
INFO: [ template_filter ] --START--
INFO: Run Behavior\ContentReplaceBehavior [ RunTime:0.000034s ]
INFO: [ template_filter ] --END-- [ RunTime:0.000065s ]
NOTIC: [8] Undefined variable: taskCount /var/www/html/shequ/Application/Runtime/Cache/Car/6dd928699fc307ffbfe3f69bdbc28a87.php 第 46 行.
INFO: Run Behavior\ParseTemplateBehavior [ RunTime:0.004044s ]
INFO: [ view_parse ] --END-- [ RunTime:0.004073s ]
INFO: [ view_filter ] --START--
INFO: Run Behavior\WriteHtmlCacheBehavior [ RunTime:0.000033s ]
INFO: [ view_filter ] --END-- [ RunTime:0.000053s ]
INFO: [ app_end ] --START--
INFO: Run Behavior\ShowPageTraceBehavior [ RunTime:0.000029s ]
INFO: [ app_end ] --END-- [ RunTime:0.000050s ]

[ 2019-02-14T19:13:20+08:00 ] 183.252.95.131 /index.php?m=car&c=list&a=index
INFO: [ app_init ] --START--
INFO: Run Behavior\BuildLiteBehavior [ RunTime:0.000009s ]
INFO: [ app_init ] --END-- [ RunTime:0.000071s ]
INFO: [ app_begin ] --START--
INFO: Run Behavior\ReadHtmlCacheBehavior [ RunTime:0.000027s ]
INFO: [ app_begin ] --END-- [ RunTime:0.000049s ]
NOTIC: [8] Undefined index: p /var/www/html/shequ/Application/Car/Controller/ListController.class.php 第 8 行.
NOTIC: [8] Undefined index: pageSize /var/www/html/shequ/Application/Car/Controller/ListController.class.php 第 9 行.
NOTIC: [8] Use of undefined constant admin - assumed 'admin' /var/www/html/shequ/Application/Car/Controller/ListController.class.php 第 12 行.
NOTIC: [8] Use of undefined constant community - assumed 'community' /var/www/html/shequ/Application/Car/Controller/ListController.class.php 第 12 行.
SQL: SHOW COLUMNS FROM `car` [ RunTime:0.0007s ]
SQL: SELECT COUNT(*) AS tp_count FROM `car` WHERE `community` = 2 LIMIT 1   [ RunTime:0.0004s ]
SQL: SELECT * FROM `car` WHERE `community` = 2 LIMIT 0,9   [ RunTime:0.0004s ]
INFO: [ view_parse ] --START--
INFO: [ template_filter ] --START--
INFO: Run Behavior\ContentReplaceBehavior [ RunTime:0.000034s ]
INFO: [ template_filter ] --END-- [ RunTime:0.000061s ]
NOTIC: [8] Undefined variable: taskCount /var/www/html/shequ/Application/Runtime/Cache/Car/6dd928699fc307ffbfe3f69bdbc28a87.php 第 46 行.
INFO: Run Behavior\ParseTemplateBehavior [ RunTime:0.003899s ]
INFO: [ view_parse ] --END-- [ RunTime:0.003924s ]
INFO: [ view_filter ] --START--
INFO: Run Behavior\WriteHtmlCacheBehavior [ RunTime:0.000032s ]
INFO: [ view_filter ] --END-- [ RunTime:0.000048s ]
INFO: [ app_end ] --START--
INFO: Run Behavior\ShowPageTraceBehavior [ RunTime:0.000029s ]
INFO: [ app_end ] --END-- [ RunTime:0.000055s ]

[ 2019-02-14T19:48:54+08:00 ] 183.252.95.131 /index.php?m=car&c=list&a=index
INFO: [ app_init ] --START--
INFO: Run Behavior\BuildLiteBehavior [ RunTime:0.000010s ]
INFO: [ app_init ] --END-- [ RunTime:0.000065s ]
INFO: [ app_begin ] --START--
INFO: Run Behavior\ReadHtmlCacheBehavior [ RunTime:0.000026s ]
INFO: [ app_begin ] --END-- [ RunTime:0.000047s ]
NOTIC: [8] Undefined index: p /var/www/html/shequ/Application/Car/Controller/ListController.class.php 第 8 行.
NOTIC: [8] Undefined index: pageSize /var/www/html/shequ/Application/Car/Controller/ListController.class.php 第 9 行.
NOTIC: [8] Use of undefined constant admin - assumed 'admin' /var/www/html/shequ/Application/Car/Controller/ListController.class.php 第 12 行.
NOTIC: [8] Use of undefined constant community - assumed 'community' /var/www/html/shequ/Application/Car/Controller/ListController.class.php 第 12 行.
SQL: SHOW COLUMNS FROM `car` [ RunTime:0.0007s ]
SQL: SELECT COUNT(*) AS tp_count FROM `car` WHERE `community` = 1 LIMIT 1   [ RunTime:0.0005s ]
SQL: SELECT * FROM `car` WHERE `community` = 1 LIMIT 0,9   [ RunTime:0.0004s ]
INFO: [ view_parse ] --START--
INFO: [ template_filter ] --START--
INFO: Run Behavior\ContentReplaceBehavior [ RunTime:0.000046s ]
INFO: [ template_filter ] --END-- [ RunTime:0.000083s ]
NOTIC: [8] Undefined variable: taskCount /var/www/html/shequ/Application/Runtime/Cache/Car/6dd928699fc307ffbfe3f69bdbc28a87.php 第 46 行.
INFO: Run Behavior\ParseTemplateBehavior [ RunTime:0.004011s ]
INFO: [ view_parse ] --END-- [ RunTime:0.004038s ]
INFO: [ view_filter ] --START--
INFO: Run Behavior\WriteHtmlCacheBehavior [ RunTime:0.000029s ]
INFO: [ view_filter ] --END-- [ RunTime:0.000046s ]
INFO: [ app_end ] --START--
INFO: Run Behavior\ShowPageTraceBehavior [ RunTime:0.000028s ]
INFO: [ app_end ] --END-- [ RunTime:0.000048s ]

[ 2019-02-14T20:50:02+08:00 ] 183.252.95.131 /index.php?m=car&c=list&a=index
INFO: [ app_init ] --START--
INFO: Run Behavior\BuildLiteBehavior [ RunTime:0.000015s ]
INFO: [ app_init ] --END-- [ RunTime:0.000094s ]
INFO: [ app_begin ] --START--
INFO: Run Behavior\ReadHtmlCacheBehavior [ RunTime:0.000040s ]
INFO: [ app_begin ] --END-- [ RunTime:0.000082s ]
NOTIC: [8] Undefined index: p /var/www/html/shequ/Application/Car/Controller/ListController.class.php 第 8 行.
NOTIC: [8] Undefined index: pageSize /var/www/html/shequ/Application/Car/Controller/ListController.class.php 第 9 行.
NOTIC: [8] Use of undefined constant admin - assumed 'admin' /var/www/html/shequ/Application/Car/Controller/ListController.class.php 第 12 行.
NOTIC: [8] Use of undefined constant community - assumed 'community' /var/www/html/shequ/Application/Car/Controller/ListController.class.php 第 12 行.
SQL: SHOW COLUMNS FROM `car` [ RunTime:0.0009s ]
SQL: SELECT COUNT(*) AS tp_count FROM `car` WHERE `community` = 2 LIMIT 1   [ RunTime:0.0005s ]
SQL: SELECT * FROM `car` WHERE `community` = 2 LIMIT 0,9   [ RunTime:0.0005s ]
INFO: [ view_parse ] --START--
INFO: [ template_filter ] --START--
INFO: Run Behavior\ContentReplaceBehavior [ RunTime:0.000056s ]
INFO: [ template_filter ] --END-- [ RunTime:0.000129s ]
NOTIC: [8] Undefined variable: taskCount /var/www/html/shequ/Application/Runtime/Cache/Car/6dd928699fc307ffbfe3f69bdbc28a87.php 第 46 行.
INFO: Run Behavior\ParseTemplateBehavior [ RunTime:0.006753s ]
INFO: [ view_parse ] --END-- [ RunTime:0.006799s ]
INFO: [ view_filter ] --START--
INFO: Run Behavior\WriteHtmlCacheBehavior [ RunTime:0.000059s ]
INFO: [ view_filter ] --END-- [ RunTime:0.000090s ]
INFO: [ app_end ] --START--
INFO: Run Behavior\ShowPageTraceBehavior [ RunTime:0.000041s ]
INFO: [ app_end ] --END-- [ RunTime:0.000084s ]

[ 2019-02-14T21:53:15+08:00 ] 183.252.78.106 /Car/addCar.html
INFO: [ app_init ] --START--
INFO: Run Behavior\BuildLiteBehavior [ RunTime:0.000008s ]
INFO: [ app_init ] --END-- [ RunTime:0.000057s ]
INFO: [ app_begin ] --START--
INFO: Run Behavior\ReadHtmlCacheBehavior [ RunTime:0.000027s ]
INFO: [ app_begin ] --END-- [ RunTime:0.000052s ]
ERR: 无法加载控制器:AddCar

[ 2019-02-14T21:53:19+08:00 ] 180.163.220.68 /Car/addCar.html
INFO: [ app_init ] --START--
INFO: Run Behavior\BuildLiteBehavior [ RunTime:0.000009s ]
INFO: [ app_init ] --END-- [ RunTime:0.000056s ]
INFO: [ app_begin ] --START--
INFO: Run Behavior\ReadHtmlCacheBehavior [ RunTime:0.000024s ]
INFO: [ app_begin ] --END-- [ RunTime:0.000046s ]
ERR: 无法加载控制器:AddCar

[ 2019-02-14T21:53:24+08:00 ] 42.236.10.124 /Car/addCar.html
INFO: [ app_init ] --START--
INFO: Run Behavior\BuildLiteBehavior [ RunTime:0.000015s ]
INFO: [ app_init ] --END-- [ RunTime:0.000086s ]
INFO: [ app_begin ] --START--
INFO: Run Behavior\ReadHtmlCacheBehavior [ RunTime:0.000026s ]
INFO: [ app_begin ] --END-- [ RunTime:0.000049s ]
ERR: 无法加载控制器:AddCar

