[ 2019-04-11T00:31:28+08:00 ] 112.120.111.247 /index.php?m=house&c=list&a=index
INFO: [ app_init ] --START--
INFO: Run Behavior\BuildLiteBehavior [ RunTime:0.000021s ]
INFO: [ app_init ] --END-- [ RunTime:0.000213s ]
INFO: [ app_begin ] --START--
INFO: Run Behavior\ReadHtmlCacheBehavior [ RunTime:0.000088s ]
INFO: [ app_begin ] --END-- [ RunTime:0.000150s ]
INFO: [ view_parse ] --START--
INFO: [ template_filter ] --START--
INFO: Run Behavior\ContentReplaceBehavior [ RunTime:0.000029s ]
INFO: [ template_filter ] --END-- [ RunTime:0.000073s ]
INFO: Run Behavior\ParseTemplateBehavior [ RunTime:0.015217s ]
INFO: [ view_parse ] --END-- [ RunTime:0.015264s ]
INFO: [ view_filter ] --START--
INFO: Run Behavior\WriteHtmlCacheBehavior [ RunTime:0.000037s ]
INFO: [ view_filter ] --END-- [ RunTime:0.000053s ]

[ 2019-04-11T00:33:17+08:00 ] 112.120.111.247 /index.php?m=house&c=list&a=index
INFO: [ app_init ] --START--
INFO: Run Behavior\BuildLiteBehavior [ RunTime:0.000013s ]
INFO: [ app_init ] --END-- [ RunTime:0.000093s ]
INFO: [ app_begin ] --START--
INFO: Run Behavior\ReadHtmlCacheBehavior [ RunTime:0.000042s ]
INFO: [ app_begin ] --END-- [ RunTime:0.000078s ]
NOTIC: [8] Undefined index: p /var/www/html/shequ/Application/House/Controller/ListController.class.php 第 8 行.
NOTIC: [8] Undefined index: pageSize /var/www/html/shequ/Application/House/Controller/ListController.class.php 第 9 行.
NOTIC: [8] Use of undefined constant admin - assumed 'admin' /var/www/html/shequ/Application/House/Controller/ListController.class.php 第 12 行.
NOTIC: [8] Use of undefined constant community - assumed 'community' /var/www/html/shequ/Application/House/Controller/ListController.class.php 第 12 行.
SQL: SHOW COLUMNS FROM `house` [ RunTime:0.0008s ]
SQL: SELECT COUNT(*) AS tp_count FROM `house` WHERE `community` = 3 LIMIT 1   [ RunTime:0.0012s ]
SQL: SELECT * FROM `house` WHERE `community` = 3 LIMIT 0,9   [ RunTime:0.2028s ]
INFO: [ view_parse ] --START--
INFO: [ template_filter ] --START--
INFO: Run Behavior\ContentReplaceBehavior [ RunTime:0.000040s ]
INFO: [ template_filter ] --END-- [ RunTime:0.000083s ]
NOTIC: [8] Undefined variable: taskCount /var/www/html/shequ/Application/Runtime/Cache/House/19f07fcadadbddb98e893637d63079b7.php 第 46 行.
INFO: Run Behavior\ParseTemplateBehavior [ RunTime:0.024748s ]
INFO: [ view_parse ] --END-- [ RunTime:0.024778s ]
INFO: [ view_filter ] --START--
INFO: Run Behavior\WriteHtmlCacheBehavior [ RunTime:0.000050s ]
INFO: [ view_filter ] --END-- [ RunTime:0.000079s ]
INFO: [ app_end ] --START--
INFO: Run Behavior\ShowPageTraceBehavior [ RunTime:0.000037s ]
INFO: [ app_end ] --END-- [ RunTime:0.000066s ]

[ 2019-04-11T00:33:20+08:00 ] 112.120.111.247 /index.php?m=house&c=add&a=excel
INFO: [ app_init ] --START--
INFO: Run Behavior\BuildLiteBehavior [ RunTime:0.000009s ]
INFO: [ app_init ] --END-- [ RunTime:0.000063s ]
INFO: [ app_begin ] --START--
INFO: Run Behavior\ReadHtmlCacheBehavior [ RunTime:0.000031s ]
INFO: [ app_begin ] --END-- [ RunTime:0.000059s ]
SQL: SHOW COLUMNS FROM `community` [ RunTime:0.0008s ]
SQL: SELECT * FROM `community`  [ RunTime:0.0004s ]
INFO: [ view_parse ] --START--
INFO: [ template_filter ] --START--
INFO: Run Behavior\ContentReplaceBehavior [ RunTime:0.000058s ]
INFO: [ template_filter ] --END-- [ RunTime:0.000104s ]
NOTIC: [8] Undefined variable: taskCount /var/www/html/shequ/Application/Runtime/Cache/House/7f62d79262acde4804e176d41a4c9931.php 第 47 行.
INFO: Run Behavior\ParseTemplateBehavior [ RunTime:0.014253s ]
INFO: [ view_parse ] --END-- [ RunTime:0.014283s ]
INFO: [ view_filter ] --START--
INFO: Run Behavior\WriteHtmlCacheBehavior [ RunTime:0.000036s ]
INFO: [ view_filter ] --END-- [ RunTime:0.000055s ]
INFO: [ app_end ] --START--
INFO: Run Behavior\ShowPageTraceBehavior [ RunTime:0.000040s ]
INFO: [ app_end ] --END-- [ RunTime:0.000074s ]

[ 2019-04-11T00:33:29+08:00 ] 112.120.111.247 /index.php?m=house&c=add&a=addExcel
INFO: [ app_init ] --START--
INFO: Run Behavior\BuildLiteBehavior [ RunTime:0.000013s ]
INFO: [ app_init ] --END-- [ RunTime:0.000098s ]
INFO: [ app_begin ] --START--
INFO: Run Behavior\ReadHtmlCacheBehavior [ RunTime:0.000028s ]
INFO: [ app_begin ] --END-- [ RunTime:0.000049s ]
NOTIC: [2] call_user_func() expects parameter 1 to be a valid callback, no array or string given /var/www/html/shequ/ThinkPHP/Library/Think/Upload.class.php 第 170 行.
NOTIC: [8] Undefined variable: options /var/www/html/shequ/ThinkPHP/Library/Vendor/PHPExcel/PHPExcel/Settings.php 第 384 行.
NOTIC: [8] Undefined variable: options /var/www/html/shequ/ThinkPHP/Library/Vendor/PHPExcel/PHPExcel/Settings.php 第 384 行.
NOTIC: [8] Undefined variable: options /var/www/html/shequ/ThinkPHP/Library/Vendor/PHPExcel/PHPExcel/Settings.php 第 384 行.
NOTIC: [8] Undefined variable: options /var/www/html/shequ/ThinkPHP/Library/Vendor/PHPExcel/PHPExcel/Settings.php 第 384 行.
NOTIC: [8] Undefined variable: options /var/www/html/shequ/ThinkPHP/Library/Vendor/PHPExcel/PHPExcel/Settings.php 第 384 行.
NOTIC: [8] Undefined variable: options /var/www/html/shequ/ThinkPHP/Library/Vendor/PHPExcel/PHPExcel/Settings.php 第 384 行.
NOTIC: [8] Undefined variable: options /var/www/html/shequ/ThinkPHP/Library/Vendor/PHPExcel/PHPExcel/Settings.php 第 384 行.
NOTIC: [8] Undefined variable: options /var/www/html/shequ/ThinkPHP/Library/Vendor/PHPExcel/PHPExcel/Settings.php 第 384 行.
NOTIC: [8] Undefined variable: options /var/www/html/shequ/ThinkPHP/Library/Vendor/PHPExcel/PHPExcel/Settings.php 第 384 行.
NOTIC: [8] Undefined variable: options /var/www/html/shequ/ThinkPHP/Library/Vendor/PHPExcel/PHPExcel/Settings.php 第 384 行.
NOTIC: [8] Undefined variable: options /var/www/html/shequ/ThinkPHP/Library/Vendor/PHPExcel/PHPExcel/Settings.php 第 384 行.
NOTIC: [8] Undefined variable: options /var/www/html/shequ/ThinkPHP/Library/Vendor/PHPExcel/PHPExcel/Settings.php 第 384 行.
SQL: SHOW COLUMNS FROM `house` [ RunTime:0.0008s ]
SQL: SELECT `id` FROM `house` ORDER BY id desc LIMIT 1   [ RunTime:0.0005s ]
SQL: INSERT INTO `house` (`name`,`roomNum`,`cardId`,`buildNum`,`address`,`id`,`unitNum`,`phone`,`area`,`roomType`,`community`) VALUES ('陈伟','211','1212','b-203','漳浦','48','121','212','212','1','1') [ RunTime:0.0137s ]
INFO: [ view_parse ] --START--
INFO: [ template_filter ] --START--
INFO: Run Behavior\ContentReplaceBehavior [ RunTime:0.000029s ]
INFO: [ template_filter ] --END-- [ RunTime:0.000060s ]
INFO: Run Behavior\ParseTemplateBehavior [ RunTime:0.001708s ]
INFO: [ view_parse ] --END-- [ RunTime:0.001745s ]
INFO: [ view_filter ] --START--
INFO: Run Behavior\WriteHtmlCacheBehavior [ RunTime:0.000045s ]
INFO: [ view_filter ] --END-- [ RunTime:0.000074s ]
INFO: [ app_end ] --START--
INFO: Run Behavior\ShowPageTraceBehavior [ RunTime:0.000031s ]
INFO: [ app_end ] --END-- [ RunTime:0.000052s ]

[ 2019-04-11T00:33:32+08:00 ] 112.120.111.247 /index.php?m=house&c=list&a=index
INFO: [ app_init ] --START--
INFO: Run Behavior\BuildLiteBehavior [ RunTime:0.000012s ]
INFO: [ app_init ] --END-- [ RunTime:0.000082s ]
INFO: [ app_begin ] --START--
INFO: Run Behavior\ReadHtmlCacheBehavior [ RunTime:0.000029s ]
INFO: [ app_begin ] --END-- [ RunTime:0.000050s ]
NOTIC: [8] Undefined index: p /var/www/html/shequ/Application/House/Controller/ListController.class.php 第 8 行.
NOTIC: [8] Undefined index: pageSize /var/www/html/shequ/Application/House/Controller/ListController.class.php 第 9 行.
NOTIC: [8] Use of undefined constant admin - assumed 'admin' /var/www/html/shequ/Application/House/Controller/ListController.class.php 第 12 行.
NOTIC: [8] Use of undefined constant community - assumed 'community' /var/www/html/shequ/Application/House/Controller/ListController.class.php 第 12 行.
SQL: SHOW COLUMNS FROM `house` [ RunTime:0.0007s ]
SQL: SELECT COUNT(*) AS tp_count FROM `house` WHERE `community` = 3 LIMIT 1   [ RunTime:0.0004s ]
SQL: SELECT * FROM `house` WHERE `community` = 3 LIMIT 0,9   [ RunTime:0.2098s ]
INFO: [ view_parse ] --START--
INFO: [ template_filter ] --START--
INFO: Run Behavior\ContentReplaceBehavior [ RunTime:0.000051s ]
INFO: [ template_filter ] --END-- [ RunTime:0.000099s ]
NOTIC: [8] Undefined variable: taskCount /var/www/html/shequ/Application/Runtime/Cache/House/19f07fcadadbddb98e893637d63079b7.php 第 46 行.
INFO: Run Behavior\ParseTemplateBehavior [ RunTime:0.005144s ]
INFO: [ view_parse ] --END-- [ RunTime:0.005178s ]
INFO: [ view_filter ] --START--
INFO: Run Behavior\WriteHtmlCacheBehavior [ RunTime:0.000035s ]
INFO: [ view_filter ] --END-- [ RunTime:0.000055s ]
INFO: [ app_end ] --START--
INFO: Run Behavior\ShowPageTraceBehavior [ RunTime:0.000066s ]
INFO: [ app_end ] --END-- [ RunTime:0.000099s ]

[ 2019-04-11T00:33:40+08:00 ] 112.120.111.247 /index.php?m=house&c=list&a=index
INFO: [ app_init ] --START--
INFO: Run Behavior\BuildLiteBehavior [ RunTime:0.000012s ]
INFO: [ app_init ] --END-- [ RunTime:0.000091s ]
INFO: [ app_begin ] --START--
INFO: Run Behavior\ReadHtmlCacheBehavior [ RunTime:0.000063s ]
INFO: [ app_begin ] --END-- [ RunTime:0.000097s ]
NOTIC: [8] Undefined index: p /var/www/html/shequ/Application/House/Controller/ListController.class.php 第 8 行.
NOTIC: [8] Undefined index: pageSize /var/www/html/shequ/Application/House/Controller/ListController.class.php 第 9 行.
NOTIC: [8] Use of undefined constant admin - assumed 'admin' /var/www/html/shequ/Application/House/Controller/ListController.class.php 第 12 行.
NOTIC: [8] Use of undefined constant community - assumed 'community' /var/www/html/shequ/Application/House/Controller/ListController.class.php 第 12 行.
SQL: SHOW COLUMNS FROM `house` [ RunTime:0.0007s ]
SQL: SELECT COUNT(*) AS tp_count FROM `house` WHERE `community` = 3 LIMIT 1   [ RunTime:0.0006s ]
SQL: SELECT * FROM `house` WHERE `community` = 3 LIMIT 0,9   [ RunTime:0.0011s ]
INFO: [ view_parse ] --START--
INFO: [ template_filter ] --START--
INFO: Run Behavior\ContentReplaceBehavior [ RunTime:0.000038s ]
INFO: [ template_filter ] --END-- [ RunTime:0.000072s ]
NOTIC: [8] Undefined variable: taskCount /var/www/html/shequ/Application/Runtime/Cache/House/19f07fcadadbddb98e893637d63079b7.php 第 46 行.
INFO: Run Behavior\ParseTemplateBehavior [ RunTime:0.004110s ]
INFO: [ view_parse ] --END-- [ RunTime:0.004138s ]
INFO: [ view_filter ] --START--
INFO: Run Behavior\WriteHtmlCacheBehavior [ RunTime:0.000034s ]
INFO: [ view_filter ] --END-- [ RunTime:0.000051s ]
INFO: [ app_end ] --START--
INFO: Run Behavior\ShowPageTraceBehavior [ RunTime:0.000047s ]
INFO: [ app_end ] --END-- [ RunTime:0.000081s ]

[ 2019-04-11T00:33:59+08:00 ] 112.120.111.247 /index.php?m=house&c=list&a=index
INFO: [ app_init ] --START--
INFO: Run Behavior\BuildLiteBehavior [ RunTime:0.000009s ]
INFO: [ app_init ] --END-- [ RunTime:0.000067s ]
INFO: [ app_begin ] --START--
INFO: Run Behavior\ReadHtmlCacheBehavior [ RunTime:0.000031s ]
INFO: [ app_begin ] --END-- [ RunTime:0.000055s ]
NOTIC: [8] Undefined index: p /var/www/html/shequ/Application/House/Controller/ListController.class.php 第 8 行.
NOTIC: [8] Undefined index: pageSize /var/www/html/shequ/Application/House/Controller/ListController.class.php 第 9 行.
NOTIC: [8] Use of undefined constant admin - assumed 'admin' /var/www/html/shequ/Application/House/Controller/ListController.class.php 第 12 行.
NOTIC: [8] Use of undefined constant community - assumed 'community' /var/www/html/shequ/Application/House/Controller/ListController.class.php 第 12 行.
SQL: SHOW COLUMNS FROM `house` [ RunTime:0.0007s ]
SQL: SELECT COUNT(*) AS tp_count FROM `house` WHERE `community` = 3 LIMIT 1   [ RunTime:0.0005s ]
SQL: SELECT * FROM `house` WHERE `community` = 3 LIMIT 0,9   [ RunTime:0.0004s ]
INFO: [ view_parse ] --START--
INFO: [ template_filter ] --START--
INFO: Run Behavior\ContentReplaceBehavior [ RunTime:0.000038s ]
INFO: [ template_filter ] --END-- [ RunTime:0.000069s ]
NOTIC: [8] Undefined variable: taskCount /var/www/html/shequ/Application/Runtime/Cache/House/19f07fcadadbddb98e893637d63079b7.php 第 46 行.
INFO: Run Behavior\ParseTemplateBehavior [ RunTime:0.004323s ]
INFO: [ view_parse ] --END-- [ RunTime:0.004356s ]
INFO: [ view_filter ] --START--
INFO: Run Behavior\WriteHtmlCacheBehavior [ RunTime:0.000033s ]
INFO: [ view_filter ] --END-- [ RunTime:0.000049s ]
INFO: [ app_end ] --START--
INFO: Run Behavior\ShowPageTraceBehavior [ RunTime:0.000040s ]
INFO: [ app_end ] --END-- [ RunTime:0.000064s ]

[ 2019-04-11T00:34:05+08:00 ] 112.120.111.247 /index.php?m=house&c=add&a=excel
INFO: [ app_init ] --START--
INFO: Run Behavior\BuildLiteBehavior [ RunTime:0.000009s ]
INFO: [ app_init ] --END-- [ RunTime:0.000065s ]
INFO: [ app_begin ] --START--
INFO: Run Behavior\ReadHtmlCacheBehavior [ RunTime:0.000032s ]
INFO: [ app_begin ] --END-- [ RunTime:0.000057s ]
SQL: SHOW COLUMNS FROM `community` [ RunTime:0.0007s ]
SQL: SELECT * FROM `community`  [ RunTime:0.0005s ]
INFO: [ view_parse ] --START--
INFO: [ template_filter ] --START--
INFO: Run Behavior\ContentReplaceBehavior [ RunTime:0.000050s ]
INFO: [ template_filter ] --END-- [ RunTime:0.000092s ]
NOTIC: [8] Undefined variable: taskCount /var/www/html/shequ/Application/Runtime/Cache/House/7f62d79262acde4804e176d41a4c9931.php 第 47 行.
INFO: Run Behavior\ParseTemplateBehavior [ RunTime:0.004944s ]
INFO: [ view_parse ] --END-- [ RunTime:0.004983s ]
INFO: [ view_filter ] --START--
INFO: Run Behavior\WriteHtmlCacheBehavior [ RunTime:0.000057s ]
INFO: [ view_filter ] --END-- [ RunTime:0.000089s ]
INFO: [ app_end ] --START--
INFO: Run Behavior\ShowPageTraceBehavior [ RunTime:0.000045s ]
INFO: [ app_end ] --END-- [ RunTime:0.000081s ]

[ 2019-04-11T00:34:18+08:00 ] 112.120.111.247 /index.php?m=house&c=add&a=addExcel
INFO: [ app_init ] --START--
INFO: Run Behavior\BuildLiteBehavior [ RunTime:0.000011s ]
INFO: [ app_init ] --END-- [ RunTime:0.000083s ]
INFO: [ app_begin ] --START--
INFO: Run Behavior\ReadHtmlCacheBehavior [ RunTime:0.000038s ]
INFO: [ app_begin ] --END-- [ RunTime:0.000069s ]
NOTIC: [2] call_user_func() expects parameter 1 to be a valid callback, no array or string given /var/www/html/shequ/ThinkPHP/Library/Think/Upload.class.php 第 170 行.
NOTIC: [8] Undefined variable: options /var/www/html/shequ/ThinkPHP/Library/Vendor/PHPExcel/PHPExcel/Settings.php 第 384 行.
NOTIC: [8] Undefined variable: options /var/www/html/shequ/ThinkPHP/Library/Vendor/PHPExcel/PHPExcel/Settings.php 第 384 行.
NOTIC: [8] Undefined variable: options /var/www/html/shequ/ThinkPHP/Library/Vendor/PHPExcel/PHPExcel/Settings.php 第 384 行.
NOTIC: [8] Undefined variable: options /var/www/html/shequ/ThinkPHP/Library/Vendor/PHPExcel/PHPExcel/Settings.php 第 384 行.
NOTIC: [8] Undefined variable: options /var/www/html/shequ/ThinkPHP/Library/Vendor/PHPExcel/PHPExcel/Settings.php 第 384 行.
NOTIC: [8] Undefined variable: options /var/www/html/shequ/ThinkPHP/Library/Vendor/PHPExcel/PHPExcel/Settings.php 第 384 行.
NOTIC: [8] Undefined variable: options /var/www/html/shequ/ThinkPHP/Library/Vendor/PHPExcel/PHPExcel/Settings.php 第 384 行.
NOTIC: [8] Undefined variable: options /var/www/html/shequ/ThinkPHP/Library/Vendor/PHPExcel/PHPExcel/Settings.php 第 384 行.
NOTIC: [8] Undefined variable: options /var/www/html/shequ/ThinkPHP/Library/Vendor/PHPExcel/PHPExcel/Settings.php 第 384 行.
NOTIC: [8] Undefined variable: options /var/www/html/shequ/ThinkPHP/Library/Vendor/PHPExcel/PHPExcel/Settings.php 第 384 行.
NOTIC: [8] Undefined variable: options /var/www/html/shequ/ThinkPHP/Library/Vendor/PHPExcel/PHPExcel/Settings.php 第 384 行.
NOTIC: [8] Undefined variable: options /var/www/html/shequ/ThinkPHP/Library/Vendor/PHPExcel/PHPExcel/Settings.php 第 384 行.
SQL: SHOW COLUMNS FROM `house` [ RunTime:0.0007s ]
SQL: SELECT `id` FROM `house` ORDER BY id desc LIMIT 1   [ RunTime:0.0004s ]
SQL: INSERT INTO `house` (`name`,`roomNum`,`cardId`,`buildNum`,`address`,`id`,`unitNum`,`phone`,`area`,`roomType`,`community`) VALUES ('陈伟','211','1212','b-203','漳浦','49','121','212','212','1','3') [ RunTime:0.0385s ]
INFO: [ view_parse ] --START--
INFO: [ template_filter ] --START--
INFO: Run Behavior\ContentReplaceBehavior [ RunTime:0.000038s ]
INFO: [ template_filter ] --END-- [ RunTime:0.000080s ]
INFO: Run Behavior\ParseTemplateBehavior [ RunTime:0.001947s ]
INFO: [ view_parse ] --END-- [ RunTime:0.002002s ]
INFO: [ view_filter ] --START--
INFO: Run Behavior\WriteHtmlCacheBehavior [ RunTime:0.000044s ]
INFO: [ view_filter ] --END-- [ RunTime:0.000070s ]
INFO: [ app_end ] --START--
INFO: Run Behavior\ShowPageTraceBehavior [ RunTime:0.000043s ]
INFO: [ app_end ] --END-- [ RunTime:0.000076s ]

[ 2019-04-11T00:34:20+08:00 ] 112.120.111.247 /index.php?m=house&c=list&a=index
INFO: [ app_init ] --START--
INFO: Run Behavior\BuildLiteBehavior [ RunTime:0.000011s ]
INFO: [ app_init ] --END-- [ RunTime:0.000070s ]
INFO: [ app_begin ] --START--
INFO: Run Behavior\ReadHtmlCacheBehavior [ RunTime:0.000026s ]
INFO: [ app_begin ] --END-- [ RunTime:0.000050s ]
NOTIC: [8] Undefined index: p /var/www/html/shequ/Application/House/Controller/ListController.class.php 第 8 行.
NOTIC: [8] Undefined index: pageSize /var/www/html/shequ/Application/House/Controller/ListController.class.php 第 9 行.
NOTIC: [8] Use of undefined constant admin - assumed 'admin' /var/www/html/shequ/Application/House/Controller/ListController.class.php 第 12 行.
NOTIC: [8] Use of undefined constant community - assumed 'community' /var/www/html/shequ/Application/House/Controller/ListController.class.php 第 12 行.
SQL: SHOW COLUMNS FROM `house` [ RunTime:0.0008s ]
SQL: SELECT COUNT(*) AS tp_count FROM `house` WHERE `community` = 3 LIMIT 1   [ RunTime:0.0005s ]
SQL: SELECT * FROM `house` WHERE `community` = 3 LIMIT 0,9   [ RunTime:0.0004s ]
INFO: [ view_parse ] --START--
INFO: [ template_filter ] --START--
INFO: Run Behavior\ContentReplaceBehavior [ RunTime:0.000050s ]
INFO: [ template_filter ] --END-- [ RunTime:0.000104s ]
NOTIC: [8] Undefined variable: taskCount /var/www/html/shequ/Application/Runtime/Cache/House/19f07fcadadbddb98e893637d63079b7.php 第 46 行.
INFO: Run Behavior\ParseTemplateBehavior [ RunTime:0.004778s ]
INFO: [ view_parse ] --END-- [ RunTime:0.004809s ]
INFO: [ view_filter ] --START--
INFO: Run Behavior\WriteHtmlCacheBehavior [ RunTime:0.000036s ]
INFO: [ view_filter ] --END-- [ RunTime:0.000070s ]
INFO: [ app_end ] --START--
INFO: Run Behavior\ShowPageTraceBehavior [ RunTime:0.000046s ]
INFO: [ app_end ] --END-- [ RunTime:0.000075s ]

[ 2019-04-11T00:34:28+08:00 ] 112.120.111.247 /index.php?m=house&c=information&a=index&id=49
INFO: [ app_init ] --START--
INFO: Run Behavior\BuildLiteBehavior [ RunTime:0.000013s ]
INFO: [ app_init ] --END-- [ RunTime:0.000089s ]
INFO: [ app_begin ] --START--
INFO: Run Behavior\ReadHtmlCacheBehavior [ RunTime:0.000031s ]
INFO: [ app_begin ] --END-- [ RunTime:0.000053s ]
SQL: SHOW COLUMNS FROM `house` [ RunTime:0.0007s ]
SQL: SELECT * FROM `house` WHERE ( id="49" ) LIMIT 1   [ RunTime:0.0005s ]
INFO: [ view_parse ] --START--
INFO: [ template_filter ] --START--
INFO: Run Behavior\ContentReplaceBehavior [ RunTime:0.000051s ]
INFO: [ template_filter ] --END-- [ RunTime:0.000114s ]
NOTIC: [8] Undefined variable: taskCount /var/www/html/shequ/Application/Runtime/Cache/House/9187c42a87f90dfaff93560a327db374.php 第 46 行.
INFO: Run Behavior\ParseTemplateBehavior [ RunTime:0.013928s ]
INFO: [ view_parse ] --END-- [ RunTime:0.013969s ]
INFO: [ view_filter ] --START--
INFO: Run Behavior\WriteHtmlCacheBehavior [ RunTime:0.000070s ]
INFO: [ view_filter ] --END-- [ RunTime:0.000099s ]
INFO: [ app_end ] --START--
INFO: Run Behavior\ShowPageTraceBehavior [ RunTime:0.000043s ]
INFO: [ app_end ] --END-- [ RunTime:0.000074s ]

[ 2019-04-11T00:34:31+08:00 ] 112.120.111.247 /index.php?m=house&c=edit&a=index&id=49
INFO: [ app_init ] --START--
INFO: Run Behavior\BuildLiteBehavior [ RunTime:0.000013s ]
INFO: [ app_init ] --END-- [ RunTime:0.000095s ]
INFO: [ app_begin ] --START--
INFO: Run Behavior\ReadHtmlCacheBehavior [ RunTime:0.000049s ]
INFO: [ app_begin ] --END-- [ RunTime:0.000084s ]
SQL: SHOW COLUMNS FROM `community` [ RunTime:0.0009s ]
SQL: SELECT * FROM `community`  [ RunTime:0.0005s ]
SQL: SHOW COLUMNS FROM `house` [ RunTime:0.0008s ]
SQL: SELECT * FROM `house` WHERE ( id="49" ) LIMIT 1   [ RunTime:0.0007s ]
INFO: [ view_parse ] --START--
INFO: [ template_filter ] --START--
INFO: Run Behavior\ContentReplaceBehavior [ RunTime:0.000069s ]
INFO: [ template_filter ] --END-- [ RunTime:0.000152s ]
NOTIC: [8] Undefined variable: taskCount /var/www/html/shequ/Application/Runtime/Cache/House/ba583b5d484c4d60a6f8f86b68fa341d.php 第 46 行.
NOTIC: [8] Use of undefined constant id - assumed 'id' /var/www/html/shequ/Application/Runtime/Cache/House/ba583b5d484c4d60a6f8f86b68fa341d.php 第 89 行.
NOTIC: [8] Use of undefined constant community - assumed 'community' /var/www/html/shequ/Application/Runtime/Cache/House/ba583b5d484c4d60a6f8f86b68fa341d.php 第 89 行.
NOTIC: [8] Use of undefined constant id - assumed 'id' /var/www/html/shequ/Application/Runtime/Cache/House/ba583b5d484c4d60a6f8f86b68fa341d.php 第 89 行.
NOTIC: [8] Use of undefined constant community - assumed 'community' /var/www/html/shequ/Application/Runtime/Cache/House/ba583b5d484c4d60a6f8f86b68fa341d.php 第 89 行.
INFO: Run Behavior\ParseTemplateBehavior [ RunTime:0.009877s ]
INFO: [ view_parse ] --END-- [ RunTime:0.009918s ]
INFO: [ view_filter ] --START--
INFO: Run Behavior\WriteHtmlCacheBehavior [ RunTime:0.000053s ]
INFO: [ view_filter ] --END-- [ RunTime:0.000085s ]
INFO: [ app_end ] --START--
INFO: Run Behavior\ShowPageTraceBehavior [ RunTime:0.000043s ]
INFO: [ app_end ] --END-- [ RunTime:0.000077s ]

[ 2019-04-11T00:34:49+08:00 ] 112.120.111.247 /index.php?m=house&c=list&a=index
INFO: [ app_init ] --START--
INFO: Run Behavior\BuildLiteBehavior [ RunTime:0.000012s ]
INFO: [ app_init ] --END-- [ RunTime:0.000093s ]
INFO: [ app_begin ] --START--
INFO: Run Behavior\ReadHtmlCacheBehavior [ RunTime:0.000030s ]
INFO: [ app_begin ] --END-- [ RunTime:0.000054s ]
NOTIC: [8] Undefined index: p /var/www/html/shequ/Application/House/Controller/ListController.class.php 第 8 行.
NOTIC: [8] Undefined index: pageSize /var/www/html/shequ/Application/House/Controller/ListController.class.php 第 9 行.
NOTIC: [8] Use of undefined constant admin - assumed 'admin' /var/www/html/shequ/Application/House/Controller/ListController.class.php 第 12 行.
NOTIC: [8] Use of undefined constant community - assumed 'community' /var/www/html/shequ/Application/House/Controller/ListController.class.php 第 12 行.
SQL: SHOW COLUMNS FROM `house` [ RunTime:0.0007s ]
SQL: SELECT COUNT(*) AS tp_count FROM `house` WHERE `community` = 3 LIMIT 1   [ RunTime:0.0005s ]
SQL: SELECT * FROM `house` WHERE `community` = 3 LIMIT 0,9   [ RunTime:0.0007s ]
INFO: [ view_parse ] --START--
INFO: [ template_filter ] --START--
INFO: Run Behavior\ContentReplaceBehavior [ RunTime:0.000039s ]
INFO: [ template_filter ] --END-- [ RunTime:0.000084s ]
NOTIC: [8] Undefined variable: taskCount /var/www/html/shequ/Application/Runtime/Cache/House/19f07fcadadbddb98e893637d63079b7.php 第 46 行.
INFO: Run Behavior\ParseTemplateBehavior [ RunTime:0.006028s ]
INFO: [ view_parse ] --END-- [ RunTime:0.006065s ]
INFO: [ view_filter ] --START--
INFO: Run Behavior\WriteHtmlCacheBehavior [ RunTime:0.000060s ]
INFO: [ view_filter ] --END-- [ RunTime:0.000100s ]
INFO: [ app_end ] --START--
INFO: Run Behavior\ShowPageTraceBehavior [ RunTime:0.000034s ]
INFO: [ app_end ] --END-- [ RunTime:0.000064s ]

[ 2019-04-11T00:39:14+08:00 ] 112.120.111.247 /index.php?m=house&c=list&a=index
INFO: [ app_init ] --START--
INFO: Run Behavior\BuildLiteBehavior [ RunTime:0.000010s ]
INFO: [ app_init ] --END-- [ RunTime:0.000076s ]
INFO: [ app_begin ] --START--
INFO: Run Behavior\ReadHtmlCacheBehavior [ RunTime:0.000063s ]
INFO: [ app_begin ] --END-- [ RunTime:0.000100s ]
NOTIC: [8] Undefined index: p /var/www/html/shequ/Application/House/Controller/ListController.class.php 第 8 行.
NOTIC: [8] Undefined index: pageSize /var/www/html/shequ/Application/House/Controller/ListController.class.php 第 9 行.
NOTIC: [8] Use of undefined constant admin - assumed 'admin' /var/www/html/shequ/Application/House/Controller/ListController.class.php 第 12 行.
NOTIC: [8] Use of undefined constant community - assumed 'community' /var/www/html/shequ/Application/House/Controller/ListController.class.php 第 12 行.
SQL: SHOW COLUMNS FROM `house` [ RunTime:0.0008s ]
SQL: SELECT COUNT(*) AS tp_count FROM `house` WHERE `community` = 3 LIMIT 1   [ RunTime:0.0005s ]
SQL: SELECT * FROM `house` WHERE `community` = 3 LIMIT 0,9   [ RunTime:0.0004s ]
INFO: [ view_parse ] --START--
INFO: [ template_filter ] --START--
INFO: Run Behavior\ContentReplaceBehavior [ RunTime:0.000054s ]
INFO: [ template_filter ] --END-- [ RunTime:0.000102s ]
NOTIC: [8] Undefined variable: taskCount /var/www/html/shequ/Application/Runtime/Cache/House/19f07fcadadbddb98e893637d63079b7.php 第 46 行.
INFO: Run Behavior\ParseTemplateBehavior [ RunTime:0.004677s ]
INFO: [ view_parse ] --END-- [ RunTime:0.004704s ]
INFO: [ view_filter ] --START--
INFO: Run Behavior\WriteHtmlCacheBehavior [ RunTime:0.000035s ]
INFO: [ view_filter ] --END-- [ RunTime:0.000051s ]
INFO: [ app_end ] --START--
INFO: Run Behavior\ShowPageTraceBehavior [ RunTime:0.000038s ]
INFO: [ app_end ] --END-- [ RunTime:0.000066s ]

