[ 2019-03-17T16:37:22+08:00 ] 110.83.22.124 /index.php?m=task&c=list&a=index
INFO: [ app_init ] --START--
INFO: Run Behavior\BuildLiteBehavior [ RunTime:0.000009s ]
INFO: [ app_init ] --END-- [ RunTime:0.000065s ]
INFO: [ app_begin ] --START--
INFO: Run Behavior\ReadHtmlCacheBehavior [ RunTime:0.000074s ]
INFO: [ app_begin ] --END-- [ RunTime:0.000138s ]
NOTIC: [8] Use of undefined constant admin - assumed 'admin' /var/www/html/shequ/Application/Task/Controller/ListController.class.php 第 8 行.
NOTIC: [8] Use of undefined constant name - assumed 'name' /var/www/html/shequ/Application/Task/Controller/ListController.class.php 第 8 行.
NOTIC: [8] Undefined index: p /var/www/html/shequ/Application/Task/Controller/ListController.class.php 第 10 行.
NOTIC: [8] Undefined index: pageSize /var/www/html/shequ/Application/Task/Controller/ListController.class.php 第 11 行.
SQL: SHOW COLUMNS FROM `task` [ RunTime:0.0007s ]
SQL: SELECT COUNT(*) AS tp_count FROM `task` WHERE `isComplete` = 1 AND `fuzeren` = '陈伟林' LIMIT 1   [ RunTime:0.0005s ]
SQL: SELECT COUNT(*) AS tp_count FROM `task` WHERE `isComplete` = 2 AND `fuzeren` = '陈伟林' LIMIT 1   [ RunTime:0.0004s ]
SQL: SELECT COUNT(*) AS tp_count FROM `task` WHERE `isComplete` = 3 LIMIT 1   [ RunTime:0.0004s ]
NOTIC: [8] Use of undefined constant admin - assumed 'admin' /var/www/html/shequ/Application/Task/Controller/ListController.class.php 第 28 行.
NOTIC: [8] Use of undefined constant isadmin - assumed 'isadmin' /var/www/html/shequ/Application/Task/Controller/ListController.class.php 第 28 行.
SQL: SELECT COUNT(*) AS tp_count FROM `task` WHERE `isComplete` = 4 AND `fuzeren` = '陈伟林' LIMIT 1   [ RunTime:0.0004s ]
SQL: SELECT COUNT(*) AS tp_count FROM `task` WHERE `register` = '陈伟林' LIMIT 1   [ RunTime:0.0004s ]
SQL: SELECT * FROM `task` WHERE `isComplete` = 1 AND `fuzeren` = '陈伟林' LIMIT 0,3   [ RunTime:0.0005s ]
INFO: [ view_parse ] --START--
INFO: [ template_filter ] --START--
INFO: Run Behavior\ContentReplaceBehavior [ RunTime:0.000036s ]
INFO: [ template_filter ] --END-- [ RunTime:0.000070s ]
NOTIC: [8] Undefined variable: taskCount /var/www/html/shequ/Application/Runtime/Cache/Task/14c1eb8b5acd8eb3773c7d59b6a2e0dd.php 第 46 行.
INFO: Run Behavior\ParseTemplateBehavior [ RunTime:0.007188s ]
INFO: [ view_parse ] --END-- [ RunTime:0.007215s ]
INFO: [ view_filter ] --START--
INFO: Run Behavior\WriteHtmlCacheBehavior [ RunTime:0.000029s ]
INFO: [ view_filter ] --END-- [ RunTime:0.000046s ]
INFO: [ app_end ] --START--
INFO: Run Behavior\ShowPageTraceBehavior [ RunTime:0.000025s ]
INFO: [ app_end ] --END-- [ RunTime:0.000042s ]

[ 2019-03-17T16:37:24+08:00 ] 110.83.22.124 /index.php?m=task&c=list&a=register
INFO: [ app_init ] --START--
INFO: Run Behavior\BuildLiteBehavior [ RunTime:0.000009s ]
INFO: [ app_init ] --END-- [ RunTime:0.000065s ]
INFO: [ app_begin ] --START--
INFO: Run Behavior\ReadHtmlCacheBehavior [ RunTime:0.000029s ]
INFO: [ app_begin ] --END-- [ RunTime:0.000053s ]
NOTIC: [8] Use of undefined constant admin - assumed 'admin' /var/www/html/shequ/Application/Task/Controller/ListController.class.php 第 212 行.
NOTIC: [8] Use of undefined constant name - assumed 'name' /var/www/html/shequ/Application/Task/Controller/ListController.class.php 第 212 行.
NOTIC: [8] Undefined index: p /var/www/html/shequ/Application/Task/Controller/ListController.class.php 第 215 行.
NOTIC: [8] Undefined index: pageSize /var/www/html/shequ/Application/Task/Controller/ListController.class.php 第 216 行.
SQL: SHOW COLUMNS FROM `task` [ RunTime:0.0008s ]
SQL: SELECT COUNT(*) AS tp_count FROM `task` WHERE `isComplete` = 1 AND `fuzeren` = '陈伟林' LIMIT 1   [ RunTime:0.0005s ]
SQL: SELECT COUNT(*) AS tp_count FROM `task` WHERE `isComplete` = 2 AND `fuzeren` = '陈伟林' LIMIT 1   [ RunTime:0.0004s ]
SQL: SELECT COUNT(*) AS tp_count FROM `task` WHERE `isComplete` = 3 LIMIT 1   [ RunTime:0.0004s ]
NOTIC: [8] Use of undefined constant admin - assumed 'admin' /var/www/html/shequ/Application/Task/Controller/ListController.class.php 第 231 行.
NOTIC: [8] Use of undefined constant isadmin - assumed 'isadmin' /var/www/html/shequ/Application/Task/Controller/ListController.class.php 第 231 行.
SQL: SELECT COUNT(*) AS tp_count FROM `task` WHERE `isComplete` = 4 AND `fuzeren` = '陈伟林' LIMIT 1   [ RunTime:0.0004s ]
SQL: SELECT COUNT(*) AS tp_count FROM `task` WHERE `register` = '陈伟林' LIMIT 1   [ RunTime:0.0004s ]
SQL: SELECT * FROM `task` WHERE `register` = '陈伟林' LIMIT 0,3   [ RunTime:0.0004s ]
INFO: [ view_parse ] --START--
INFO: [ template_filter ] --START--
INFO: Run Behavior\ContentReplaceBehavior [ RunTime:0.000035s ]
INFO: [ template_filter ] --END-- [ RunTime:0.000065s ]
NOTIC: [8] Undefined variable: taskCount /var/www/html/shequ/Application/Runtime/Cache/Task/c535ede380b6de9ce44bdb3a8972d88b.php 第 46 行.
INFO: Run Behavior\ParseTemplateBehavior [ RunTime:0.005344s ]
INFO: [ view_parse ] --END-- [ RunTime:0.005374s ]
INFO: [ view_filter ] --START--
INFO: Run Behavior\WriteHtmlCacheBehavior [ RunTime:0.000027s ]
INFO: [ view_filter ] --END-- [ RunTime:0.000049s ]
INFO: [ app_end ] --START--
INFO: Run Behavior\ShowPageTraceBehavior [ RunTime:0.000033s ]
INFO: [ app_end ] --END-- [ RunTime:0.000064s ]

[ 2019-03-17T16:37:25+08:00 ] 110.83.22.124 /index.php?m=task&c=information&a=index&id=2
INFO: [ app_init ] --START--
INFO: Run Behavior\BuildLiteBehavior [ RunTime:0.000009s ]
INFO: [ app_init ] --END-- [ RunTime:0.000064s ]
INFO: [ app_begin ] --START--
INFO: Run Behavior\ReadHtmlCacheBehavior [ RunTime:0.000027s ]
INFO: [ app_begin ] --END-- [ RunTime:0.000048s ]
SQL: SHOW COLUMNS FROM `task` [ RunTime:0.0008s ]
SQL: SELECT * FROM `task` WHERE `id` = 2 LIMIT 1   [ RunTime:0.0005s ]
INFO: [ view_parse ] --START--
INFO: [ template_filter ] --START--
INFO: Run Behavior\ContentReplaceBehavior [ RunTime:0.000047s ]
INFO: [ template_filter ] --END-- [ RunTime:0.000090s ]
NOTIC: [8] Undefined variable: taskCount /var/www/html/shequ/Application/Runtime/Cache/Task/a701f6913de11b4c77ea9f486d1a7da7.php 第 46 行.
NOTIC: [8] Undefined index: address /var/www/html/shequ/Application/Runtime/Cache/Task/a701f6913de11b4c77ea9f486d1a7da7.php 第 84 行.
NOTIC: [8] Undefined index: iscompele /var/www/html/shequ/Application/Runtime/Cache/Task/a701f6913de11b4c77ea9f486d1a7da7.php 第 96 行.
NOTIC: [8] Undefined index: iscompele /var/www/html/shequ/Application/Runtime/Cache/Task/a701f6913de11b4c77ea9f486d1a7da7.php 第 115 行.
INFO: Run Behavior\ParseTemplateBehavior [ RunTime:0.017214s ]
INFO: [ view_parse ] --END-- [ RunTime:0.017242s ]
INFO: [ view_filter ] --START--
INFO: Run Behavior\WriteHtmlCacheBehavior [ RunTime:0.000031s ]
INFO: [ view_filter ] --END-- [ RunTime:0.000048s ]
INFO: [ app_end ] --START--
INFO: Run Behavior\ShowPageTraceBehavior [ RunTime:0.000030s ]
INFO: [ app_end ] --END-- [ RunTime:0.000057s ]

[ 2019-03-17T16:37:27+08:00 ] 110.83.22.124 /index.php?m=task&c=information&a=index&id=1
INFO: [ app_init ] --START--
INFO: Run Behavior\BuildLiteBehavior [ RunTime:0.000009s ]
INFO: [ app_init ] --END-- [ RunTime:0.000062s ]
INFO: [ app_begin ] --START--
INFO: Run Behavior\ReadHtmlCacheBehavior [ RunTime:0.000035s ]
INFO: [ app_begin ] --END-- [ RunTime:0.000065s ]
SQL: SHOW COLUMNS FROM `task` [ RunTime:0.0008s ]
SQL: SELECT * FROM `task` WHERE `id` = 1 LIMIT 1   [ RunTime:0.0006s ]
INFO: [ view_parse ] --START--
INFO: [ template_filter ] --START--
INFO: Run Behavior\ContentReplaceBehavior [ RunTime:0.000048s ]
INFO: [ template_filter ] --END-- [ RunTime:0.000090s ]
NOTIC: [8] Undefined variable: taskCount /var/www/html/shequ/Application/Runtime/Cache/Task/a701f6913de11b4c77ea9f486d1a7da7.php 第 46 行.
NOTIC: [8] Undefined index: address /var/www/html/shequ/Application/Runtime/Cache/Task/a701f6913de11b4c77ea9f486d1a7da7.php 第 84 行.
NOTIC: [8] Undefined index: iscompele /var/www/html/shequ/Application/Runtime/Cache/Task/a701f6913de11b4c77ea9f486d1a7da7.php 第 96 行.
NOTIC: [8] Undefined index: iscompele /var/www/html/shequ/Application/Runtime/Cache/Task/a701f6913de11b4c77ea9f486d1a7da7.php 第 115 行.
INFO: Run Behavior\ParseTemplateBehavior [ RunTime:0.006185s ]
INFO: [ view_parse ] --END-- [ RunTime:0.006223s ]
INFO: [ view_filter ] --START--
INFO: Run Behavior\WriteHtmlCacheBehavior [ RunTime:0.000033s ]
INFO: [ view_filter ] --END-- [ RunTime:0.000061s ]
INFO: [ app_end ] --START--
INFO: Run Behavior\ShowPageTraceBehavior [ RunTime:0.000053s ]
INFO: [ app_end ] --END-- [ RunTime:0.000087s ]

