[ 2019-02-04T01:27:54+08:00 ] 127.0.0.1 /index.php?m=task&c=information&a=index&id=
INFO: [ app_init ] --START--
INFO: Run Behavior\BuildLiteBehavior [ RunTime:0.000016s ]
INFO: [ app_init ] --END-- [ RunTime:0.000307s ]
INFO: [ app_begin ] --START--
INFO: Run Behavior\ReadHtmlCacheBehavior [ RunTime:0.000351s ]
INFO: [ app_begin ] --END-- [ RunTime:0.000440s ]
SQL: SHOW COLUMNS FROM `task` [ RunTime:0.0040s ]
SQL: SELECT * FROM `task` WHERE `id` = 0 LIMIT 1   [ RunTime:0.0003s ]
INFO: [ view_parse ] --START--
INFO: [ template_filter ] --START--
INFO: Run Behavior\ContentReplaceBehavior [ RunTime:0.000105s ]
INFO: [ template_filter ] --END-- [ RunTime:0.000261s ]
NOTIC: [8] Undefined variable: taskCount D:\phpProjects\wampProjects\shequ\Application\Runtime\Cache\Task\a701f6913de11b4c77ea9f486d1a7da7.php 第 46 行.
INFO: Run Behavior\ParseTemplateBehavior [ RunTime:0.054893s ]
INFO: [ view_parse ] --END-- [ RunTime:0.054966s ]
INFO: [ view_filter ] --START--
INFO: Run Behavior\WriteHtmlCacheBehavior [ RunTime:0.000370s ]
INFO: [ view_filter ] --END-- [ RunTime:0.000438s ]
INFO: [ app_end ] --START--
INFO: Run Behavior\ShowPageTraceBehavior [ RunTime:0.000499s ]
INFO: [ app_end ] --END-- [ RunTime:0.000574s ]

[ 2019-02-04T01:46:42+08:00 ] 127.0.0.1 /index.php?m=task&c=add&a=index
INFO: [ app_init ] --START--
INFO: Run Behavior\BuildLiteBehavior [ RunTime:0.000022s ]
INFO: [ app_init ] --END-- [ RunTime:0.000446s ]
INFO: [ app_begin ] --START--
INFO: Run Behavior\ReadHtmlCacheBehavior [ RunTime:0.000454s ]
INFO: [ app_begin ] --END-- [ RunTime:0.000570s ]
NOTIC: [8] Use of undefined constant admin - assumed 'admin' D:\phpProjects\wampProjects\shequ\Application\Task\Controller\AddController.class.php 第 7 行.
NOTIC: [8] Use of undefined constant community - assumed 'community' D:\phpProjects\wampProjects\shequ\Application\Task\Controller\AddController.class.php 第 7 行.
NOTIC: [8] Use of undefined constant community - assumed 'community' D:\phpProjects\wampProjects\shequ\Application\Task\Controller\AddController.class.php 第 8 行.
SQL: SHOW COLUMNS FROM `admin` [ RunTime:0.0039s ]
SQL: SELECT * FROM `admin` WHERE `community` = 2  [ RunTime:0.0002s ]
INFO: [ view_parse ] --START--
INFO: [ template_filter ] --START--
INFO: Run Behavior\ContentReplaceBehavior [ RunTime:0.000092s ]
INFO: [ template_filter ] --END-- [ RunTime:0.000203s ]
NOTIC: [8] Undefined variable: taskCount D:\phpProjects\wampProjects\shequ\Application\Runtime\Cache\Task\1682202ea013a80cb6768b241d85a03b.php 第 46 行.
INFO: Run Behavior\ParseTemplateBehavior [ RunTime:0.021512s ]
INFO: [ view_parse ] --END-- [ RunTime:0.021591s ]
INFO: [ view_filter ] --START--
INFO: Run Behavior\WriteHtmlCacheBehavior [ RunTime:0.000357s ]
INFO: [ view_filter ] --END-- [ RunTime:0.000427s ]
INFO: [ app_end ] --START--
INFO: Run Behavior\ShowPageTraceBehavior [ RunTime:0.000615s ]
INFO: [ app_end ] --END-- [ RunTime:0.000715s ]

[ 2019-02-04T02:13:50+08:00 ] 127.0.0.1 /index.php?m=task&c=list&a=verify
INFO: [ app_init ] --START--
INFO: Run Behavior\BuildLiteBehavior [ RunTime:0.000016s ]
INFO: [ app_init ] --END-- [ RunTime:0.001183s ]
INFO: [ app_begin ] --START--
INFO: Run Behavior\ReadHtmlCacheBehavior [ RunTime:0.000304s ]
INFO: [ app_begin ] --END-- [ RunTime:0.000381s ]
NOTIC: [8] Use of undefined constant admin - assumed 'admin' D:\phpProjects\wampProjects\shequ\Application\Task\Controller\ListController.class.php 第 110 行.
NOTIC: [8] Use of undefined constant name - assumed 'name' D:\phpProjects\wampProjects\shequ\Application\Task\Controller\ListController.class.php 第 110 行.
NOTIC: [8] Undefined index: p D:\phpProjects\wampProjects\shequ\Application\Task\Controller\ListController.class.php 第 113 行.
NOTIC: [8] Undefined index: pageSize D:\phpProjects\wampProjects\shequ\Application\Task\Controller\ListController.class.php 第 114 行.
SQL: SHOW COLUMNS FROM `task` [ RunTime:0.0045s ]
SQL: SELECT COUNT(*) AS tp_count FROM `task` WHERE `isComplete` = 1 AND `fuzeren` = '陈伟林' LIMIT 1   [ RunTime:0.0004s ]
SQL: SELECT COUNT(*) AS tp_count FROM `task` WHERE `isComplete` = 2 AND `fuzeren` = '陈伟林' LIMIT 1   [ RunTime:0.0002s ]
SQL: SELECT COUNT(*) AS tp_count FROM `task` WHERE `isComplete` = 3 LIMIT 1   [ RunTime:0.0010s ]
NOTIC: [8] Use of undefined constant admin - assumed 'admin' D:\phpProjects\wampProjects\shequ\Application\Task\Controller\ListController.class.php 第 130 行.
NOTIC: [8] Use of undefined constant isadmin - assumed 'isadmin' D:\phpProjects\wampProjects\shequ\Application\Task\Controller\ListController.class.php 第 130 行.
SQL: SELECT COUNT(*) AS tp_count FROM `task` WHERE `isComplete` = 4 LIMIT 1   [ RunTime:0.0002s ]
SQL: SELECT COUNT(*) AS tp_count FROM `task` WHERE `register` = '陈伟林' LIMIT 1   [ RunTime:0.0002s ]
SQL: SELECT * FROM `task` WHERE `isComplete` = 3 LIMIT 0,3   [ RunTime:0.0002s ]
INFO: [ view_parse ] --START--
INFO: [ template_filter ] --START--
INFO: Run Behavior\ContentReplaceBehavior [ RunTime:0.000104s ]
INFO: [ template_filter ] --END-- [ RunTime:0.000257s ]
NOTIC: [8] Undefined variable: taskCount D:\phpProjects\wampProjects\shequ\Application\Runtime\Cache\Task\c7fc9e23d74877d4412879c92671ab1d.php 第 46 行.
INFO: Run Behavior\ParseTemplateBehavior [ RunTime:0.021116s ]
INFO: [ view_parse ] --END-- [ RunTime:0.021199s ]
INFO: [ view_filter ] --START--
INFO: Run Behavior\WriteHtmlCacheBehavior [ RunTime:0.000387s ]
INFO: [ view_filter ] --END-- [ RunTime:0.000462s ]
INFO: [ app_end ] --START--
INFO: Run Behavior\ShowPageTraceBehavior [ RunTime:0.000677s ]
INFO: [ app_end ] --END-- [ RunTime:0.000793s ]

[ 2019-02-04T02:13:52+08:00 ] 127.0.0.1 /index.php?m=task&c=list&a=completed
INFO: [ app_init ] --START--
INFO: Run Behavior\BuildLiteBehavior [ RunTime:0.000017s ]
INFO: [ app_init ] --END-- [ RunTime:0.000278s ]
INFO: [ app_begin ] --START--
INFO: Run Behavior\ReadHtmlCacheBehavior [ RunTime:0.000298s ]
INFO: [ app_begin ] --END-- [ RunTime:0.000374s ]
NOTIC: [8] Use of undefined constant admin - assumed 'admin' D:\phpProjects\wampProjects\shequ\Application\Task\Controller\ListController.class.php 第 161 行.
NOTIC: [8] Use of undefined constant name - assumed 'name' D:\phpProjects\wampProjects\shequ\Application\Task\Controller\ListController.class.php 第 161 行.
NOTIC: [8] Undefined index: p D:\phpProjects\wampProjects\shequ\Application\Task\Controller\ListController.class.php 第 164 行.
NOTIC: [8] Undefined index: pageSize D:\phpProjects\wampProjects\shequ\Application\Task\Controller\ListController.class.php 第 165 行.
SQL: SHOW COLUMNS FROM `task` [ RunTime:0.0047s ]
SQL: SELECT COUNT(*) AS tp_count FROM `task` WHERE `isComplete` = 1 AND `fuzeren` = '陈伟林' LIMIT 1   [ RunTime:0.0002s ]
SQL: SELECT COUNT(*) AS tp_count FROM `task` WHERE `isComplete` = 2 AND `fuzeren` = '陈伟林' LIMIT 1   [ RunTime:0.0002s ]
SQL: SELECT COUNT(*) AS tp_count FROM `task` WHERE `isComplete` = 3 LIMIT 1   [ RunTime:0.0001s ]
NOTIC: [8] Use of undefined constant admin - assumed 'admin' D:\phpProjects\wampProjects\shequ\Application\Task\Controller\ListController.class.php 第 181 行.
NOTIC: [8] Use of undefined constant isadmin - assumed 'isadmin' D:\phpProjects\wampProjects\shequ\Application\Task\Controller\ListController.class.php 第 181 行.
SQL: SELECT COUNT(*) AS tp_count FROM `task` WHERE `isComplete` = 4 LIMIT 1   [ RunTime:0.0002s ]
SQL: SELECT COUNT(*) AS tp_count FROM `task` WHERE `register` = '陈伟林' LIMIT 1   [ RunTime:0.0001s ]
SQL: SELECT * FROM `task` WHERE `isComplete` = 4 LIMIT 0,3   [ RunTime:0.0002s ]
INFO: [ view_parse ] --START--
INFO: [ template_filter ] --START--
INFO: Run Behavior\ContentReplaceBehavior [ RunTime:0.000071s ]
INFO: [ template_filter ] --END-- [ RunTime:0.000152s ]
NOTIC: [8] Undefined variable: taskCount D:\phpProjects\wampProjects\shequ\Application\Runtime\Cache\Task\e05526e36c279b5b5bd5c1dc20b4ead1.php 第 46 行.
INFO: Run Behavior\ParseTemplateBehavior [ RunTime:0.045039s ]
INFO: [ view_parse ] --END-- [ RunTime:0.045120s ]
INFO: [ view_filter ] --START--
INFO: Run Behavior\WriteHtmlCacheBehavior [ RunTime:0.000363s ]
INFO: [ view_filter ] --END-- [ RunTime:0.000435s ]
INFO: [ app_end ] --START--
INFO: Run Behavior\ShowPageTraceBehavior [ RunTime:0.000512s ]
INFO: [ app_end ] --END-- [ RunTime:0.000592s ]

[ 2019-02-04T02:18:36+08:00 ] 127.0.0.1 /index.php?m=task&c=list&a=index
INFO: [ app_init ] --START--
INFO: Run Behavior\BuildLiteBehavior [ RunTime:0.000020s ]
INFO: [ app_init ] --END-- [ RunTime:0.000331s ]
INFO: [ app_begin ] --START--
INFO: Run Behavior\ReadHtmlCacheBehavior [ RunTime:0.000315s ]
INFO: [ app_begin ] --END-- [ RunTime:0.000394s ]
NOTIC: [8] Use of undefined constant admin - assumed 'admin' D:\phpProjects\wampProjects\shequ\Application\Task\Controller\ListController.class.php 第 8 行.
NOTIC: [8] Use of undefined constant name - assumed 'name' D:\phpProjects\wampProjects\shequ\Application\Task\Controller\ListController.class.php 第 8 行.
NOTIC: [8] Undefined index: p D:\phpProjects\wampProjects\shequ\Application\Task\Controller\ListController.class.php 第 10 行.
NOTIC: [8] Undefined index: pageSize D:\phpProjects\wampProjects\shequ\Application\Task\Controller\ListController.class.php 第 11 行.
SQL: SHOW COLUMNS FROM `task` [ RunTime:0.0043s ]
SQL: SELECT COUNT(*) AS tp_count FROM `task` WHERE `isComplete` = 1 AND `fuzeren` = '陈伟林' LIMIT 1   [ RunTime:0.0002s ]
SQL: SELECT COUNT(*) AS tp_count FROM `task` WHERE `isComplete` = 2 AND `fuzeren` = '陈伟林' LIMIT 1   [ RunTime:0.0001s ]
SQL: SELECT COUNT(*) AS tp_count FROM `task` WHERE `isComplete` = 3 LIMIT 1   [ RunTime:0.0001s ]
NOTIC: [8] Use of undefined constant admin - assumed 'admin' D:\phpProjects\wampProjects\shequ\Application\Task\Controller\ListController.class.php 第 28 行.
NOTIC: [8] Use of undefined constant isadmin - assumed 'isadmin' D:\phpProjects\wampProjects\shequ\Application\Task\Controller\ListController.class.php 第 28 行.
SQL: SELECT COUNT(*) AS tp_count FROM `task` WHERE `isComplete` = 4 LIMIT 1   [ RunTime:0.0001s ]
SQL: SELECT COUNT(*) AS tp_count FROM `task` WHERE `register` = '陈伟林' LIMIT 1   [ RunTime:0.0001s ]
SQL: SELECT * FROM `task` WHERE `isComplete` = 1 AND `fuzeren` = '陈伟林' LIMIT 0,3   [ RunTime:0.0001s ]
INFO: [ view_parse ] --START--
INFO: [ template_filter ] --START--
INFO: Run Behavior\ContentReplaceBehavior [ RunTime:0.000070s ]
INFO: [ template_filter ] --END-- [ RunTime:0.000155s ]
NOTIC: [8] Undefined variable: taskCount D:\phpProjects\wampProjects\shequ\Application\Runtime\Cache\Task\14c1eb8b5acd8eb3773c7d59b6a2e0dd.php 第 46 行.
INFO: Run Behavior\ParseTemplateBehavior [ RunTime:0.282777s ]
INFO: [ view_parse ] --END-- [ RunTime:0.282857s ]
INFO: [ view_filter ] --START--
INFO: Run Behavior\WriteHtmlCacheBehavior [ RunTime:0.000359s ]
INFO: [ view_filter ] --END-- [ RunTime:0.000430s ]
INFO: [ app_end ] --START--
INFO: Run Behavior\ShowPageTraceBehavior [ RunTime:0.000481s ]
INFO: [ app_end ] --END-- [ RunTime:0.000556s ]

[ 2019-02-04T02:18:42+08:00 ] 127.0.0.1 /index.php?m=task&c=list&a=index
INFO: [ app_init ] --START--
INFO: Run Behavior\BuildLiteBehavior [ RunTime:0.000022s ]
INFO: [ app_init ] --END-- [ RunTime:0.000306s ]
INFO: [ app_begin ] --START--
INFO: Run Behavior\ReadHtmlCacheBehavior [ RunTime:0.000315s ]
INFO: [ app_begin ] --END-- [ RunTime:0.000394s ]
NOTIC: [8] Use of undefined constant admin - assumed 'admin' D:\phpProjects\wampProjects\shequ\Application\Task\Controller\ListController.class.php 第 8 行.
NOTIC: [8] Use of undefined constant name - assumed 'name' D:\phpProjects\wampProjects\shequ\Application\Task\Controller\ListController.class.php 第 8 行.
NOTIC: [8] Undefined index: p D:\phpProjects\wampProjects\shequ\Application\Task\Controller\ListController.class.php 第 10 行.
NOTIC: [8] Undefined index: pageSize D:\phpProjects\wampProjects\shequ\Application\Task\Controller\ListController.class.php 第 11 行.
SQL: SHOW COLUMNS FROM `task` [ RunTime:0.0050s ]
SQL: SELECT COUNT(*) AS tp_count FROM `task` WHERE `isComplete` = 1 AND `fuzeren` = '陈伟林' LIMIT 1   [ RunTime:0.0007s ]
SQL: SELECT COUNT(*) AS tp_count FROM `task` WHERE `isComplete` = 2 AND `fuzeren` = '陈伟林' LIMIT 1   [ RunTime:0.0014s ]
SQL: SELECT COUNT(*) AS tp_count FROM `task` WHERE `isComplete` = 3 LIMIT 1   [ RunTime:0.0004s ]
NOTIC: [8] Use of undefined constant admin - assumed 'admin' D:\phpProjects\wampProjects\shequ\Application\Task\Controller\ListController.class.php 第 28 行.
NOTIC: [8] Use of undefined constant isadmin - assumed 'isadmin' D:\phpProjects\wampProjects\shequ\Application\Task\Controller\ListController.class.php 第 28 行.
SQL: SELECT COUNT(*) AS tp_count FROM `task` WHERE `isComplete` = 4 LIMIT 1   [ RunTime:0.0002s ]
SQL: SELECT COUNT(*) AS tp_count FROM `task` WHERE `register` = '陈伟林' LIMIT 1   [ RunTime:0.0002s ]
SQL: SELECT * FROM `task` WHERE `isComplete` = 1 AND `fuzeren` = '陈伟林' LIMIT 0,3   [ RunTime:0.0002s ]
INFO: [ view_parse ] --START--
INFO: [ template_filter ] --START--
INFO: Run Behavior\ContentReplaceBehavior [ RunTime:0.000150s ]
INFO: [ template_filter ] --END-- [ RunTime:0.000273s ]
NOTIC: [8] Undefined variable: taskCount D:\phpProjects\wampProjects\shequ\Application\Runtime\Cache\Task\14c1eb8b5acd8eb3773c7d59b6a2e0dd.php 第 46 行.
INFO: Run Behavior\ParseTemplateBehavior [ RunTime:0.011876s ]
INFO: [ view_parse ] --END-- [ RunTime:0.011970s ]
INFO: [ view_filter ] --START--
INFO: Run Behavior\WriteHtmlCacheBehavior [ RunTime:0.000342s ]
INFO: [ view_filter ] --END-- [ RunTime:0.000412s ]
INFO: [ app_end ] --START--
INFO: Run Behavior\ShowPageTraceBehavior [ RunTime:0.000505s ]
INFO: [ app_end ] --END-- [ RunTime:0.000577s ]

[ 2019-02-04T02:18:44+08:00 ] 127.0.0.1 /index.php?m=task&c=list&a=verify
INFO: [ app_init ] --START--
INFO: Run Behavior\BuildLiteBehavior [ RunTime:0.000016s ]
INFO: [ app_init ] --END-- [ RunTime:0.000291s ]
INFO: [ app_begin ] --START--
INFO: Run Behavior\ReadHtmlCacheBehavior [ RunTime:0.000308s ]
INFO: [ app_begin ] --END-- [ RunTime:0.000388s ]
NOTIC: [8] Use of undefined constant admin - assumed 'admin' D:\phpProjects\wampProjects\shequ\Application\Task\Controller\ListController.class.php 第 110 行.
NOTIC: [8] Use of undefined constant name - assumed 'name' D:\phpProjects\wampProjects\shequ\Application\Task\Controller\ListController.class.php 第 110 行.
NOTIC: [8] Undefined index: p D:\phpProjects\wampProjects\shequ\Application\Task\Controller\ListController.class.php 第 113 行.
NOTIC: [8] Undefined index: pageSize D:\phpProjects\wampProjects\shequ\Application\Task\Controller\ListController.class.php 第 114 行.
SQL: SHOW COLUMNS FROM `task` [ RunTime:0.0037s ]
SQL: SELECT COUNT(*) AS tp_count FROM `task` WHERE `isComplete` = 1 AND `fuzeren` = '陈伟林' LIMIT 1   [ RunTime:0.0002s ]
SQL: SELECT COUNT(*) AS tp_count FROM `task` WHERE `isComplete` = 2 AND `fuzeren` = '陈伟林' LIMIT 1   [ RunTime:0.0003s ]
SQL: SELECT COUNT(*) AS tp_count FROM `task` WHERE `isComplete` = 3 LIMIT 1   [ RunTime:0.0003s ]
NOTIC: [8] Use of undefined constant admin - assumed 'admin' D:\phpProjects\wampProjects\shequ\Application\Task\Controller\ListController.class.php 第 130 行.
NOTIC: [8] Use of undefined constant isadmin - assumed 'isadmin' D:\phpProjects\wampProjects\shequ\Application\Task\Controller\ListController.class.php 第 130 行.
SQL: SELECT COUNT(*) AS tp_count FROM `task` WHERE `isComplete` = 4 LIMIT 1   [ RunTime:0.0007s ]
SQL: SELECT COUNT(*) AS tp_count FROM `task` WHERE `register` = '陈伟林' LIMIT 1   [ RunTime:0.0013s ]
SQL: SELECT * FROM `task` WHERE `isComplete` = 3 LIMIT 0,3   [ RunTime:0.0005s ]
INFO: [ view_parse ] --START--
INFO: [ template_filter ] --START--
INFO: Run Behavior\ContentReplaceBehavior [ RunTime:0.000092s ]
INFO: [ template_filter ] --END-- [ RunTime:0.000201s ]
NOTIC: [8] Undefined variable: taskCount D:\phpProjects\wampProjects\shequ\Application\Runtime\Cache\Task\c7fc9e23d74877d4412879c92671ab1d.php 第 46 行.
INFO: Run Behavior\ParseTemplateBehavior [ RunTime:0.015060s ]
INFO: [ view_parse ] --END-- [ RunTime:0.015149s ]
INFO: [ view_filter ] --START--
INFO: Run Behavior\WriteHtmlCacheBehavior [ RunTime:0.000370s ]
INFO: [ view_filter ] --END-- [ RunTime:0.000440s ]
INFO: [ app_end ] --START--
INFO: Run Behavior\ShowPageTraceBehavior [ RunTime:0.000484s ]
INFO: [ app_end ] --END-- [ RunTime:0.000558s ]

[ 2019-02-04T10:42:09+08:00 ] 127.0.0.1 /index.php?m=task&c=list&a=verify
INFO: [ app_init ] --START--
INFO: Run Behavior\BuildLiteBehavior [ RunTime:0.000017s ]
INFO: [ app_init ] --END-- [ RunTime:0.000292s ]
INFO: [ app_begin ] --START--
INFO: Run Behavior\ReadHtmlCacheBehavior [ RunTime:0.000305s ]
INFO: [ app_begin ] --END-- [ RunTime:0.000378s ]
NOTIC: [8] Use of undefined constant admin - assumed 'admin' D:\phpProjects\wampProjects\shequ\Application\Task\Controller\ListController.class.php 第 110 行.
NOTIC: [8] Use of undefined constant name - assumed 'name' D:\phpProjects\wampProjects\shequ\Application\Task\Controller\ListController.class.php 第 110 行.
NOTIC: [8] Undefined index: p D:\phpProjects\wampProjects\shequ\Application\Task\Controller\ListController.class.php 第 113 行.
NOTIC: [8] Undefined index: pageSize D:\phpProjects\wampProjects\shequ\Application\Task\Controller\ListController.class.php 第 114 行.
SQL: SHOW COLUMNS FROM `task` [ RunTime:0.0036s ]
SQL: SELECT COUNT(*) AS tp_count FROM `task` WHERE `isComplete` = 1 AND `fuzeren` = '陈伟林' LIMIT 1   [ RunTime:0.0002s ]
SQL: SELECT COUNT(*) AS tp_count FROM `task` WHERE `isComplete` = 2 AND `fuzeren` = '陈伟林' LIMIT 1   [ RunTime:0.0002s ]
SQL: SELECT COUNT(*) AS tp_count FROM `task` WHERE `isComplete` = 3 LIMIT 1   [ RunTime:0.0002s ]
NOTIC: [8] Use of undefined constant admin - assumed 'admin' D:\phpProjects\wampProjects\shequ\Application\Task\Controller\ListController.class.php 第 130 行.
NOTIC: [8] Use of undefined constant isadmin - assumed 'isadmin' D:\phpProjects\wampProjects\shequ\Application\Task\Controller\ListController.class.php 第 130 行.
SQL: SELECT COUNT(*) AS tp_count FROM `task` WHERE `isComplete` = 4 LIMIT 1   [ RunTime:0.0002s ]
SQL: SELECT COUNT(*) AS tp_count FROM `task` WHERE `register` = '陈伟林' LIMIT 1   [ RunTime:0.0007s ]
SQL: SELECT * FROM `task` WHERE `isComplete` = 3 LIMIT 0,3   [ RunTime:0.0003s ]
INFO: [ view_parse ] --START--
INFO: [ template_filter ] --START--
INFO: Run Behavior\ContentReplaceBehavior [ RunTime:0.000064s ]
INFO: [ template_filter ] --END-- [ RunTime:0.000141s ]
NOTIC: [8] Undefined variable: taskCount D:\phpProjects\wampProjects\shequ\Application\Runtime\Cache\Task\c7fc9e23d74877d4412879c92671ab1d.php 第 46 行.
INFO: Run Behavior\ParseTemplateBehavior [ RunTime:0.021746s ]
INFO: [ view_parse ] --END-- [ RunTime:0.021820s ]
INFO: [ view_filter ] --START--
INFO: Run Behavior\WriteHtmlCacheBehavior [ RunTime:0.000346s ]
INFO: [ view_filter ] --END-- [ RunTime:0.000415s ]
INFO: [ app_end ] --START--
INFO: Run Behavior\ShowPageTraceBehavior [ RunTime:0.000460s ]
INFO: [ app_end ] --END-- [ RunTime:0.000531s ]

[ 2019-02-04T10:42:54+08:00 ] 127.0.0.1 /index.php?m=task&c=list&a=verify
INFO: [ app_init ] --START--
INFO: Run Behavior\BuildLiteBehavior [ RunTime:0.000016s ]
INFO: [ app_init ] --END-- [ RunTime:0.000323s ]
INFO: [ app_begin ] --START--
INFO: Run Behavior\ReadHtmlCacheBehavior [ RunTime:0.000352s ]
INFO: [ app_begin ] --END-- [ RunTime:0.000467s ]
NOTIC: [8] Use of undefined constant admin - assumed 'admin' D:\phpProjects\wampProjects\shequ\Application\Task\Controller\ListController.class.php 第 110 行.
NOTIC: [8] Use of undefined constant name - assumed 'name' D:\phpProjects\wampProjects\shequ\Application\Task\Controller\ListController.class.php 第 110 行.
NOTIC: [8] Undefined index: p D:\phpProjects\wampProjects\shequ\Application\Task\Controller\ListController.class.php 第 113 行.
NOTIC: [8] Undefined index: pageSize D:\phpProjects\wampProjects\shequ\Application\Task\Controller\ListController.class.php 第 114 行.
SQL: SHOW COLUMNS FROM `task` [ RunTime:0.0083s ]
SQL: SELECT COUNT(*) AS tp_count FROM `task` WHERE `isComplete` = 1 AND `fuzeren` = '陈伟林' LIMIT 1   [ RunTime:0.0002s ]
SQL: SELECT COUNT(*) AS tp_count FROM `task` WHERE `isComplete` = 2 AND `fuzeren` = '陈伟林' LIMIT 1   [ RunTime:0.0002s ]
SQL: SELECT COUNT(*) AS tp_count FROM `task` WHERE `isComplete` = 3 LIMIT 1   [ RunTime:0.0002s ]
NOTIC: [8] Use of undefined constant admin - assumed 'admin' D:\phpProjects\wampProjects\shequ\Application\Task\Controller\ListController.class.php 第 130 行.
NOTIC: [8] Use of undefined constant isadmin - assumed 'isadmin' D:\phpProjects\wampProjects\shequ\Application\Task\Controller\ListController.class.php 第 130 行.
SQL: SELECT COUNT(*) AS tp_count FROM `task` WHERE `isComplete` = 4 LIMIT 1   [ RunTime:0.0002s ]
SQL: SELECT COUNT(*) AS tp_count FROM `task` WHERE `register` = '陈伟林' LIMIT 1   [ RunTime:0.0003s ]
SQL: SELECT * FROM `task` WHERE `isComplete` = 3 LIMIT 0,3   [ RunTime:0.0008s ]
INFO: [ view_parse ] --START--
INFO: [ template_filter ] --START--
INFO: Run Behavior\ContentReplaceBehavior [ RunTime:0.000061s ]
INFO: [ template_filter ] --END-- [ RunTime:0.000133s ]
NOTIC: [8] Undefined variable: taskCount D:\phpProjects\wampProjects\shequ\Application\Runtime\Cache\Task\c7fc9e23d74877d4412879c92671ab1d.php 第 46 行.
INFO: Run Behavior\ParseTemplateBehavior [ RunTime:0.007660s ]
INFO: [ view_parse ] --END-- [ RunTime:0.007736s ]
INFO: [ view_filter ] --START--
INFO: Run Behavior\WriteHtmlCacheBehavior [ RunTime:0.000377s ]
INFO: [ view_filter ] --END-- [ RunTime:0.000444s ]
INFO: [ app_end ] --START--
INFO: Run Behavior\ShowPageTraceBehavior [ RunTime:0.000455s ]
INFO: [ app_end ] --END-- [ RunTime:0.000525s ]

[ 2019-02-04T10:42:56+08:00 ] 127.0.0.1 /index.php?m=task&c=list&a=register
INFO: [ app_init ] --START--
INFO: Run Behavior\BuildLiteBehavior [ RunTime:0.000017s ]
INFO: [ app_init ] --END-- [ RunTime:0.000282s ]
INFO: [ app_begin ] --START--
INFO: Run Behavior\ReadHtmlCacheBehavior [ RunTime:0.000533s ]
INFO: [ app_begin ] --END-- [ RunTime:0.000627s ]
NOTIC: [8] Use of undefined constant admin - assumed 'admin' D:\phpProjects\wampProjects\shequ\Application\Task\Controller\ListController.class.php 第 212 行.
NOTIC: [8] Use of undefined constant name - assumed 'name' D:\phpProjects\wampProjects\shequ\Application\Task\Controller\ListController.class.php 第 212 行.
NOTIC: [8] Undefined index: p D:\phpProjects\wampProjects\shequ\Application\Task\Controller\ListController.class.php 第 215 行.
NOTIC: [8] Undefined index: pageSize D:\phpProjects\wampProjects\shequ\Application\Task\Controller\ListController.class.php 第 216 行.
SQL: SHOW COLUMNS FROM `task` [ RunTime:0.0078s ]
SQL: SELECT COUNT(*) AS tp_count FROM `task` WHERE `isComplete` = 1 AND `fuzeren` = '陈伟林' LIMIT 1   [ RunTime:0.0002s ]
SQL: SELECT COUNT(*) AS tp_count FROM `task` WHERE `isComplete` = 2 AND `fuzeren` = '陈伟林' LIMIT 1   [ RunTime:0.0002s ]
SQL: SELECT COUNT(*) AS tp_count FROM `task` WHERE `isComplete` = 3 LIMIT 1   [ RunTime:0.0002s ]
NOTIC: [8] Use of undefined constant admin - assumed 'admin' D:\phpProjects\wampProjects\shequ\Application\Task\Controller\ListController.class.php 第 231 行.
NOTIC: [8] Use of undefined constant isadmin - assumed 'isadmin' D:\phpProjects\wampProjects\shequ\Application\Task\Controller\ListController.class.php 第 231 行.
SQL: SELECT COUNT(*) AS tp_count FROM `task` WHERE `isComplete` = 4 LIMIT 1   [ RunTime:0.0002s ]
SQL: SELECT COUNT(*) AS tp_count FROM `task` WHERE `register` = '陈伟林' LIMIT 1   [ RunTime:0.0002s ]
SQL: SELECT * FROM `task` WHERE `register` = '陈伟林' LIMIT 0,3   [ RunTime:0.0002s ]
INFO: [ view_parse ] --START--
INFO: [ template_filter ] --START--
INFO: Run Behavior\ContentReplaceBehavior [ RunTime:0.000084s ]
INFO: [ template_filter ] --END-- [ RunTime:0.000164s ]
NOTIC: [8] Undefined variable: taskCount D:\phpProjects\wampProjects\shequ\Application\Runtime\Cache\Task\c535ede380b6de9ce44bdb3a8972d88b.php 第 46 行.
INFO: Run Behavior\ParseTemplateBehavior [ RunTime:0.018716s ]
INFO: [ view_parse ] --END-- [ RunTime:0.018895s ]
INFO: [ view_filter ] --START--
INFO: Run Behavior\WriteHtmlCacheBehavior [ RunTime:0.000343s ]
INFO: [ view_filter ] --END-- [ RunTime:0.000411s ]
INFO: [ app_end ] --START--
INFO: Run Behavior\ShowPageTraceBehavior [ RunTime:0.000501s ]
INFO: [ app_end ] --END-- [ RunTime:0.000578s ]

[ 2019-02-04T10:42:59+08:00 ] 127.0.0.1 /index.php?m=task&c=information&a=index&id=1
INFO: [ app_init ] --START--
INFO: Run Behavior\BuildLiteBehavior [ RunTime:0.000017s ]
INFO: [ app_init ] --END-- [ RunTime:0.000285s ]
INFO: [ app_begin ] --START--
INFO: Run Behavior\ReadHtmlCacheBehavior [ RunTime:0.000302s ]
INFO: [ app_begin ] --END-- [ RunTime:0.000374s ]
SQL: SHOW COLUMNS FROM `task` [ RunTime:0.0043s ]
SQL: SELECT * FROM `task` WHERE `id` = 1 LIMIT 1   [ RunTime:0.0003s ]
INFO: [ view_parse ] --START--
INFO: [ template_filter ] --START--
INFO: Run Behavior\ContentReplaceBehavior [ RunTime:0.000119s ]
INFO: [ template_filter ] --END-- [ RunTime:0.000321s ]
NOTIC: [8] Undefined variable: taskCount D:\phpProjects\wampProjects\shequ\Application\Runtime\Cache\Task\a701f6913de11b4c77ea9f486d1a7da7.php 第 46 行.
NOTIC: [8] Undefined index: address D:\phpProjects\wampProjects\shequ\Application\Runtime\Cache\Task\a701f6913de11b4c77ea9f486d1a7da7.php 第 84 行.
NOTIC: [8] Undefined index: iscompele D:\phpProjects\wampProjects\shequ\Application\Runtime\Cache\Task\a701f6913de11b4c77ea9f486d1a7da7.php 第 96 行.
NOTIC: [8] Undefined index: iscompele D:\phpProjects\wampProjects\shequ\Application\Runtime\Cache\Task\a701f6913de11b4c77ea9f486d1a7da7.php 第 121 行.
INFO: Run Behavior\ParseTemplateBehavior [ RunTime:0.054133s ]
INFO: [ view_parse ] --END-- [ RunTime:0.054214s ]
INFO: [ view_filter ] --START--
INFO: Run Behavior\WriteHtmlCacheBehavior [ RunTime:0.000354s ]
INFO: [ view_filter ] --END-- [ RunTime:0.000423s ]
INFO: [ app_end ] --START--
INFO: Run Behavior\ShowPageTraceBehavior [ RunTime:0.000507s ]
INFO: [ app_end ] --END-- [ RunTime:0.000584s ]

[ 2019-02-04T10:43:00+08:00 ] 127.0.0.1 /index.php?m=task&c=information&a=index&id=1
INFO: [ app_init ] --START--
INFO: Run Behavior\BuildLiteBehavior [ RunTime:0.000018s ]
INFO: [ app_init ] --END-- [ RunTime:0.000289s ]
INFO: [ app_begin ] --START--
INFO: Run Behavior\ReadHtmlCacheBehavior [ RunTime:0.000300s ]
INFO: [ app_begin ] --END-- [ RunTime:0.000377s ]
SQL: SHOW COLUMNS FROM `task` [ RunTime:0.0052s ]
SQL: SELECT * FROM `task` WHERE `id` = 1 LIMIT 1   [ RunTime:0.0003s ]
INFO: [ view_parse ] --START--
INFO: [ template_filter ] --START--
INFO: Run Behavior\ContentReplaceBehavior [ RunTime:0.000078s ]
INFO: [ template_filter ] --END-- [ RunTime:0.000165s ]
NOTIC: [8] Undefined variable: taskCount D:\phpProjects\wampProjects\shequ\Application\Runtime\Cache\Task\a701f6913de11b4c77ea9f486d1a7da7.php 第 46 行.
NOTIC: [8] Undefined index: address D:\phpProjects\wampProjects\shequ\Application\Runtime\Cache\Task\a701f6913de11b4c77ea9f486d1a7da7.php 第 84 行.
NOTIC: [8] Undefined index: iscompele D:\phpProjects\wampProjects\shequ\Application\Runtime\Cache\Task\a701f6913de11b4c77ea9f486d1a7da7.php 第 96 行.
NOTIC: [8] Undefined index: iscompele D:\phpProjects\wampProjects\shequ\Application\Runtime\Cache\Task\a701f6913de11b4c77ea9f486d1a7da7.php 第 121 行.
INFO: Run Behavior\ParseTemplateBehavior [ RunTime:0.012667s ]
INFO: [ view_parse ] --END-- [ RunTime:0.012744s ]
INFO: [ view_filter ] --START--
INFO: Run Behavior\WriteHtmlCacheBehavior [ RunTime:0.000384s ]
INFO: [ view_filter ] --END-- [ RunTime:0.000452s ]
INFO: [ app_end ] --START--
INFO: Run Behavior\ShowPageTraceBehavior [ RunTime:0.000731s ]
INFO: [ app_end ] --END-- [ RunTime:0.000898s ]

[ 2019-02-04T10:43:02+08:00 ] 127.0.0.1 /index.php?m=task&c=information&a=index&id=1
INFO: [ app_init ] --START--
INFO: Run Behavior\BuildLiteBehavior [ RunTime:0.000019s ]
INFO: [ app_init ] --END-- [ RunTime:0.000302s ]
INFO: [ app_begin ] --START--
INFO: Run Behavior\ReadHtmlCacheBehavior [ RunTime:0.000331s ]
INFO: [ app_begin ] --END-- [ RunTime:0.000405s ]
SQL: SHOW COLUMNS FROM `task` [ RunTime:0.0115s ]
SQL: SELECT * FROM `task` WHERE `id` = 1 LIMIT 1   [ RunTime:0.0002s ]
INFO: [ view_parse ] --START--
INFO: [ template_filter ] --START--
INFO: Run Behavior\ContentReplaceBehavior [ RunTime:0.000071s ]
INFO: [ template_filter ] --END-- [ RunTime:0.000149s ]
NOTIC: [8] Undefined variable: taskCount D:\phpProjects\wampProjects\shequ\Application\Runtime\Cache\Task\a701f6913de11b4c77ea9f486d1a7da7.php 第 46 行.
NOTIC: [8] Undefined index: address D:\phpProjects\wampProjects\shequ\Application\Runtime\Cache\Task\a701f6913de11b4c77ea9f486d1a7da7.php 第 84 行.
NOTIC: [8] Undefined index: iscompele D:\phpProjects\wampProjects\shequ\Application\Runtime\Cache\Task\a701f6913de11b4c77ea9f486d1a7da7.php 第 96 行.
NOTIC: [8] Undefined index: iscompele D:\phpProjects\wampProjects\shequ\Application\Runtime\Cache\Task\a701f6913de11b4c77ea9f486d1a7da7.php 第 121 行.
INFO: Run Behavior\ParseTemplateBehavior [ RunTime:0.010247s ]
INFO: [ view_parse ] --END-- [ RunTime:0.010321s ]
INFO: [ view_filter ] --START--
INFO: Run Behavior\WriteHtmlCacheBehavior [ RunTime:0.000347s ]
INFO: [ view_filter ] --END-- [ RunTime:0.000414s ]
INFO: [ app_end ] --START--
INFO: Run Behavior\ShowPageTraceBehavior [ RunTime:0.000500s ]
INFO: [ app_end ] --END-- [ RunTime:0.000578s ]

[ 2019-02-04T10:43:03+08:00 ] 127.0.0.1 /index.php?m=task&c=list&a=verify
INFO: [ app_init ] --START--
INFO: Run Behavior\BuildLiteBehavior [ RunTime:0.000020s ]
INFO: [ app_init ] --END-- [ RunTime:0.001088s ]
INFO: [ app_begin ] --START--
INFO: Run Behavior\ReadHtmlCacheBehavior [ RunTime:0.000318s ]
INFO: [ app_begin ] --END-- [ RunTime:0.000396s ]
NOTIC: [8] Use of undefined constant admin - assumed 'admin' D:\phpProjects\wampProjects\shequ\Application\Task\Controller\ListController.class.php 第 110 行.
NOTIC: [8] Use of undefined constant name - assumed 'name' D:\phpProjects\wampProjects\shequ\Application\Task\Controller\ListController.class.php 第 110 行.
NOTIC: [8] Undefined index: p D:\phpProjects\wampProjects\shequ\Application\Task\Controller\ListController.class.php 第 113 行.
NOTIC: [8] Undefined index: pageSize D:\phpProjects\wampProjects\shequ\Application\Task\Controller\ListController.class.php 第 114 行.
SQL: SHOW COLUMNS FROM `task` [ RunTime:0.0067s ]
SQL: SELECT COUNT(*) AS tp_count FROM `task` WHERE `isComplete` = 1 AND `fuzeren` = '陈伟林' LIMIT 1   [ RunTime:0.0002s ]
SQL: SELECT COUNT(*) AS tp_count FROM `task` WHERE `isComplete` = 2 AND `fuzeren` = '陈伟林' LIMIT 1   [ RunTime:0.0002s ]
SQL: SELECT COUNT(*) AS tp_count FROM `task` WHERE `isComplete` = 3 LIMIT 1   [ RunTime:0.0002s ]
NOTIC: [8] Use of undefined constant admin - assumed 'admin' D:\phpProjects\wampProjects\shequ\Application\Task\Controller\ListController.class.php 第 130 行.
NOTIC: [8] Use of undefined constant isadmin - assumed 'isadmin' D:\phpProjects\wampProjects\shequ\Application\Task\Controller\ListController.class.php 第 130 行.
SQL: SELECT COUNT(*) AS tp_count FROM `task` WHERE `isComplete` = 4 LIMIT 1   [ RunTime:0.0002s ]
SQL: SELECT COUNT(*) AS tp_count FROM `task` WHERE `register` = '陈伟林' LIMIT 1   [ RunTime:0.0002s ]
SQL: SELECT * FROM `task` WHERE `isComplete` = 3 LIMIT 0,3   [ RunTime:0.0002s ]
INFO: [ view_parse ] --START--
INFO: [ template_filter ] --START--
INFO: Run Behavior\ContentReplaceBehavior [ RunTime:0.000062s ]
INFO: [ template_filter ] --END-- [ RunTime:0.000133s ]
NOTIC: [8] Undefined variable: taskCount D:\phpProjects\wampProjects\shequ\Application\Runtime\Cache\Task\c7fc9e23d74877d4412879c92671ab1d.php 第 46 行.
INFO: Run Behavior\ParseTemplateBehavior [ RunTime:0.008201s ]
INFO: [ view_parse ] --END-- [ RunTime:0.008274s ]
INFO: [ view_filter ] --START--
INFO: Run Behavior\WriteHtmlCacheBehavior [ RunTime:0.000342s ]
INFO: [ view_filter ] --END-- [ RunTime:0.000411s ]
INFO: [ app_end ] --START--
INFO: Run Behavior\ShowPageTraceBehavior [ RunTime:0.000803s ]
INFO: [ app_end ] --END-- [ RunTime:0.000924s ]

[ 2019-02-04T10:43:05+08:00 ] 127.0.0.1 /index.php?m=task&c=list&a=register
INFO: [ app_init ] --START--
INFO: Run Behavior\BuildLiteBehavior [ RunTime:0.000017s ]
INFO: [ app_init ] --END-- [ RunTime:0.000276s ]
INFO: [ app_begin ] --START--
INFO: Run Behavior\ReadHtmlCacheBehavior [ RunTime:0.000396s ]
INFO: [ app_begin ] --END-- [ RunTime:0.000484s ]
NOTIC: [8] Use of undefined constant admin - assumed 'admin' D:\phpProjects\wampProjects\shequ\Application\Task\Controller\ListController.class.php 第 212 行.
NOTIC: [8] Use of undefined constant name - assumed 'name' D:\phpProjects\wampProjects\shequ\Application\Task\Controller\ListController.class.php 第 212 行.
NOTIC: [8] Undefined index: p D:\phpProjects\wampProjects\shequ\Application\Task\Controller\ListController.class.php 第 215 行.
NOTIC: [8] Undefined index: pageSize D:\phpProjects\wampProjects\shequ\Application\Task\Controller\ListController.class.php 第 216 行.
SQL: SHOW COLUMNS FROM `task` [ RunTime:0.0113s ]
SQL: SELECT COUNT(*) AS tp_count FROM `task` WHERE `isComplete` = 1 AND `fuzeren` = '陈伟林' LIMIT 1   [ RunTime:0.0003s ]
SQL: SELECT COUNT(*) AS tp_count FROM `task` WHERE `isComplete` = 2 AND `fuzeren` = '陈伟林' LIMIT 1   [ RunTime:0.0002s ]
SQL: SELECT COUNT(*) AS tp_count FROM `task` WHERE `isComplete` = 3 LIMIT 1   [ RunTime:0.0002s ]
NOTIC: [8] Use of undefined constant admin - assumed 'admin' D:\phpProjects\wampProjects\shequ\Application\Task\Controller\ListController.class.php 第 231 行.
NOTIC: [8] Use of undefined constant isadmin - assumed 'isadmin' D:\phpProjects\wampProjects\shequ\Application\Task\Controller\ListController.class.php 第 231 行.
SQL: SELECT COUNT(*) AS tp_count FROM `task` WHERE `isComplete` = 4 LIMIT 1   [ RunTime:0.0002s ]
SQL: SELECT COUNT(*) AS tp_count FROM `task` WHERE `register` = '陈伟林' LIMIT 1   [ RunTime:0.0002s ]
SQL: SELECT * FROM `task` WHERE `register` = '陈伟林' LIMIT 0,3   [ RunTime:0.0002s ]
INFO: [ view_parse ] --START--
INFO: [ template_filter ] --START--
INFO: Run Behavior\ContentReplaceBehavior [ RunTime:0.000080s ]
INFO: [ template_filter ] --END-- [ RunTime:0.000155s ]
NOTIC: [8] Undefined variable: taskCount D:\phpProjects\wampProjects\shequ\Application\Runtime\Cache\Task\c535ede380b6de9ce44bdb3a8972d88b.php 第 46 行.
INFO: Run Behavior\ParseTemplateBehavior [ RunTime:0.009754s ]
INFO: [ view_parse ] --END-- [ RunTime:0.009834s ]
INFO: [ view_filter ] --START--
INFO: Run Behavior\WriteHtmlCacheBehavior [ RunTime:0.000332s ]
INFO: [ view_filter ] --END-- [ RunTime:0.000400s ]
INFO: [ app_end ] --START--
INFO: Run Behavior\ShowPageTraceBehavior [ RunTime:0.000501s ]
INFO: [ app_end ] --END-- [ RunTime:0.000630s ]

[ 2019-02-04T10:43:06+08:00 ] 127.0.0.1 /index.php?m=task&c=list&a=verify
INFO: [ app_init ] --START--
INFO: Run Behavior\BuildLiteBehavior [ RunTime:0.000046s ]
INFO: [ app_init ] --END-- [ RunTime:0.000567s ]
INFO: [ app_begin ] --START--
INFO: Run Behavior\ReadHtmlCacheBehavior [ RunTime:0.000344s ]
INFO: [ app_begin ] --END-- [ RunTime:0.000446s ]
NOTIC: [8] Use of undefined constant admin - assumed 'admin' D:\phpProjects\wampProjects\shequ\Application\Task\Controller\ListController.class.php 第 110 行.
NOTIC: [8] Use of undefined constant name - assumed 'name' D:\phpProjects\wampProjects\shequ\Application\Task\Controller\ListController.class.php 第 110 行.
NOTIC: [8] Undefined index: p D:\phpProjects\wampProjects\shequ\Application\Task\Controller\ListController.class.php 第 113 行.
NOTIC: [8] Undefined index: pageSize D:\phpProjects\wampProjects\shequ\Application\Task\Controller\ListController.class.php 第 114 行.
SQL: SHOW COLUMNS FROM `task` [ RunTime:0.0089s ]
SQL: SELECT COUNT(*) AS tp_count FROM `task` WHERE `isComplete` = 1 AND `fuzeren` = '陈伟林' LIMIT 1   [ RunTime:0.0002s ]
SQL: SELECT COUNT(*) AS tp_count FROM `task` WHERE `isComplete` = 2 AND `fuzeren` = '陈伟林' LIMIT 1   [ RunTime:0.0002s ]
SQL: SELECT COUNT(*) AS tp_count FROM `task` WHERE `isComplete` = 3 LIMIT 1   [ RunTime:0.0002s ]
NOTIC: [8] Use of undefined constant admin - assumed 'admin' D:\phpProjects\wampProjects\shequ\Application\Task\Controller\ListController.class.php 第 130 行.
NOTIC: [8] Use of undefined constant isadmin - assumed 'isadmin' D:\phpProjects\wampProjects\shequ\Application\Task\Controller\ListController.class.php 第 130 行.
SQL: SELECT COUNT(*) AS tp_count FROM `task` WHERE `isComplete` = 4 LIMIT 1   [ RunTime:0.0002s ]
SQL: SELECT COUNT(*) AS tp_count FROM `task` WHERE `register` = '陈伟林' LIMIT 1   [ RunTime:0.0002s ]
SQL: SELECT * FROM `task` WHERE `isComplete` = 3 LIMIT 0,3   [ RunTime:0.0002s ]
INFO: [ view_parse ] --START--
INFO: [ template_filter ] --START--
INFO: Run Behavior\ContentReplaceBehavior [ RunTime:0.000164s ]
INFO: [ template_filter ] --END-- [ RunTime:0.000426s ]
NOTIC: [8] Undefined variable: taskCount D:\phpProjects\wampProjects\shequ\Application\Runtime\Cache\Task\c7fc9e23d74877d4412879c92671ab1d.php 第 46 行.
INFO: Run Behavior\ParseTemplateBehavior [ RunTime:0.009385s ]
INFO: [ view_parse ] --END-- [ RunTime:0.009459s ]
INFO: [ view_filter ] --START--
INFO: Run Behavior\WriteHtmlCacheBehavior [ RunTime:0.000351s ]
INFO: [ view_filter ] --END-- [ RunTime:0.000419s ]
INFO: [ app_end ] --START--
INFO: Run Behavior\ShowPageTraceBehavior [ RunTime:0.000471s ]
INFO: [ app_end ] --END-- [ RunTime:0.000543s ]

[ 2019-02-04T10:43:11+08:00 ] 127.0.0.1 /index.php?m=task&c=list&a=index
INFO: [ app_init ] --START--
INFO: Run Behavior\BuildLiteBehavior [ RunTime:0.000017s ]
INFO: [ app_init ] --END-- [ RunTime:0.000299s ]
INFO: [ app_begin ] --START--
INFO: Run Behavior\ReadHtmlCacheBehavior [ RunTime:0.000305s ]
INFO: [ app_begin ] --END-- [ RunTime:0.000378s ]
NOTIC: [8] Use of undefined constant admin - assumed 'admin' D:\phpProjects\wampProjects\shequ\Application\Task\Controller\ListController.class.php 第 8 行.
NOTIC: [8] Use of undefined constant name - assumed 'name' D:\phpProjects\wampProjects\shequ\Application\Task\Controller\ListController.class.php 第 8 行.
NOTIC: [8] Undefined index: p D:\phpProjects\wampProjects\shequ\Application\Task\Controller\ListController.class.php 第 10 行.
NOTIC: [8] Undefined index: pageSize D:\phpProjects\wampProjects\shequ\Application\Task\Controller\ListController.class.php 第 11 行.
SQL: SHOW COLUMNS FROM `task` [ RunTime:0.0041s ]
SQL: SELECT COUNT(*) AS tp_count FROM `task` WHERE `isComplete` = 1 AND `fuzeren` = '陈伟林' LIMIT 1   [ RunTime:0.0002s ]
SQL: SELECT COUNT(*) AS tp_count FROM `task` WHERE `isComplete` = 2 AND `fuzeren` = '陈伟林' LIMIT 1   [ RunTime:0.0002s ]
SQL: SELECT COUNT(*) AS tp_count FROM `task` WHERE `isComplete` = 3 LIMIT 1   [ RunTime:0.0001s ]
NOTIC: [8] Use of undefined constant admin - assumed 'admin' D:\phpProjects\wampProjects\shequ\Application\Task\Controller\ListController.class.php 第 28 行.
NOTIC: [8] Use of undefined constant isadmin - assumed 'isadmin' D:\phpProjects\wampProjects\shequ\Application\Task\Controller\ListController.class.php 第 28 行.
SQL: SELECT COUNT(*) AS tp_count FROM `task` WHERE `isComplete` = 4 LIMIT 1   [ RunTime:0.0002s ]
SQL: SELECT COUNT(*) AS tp_count FROM `task` WHERE `register` = '陈伟林' LIMIT 1   [ RunTime:0.0001s ]
SQL: SELECT * FROM `task` WHERE `isComplete` = 1 AND `fuzeren` = '陈伟林' LIMIT 0,3   [ RunTime:0.0002s ]
INFO: [ view_parse ] --START--
INFO: [ template_filter ] --START--
INFO: Run Behavior\ContentReplaceBehavior [ RunTime:0.000081s ]
INFO: [ template_filter ] --END-- [ RunTime:0.000156s ]
NOTIC: [8] Undefined variable: taskCount D:\phpProjects\wampProjects\shequ\Application\Runtime\Cache\Task\14c1eb8b5acd8eb3773c7d59b6a2e0dd.php 第 46 行.
INFO: Run Behavior\ParseTemplateBehavior [ RunTime:0.049981s ]
INFO: [ view_parse ] --END-- [ RunTime:0.050113s ]
INFO: [ view_filter ] --START--
INFO: Run Behavior\WriteHtmlCacheBehavior [ RunTime:0.000603s ]
INFO: [ view_filter ] --END-- [ RunTime:0.000733s ]
INFO: [ app_end ] --START--
INFO: Run Behavior\ShowPageTraceBehavior [ RunTime:0.000683s ]
INFO: [ app_end ] --END-- [ RunTime:0.000784s ]

