[ 2019-02-21T00:03:06+08:00 ] 220.160.49.55 /Task/unread.html
INFO: [ app_init ] --START--
INFO: Run Behavior\BuildLiteBehavior [ RunTime:0.000014s ]
INFO: [ app_init ] --END-- [ RunTime:0.000097s ]
INFO: [ app_begin ] --START--
INFO: Run Behavior\ReadHtmlCacheBehavior [ RunTime:0.000071s ]
INFO: [ app_begin ] --END-- [ RunTime:0.000137s ]
ERR: 无法加载控制器:Unread

[ 2019-02-21T00:07:17+08:00 ] 220.160.49.55 /index.php?m=task&c=list&a=verify
INFO: [ app_init ] --START--
INFO: Run Behavior\BuildLiteBehavior [ RunTime:0.000009s ]
INFO: [ app_init ] --END-- [ RunTime:0.000057s ]
INFO: [ app_begin ] --START--
INFO: Run Behavior\ReadHtmlCacheBehavior [ RunTime:0.000024s ]
INFO: [ app_begin ] --END-- [ RunTime:0.000045s ]
NOTIC: [8] Use of undefined constant admin - assumed 'admin' /var/www/html/shequ/Application/Task/Controller/ListController.class.php 第 110 行.
NOTIC: [8] Use of undefined constant name - assumed 'name' /var/www/html/shequ/Application/Task/Controller/ListController.class.php 第 110 行.
NOTIC: [8] Undefined index: p /var/www/html/shequ/Application/Task/Controller/ListController.class.php 第 113 行.
NOTIC: [8] Undefined index: pageSize /var/www/html/shequ/Application/Task/Controller/ListController.class.php 第 114 行.
SQL: SHOW COLUMNS FROM `task` [ RunTime:0.0008s ]
SQL: SELECT COUNT(*) AS tp_count FROM `task` WHERE `isComplete` = 1 AND `fuzeren` = '陈伟林' LIMIT 1   [ RunTime:0.0005s ]
SQL: SELECT COUNT(*) AS tp_count FROM `task` WHERE `isComplete` = 2 AND `fuzeren` = '陈伟林' LIMIT 1   [ RunTime:0.0004s ]
SQL: SELECT COUNT(*) AS tp_count FROM `task` WHERE `isComplete` = 3 LIMIT 1   [ RunTime:0.0004s ]
NOTIC: [8] Use of undefined constant admin - assumed 'admin' /var/www/html/shequ/Application/Task/Controller/ListController.class.php 第 130 行.
NOTIC: [8] Use of undefined constant isadmin - assumed 'isadmin' /var/www/html/shequ/Application/Task/Controller/ListController.class.php 第 130 行.
SQL: SELECT COUNT(*) AS tp_count FROM `task` WHERE `isComplete` = 4 LIMIT 1   [ RunTime:0.0004s ]
SQL: SELECT COUNT(*) AS tp_count FROM `task` WHERE `register` = '陈伟林' LIMIT 1   [ RunTime:0.0004s ]
SQL: SELECT * FROM `task` WHERE `isComplete` = 3 LIMIT 0,3   [ RunTime:0.0004s ]
INFO: [ view_parse ] --START--
INFO: [ template_filter ] --START--
INFO: Run Behavior\ContentReplaceBehavior [ RunTime:0.000037s ]
INFO: [ template_filter ] --END-- [ RunTime:0.000084s ]
NOTIC: [8] Undefined variable: taskCount /var/www/html/shequ/Application/Runtime/Cache/Task/c7fc9e23d74877d4412879c92671ab1d.php 第 46 行.
INFO: Run Behavior\ParseTemplateBehavior [ RunTime:0.007673s ]
INFO: [ view_parse ] --END-- [ RunTime:0.007757s ]
INFO: [ view_filter ] --START--
INFO: Run Behavior\WriteHtmlCacheBehavior [ RunTime:0.000034s ]
INFO: [ view_filter ] --END-- [ RunTime:0.000061s ]
INFO: [ app_end ] --START--
INFO: Run Behavior\ShowPageTraceBehavior [ RunTime:0.000024s ]
INFO: [ app_end ] --END-- [ RunTime:0.000043s ]

[ 2019-02-21T00:07:18+08:00 ] 220.160.49.55 /index.php?m=task&c=list&a=register
INFO: [ app_init ] --START--
INFO: Run Behavior\BuildLiteBehavior [ RunTime:0.000013s ]
INFO: [ app_init ] --END-- [ RunTime:0.000101s ]
INFO: [ app_begin ] --START--
INFO: Run Behavior\ReadHtmlCacheBehavior [ RunTime:0.000040s ]
INFO: [ app_begin ] --END-- [ RunTime:0.000071s ]
NOTIC: [8] Use of undefined constant admin - assumed 'admin' /var/www/html/shequ/Application/Task/Controller/ListController.class.php 第 212 行.
NOTIC: [8] Use of undefined constant name - assumed 'name' /var/www/html/shequ/Application/Task/Controller/ListController.class.php 第 212 行.
NOTIC: [8] Undefined index: p /var/www/html/shequ/Application/Task/Controller/ListController.class.php 第 215 行.
NOTIC: [8] Undefined index: pageSize /var/www/html/shequ/Application/Task/Controller/ListController.class.php 第 216 行.
SQL: SHOW COLUMNS FROM `task` [ RunTime:0.0010s ]
SQL: SELECT COUNT(*) AS tp_count FROM `task` WHERE `isComplete` = 1 AND `fuzeren` = '陈伟林' LIMIT 1   [ RunTime:0.0006s ]
SQL: SELECT COUNT(*) AS tp_count FROM `task` WHERE `isComplete` = 2 AND `fuzeren` = '陈伟林' LIMIT 1   [ RunTime:0.0005s ]
SQL: SELECT COUNT(*) AS tp_count FROM `task` WHERE `isComplete` = 3 LIMIT 1   [ RunTime:0.0004s ]
NOTIC: [8] Use of undefined constant admin - assumed 'admin' /var/www/html/shequ/Application/Task/Controller/ListController.class.php 第 231 行.
NOTIC: [8] Use of undefined constant isadmin - assumed 'isadmin' /var/www/html/shequ/Application/Task/Controller/ListController.class.php 第 231 行.
SQL: SELECT COUNT(*) AS tp_count FROM `task` WHERE `isComplete` = 4 LIMIT 1   [ RunTime:0.0004s ]
SQL: SELECT COUNT(*) AS tp_count FROM `task` WHERE `register` = '陈伟林' LIMIT 1   [ RunTime:0.0004s ]
SQL: SELECT * FROM `task` WHERE `register` = '陈伟林' LIMIT 0,3   [ RunTime:0.0005s ]
INFO: [ view_parse ] --START--
INFO: [ template_filter ] --START--
INFO: Run Behavior\ContentReplaceBehavior [ RunTime:0.000040s ]
INFO: [ template_filter ] --END-- [ RunTime:0.000091s ]
NOTIC: [8] Undefined variable: taskCount /var/www/html/shequ/Application/Runtime/Cache/Task/c535ede380b6de9ce44bdb3a8972d88b.php 第 46 行.
INFO: Run Behavior\ParseTemplateBehavior [ RunTime:0.009166s ]
INFO: [ view_parse ] --END-- [ RunTime:0.009205s ]
INFO: [ view_filter ] --START--
INFO: Run Behavior\WriteHtmlCacheBehavior [ RunTime:0.000032s ]
INFO: [ view_filter ] --END-- [ RunTime:0.000050s ]
INFO: [ app_end ] --START--
INFO: Run Behavior\ShowPageTraceBehavior [ RunTime:0.000057s ]
INFO: [ app_end ] --END-- [ RunTime:0.000081s ]

[ 2019-02-21T00:07:20+08:00 ] 220.160.49.55 /index.php?m=task&c=information&a=index&id=2
INFO: [ app_init ] --START--
INFO: Run Behavior\BuildLiteBehavior [ RunTime:0.000013s ]
INFO: [ app_init ] --END-- [ RunTime:0.000087s ]
INFO: [ app_begin ] --START--
INFO: Run Behavior\ReadHtmlCacheBehavior [ RunTime:0.000034s ]
INFO: [ app_begin ] --END-- [ RunTime:0.000067s ]
SQL: SHOW COLUMNS FROM `task` [ RunTime:0.0008s ]
SQL: SELECT * FROM `task` WHERE `id` = 2 LIMIT 1   [ RunTime:0.0005s ]
INFO: [ view_parse ] --START--
INFO: [ template_filter ] --START--
INFO: Run Behavior\ContentReplaceBehavior [ RunTime:0.000035s ]
INFO: [ template_filter ] --END-- [ RunTime:0.000069s ]
NOTIC: [8] Undefined variable: taskCount /var/www/html/shequ/Application/Runtime/Cache/Task/a701f6913de11b4c77ea9f486d1a7da7.php 第 46 行.
NOTIC: [8] Undefined index: address /var/www/html/shequ/Application/Runtime/Cache/Task/a701f6913de11b4c77ea9f486d1a7da7.php 第 84 行.
NOTIC: [8] Undefined index: iscompele /var/www/html/shequ/Application/Runtime/Cache/Task/a701f6913de11b4c77ea9f486d1a7da7.php 第 96 行.
NOTIC: [8] Undefined index: iscompele /var/www/html/shequ/Application/Runtime/Cache/Task/a701f6913de11b4c77ea9f486d1a7da7.php 第 121 行.
INFO: Run Behavior\ParseTemplateBehavior [ RunTime:0.005891s ]
INFO: [ view_parse ] --END-- [ RunTime:0.005919s ]
INFO: [ view_filter ] --START--
INFO: Run Behavior\WriteHtmlCacheBehavior [ RunTime:0.000025s ]
INFO: [ view_filter ] --END-- [ RunTime:0.000042s ]
INFO: [ app_end ] --START--
INFO: Run Behavior\ShowPageTraceBehavior [ RunTime:0.000025s ]
INFO: [ app_end ] --END-- [ RunTime:0.000046s ]

[ 2019-02-21T00:07:24+08:00 ] 220.160.49.55 /index.php?m=task&c=list&a=completed
INFO: [ app_init ] --START--
INFO: Run Behavior\BuildLiteBehavior [ RunTime:0.000009s ]
INFO: [ app_init ] --END-- [ RunTime:0.000072s ]
INFO: [ app_begin ] --START--
INFO: Run Behavior\ReadHtmlCacheBehavior [ RunTime:0.000031s ]
INFO: [ app_begin ] --END-- [ RunTime:0.000052s ]
NOTIC: [8] Use of undefined constant admin - assumed 'admin' /var/www/html/shequ/Application/Task/Controller/ListController.class.php 第 161 行.
NOTIC: [8] Use of undefined constant name - assumed 'name' /var/www/html/shequ/Application/Task/Controller/ListController.class.php 第 161 行.
NOTIC: [8] Undefined index: p /var/www/html/shequ/Application/Task/Controller/ListController.class.php 第 164 行.
NOTIC: [8] Undefined index: pageSize /var/www/html/shequ/Application/Task/Controller/ListController.class.php 第 165 行.
SQL: SHOW COLUMNS FROM `task` [ RunTime:0.0007s ]
SQL: SELECT COUNT(*) AS tp_count FROM `task` WHERE `isComplete` = 1 AND `fuzeren` = '陈伟林' LIMIT 1   [ RunTime:0.0005s ]
SQL: SELECT COUNT(*) AS tp_count FROM `task` WHERE `isComplete` = 2 AND `fuzeren` = '陈伟林' LIMIT 1   [ RunTime:0.0004s ]
SQL: SELECT COUNT(*) AS tp_count FROM `task` WHERE `isComplete` = 3 LIMIT 1   [ RunTime:0.0004s ]
NOTIC: [8] Use of undefined constant admin - assumed 'admin' /var/www/html/shequ/Application/Task/Controller/ListController.class.php 第 181 行.
NOTIC: [8] Use of undefined constant isadmin - assumed 'isadmin' /var/www/html/shequ/Application/Task/Controller/ListController.class.php 第 181 行.
SQL: SELECT COUNT(*) AS tp_count FROM `task` WHERE `isComplete` = 4 LIMIT 1   [ RunTime:0.0004s ]
SQL: SELECT COUNT(*) AS tp_count FROM `task` WHERE `register` = '陈伟林' LIMIT 1   [ RunTime:0.0004s ]
SQL: SELECT * FROM `task` WHERE `isComplete` = 4 LIMIT 0,3   [ RunTime:0.0004s ]
INFO: [ view_parse ] --START--
INFO: [ template_filter ] --START--
INFO: Run Behavior\ContentReplaceBehavior [ RunTime:0.000039s ]
INFO: [ template_filter ] --END-- [ RunTime:0.000070s ]
NOTIC: [8] Undefined variable: taskCount /var/www/html/shequ/Application/Runtime/Cache/Task/e05526e36c279b5b5bd5c1dc20b4ead1.php 第 46 行.
INFO: Run Behavior\ParseTemplateBehavior [ RunTime:0.006085s ]
INFO: [ view_parse ] --END-- [ RunTime:0.006111s ]
INFO: [ view_filter ] --START--
INFO: Run Behavior\WriteHtmlCacheBehavior [ RunTime:0.000029s ]
INFO: [ view_filter ] --END-- [ RunTime:0.000045s ]
INFO: [ app_end ] --START--
INFO: Run Behavior\ShowPageTraceBehavior [ RunTime:0.000028s ]
INFO: [ app_end ] --END-- [ RunTime:0.000051s ]

[ 2019-02-21T00:07:25+08:00 ] 220.160.49.55 /index.php?m=task&c=information&a=index&id=2
INFO: [ app_init ] --START--
INFO: Run Behavior\BuildLiteBehavior [ RunTime:0.000009s ]
INFO: [ app_init ] --END-- [ RunTime:0.000059s ]
INFO: [ app_begin ] --START--
INFO: Run Behavior\ReadHtmlCacheBehavior [ RunTime:0.000038s ]
INFO: [ app_begin ] --END-- [ RunTime:0.000061s ]
SQL: SHOW COLUMNS FROM `task` [ RunTime:0.0007s ]
SQL: SELECT * FROM `task` WHERE `id` = 2 LIMIT 1   [ RunTime:0.0005s ]
INFO: [ view_parse ] --START--
INFO: [ template_filter ] --START--
INFO: Run Behavior\ContentReplaceBehavior [ RunTime:0.000036s ]
INFO: [ template_filter ] --END-- [ RunTime:0.000066s ]
NOTIC: [8] Undefined variable: taskCount /var/www/html/shequ/Application/Runtime/Cache/Task/a701f6913de11b4c77ea9f486d1a7da7.php 第 46 行.
NOTIC: [8] Undefined index: address /var/www/html/shequ/Application/Runtime/Cache/Task/a701f6913de11b4c77ea9f486d1a7da7.php 第 84 行.
NOTIC: [8] Undefined index: iscompele /var/www/html/shequ/Application/Runtime/Cache/Task/a701f6913de11b4c77ea9f486d1a7da7.php 第 96 行.
NOTIC: [8] Undefined index: iscompele /var/www/html/shequ/Application/Runtime/Cache/Task/a701f6913de11b4c77ea9f486d1a7da7.php 第 121 行.
INFO: Run Behavior\ParseTemplateBehavior [ RunTime:0.004263s ]
INFO: [ view_parse ] --END-- [ RunTime:0.004295s ]
INFO: [ view_filter ] --START--
INFO: Run Behavior\WriteHtmlCacheBehavior [ RunTime:0.000027s ]
INFO: [ view_filter ] --END-- [ RunTime:0.000044s ]
INFO: [ app_end ] --START--
INFO: Run Behavior\ShowPageTraceBehavior [ RunTime:0.000026s ]
INFO: [ app_end ] --END-- [ RunTime:0.000046s ]

[ 2019-02-21T00:17:54+08:00 ] 220.160.49.55 /index.php?m=task&c=list&a=index
INFO: [ app_init ] --START--
INFO: Run Behavior\BuildLiteBehavior [ RunTime:0.000009s ]
INFO: [ app_init ] --END-- [ RunTime:0.000062s ]
INFO: [ app_begin ] --START--
INFO: Run Behavior\ReadHtmlCacheBehavior [ RunTime:0.000037s ]
INFO: [ app_begin ] --END-- [ RunTime:0.000067s ]
NOTIC: [8] Use of undefined constant admin - assumed 'admin' /var/www/html/shequ/Application/Task/Controller/ListController.class.php 第 8 行.
NOTIC: [8] Use of undefined constant name - assumed 'name' /var/www/html/shequ/Application/Task/Controller/ListController.class.php 第 8 行.
NOTIC: [8] Undefined index: p /var/www/html/shequ/Application/Task/Controller/ListController.class.php 第 10 行.
NOTIC: [8] Undefined index: pageSize /var/www/html/shequ/Application/Task/Controller/ListController.class.php 第 11 行.
SQL: SHOW COLUMNS FROM `task` [ RunTime:0.0008s ]
SQL: SELECT COUNT(*) AS tp_count FROM `task` WHERE `isComplete` = 1 AND `fuzeren` = '陈伟林' LIMIT 1   [ RunTime:0.0005s ]
SQL: SELECT COUNT(*) AS tp_count FROM `task` WHERE `isComplete` = 2 AND `fuzeren` = '陈伟林' LIMIT 1   [ RunTime:0.0004s ]
SQL: SELECT COUNT(*) AS tp_count FROM `task` WHERE `isComplete` = 3 LIMIT 1   [ RunTime:0.0004s ]
NOTIC: [8] Use of undefined constant admin - assumed 'admin' /var/www/html/shequ/Application/Task/Controller/ListController.class.php 第 28 行.
NOTIC: [8] Use of undefined constant isadmin - assumed 'isadmin' /var/www/html/shequ/Application/Task/Controller/ListController.class.php 第 28 行.
SQL: SELECT COUNT(*) AS tp_count FROM `task` WHERE `isComplete` = 4 AND `fuzeren` = '陈伟林' LIMIT 1   [ RunTime:0.0005s ]
SQL: SELECT COUNT(*) AS tp_count FROM `task` WHERE `register` = '陈伟林' LIMIT 1   [ RunTime:0.0004s ]
SQL: SELECT * FROM `task` WHERE `isComplete` = 1 AND `fuzeren` = '陈伟林' LIMIT 0,3   [ RunTime:0.0005s ]
INFO: [ view_parse ] --START--
INFO: [ template_filter ] --START--
INFO: Run Behavior\ContentReplaceBehavior [ RunTime:0.000036s ]
INFO: [ template_filter ] --END-- [ RunTime:0.000078s ]
NOTIC: [8] Undefined variable: taskCount /var/www/html/shequ/Application/Runtime/Cache/Task/14c1eb8b5acd8eb3773c7d59b6a2e0dd.php 第 46 行.
INFO: Run Behavior\ParseTemplateBehavior [ RunTime:0.019521s ]
INFO: [ view_parse ] --END-- [ RunTime:0.019554s ]
INFO: [ view_filter ] --START--
INFO: Run Behavior\WriteHtmlCacheBehavior [ RunTime:0.000027s ]
INFO: [ view_filter ] --END-- [ RunTime:0.000043s ]
INFO: [ app_end ] --START--
INFO: Run Behavior\ShowPageTraceBehavior [ RunTime:0.000027s ]
INFO: [ app_end ] --END-- [ RunTime:0.000052s ]

[ 2019-02-21T00:17:56+08:00 ] 220.160.49.55 /index.php?m=task&c=list&a=register
INFO: [ app_init ] --START--
INFO: Run Behavior\BuildLiteBehavior [ RunTime:0.000010s ]
INFO: [ app_init ] --END-- [ RunTime:0.000066s ]
INFO: [ app_begin ] --START--
INFO: Run Behavior\ReadHtmlCacheBehavior [ RunTime:0.000031s ]
INFO: [ app_begin ] --END-- [ RunTime:0.000052s ]
NOTIC: [8] Use of undefined constant admin - assumed 'admin' /var/www/html/shequ/Application/Task/Controller/ListController.class.php 第 212 行.
NOTIC: [8] Use of undefined constant name - assumed 'name' /var/www/html/shequ/Application/Task/Controller/ListController.class.php 第 212 行.
NOTIC: [8] Undefined index: p /var/www/html/shequ/Application/Task/Controller/ListController.class.php 第 215 行.
NOTIC: [8] Undefined index: pageSize /var/www/html/shequ/Application/Task/Controller/ListController.class.php 第 216 行.
SQL: SHOW COLUMNS FROM `task` [ RunTime:0.0008s ]
SQL: SELECT COUNT(*) AS tp_count FROM `task` WHERE `isComplete` = 1 AND `fuzeren` = '陈伟林' LIMIT 1   [ RunTime:0.0005s ]
SQL: SELECT COUNT(*) AS tp_count FROM `task` WHERE `isComplete` = 2 AND `fuzeren` = '陈伟林' LIMIT 1   [ RunTime:0.0004s ]
SQL: SELECT COUNT(*) AS tp_count FROM `task` WHERE `isComplete` = 3 LIMIT 1   [ RunTime:0.0004s ]
NOTIC: [8] Use of undefined constant admin - assumed 'admin' /var/www/html/shequ/Application/Task/Controller/ListController.class.php 第 231 行.
NOTIC: [8] Use of undefined constant isadmin - assumed 'isadmin' /var/www/html/shequ/Application/Task/Controller/ListController.class.php 第 231 行.
SQL: SELECT COUNT(*) AS tp_count FROM `task` WHERE `isComplete` = 4 AND `fuzeren` = '陈伟林' LIMIT 1   [ RunTime:0.0004s ]
SQL: SELECT COUNT(*) AS tp_count FROM `task` WHERE `register` = '陈伟林' LIMIT 1   [ RunTime:0.0004s ]
SQL: SELECT * FROM `task` WHERE `register` = '陈伟林' LIMIT 0,3   [ RunTime:0.0004s ]
INFO: [ view_parse ] --START--
INFO: [ template_filter ] --START--
INFO: Run Behavior\ContentReplaceBehavior [ RunTime:0.000034s ]
INFO: [ template_filter ] --END-- [ RunTime:0.000062s ]
NOTIC: [8] Undefined variable: taskCount /var/www/html/shequ/Application/Runtime/Cache/Task/c535ede380b6de9ce44bdb3a8972d88b.php 第 46 行.
INFO: Run Behavior\ParseTemplateBehavior [ RunTime:0.003923s ]
INFO: [ view_parse ] --END-- [ RunTime:0.003955s ]
INFO: [ view_filter ] --START--
INFO: Run Behavior\WriteHtmlCacheBehavior [ RunTime:0.000042s ]
INFO: [ view_filter ] --END-- [ RunTime:0.000067s ]
INFO: [ app_end ] --START--
INFO: Run Behavior\ShowPageTraceBehavior [ RunTime:0.000031s ]
INFO: [ app_end ] --END-- [ RunTime:0.000052s ]

[ 2019-02-21T00:17:57+08:00 ] 220.160.49.55 /index.php?m=task&c=information&a=index&id=1
INFO: [ app_init ] --START--
INFO: Run Behavior\BuildLiteBehavior [ RunTime:0.000009s ]
INFO: [ app_init ] --END-- [ RunTime:0.000057s ]
INFO: [ app_begin ] --START--
INFO: Run Behavior\ReadHtmlCacheBehavior [ RunTime:0.000026s ]
INFO: [ app_begin ] --END-- [ RunTime:0.000052s ]
SQL: SHOW COLUMNS FROM `task` [ RunTime:0.0008s ]
SQL: SELECT * FROM `task` WHERE `id` = 1 LIMIT 1   [ RunTime:0.0005s ]
INFO: [ view_parse ] --START--
INFO: [ template_filter ] --START--
INFO: Run Behavior\ContentReplaceBehavior [ RunTime:0.000036s ]
INFO: [ template_filter ] --END-- [ RunTime:0.000067s ]
NOTIC: [8] Undefined variable: taskCount /var/www/html/shequ/Application/Runtime/Cache/Task/a701f6913de11b4c77ea9f486d1a7da7.php 第 46 行.
NOTIC: [8] Undefined index: address /var/www/html/shequ/Application/Runtime/Cache/Task/a701f6913de11b4c77ea9f486d1a7da7.php 第 84 行.
NOTIC: [8] Undefined index: iscompele /var/www/html/shequ/Application/Runtime/Cache/Task/a701f6913de11b4c77ea9f486d1a7da7.php 第 96 行.
NOTIC: [8] Undefined index: iscompele /var/www/html/shequ/Application/Runtime/Cache/Task/a701f6913de11b4c77ea9f486d1a7da7.php 第 115 行.
INFO: Run Behavior\ParseTemplateBehavior [ RunTime:0.004330s ]
INFO: [ view_parse ] --END-- [ RunTime:0.004355s ]
INFO: [ view_filter ] --START--
INFO: Run Behavior\WriteHtmlCacheBehavior [ RunTime:0.000025s ]
INFO: [ view_filter ] --END-- [ RunTime:0.000042s ]
INFO: [ app_end ] --START--
INFO: Run Behavior\ShowPageTraceBehavior [ RunTime:0.000033s ]
INFO: [ app_end ] --END-- [ RunTime:0.000056s ]

[ 2019-02-21T00:17:59+08:00 ] 220.160.49.55 /index.php?m=task&c=information&a=index&id=2
INFO: [ app_init ] --START--
INFO: Run Behavior\BuildLiteBehavior [ RunTime:0.000010s ]
INFO: [ app_init ] --END-- [ RunTime:0.000066s ]
INFO: [ app_begin ] --START--
INFO: Run Behavior\ReadHtmlCacheBehavior [ RunTime:0.000031s ]
INFO: [ app_begin ] --END-- [ RunTime:0.000054s ]
SQL: SHOW COLUMNS FROM `task` [ RunTime:0.0007s ]
SQL: SELECT * FROM `task` WHERE `id` = 2 LIMIT 1   [ RunTime:0.0010s ]
INFO: [ view_parse ] --START--
INFO: [ template_filter ] --START--
INFO: Run Behavior\ContentReplaceBehavior [ RunTime:0.000041s ]
INFO: [ template_filter ] --END-- [ RunTime:0.000074s ]
NOTIC: [8] Undefined variable: taskCount /var/www/html/shequ/Application/Runtime/Cache/Task/a701f6913de11b4c77ea9f486d1a7da7.php 第 46 行.
NOTIC: [8] Undefined index: address /var/www/html/shequ/Application/Runtime/Cache/Task/a701f6913de11b4c77ea9f486d1a7da7.php 第 84 行.
NOTIC: [8] Undefined index: iscompele /var/www/html/shequ/Application/Runtime/Cache/Task/a701f6913de11b4c77ea9f486d1a7da7.php 第 96 行.
NOTIC: [8] Undefined index: iscompele /var/www/html/shequ/Application/Runtime/Cache/Task/a701f6913de11b4c77ea9f486d1a7da7.php 第 115 行.
INFO: Run Behavior\ParseTemplateBehavior [ RunTime:0.004427s ]
INFO: [ view_parse ] --END-- [ RunTime:0.004455s ]
INFO: [ view_filter ] --START--
INFO: Run Behavior\WriteHtmlCacheBehavior [ RunTime:0.000033s ]
INFO: [ view_filter ] --END-- [ RunTime:0.000050s ]
INFO: [ app_end ] --START--
INFO: Run Behavior\ShowPageTraceBehavior [ RunTime:0.000033s ]
INFO: [ app_end ] --END-- [ RunTime:0.000056s ]

[ 2019-02-21T00:18:14+08:00 ] 220.160.49.55 /index.php?m=task&c=list&a=index
INFO: [ app_init ] --START--
INFO: Run Behavior\BuildLiteBehavior [ RunTime:0.000008s ]
INFO: [ app_init ] --END-- [ RunTime:0.000061s ]
INFO: [ app_begin ] --START--
INFO: Run Behavior\ReadHtmlCacheBehavior [ RunTime:0.000028s ]
INFO: [ app_begin ] --END-- [ RunTime:0.000050s ]
NOTIC: [8] Use of undefined constant admin - assumed 'admin' /var/www/html/shequ/Application/Task/Controller/ListController.class.php 第 8 行.
NOTIC: [8] Use of undefined constant name - assumed 'name' /var/www/html/shequ/Application/Task/Controller/ListController.class.php 第 8 行.
NOTIC: [8] Undefined index: p /var/www/html/shequ/Application/Task/Controller/ListController.class.php 第 10 行.
NOTIC: [8] Undefined index: pageSize /var/www/html/shequ/Application/Task/Controller/ListController.class.php 第 11 行.
SQL: SHOW COLUMNS FROM `task` [ RunTime:0.0007s ]
SQL: SELECT COUNT(*) AS tp_count FROM `task` WHERE `isComplete` = 1 AND `fuzeren` = '陈伟林' LIMIT 1   [ RunTime:0.0005s ]
SQL: SELECT COUNT(*) AS tp_count FROM `task` WHERE `isComplete` = 2 AND `fuzeren` = '陈伟林' LIMIT 1   [ RunTime:0.0004s ]
SQL: SELECT COUNT(*) AS tp_count FROM `task` WHERE `isComplete` = 3 LIMIT 1   [ RunTime:0.0004s ]
NOTIC: [8] Use of undefined constant admin - assumed 'admin' /var/www/html/shequ/Application/Task/Controller/ListController.class.php 第 28 行.
NOTIC: [8] Use of undefined constant isadmin - assumed 'isadmin' /var/www/html/shequ/Application/Task/Controller/ListController.class.php 第 28 行.
SQL: SELECT COUNT(*) AS tp_count FROM `task` WHERE `isComplete` = 4 AND `fuzeren` = '陈伟林' LIMIT 1   [ RunTime:0.0004s ]
SQL: SELECT COUNT(*) AS tp_count FROM `task` WHERE `register` = '陈伟林' LIMIT 1   [ RunTime:0.0004s ]
SQL: SELECT * FROM `task` WHERE `isComplete` = 1 AND `fuzeren` = '陈伟林' LIMIT 0,3   [ RunTime:0.0004s ]
INFO: [ view_parse ] --START--
INFO: [ template_filter ] --START--
INFO: Run Behavior\ContentReplaceBehavior [ RunTime:0.000035s ]
INFO: [ template_filter ] --END-- [ RunTime:0.000066s ]
NOTIC: [8] Undefined variable: taskCount /var/www/html/shequ/Application/Runtime/Cache/Task/14c1eb8b5acd8eb3773c7d59b6a2e0dd.php 第 46 行.
INFO: Run Behavior\ParseTemplateBehavior [ RunTime:0.004201s ]
INFO: [ view_parse ] --END-- [ RunTime:0.004229s ]
INFO: [ view_filter ] --START--
INFO: Run Behavior\WriteHtmlCacheBehavior [ RunTime:0.000037s ]
INFO: [ view_filter ] --END-- [ RunTime:0.000055s ]
INFO: [ app_end ] --START--
INFO: Run Behavior\ShowPageTraceBehavior [ RunTime:0.000037s ]
INFO: [ app_end ] --END-- [ RunTime:0.000064s ]

[ 2019-02-21T05:06:49+08:00 ] 101.226.102.70 /Task/unread.html
INFO: [ app_init ] --START--
INFO: Run Behavior\BuildLiteBehavior [ RunTime:0.000011s ]
INFO: [ app_init ] --END-- [ RunTime:0.000134s ]
INFO: [ app_begin ] --START--
INFO: Run Behavior\ReadHtmlCacheBehavior [ RunTime:0.000031s ]
INFO: [ app_begin ] --END-- [ RunTime:0.000055s ]
ERR: 无法加载控制器:Unread

[ 2019-02-21T10:41:35+08:00 ] 220.160.49.4 /index.php?m=task&c=list&a=index
INFO: [ app_init ] --START--
INFO: Run Behavior\BuildLiteBehavior [ RunTime:0.000015s ]
INFO: [ app_init ] --END-- [ RunTime:0.000093s ]
INFO: [ app_begin ] --START--
INFO: Run Behavior\ReadHtmlCacheBehavior [ RunTime:0.000042s ]
INFO: [ app_begin ] --END-- [ RunTime:0.000078s ]
NOTIC: [8] Use of undefined constant admin - assumed 'admin' /var/www/html/shequ/Application/Task/Controller/ListController.class.php 第 8 行.
NOTIC: [8] Use of undefined constant name - assumed 'name' /var/www/html/shequ/Application/Task/Controller/ListController.class.php 第 8 行.
NOTIC: [8] Undefined index: p /var/www/html/shequ/Application/Task/Controller/ListController.class.php 第 10 行.
NOTIC: [8] Undefined index: pageSize /var/www/html/shequ/Application/Task/Controller/ListController.class.php 第 11 行.
SQL: SHOW COLUMNS FROM `task` [ RunTime:0.0010s ]
SQL: SELECT COUNT(*) AS tp_count FROM `task` WHERE `isComplete` = 1 AND `fuzeren` = '陈伟林' LIMIT 1   [ RunTime:0.0006s ]
SQL: SELECT COUNT(*) AS tp_count FROM `task` WHERE `isComplete` = 2 AND `fuzeren` = '陈伟林' LIMIT 1   [ RunTime:0.0005s ]
SQL: SELECT COUNT(*) AS tp_count FROM `task` WHERE `isComplete` = 3 LIMIT 1   [ RunTime:0.0005s ]
NOTIC: [8] Use of undefined constant admin - assumed 'admin' /var/www/html/shequ/Application/Task/Controller/ListController.class.php 第 28 行.
NOTIC: [8] Use of undefined constant isadmin - assumed 'isadmin' /var/www/html/shequ/Application/Task/Controller/ListController.class.php 第 28 行.
SQL: SELECT COUNT(*) AS tp_count FROM `task` WHERE `isComplete` = 4 AND `fuzeren` = '陈伟林' LIMIT 1   [ RunTime:0.0006s ]
SQL: SELECT COUNT(*) AS tp_count FROM `task` WHERE `register` = '陈伟林' LIMIT 1   [ RunTime:0.0004s ]
SQL: SELECT * FROM `task` WHERE `isComplete` = 1 AND `fuzeren` = '陈伟林' LIMIT 0,3   [ RunTime:0.0005s ]
INFO: [ view_parse ] --START--
INFO: [ template_filter ] --START--
INFO: Run Behavior\ContentReplaceBehavior [ RunTime:0.000048s ]
INFO: [ template_filter ] --END-- [ RunTime:0.000092s ]
NOTIC: [8] Undefined variable: taskCount /var/www/html/shequ/Application/Runtime/Cache/Task/14c1eb8b5acd8eb3773c7d59b6a2e0dd.php 第 46 行.
INFO: Run Behavior\ParseTemplateBehavior [ RunTime:0.006197s ]
INFO: [ view_parse ] --END-- [ RunTime:0.006233s ]
INFO: [ view_filter ] --START--
INFO: Run Behavior\WriteHtmlCacheBehavior [ RunTime:0.000032s ]
INFO: [ view_filter ] --END-- [ RunTime:0.000049s ]
INFO: [ app_end ] --START--
INFO: Run Behavior\ShowPageTraceBehavior [ RunTime:0.000030s ]
INFO: [ app_end ] --END-- [ RunTime:0.000051s ]

[ 2019-02-21T10:41:38+08:00 ] 220.160.49.4 /index.php?m=task&c=operate&a=receive
INFO: [ app_init ] --START--
INFO: Run Behavior\BuildLiteBehavior [ RunTime:0.000009s ]
INFO: [ app_init ] --END-- [ RunTime:0.000073s ]
INFO: [ app_begin ] --START--
INFO: Run Behavior\ReadHtmlCacheBehavior [ RunTime:0.000026s ]
INFO: [ app_begin ] --END-- [ RunTime:0.000050s ]
SQL: SHOW COLUMNS FROM `task` [ RunTime:0.0007s ]
SQL: UPDATE `task` SET `isComplete`='2' WHERE `id` = 1 [ RunTime:0.0174s ]

[ 2019-02-21T10:41:39+08:00 ] 220.160.49.4 /index.php?m=task&c=list&a=index
INFO: [ app_init ] --START--
INFO: Run Behavior\BuildLiteBehavior [ RunTime:0.000009s ]
INFO: [ app_init ] --END-- [ RunTime:0.000058s ]
INFO: [ app_begin ] --START--
INFO: Run Behavior\ReadHtmlCacheBehavior [ RunTime:0.000025s ]
INFO: [ app_begin ] --END-- [ RunTime:0.000046s ]
NOTIC: [8] Use of undefined constant admin - assumed 'admin' /var/www/html/shequ/Application/Task/Controller/ListController.class.php 第 8 行.
NOTIC: [8] Use of undefined constant name - assumed 'name' /var/www/html/shequ/Application/Task/Controller/ListController.class.php 第 8 行.
NOTIC: [8] Undefined index: p /var/www/html/shequ/Application/Task/Controller/ListController.class.php 第 10 行.
NOTIC: [8] Undefined index: pageSize /var/www/html/shequ/Application/Task/Controller/ListController.class.php 第 11 行.
SQL: SHOW COLUMNS FROM `task` [ RunTime:0.0008s ]
SQL: SELECT COUNT(*) AS tp_count FROM `task` WHERE `isComplete` = 1 AND `fuzeren` = '陈伟林' LIMIT 1   [ RunTime:0.0005s ]
SQL: SELECT COUNT(*) AS tp_count FROM `task` WHERE `isComplete` = 2 AND `fuzeren` = '陈伟林' LIMIT 1   [ RunTime:0.0004s ]
SQL: SELECT COUNT(*) AS tp_count FROM `task` WHERE `isComplete` = 3 LIMIT 1   [ RunTime:0.0004s ]
NOTIC: [8] Use of undefined constant admin - assumed 'admin' /var/www/html/shequ/Application/Task/Controller/ListController.class.php 第 28 行.
NOTIC: [8] Use of undefined constant isadmin - assumed 'isadmin' /var/www/html/shequ/Application/Task/Controller/ListController.class.php 第 28 行.
SQL: SELECT COUNT(*) AS tp_count FROM `task` WHERE `isComplete` = 4 AND `fuzeren` = '陈伟林' LIMIT 1   [ RunTime:0.0004s ]
SQL: SELECT COUNT(*) AS tp_count FROM `task` WHERE `register` = '陈伟林' LIMIT 1   [ RunTime:0.0004s ]
SQL: SELECT * FROM `task` WHERE `isComplete` = 1 AND `fuzeren` = '陈伟林' LIMIT 0,3   [ RunTime:0.0005s ]
INFO: [ view_parse ] --START--
INFO: [ template_filter ] --START--
INFO: Run Behavior\ContentReplaceBehavior [ RunTime:0.000034s ]
INFO: [ template_filter ] --END-- [ RunTime:0.000068s ]
NOTIC: [8] Undefined variable: taskCount /var/www/html/shequ/Application/Runtime/Cache/Task/14c1eb8b5acd8eb3773c7d59b6a2e0dd.php 第 46 行.
INFO: Run Behavior\ParseTemplateBehavior [ RunTime:0.004806s ]
INFO: [ view_parse ] --END-- [ RunTime:0.004838s ]
INFO: [ view_filter ] --START--
INFO: Run Behavior\WriteHtmlCacheBehavior [ RunTime:0.000035s ]
INFO: [ view_filter ] --END-- [ RunTime:0.000054s ]
INFO: [ app_end ] --START--
INFO: Run Behavior\ShowPageTraceBehavior [ RunTime:0.000043s ]
INFO: [ app_end ] --END-- [ RunTime:0.000068s ]

[ 2019-02-21T10:41:40+08:00 ] 220.160.49.4 /index.php?m=task&c=list&a=completing
INFO: [ app_init ] --START--
INFO: Run Behavior\BuildLiteBehavior [ RunTime:0.000009s ]
INFO: [ app_init ] --END-- [ RunTime:0.000066s ]
INFO: [ app_begin ] --START--
INFO: Run Behavior\ReadHtmlCacheBehavior [ RunTime:0.000026s ]
INFO: [ app_begin ] --END-- [ RunTime:0.000049s ]
NOTIC: [8] Use of undefined constant admin - assumed 'admin' /var/www/html/shequ/Application/Task/Controller/ListController.class.php 第 60 行.
NOTIC: [8] Use of undefined constant name - assumed 'name' /var/www/html/shequ/Application/Task/Controller/ListController.class.php 第 60 行.
NOTIC: [8] Undefined index: p /var/www/html/shequ/Application/Task/Controller/ListController.class.php 第 63 行.
NOTIC: [8] Undefined index: pageSize /var/www/html/shequ/Application/Task/Controller/ListController.class.php 第 64 行.
SQL: SHOW COLUMNS FROM `task` [ RunTime:0.0008s ]
SQL: SELECT COUNT(*) AS tp_count FROM `task` WHERE `isComplete` = 1 AND `fuzeren` = '陈伟林' LIMIT 1   [ RunTime:0.0005s ]
SQL: SELECT COUNT(*) AS tp_count FROM `task` WHERE `isComplete` = 2 AND `fuzeren` = '陈伟林' LIMIT 1   [ RunTime:0.0004s ]
SQL: SELECT COUNT(*) AS tp_count FROM `task` WHERE `isComplete` = 3 LIMIT 1   [ RunTime:0.0004s ]
NOTIC: [8] Use of undefined constant admin - assumed 'admin' /var/www/html/shequ/Application/Task/Controller/ListController.class.php 第 80 行.
NOTIC: [8] Use of undefined constant isadmin - assumed 'isadmin' /var/www/html/shequ/Application/Task/Controller/ListController.class.php 第 80 行.
SQL: SELECT COUNT(*) AS tp_count FROM `task` WHERE `isComplete` = 4 AND `fuzeren` = '陈伟林' LIMIT 1   [ RunTime:0.0004s ]
SQL: SELECT COUNT(*) AS tp_count FROM `task` WHERE `register` = '陈伟林' LIMIT 1   [ RunTime:0.0004s ]
SQL: SELECT * FROM `task` WHERE `isComplete` = 2 AND `fuzeren` = '陈伟林' LIMIT 0,3   [ RunTime:0.0004s ]
INFO: [ view_parse ] --START--
INFO: [ template_filter ] --START--
INFO: Run Behavior\ContentReplaceBehavior [ RunTime:0.000035s ]
INFO: [ template_filter ] --END-- [ RunTime:0.000066s ]
NOTIC: [8] Undefined variable: taskCount /var/www/html/shequ/Application/Runtime/Cache/Task/c7bc3fc3c39ff1f737de529f2b76a970.php 第 46 行.
INFO: Run Behavior\ParseTemplateBehavior [ RunTime:0.007015s ]
INFO: [ view_parse ] --END-- [ RunTime:0.007041s ]
INFO: [ view_filter ] --START--
INFO: Run Behavior\WriteHtmlCacheBehavior [ RunTime:0.000026s ]
INFO: [ view_filter ] --END-- [ RunTime:0.000042s ]
INFO: [ app_end ] --START--
INFO: Run Behavior\ShowPageTraceBehavior [ RunTime:0.000024s ]
INFO: [ app_end ] --END-- [ RunTime:0.000045s ]

[ 2019-02-21T10:41:42+08:00 ] 220.160.49.4 /index.php?m=task&c=information&a=index&id=1
INFO: [ app_init ] --START--
INFO: Run Behavior\BuildLiteBehavior [ RunTime:0.000014s ]
INFO: [ app_init ] --END-- [ RunTime:0.000099s ]
INFO: [ app_begin ] --START--
INFO: Run Behavior\ReadHtmlCacheBehavior [ RunTime:0.000045s ]
INFO: [ app_begin ] --END-- [ RunTime:0.000082s ]
SQL: SHOW COLUMNS FROM `task` [ RunTime:0.0009s ]
SQL: SELECT * FROM `task` WHERE `id` = 1 LIMIT 1   [ RunTime:0.0005s ]
INFO: [ view_parse ] --START--
INFO: [ template_filter ] --START--
INFO: Run Behavior\ContentReplaceBehavior [ RunTime:0.000046s ]
INFO: [ template_filter ] --END-- [ RunTime:0.000088s ]
NOTIC: [8] Undefined variable: taskCount /var/www/html/shequ/Application/Runtime/Cache/Task/a701f6913de11b4c77ea9f486d1a7da7.php 第 46 行.
NOTIC: [8] Undefined index: address /var/www/html/shequ/Application/Runtime/Cache/Task/a701f6913de11b4c77ea9f486d1a7da7.php 第 84 行.
NOTIC: [8] Undefined index: iscompele /var/www/html/shequ/Application/Runtime/Cache/Task/a701f6913de11b4c77ea9f486d1a7da7.php 第 96 行.
NOTIC: [8] Undefined index: iscompele /var/www/html/shequ/Application/Runtime/Cache/Task/a701f6913de11b4c77ea9f486d1a7da7.php 第 115 行.
INFO: Run Behavior\ParseTemplateBehavior [ RunTime:0.004327s ]
INFO: [ view_parse ] --END-- [ RunTime:0.004354s ]
INFO: [ view_filter ] --START--
INFO: Run Behavior\WriteHtmlCacheBehavior [ RunTime:0.000032s ]
INFO: [ view_filter ] --END-- [ RunTime:0.000049s ]
INFO: [ app_end ] --START--
INFO: Run Behavior\ShowPageTraceBehavior [ RunTime:0.000032s ]
INFO: [ app_end ] --END-- [ RunTime:0.000052s ]

[ 2019-02-21T10:41:48+08:00 ] 220.160.49.4 /index.php?m=task&c=operate&a=completing
INFO: [ app_init ] --START--
INFO: Run Behavior\BuildLiteBehavior [ RunTime:0.000009s ]
INFO: [ app_init ] --END-- [ RunTime:0.000063s ]
INFO: [ app_begin ] --START--
INFO: Run Behavior\ReadHtmlCacheBehavior [ RunTime:0.000037s ]
INFO: [ app_begin ] --END-- [ RunTime:0.000066s ]
SQL: SHOW COLUMNS FROM `task` [ RunTime:0.0009s ]
SQL: UPDATE `task` SET `eventResult`='是真的呀',`isComplete`='3' WHERE `id` = 1 [ RunTime:0.0107s ]

[ 2019-02-21T10:41:49+08:00 ] 220.160.49.4 /index.php?m=task&c=list&a=completing
INFO: [ app_init ] --START--
INFO: Run Behavior\BuildLiteBehavior [ RunTime:0.000012s ]
INFO: [ app_init ] --END-- [ RunTime:0.000062s ]
INFO: [ app_begin ] --START--
INFO: Run Behavior\ReadHtmlCacheBehavior [ RunTime:0.000023s ]
INFO: [ app_begin ] --END-- [ RunTime:0.000046s ]
NOTIC: [8] Use of undefined constant admin - assumed 'admin' /var/www/html/shequ/Application/Task/Controller/ListController.class.php 第 60 行.
NOTIC: [8] Use of undefined constant name - assumed 'name' /var/www/html/shequ/Application/Task/Controller/ListController.class.php 第 60 行.
NOTIC: [8] Undefined index: p /var/www/html/shequ/Application/Task/Controller/ListController.class.php 第 63 行.
NOTIC: [8] Undefined index: pageSize /var/www/html/shequ/Application/Task/Controller/ListController.class.php 第 64 行.
SQL: SHOW COLUMNS FROM `task` [ RunTime:0.0008s ]
SQL: SELECT COUNT(*) AS tp_count FROM `task` WHERE `isComplete` = 1 AND `fuzeren` = '陈伟林' LIMIT 1   [ RunTime:0.0005s ]
SQL: SELECT COUNT(*) AS tp_count FROM `task` WHERE `isComplete` = 2 AND `fuzeren` = '陈伟林' LIMIT 1   [ RunTime:0.0004s ]
SQL: SELECT COUNT(*) AS tp_count FROM `task` WHERE `isComplete` = 3 LIMIT 1   [ RunTime:0.0005s ]
NOTIC: [8] Use of undefined constant admin - assumed 'admin' /var/www/html/shequ/Application/Task/Controller/ListController.class.php 第 80 行.
NOTIC: [8] Use of undefined constant isadmin - assumed 'isadmin' /var/www/html/shequ/Application/Task/Controller/ListController.class.php 第 80 行.
SQL: SELECT COUNT(*) AS tp_count FROM `task` WHERE `isComplete` = 4 AND `fuzeren` = '陈伟林' LIMIT 1   [ RunTime:0.0005s ]
SQL: SELECT COUNT(*) AS tp_count FROM `task` WHERE `register` = '陈伟林' LIMIT 1   [ RunTime:0.0004s ]
SQL: SELECT * FROM `task` WHERE `isComplete` = 2 AND `fuzeren` = '陈伟林' LIMIT 0,3   [ RunTime:0.0005s ]
INFO: [ view_parse ] --START--
INFO: [ template_filter ] --START--
INFO: Run Behavior\ContentReplaceBehavior [ RunTime:0.000030s ]
INFO: [ template_filter ] --END-- [ RunTime:0.000059s ]
NOTIC: [8] Undefined variable: taskCount /var/www/html/shequ/Application/Runtime/Cache/Task/c7bc3fc3c39ff1f737de529f2b76a970.php 第 46 行.
INFO: Run Behavior\ParseTemplateBehavior [ RunTime:0.003781s ]
INFO: [ view_parse ] --END-- [ RunTime:0.003826s ]
INFO: [ view_filter ] --START--
INFO: Run Behavior\WriteHtmlCacheBehavior [ RunTime:0.000034s ]
INFO: [ view_filter ] --END-- [ RunTime:0.000052s ]
INFO: [ app_end ] --START--
INFO: Run Behavior\ShowPageTraceBehavior [ RunTime:0.000026s ]
INFO: [ app_end ] --END-- [ RunTime:0.000043s ]

[ 2019-02-21T10:41:51+08:00 ] 220.160.49.4 /index.php?m=task&c=list&a=register
INFO: [ app_init ] --START--
INFO: Run Behavior\BuildLiteBehavior [ RunTime:0.000009s ]
INFO: [ app_init ] --END-- [ RunTime:0.000066s ]
INFO: [ app_begin ] --START--
INFO: Run Behavior\ReadHtmlCacheBehavior [ RunTime:0.000028s ]
INFO: [ app_begin ] --END-- [ RunTime:0.000051s ]
NOTIC: [8] Use of undefined constant admin - assumed 'admin' /var/www/html/shequ/Application/Task/Controller/ListController.class.php 第 212 行.
NOTIC: [8] Use of undefined constant name - assumed 'name' /var/www/html/shequ/Application/Task/Controller/ListController.class.php 第 212 行.
NOTIC: [8] Undefined index: p /var/www/html/shequ/Application/Task/Controller/ListController.class.php 第 215 行.
NOTIC: [8] Undefined index: pageSize /var/www/html/shequ/Application/Task/Controller/ListController.class.php 第 216 行.
SQL: SHOW COLUMNS FROM `task` [ RunTime:0.0008s ]
SQL: SELECT COUNT(*) AS tp_count FROM `task` WHERE `isComplete` = 1 AND `fuzeren` = '陈伟林' LIMIT 1   [ RunTime:0.0005s ]
SQL: SELECT COUNT(*) AS tp_count FROM `task` WHERE `isComplete` = 2 AND `fuzeren` = '陈伟林' LIMIT 1   [ RunTime:0.0004s ]
SQL: SELECT COUNT(*) AS tp_count FROM `task` WHERE `isComplete` = 3 LIMIT 1   [ RunTime:0.0004s ]
NOTIC: [8] Use of undefined constant admin - assumed 'admin' /var/www/html/shequ/Application/Task/Controller/ListController.class.php 第 231 行.
NOTIC: [8] Use of undefined constant isadmin - assumed 'isadmin' /var/www/html/shequ/Application/Task/Controller/ListController.class.php 第 231 行.
SQL: SELECT COUNT(*) AS tp_count FROM `task` WHERE `isComplete` = 4 AND `fuzeren` = '陈伟林' LIMIT 1   [ RunTime:0.0004s ]
SQL: SELECT COUNT(*) AS tp_count FROM `task` WHERE `register` = '陈伟林' LIMIT 1   [ RunTime:0.0004s ]
SQL: SELECT * FROM `task` WHERE `register` = '陈伟林' LIMIT 0,3   [ RunTime:0.0004s ]
INFO: [ view_parse ] --START--
INFO: [ template_filter ] --START--
INFO: Run Behavior\ContentReplaceBehavior [ RunTime:0.000038s ]
INFO: [ template_filter ] --END-- [ RunTime:0.000074s ]
NOTIC: [8] Undefined variable: taskCount /var/www/html/shequ/Application/Runtime/Cache/Task/c535ede380b6de9ce44bdb3a8972d88b.php 第 46 行.
INFO: Run Behavior\ParseTemplateBehavior [ RunTime:0.004092s ]
INFO: [ view_parse ] --END-- [ RunTime:0.004119s ]
INFO: [ view_filter ] --START--
INFO: Run Behavior\WriteHtmlCacheBehavior [ RunTime:0.000031s ]
INFO: [ view_filter ] --END-- [ RunTime:0.000048s ]
INFO: [ app_end ] --START--
INFO: Run Behavior\ShowPageTraceBehavior [ RunTime:0.000029s ]
INFO: [ app_end ] --END-- [ RunTime:0.000057s ]

[ 2019-02-21T10:41:52+08:00 ] 220.160.49.4 /index.php?m=task&c=list&a=index
INFO: [ app_init ] --START--
INFO: Run Behavior\BuildLiteBehavior [ RunTime:0.000009s ]
INFO: [ app_init ] --END-- [ RunTime:0.000058s ]
INFO: [ app_begin ] --START--
INFO: Run Behavior\ReadHtmlCacheBehavior [ RunTime:0.000022s ]
INFO: [ app_begin ] --END-- [ RunTime:0.000044s ]
NOTIC: [8] Use of undefined constant admin - assumed 'admin' /var/www/html/shequ/Application/Task/Controller/ListController.class.php 第 8 行.
NOTIC: [8] Use of undefined constant name - assumed 'name' /var/www/html/shequ/Application/Task/Controller/ListController.class.php 第 8 行.
NOTIC: [8] Undefined index: p /var/www/html/shequ/Application/Task/Controller/ListController.class.php 第 10 行.
NOTIC: [8] Undefined index: pageSize /var/www/html/shequ/Application/Task/Controller/ListController.class.php 第 11 行.
SQL: SHOW COLUMNS FROM `task` [ RunTime:0.0007s ]
SQL: SELECT COUNT(*) AS tp_count FROM `task` WHERE `isComplete` = 1 AND `fuzeren` = '陈伟林' LIMIT 1   [ RunTime:0.0005s ]
SQL: SELECT COUNT(*) AS tp_count FROM `task` WHERE `isComplete` = 2 AND `fuzeren` = '陈伟林' LIMIT 1   [ RunTime:0.0004s ]
SQL: SELECT COUNT(*) AS tp_count FROM `task` WHERE `isComplete` = 3 LIMIT 1   [ RunTime:0.0004s ]
NOTIC: [8] Use of undefined constant admin - assumed 'admin' /var/www/html/shequ/Application/Task/Controller/ListController.class.php 第 28 行.
NOTIC: [8] Use of undefined constant isadmin - assumed 'isadmin' /var/www/html/shequ/Application/Task/Controller/ListController.class.php 第 28 行.
SQL: SELECT COUNT(*) AS tp_count FROM `task` WHERE `isComplete` = 4 AND `fuzeren` = '陈伟林' LIMIT 1   [ RunTime:0.0004s ]
SQL: SELECT COUNT(*) AS tp_count FROM `task` WHERE `register` = '陈伟林' LIMIT 1   [ RunTime:0.0004s ]
SQL: SELECT * FROM `task` WHERE `isComplete` = 1 AND `fuzeren` = '陈伟林' LIMIT 0,3   [ RunTime:0.0007s ]
INFO: [ view_parse ] --START--
INFO: [ template_filter ] --START--
INFO: Run Behavior\ContentReplaceBehavior [ RunTime:0.000032s ]
INFO: [ template_filter ] --END-- [ RunTime:0.000060s ]
NOTIC: [8] Undefined variable: taskCount /var/www/html/shequ/Application/Runtime/Cache/Task/14c1eb8b5acd8eb3773c7d59b6a2e0dd.php 第 46 行.
INFO: Run Behavior\ParseTemplateBehavior [ RunTime:0.003868s ]
INFO: [ view_parse ] --END-- [ RunTime:0.003895s ]
INFO: [ view_filter ] --START--
INFO: Run Behavior\WriteHtmlCacheBehavior [ RunTime:0.000032s ]
INFO: [ view_filter ] --END-- [ RunTime:0.000049s ]
INFO: [ app_end ] --START--
INFO: Run Behavior\ShowPageTraceBehavior [ RunTime:0.000026s ]
INFO: [ app_end ] --END-- [ RunTime:0.000043s ]

[ 2019-02-21T10:49:25+08:00 ] 220.160.49.4 /index.php?m=task&c=list&a=index
INFO: [ app_init ] --START--
INFO: Run Behavior\BuildLiteBehavior [ RunTime:0.000010s ]
INFO: [ app_init ] --END-- [ RunTime:0.000061s ]
INFO: [ app_begin ] --START--
INFO: Run Behavior\ReadHtmlCacheBehavior [ RunTime:0.000037s ]
INFO: [ app_begin ] --END-- [ RunTime:0.000060s ]
NOTIC: [8] Use of undefined constant admin - assumed 'admin' /var/www/html/shequ/Application/Task/Controller/ListController.class.php 第 8 行.
NOTIC: [8] Use of undefined constant name - assumed 'name' /var/www/html/shequ/Application/Task/Controller/ListController.class.php 第 8 行.
NOTIC: [8] Undefined index: p /var/www/html/shequ/Application/Task/Controller/ListController.class.php 第 10 行.
NOTIC: [8] Undefined index: pageSize /var/www/html/shequ/Application/Task/Controller/ListController.class.php 第 11 行.
SQL: SHOW COLUMNS FROM `task` [ RunTime:0.0008s ]
SQL: SELECT COUNT(*) AS tp_count FROM `task` WHERE `isComplete` = 1 AND `fuzeren` = '陈伟林' LIMIT 1   [ RunTime:0.0005s ]
SQL: SELECT COUNT(*) AS tp_count FROM `task` WHERE `isComplete` = 2 AND `fuzeren` = '陈伟林' LIMIT 1   [ RunTime:0.0004s ]
SQL: SELECT COUNT(*) AS tp_count FROM `task` WHERE `isComplete` = 3 LIMIT 1   [ RunTime:0.0004s ]
NOTIC: [8] Use of undefined constant admin - assumed 'admin' /var/www/html/shequ/Application/Task/Controller/ListController.class.php 第 28 行.
NOTIC: [8] Use of undefined constant isadmin - assumed 'isadmin' /var/www/html/shequ/Application/Task/Controller/ListController.class.php 第 28 行.
SQL: SELECT COUNT(*) AS tp_count FROM `task` WHERE `isComplete` = 4 AND `fuzeren` = '陈伟林' LIMIT 1   [ RunTime:0.0004s ]
SQL: SELECT COUNT(*) AS tp_count FROM `task` WHERE `register` = '陈伟林' LIMIT 1   [ RunTime:0.0004s ]
SQL: SELECT * FROM `task` WHERE `isComplete` = 1 AND `fuzeren` = '陈伟林' LIMIT 0,3   [ RunTime:0.0004s ]
INFO: [ view_parse ] --START--
INFO: [ template_filter ] --START--
INFO: Run Behavior\ContentReplaceBehavior [ RunTime:0.000033s ]
INFO: [ template_filter ] --END-- [ RunTime:0.000062s ]
NOTIC: [8] Undefined variable: taskCount /var/www/html/shequ/Application/Runtime/Cache/Task/14c1eb8b5acd8eb3773c7d59b6a2e0dd.php 第 46 行.
INFO: Run Behavior\ParseTemplateBehavior [ RunTime:0.004189s ]
INFO: [ view_parse ] --END-- [ RunTime:0.004220s ]
INFO: [ view_filter ] --START--
INFO: Run Behavior\WriteHtmlCacheBehavior [ RunTime:0.000031s ]
INFO: [ view_filter ] --END-- [ RunTime:0.000052s ]
INFO: [ app_end ] --START--
INFO: Run Behavior\ShowPageTraceBehavior [ RunTime:0.000023s ]
INFO: [ app_end ] --END-- [ RunTime:0.000040s ]

[ 2019-02-21T23:03:01+08:00 ] 110.83.23.136 /index.php?m=task&c=list&a=index
INFO: [ app_init ] --START--
INFO: Run Behavior\BuildLiteBehavior [ RunTime:0.000009s ]
INFO: [ app_init ] --END-- [ RunTime:0.000058s ]
INFO: [ app_begin ] --START--
INFO: Run Behavior\ReadHtmlCacheBehavior [ RunTime:0.000026s ]
INFO: [ app_begin ] --END-- [ RunTime:0.000050s ]
NOTIC: [8] Use of undefined constant admin - assumed 'admin' /var/www/html/shequ/Application/Task/Controller/ListController.class.php 第 8 行.
NOTIC: [8] Use of undefined constant name - assumed 'name' /var/www/html/shequ/Application/Task/Controller/ListController.class.php 第 8 行.
NOTIC: [8] Undefined index: p /var/www/html/shequ/Application/Task/Controller/ListController.class.php 第 10 行.
NOTIC: [8] Undefined index: pageSize /var/www/html/shequ/Application/Task/Controller/ListController.class.php 第 11 行.
SQL: SHOW COLUMNS FROM `task` [ RunTime:0.0008s ]
SQL: SELECT COUNT(*) AS tp_count FROM `task` WHERE `isComplete` = 1 AND `fuzeren` = '陈伟林' LIMIT 1   [ RunTime:0.0006s ]
SQL: SELECT COUNT(*) AS tp_count FROM `task` WHERE `isComplete` = 2 AND `fuzeren` = '陈伟林' LIMIT 1   [ RunTime:0.0005s ]
SQL: SELECT COUNT(*) AS tp_count FROM `task` WHERE `isComplete` = 3 LIMIT 1   [ RunTime:0.0005s ]
NOTIC: [8] Use of undefined constant admin - assumed 'admin' /var/www/html/shequ/Application/Task/Controller/ListController.class.php 第 28 行.
NOTIC: [8] Use of undefined constant isadmin - assumed 'isadmin' /var/www/html/shequ/Application/Task/Controller/ListController.class.php 第 28 行.
SQL: SELECT COUNT(*) AS tp_count FROM `task` WHERE `isComplete` = 4 AND `fuzeren` = '陈伟林' LIMIT 1   [ RunTime:0.0006s ]
SQL: SELECT COUNT(*) AS tp_count FROM `task` WHERE `register` = '陈伟林' LIMIT 1   [ RunTime:0.0004s ]
SQL: SELECT * FROM `task` WHERE `isComplete` = 1 AND `fuzeren` = '陈伟林' LIMIT 0,3   [ RunTime:0.0006s ]
INFO: [ view_parse ] --START--
INFO: [ template_filter ] --START--
INFO: Run Behavior\ContentReplaceBehavior [ RunTime:0.000035s ]
INFO: [ template_filter ] --END-- [ RunTime:0.000073s ]
NOTIC: [8] Undefined variable: taskCount /var/www/html/shequ/Application/Runtime/Cache/Task/14c1eb8b5acd8eb3773c7d59b6a2e0dd.php 第 46 行.
INFO: Run Behavior\ParseTemplateBehavior [ RunTime:0.003969s ]
INFO: [ view_parse ] --END-- [ RunTime:0.004001s ]
INFO: [ view_filter ] --START--
INFO: Run Behavior\WriteHtmlCacheBehavior [ RunTime:0.000037s ]
INFO: [ view_filter ] --END-- [ RunTime:0.000063s ]
INFO: [ app_end ] --START--
INFO: Run Behavior\ShowPageTraceBehavior [ RunTime:0.000057s ]
INFO: [ app_end ] --END-- [ RunTime:0.000089s ]

[ 2019-02-21T23:03:02+08:00 ] 110.83.23.136 /index.php?m=task&c=list&a=completing
INFO: [ app_init ] --START--
INFO: Run Behavior\BuildLiteBehavior [ RunTime:0.000013s ]
INFO: [ app_init ] --END-- [ RunTime:0.000088s ]
INFO: [ app_begin ] --START--
INFO: Run Behavior\ReadHtmlCacheBehavior [ RunTime:0.000037s ]
INFO: [ app_begin ] --END-- [ RunTime:0.000065s ]
NOTIC: [8] Use of undefined constant admin - assumed 'admin' /var/www/html/shequ/Application/Task/Controller/ListController.class.php 第 60 行.
NOTIC: [8] Use of undefined constant name - assumed 'name' /var/www/html/shequ/Application/Task/Controller/ListController.class.php 第 60 行.
NOTIC: [8] Undefined index: p /var/www/html/shequ/Application/Task/Controller/ListController.class.php 第 63 行.
NOTIC: [8] Undefined index: pageSize /var/www/html/shequ/Application/Task/Controller/ListController.class.php 第 64 行.
SQL: SHOW COLUMNS FROM `task` [ RunTime:0.0008s ]
SQL: SELECT COUNT(*) AS tp_count FROM `task` WHERE `isComplete` = 1 AND `fuzeren` = '陈伟林' LIMIT 1   [ RunTime:0.0005s ]
SQL: SELECT COUNT(*) AS tp_count FROM `task` WHERE `isComplete` = 2 AND `fuzeren` = '陈伟林' LIMIT 1   [ RunTime:0.0004s ]
SQL: SELECT COUNT(*) AS tp_count FROM `task` WHERE `isComplete` = 3 LIMIT 1   [ RunTime:0.0004s ]
NOTIC: [8] Use of undefined constant admin - assumed 'admin' /var/www/html/shequ/Application/Task/Controller/ListController.class.php 第 80 行.
NOTIC: [8] Use of undefined constant isadmin - assumed 'isadmin' /var/www/html/shequ/Application/Task/Controller/ListController.class.php 第 80 行.
SQL: SELECT COUNT(*) AS tp_count FROM `task` WHERE `isComplete` = 4 AND `fuzeren` = '陈伟林' LIMIT 1   [ RunTime:0.0004s ]
SQL: SELECT COUNT(*) AS tp_count FROM `task` WHERE `register` = '陈伟林' LIMIT 1   [ RunTime:0.0004s ]
SQL: SELECT * FROM `task` WHERE `isComplete` = 2 AND `fuzeren` = '陈伟林' LIMIT 0,3   [ RunTime:0.0004s ]
INFO: [ view_parse ] --START--
INFO: [ template_filter ] --START--
INFO: Run Behavior\ContentReplaceBehavior [ RunTime:0.000040s ]
INFO: [ template_filter ] --END-- [ RunTime:0.000069s ]
NOTIC: [8] Undefined variable: taskCount /var/www/html/shequ/Application/Runtime/Cache/Task/c7bc3fc3c39ff1f737de529f2b76a970.php 第 46 行.
INFO: Run Behavior\ParseTemplateBehavior [ RunTime:0.003739s ]
INFO: [ view_parse ] --END-- [ RunTime:0.003765s ]
INFO: [ view_filter ] --START--
INFO: Run Behavior\WriteHtmlCacheBehavior [ RunTime:0.000045s ]
INFO: [ view_filter ] --END-- [ RunTime:0.000062s ]
INFO: [ app_end ] --START--
INFO: Run Behavior\ShowPageTraceBehavior [ RunTime:0.000029s ]
INFO: [ app_end ] --END-- [ RunTime:0.000049s ]

[ 2019-02-21T23:03:03+08:00 ] 110.83.23.136 /index.php?m=task&c=list&a=register
INFO: [ app_init ] --START--
INFO: Run Behavior\BuildLiteBehavior [ RunTime:0.000013s ]
INFO: [ app_init ] --END-- [ RunTime:0.000086s ]
INFO: [ app_begin ] --START--
INFO: Run Behavior\ReadHtmlCacheBehavior [ RunTime:0.000025s ]
INFO: [ app_begin ] --END-- [ RunTime:0.000048s ]
NOTIC: [8] Use of undefined constant admin - assumed 'admin' /var/www/html/shequ/Application/Task/Controller/ListController.class.php 第 212 行.
NOTIC: [8] Use of undefined constant name - assumed 'name' /var/www/html/shequ/Application/Task/Controller/ListController.class.php 第 212 行.
NOTIC: [8] Undefined index: p /var/www/html/shequ/Application/Task/Controller/ListController.class.php 第 215 行.
NOTIC: [8] Undefined index: pageSize /var/www/html/shequ/Application/Task/Controller/ListController.class.php 第 216 行.
SQL: SHOW COLUMNS FROM `task` [ RunTime:0.0007s ]
SQL: SELECT COUNT(*) AS tp_count FROM `task` WHERE `isComplete` = 1 AND `fuzeren` = '陈伟林' LIMIT 1   [ RunTime:0.0005s ]
SQL: SELECT COUNT(*) AS tp_count FROM `task` WHERE `isComplete` = 2 AND `fuzeren` = '陈伟林' LIMIT 1   [ RunTime:0.0004s ]
SQL: SELECT COUNT(*) AS tp_count FROM `task` WHERE `isComplete` = 3 LIMIT 1   [ RunTime:0.0005s ]
NOTIC: [8] Use of undefined constant admin - assumed 'admin' /var/www/html/shequ/Application/Task/Controller/ListController.class.php 第 231 行.
NOTIC: [8] Use of undefined constant isadmin - assumed 'isadmin' /var/www/html/shequ/Application/Task/Controller/ListController.class.php 第 231 行.
SQL: SELECT COUNT(*) AS tp_count FROM `task` WHERE `isComplete` = 4 AND `fuzeren` = '陈伟林' LIMIT 1   [ RunTime:0.0004s ]
SQL: SELECT COUNT(*) AS tp_count FROM `task` WHERE `register` = '陈伟林' LIMIT 1   [ RunTime:0.0004s ]
SQL: SELECT * FROM `task` WHERE `register` = '陈伟林' LIMIT 0,3   [ RunTime:0.0004s ]
INFO: [ view_parse ] --START--
INFO: [ template_filter ] --START--
INFO: Run Behavior\ContentReplaceBehavior [ RunTime:0.000034s ]
INFO: [ template_filter ] --END-- [ RunTime:0.000063s ]
NOTIC: [8] Undefined variable: taskCount /var/www/html/shequ/Application/Runtime/Cache/Task/c535ede380b6de9ce44bdb3a8972d88b.php 第 46 行.
INFO: Run Behavior\ParseTemplateBehavior [ RunTime:0.003781s ]
INFO: [ view_parse ] --END-- [ RunTime:0.003807s ]
INFO: [ view_filter ] --START--
INFO: Run Behavior\WriteHtmlCacheBehavior [ RunTime:0.000034s ]
INFO: [ view_filter ] --END-- [ RunTime:0.000051s ]
INFO: [ app_end ] --START--
INFO: Run Behavior\ShowPageTraceBehavior [ RunTime:0.000026s ]
INFO: [ app_end ] --END-- [ RunTime:0.000049s ]

[ 2019-02-21T23:03:04+08:00 ] 110.83.23.136 /index.php?m=task&c=information&a=index&id=2
INFO: [ app_init ] --START--
INFO: Run Behavior\BuildLiteBehavior [ RunTime:0.000015s ]
INFO: [ app_init ] --END-- [ RunTime:0.000091s ]
INFO: [ app_begin ] --START--
INFO: Run Behavior\ReadHtmlCacheBehavior [ RunTime:0.000040s ]
INFO: [ app_begin ] --END-- [ RunTime:0.000079s ]
SQL: SHOW COLUMNS FROM `task` [ RunTime:0.0010s ]
SQL: SELECT * FROM `task` WHERE `id` = 2 LIMIT 1   [ RunTime:0.0005s ]
INFO: [ view_parse ] --START--
INFO: [ template_filter ] --START--
INFO: Run Behavior\ContentReplaceBehavior [ RunTime:0.000032s ]
INFO: [ template_filter ] --END-- [ RunTime:0.000063s ]
NOTIC: [8] Undefined variable: taskCount /var/www/html/shequ/Application/Runtime/Cache/Task/a701f6913de11b4c77ea9f486d1a7da7.php 第 46 行.
NOTIC: [8] Undefined index: address /var/www/html/shequ/Application/Runtime/Cache/Task/a701f6913de11b4c77ea9f486d1a7da7.php 第 84 行.
NOTIC: [8] Undefined index: iscompele /var/www/html/shequ/Application/Runtime/Cache/Task/a701f6913de11b4c77ea9f486d1a7da7.php 第 96 行.
NOTIC: [8] Undefined index: iscompele /var/www/html/shequ/Application/Runtime/Cache/Task/a701f6913de11b4c77ea9f486d1a7da7.php 第 115 行.
INFO: Run Behavior\ParseTemplateBehavior [ RunTime:0.004118s ]
INFO: [ view_parse ] --END-- [ RunTime:0.004145s ]
INFO: [ view_filter ] --START--
INFO: Run Behavior\WriteHtmlCacheBehavior [ RunTime:0.000027s ]
INFO: [ view_filter ] --END-- [ RunTime:0.000044s ]
INFO: [ app_end ] --START--
INFO: Run Behavior\ShowPageTraceBehavior [ RunTime:0.000024s ]
INFO: [ app_end ] --END-- [ RunTime:0.000046s ]

[ 2019-02-21T23:03:06+08:00 ] 110.83.23.136 /index.php?m=task&c=information&a=index&id=1
INFO: [ app_init ] --START--
INFO: Run Behavior\BuildLiteBehavior [ RunTime:0.000013s ]
INFO: [ app_init ] --END-- [ RunTime:0.000100s ]
INFO: [ app_begin ] --START--
INFO: Run Behavior\ReadHtmlCacheBehavior [ RunTime:0.000046s ]
INFO: [ app_begin ] --END-- [ RunTime:0.000083s ]
SQL: SHOW COLUMNS FROM `task` [ RunTime:0.0010s ]
SQL: SELECT * FROM `task` WHERE `id` = 1 LIMIT 1   [ RunTime:0.0006s ]
INFO: [ view_parse ] --START--
INFO: [ template_filter ] --START--
INFO: Run Behavior\ContentReplaceBehavior [ RunTime:0.000034s ]
INFO: [ template_filter ] --END-- [ RunTime:0.000064s ]
NOTIC: [8] Undefined variable: taskCount /var/www/html/shequ/Application/Runtime/Cache/Task/a701f6913de11b4c77ea9f486d1a7da7.php 第 46 行.
NOTIC: [8] Undefined index: address /var/www/html/shequ/Application/Runtime/Cache/Task/a701f6913de11b4c77ea9f486d1a7da7.php 第 84 行.
NOTIC: [8] Undefined index: iscompele /var/www/html/shequ/Application/Runtime/Cache/Task/a701f6913de11b4c77ea9f486d1a7da7.php 第 96 行.
NOTIC: [8] Undefined index: iscompele /var/www/html/shequ/Application/Runtime/Cache/Task/a701f6913de11b4c77ea9f486d1a7da7.php 第 115 行.
INFO: Run Behavior\ParseTemplateBehavior [ RunTime:0.004715s ]
INFO: [ view_parse ] --END-- [ RunTime:0.004748s ]
INFO: [ view_filter ] --START--
INFO: Run Behavior\WriteHtmlCacheBehavior [ RunTime:0.000034s ]
INFO: [ view_filter ] --END-- [ RunTime:0.000051s ]
INFO: [ app_end ] --START--
INFO: Run Behavior\ShowPageTraceBehavior [ RunTime:0.000032s ]
INFO: [ app_end ] --END-- [ RunTime:0.000052s ]

[ 2019-02-21T23:03:08+08:00 ] 110.83.23.136 /index.php?m=task&c=list&a=completed
INFO: [ app_init ] --START--
INFO: Run Behavior\BuildLiteBehavior [ RunTime:0.000009s ]
INFO: [ app_init ] --END-- [ RunTime:0.000062s ]
INFO: [ app_begin ] --START--
INFO: Run Behavior\ReadHtmlCacheBehavior [ RunTime:0.000040s ]
INFO: [ app_begin ] --END-- [ RunTime:0.000062s ]
NOTIC: [8] Use of undefined constant admin - assumed 'admin' /var/www/html/shequ/Application/Task/Controller/ListController.class.php 第 161 行.
NOTIC: [8] Use of undefined constant name - assumed 'name' /var/www/html/shequ/Application/Task/Controller/ListController.class.php 第 161 行.
NOTIC: [8] Undefined index: p /var/www/html/shequ/Application/Task/Controller/ListController.class.php 第 164 行.
NOTIC: [8] Undefined index: pageSize /var/www/html/shequ/Application/Task/Controller/ListController.class.php 第 165 行.
SQL: SHOW COLUMNS FROM `task` [ RunTime:0.0007s ]
SQL: SELECT COUNT(*) AS tp_count FROM `task` WHERE `isComplete` = 1 AND `fuzeren` = '陈伟林' LIMIT 1   [ RunTime:0.0005s ]
SQL: SELECT COUNT(*) AS tp_count FROM `task` WHERE `isComplete` = 2 AND `fuzeren` = '陈伟林' LIMIT 1   [ RunTime:0.0004s ]
SQL: SELECT COUNT(*) AS tp_count FROM `task` WHERE `isComplete` = 3 LIMIT 1   [ RunTime:0.0004s ]
NOTIC: [8] Use of undefined constant admin - assumed 'admin' /var/www/html/shequ/Application/Task/Controller/ListController.class.php 第 181 行.
NOTIC: [8] Use of undefined constant isadmin - assumed 'isadmin' /var/www/html/shequ/Application/Task/Controller/ListController.class.php 第 181 行.
SQL: SELECT COUNT(*) AS tp_count FROM `task` WHERE `fuzeren` = '陈伟林' LIMIT 1   [ RunTime:0.0004s ]
SQL: SELECT COUNT(*) AS tp_count FROM `task` WHERE `register` = '陈伟林' LIMIT 1   [ RunTime:0.0004s ]
SQL: SELECT * FROM `task` WHERE `fuzeren` = '陈伟林' LIMIT 0,3   [ RunTime:0.0004s ]
INFO: [ view_parse ] --START--
INFO: [ template_filter ] --START--
INFO: Run Behavior\ContentReplaceBehavior [ RunTime:0.000039s ]
INFO: [ template_filter ] --END-- [ RunTime:0.000070s ]
NOTIC: [8] Undefined variable: taskCount /var/www/html/shequ/Application/Runtime/Cache/Task/e05526e36c279b5b5bd5c1dc20b4ead1.php 第 46 行.
INFO: Run Behavior\ParseTemplateBehavior [ RunTime:0.004393s ]
INFO: [ view_parse ] --END-- [ RunTime:0.004422s ]
INFO: [ view_filter ] --START--
INFO: Run Behavior\WriteHtmlCacheBehavior [ RunTime:0.000026s ]
INFO: [ view_filter ] --END-- [ RunTime:0.000042s ]
INFO: [ app_end ] --START--
INFO: Run Behavior\ShowPageTraceBehavior [ RunTime:0.000038s ]
INFO: [ app_end ] --END-- [ RunTime:0.000062s ]

[ 2019-02-21T23:03:09+08:00 ] 110.83.23.136 /index.php?m=task&c=list&a=register
INFO: [ app_init ] --START--
INFO: Run Behavior\BuildLiteBehavior [ RunTime:0.000010s ]
INFO: [ app_init ] --END-- [ RunTime:0.000064s ]
INFO: [ app_begin ] --START--
INFO: Run Behavior\ReadHtmlCacheBehavior [ RunTime:0.000029s ]
INFO: [ app_begin ] --END-- [ RunTime:0.000051s ]
NOTIC: [8] Use of undefined constant admin - assumed 'admin' /var/www/html/shequ/Application/Task/Controller/ListController.class.php 第 212 行.
NOTIC: [8] Use of undefined constant name - assumed 'name' /var/www/html/shequ/Application/Task/Controller/ListController.class.php 第 212 行.
NOTIC: [8] Undefined index: p /var/www/html/shequ/Application/Task/Controller/ListController.class.php 第 215 行.
NOTIC: [8] Undefined index: pageSize /var/www/html/shequ/Application/Task/Controller/ListController.class.php 第 216 行.
SQL: SHOW COLUMNS FROM `task` [ RunTime:0.0007s ]
SQL: SELECT COUNT(*) AS tp_count FROM `task` WHERE `isComplete` = 1 AND `fuzeren` = '陈伟林' LIMIT 1   [ RunTime:0.0005s ]
SQL: SELECT COUNT(*) AS tp_count FROM `task` WHERE `isComplete` = 2 AND `fuzeren` = '陈伟林' LIMIT 1   [ RunTime:0.0004s ]
SQL: SELECT COUNT(*) AS tp_count FROM `task` WHERE `isComplete` = 3 LIMIT 1   [ RunTime:0.0004s ]
NOTIC: [8] Use of undefined constant admin - assumed 'admin' /var/www/html/shequ/Application/Task/Controller/ListController.class.php 第 231 行.
NOTIC: [8] Use of undefined constant isadmin - assumed 'isadmin' /var/www/html/shequ/Application/Task/Controller/ListController.class.php 第 231 行.
SQL: SELECT COUNT(*) AS tp_count FROM `task` WHERE `isComplete` = 4 AND `fuzeren` = '陈伟林' LIMIT 1   [ RunTime:0.0004s ]
SQL: SELECT COUNT(*) AS tp_count FROM `task` WHERE `register` = '陈伟林' LIMIT 1   [ RunTime:0.0004s ]
SQL: SELECT * FROM `task` WHERE `register` = '陈伟林' LIMIT 0,3   [ RunTime:0.0004s ]
INFO: [ view_parse ] --START--
INFO: [ template_filter ] --START--
INFO: Run Behavior\ContentReplaceBehavior [ RunTime:0.000033s ]
INFO: [ template_filter ] --END-- [ RunTime:0.000060s ]
NOTIC: [8] Undefined variable: taskCount /var/www/html/shequ/Application/Runtime/Cache/Task/c535ede380b6de9ce44bdb3a8972d88b.php 第 46 行.
INFO: Run Behavior\ParseTemplateBehavior [ RunTime:0.003749s ]
INFO: [ view_parse ] --END-- [ RunTime:0.003776s ]
INFO: [ view_filter ] --START--
INFO: Run Behavior\WriteHtmlCacheBehavior [ RunTime:0.000031s ]
INFO: [ view_filter ] --END-- [ RunTime:0.000048s ]
INFO: [ app_end ] --START--
INFO: Run Behavior\ShowPageTraceBehavior [ RunTime:0.000030s ]
INFO: [ app_end ] --END-- [ RunTime:0.000051s ]

[ 2019-02-21T23:03:10+08:00 ] 110.83.23.136 /index.php?m=task&c=list&a=completed
INFO: [ app_init ] --START--
INFO: Run Behavior\BuildLiteBehavior [ RunTime:0.000013s ]
INFO: [ app_init ] --END-- [ RunTime:0.000084s ]
INFO: [ app_begin ] --START--
INFO: Run Behavior\ReadHtmlCacheBehavior [ RunTime:0.000038s ]
INFO: [ app_begin ] --END-- [ RunTime:0.000075s ]
NOTIC: [8] Use of undefined constant admin - assumed 'admin' /var/www/html/shequ/Application/Task/Controller/ListController.class.php 第 161 行.
NOTIC: [8] Use of undefined constant name - assumed 'name' /var/www/html/shequ/Application/Task/Controller/ListController.class.php 第 161 行.
NOTIC: [8] Undefined index: p /var/www/html/shequ/Application/Task/Controller/ListController.class.php 第 164 行.
NOTIC: [8] Undefined index: pageSize /var/www/html/shequ/Application/Task/Controller/ListController.class.php 第 165 行.
SQL: SHOW COLUMNS FROM `task` [ RunTime:0.0009s ]
SQL: SELECT COUNT(*) AS tp_count FROM `task` WHERE `isComplete` = 1 AND `fuzeren` = '陈伟林' LIMIT 1   [ RunTime:0.0006s ]
SQL: SELECT COUNT(*) AS tp_count FROM `task` WHERE `isComplete` = 2 AND `fuzeren` = '陈伟林' LIMIT 1   [ RunTime:0.0004s ]
SQL: SELECT COUNT(*) AS tp_count FROM `task` WHERE `isComplete` = 3 LIMIT 1   [ RunTime:0.0004s ]
NOTIC: [8] Use of undefined constant admin - assumed 'admin' /var/www/html/shequ/Application/Task/Controller/ListController.class.php 第 181 行.
NOTIC: [8] Use of undefined constant isadmin - assumed 'isadmin' /var/www/html/shequ/Application/Task/Controller/ListController.class.php 第 181 行.
SQL: SELECT COUNT(*) AS tp_count FROM `task` WHERE `fuzeren` = '陈伟林' LIMIT 1   [ RunTime:0.0004s ]
SQL: SELECT COUNT(*) AS tp_count FROM `task` WHERE `register` = '陈伟林' LIMIT 1   [ RunTime:0.0004s ]
SQL: SELECT * FROM `task` WHERE `fuzeren` = '陈伟林' LIMIT 0,3   [ RunTime:0.0005s ]
INFO: [ view_parse ] --START--
INFO: [ template_filter ] --START--
INFO: Run Behavior\ContentReplaceBehavior [ RunTime:0.000035s ]
INFO: [ template_filter ] --END-- [ RunTime:0.000066s ]
NOTIC: [8] Undefined variable: taskCount /var/www/html/shequ/Application/Runtime/Cache/Task/e05526e36c279b5b5bd5c1dc20b4ead1.php 第 46 行.
INFO: Run Behavior\ParseTemplateBehavior [ RunTime:0.004594s ]
INFO: [ view_parse ] --END-- [ RunTime:0.004625s ]
INFO: [ view_filter ] --START--
INFO: Run Behavior\WriteHtmlCacheBehavior [ RunTime:0.000031s ]
INFO: [ view_filter ] --END-- [ RunTime:0.000050s ]
INFO: [ app_end ] --START--
INFO: Run Behavior\ShowPageTraceBehavior [ RunTime:0.000024s ]
INFO: [ app_end ] --END-- [ RunTime:0.000045s ]

[ 2019-02-21T23:03:11+08:00 ] 110.83.23.136 /index.php?m=task&c=list&a=register
INFO: [ app_init ] --START--
INFO: Run Behavior\BuildLiteBehavior [ RunTime:0.000010s ]
INFO: [ app_init ] --END-- [ RunTime:0.000063s ]
INFO: [ app_begin ] --START--
INFO: Run Behavior\ReadHtmlCacheBehavior [ RunTime:0.000026s ]
INFO: [ app_begin ] --END-- [ RunTime:0.000051s ]
NOTIC: [8] Use of undefined constant admin - assumed 'admin' /var/www/html/shequ/Application/Task/Controller/ListController.class.php 第 212 行.
NOTIC: [8] Use of undefined constant name - assumed 'name' /var/www/html/shequ/Application/Task/Controller/ListController.class.php 第 212 行.
NOTIC: [8] Undefined index: p /var/www/html/shequ/Application/Task/Controller/ListController.class.php 第 215 行.
NOTIC: [8] Undefined index: pageSize /var/www/html/shequ/Application/Task/Controller/ListController.class.php 第 216 行.
SQL: SHOW COLUMNS FROM `task` [ RunTime:0.0007s ]
SQL: SELECT COUNT(*) AS tp_count FROM `task` WHERE `isComplete` = 1 AND `fuzeren` = '陈伟林' LIMIT 1   [ RunTime:0.0005s ]
SQL: SELECT COUNT(*) AS tp_count FROM `task` WHERE `isComplete` = 2 AND `fuzeren` = '陈伟林' LIMIT 1   [ RunTime:0.0004s ]
SQL: SELECT COUNT(*) AS tp_count FROM `task` WHERE `isComplete` = 3 LIMIT 1   [ RunTime:0.0004s ]
NOTIC: [8] Use of undefined constant admin - assumed 'admin' /var/www/html/shequ/Application/Task/Controller/ListController.class.php 第 231 行.
NOTIC: [8] Use of undefined constant isadmin - assumed 'isadmin' /var/www/html/shequ/Application/Task/Controller/ListController.class.php 第 231 行.
SQL: SELECT COUNT(*) AS tp_count FROM `task` WHERE `isComplete` = 4 AND `fuzeren` = '陈伟林' LIMIT 1   [ RunTime:0.0004s ]
SQL: SELECT COUNT(*) AS tp_count FROM `task` WHERE `register` = '陈伟林' LIMIT 1   [ RunTime:0.0004s ]
SQL: SELECT * FROM `task` WHERE `register` = '陈伟林' LIMIT 0,3   [ RunTime:0.0004s ]
INFO: [ view_parse ] --START--
INFO: [ template_filter ] --START--
INFO: Run Behavior\ContentReplaceBehavior [ RunTime:0.000031s ]
INFO: [ template_filter ] --END-- [ RunTime:0.000060s ]
NOTIC: [8] Undefined variable: taskCount /var/www/html/shequ/Application/Runtime/Cache/Task/c535ede380b6de9ce44bdb3a8972d88b.php 第 46 行.
INFO: Run Behavior\ParseTemplateBehavior [ RunTime:0.003874s ]
INFO: [ view_parse ] --END-- [ RunTime:0.003901s ]
INFO: [ view_filter ] --START--
INFO: Run Behavior\WriteHtmlCacheBehavior [ RunTime:0.000027s ]
INFO: [ view_filter ] --END-- [ RunTime:0.000043s ]
INFO: [ app_end ] --START--
INFO: Run Behavior\ShowPageTraceBehavior [ RunTime:0.000025s ]
INFO: [ app_end ] --END-- [ RunTime:0.000049s ]

[ 2019-02-21T23:03:11+08:00 ] 110.83.23.136 /index.php?m=task&c=list&a=completing
INFO: [ app_init ] --START--
INFO: Run Behavior\BuildLiteBehavior [ RunTime:0.000010s ]
INFO: [ app_init ] --END-- [ RunTime:0.000061s ]
INFO: [ app_begin ] --START--
INFO: Run Behavior\ReadHtmlCacheBehavior [ RunTime:0.000024s ]
INFO: [ app_begin ] --END-- [ RunTime:0.000045s ]
NOTIC: [8] Use of undefined constant admin - assumed 'admin' /var/www/html/shequ/Application/Task/Controller/ListController.class.php 第 60 行.
NOTIC: [8] Use of undefined constant name - assumed 'name' /var/www/html/shequ/Application/Task/Controller/ListController.class.php 第 60 行.
NOTIC: [8] Undefined index: p /var/www/html/shequ/Application/Task/Controller/ListController.class.php 第 63 行.
NOTIC: [8] Undefined index: pageSize /var/www/html/shequ/Application/Task/Controller/ListController.class.php 第 64 行.
SQL: SHOW COLUMNS FROM `task` [ RunTime:0.0012s ]
SQL: SELECT COUNT(*) AS tp_count FROM `task` WHERE `isComplete` = 1 AND `fuzeren` = '陈伟林' LIMIT 1   [ RunTime:0.0005s ]
SQL: SELECT COUNT(*) AS tp_count FROM `task` WHERE `isComplete` = 2 AND `fuzeren` = '陈伟林' LIMIT 1   [ RunTime:0.0005s ]
SQL: SELECT COUNT(*) AS tp_count FROM `task` WHERE `isComplete` = 3 LIMIT 1   [ RunTime:0.0005s ]
NOTIC: [8] Use of undefined constant admin - assumed 'admin' /var/www/html/shequ/Application/Task/Controller/ListController.class.php 第 80 行.
NOTIC: [8] Use of undefined constant isadmin - assumed 'isadmin' /var/www/html/shequ/Application/Task/Controller/ListController.class.php 第 80 行.
SQL: SELECT COUNT(*) AS tp_count FROM `task` WHERE `isComplete` = 4 AND `fuzeren` = '陈伟林' LIMIT 1   [ RunTime:0.0004s ]
SQL: SELECT COUNT(*) AS tp_count FROM `task` WHERE `register` = '陈伟林' LIMIT 1   [ RunTime:0.0004s ]
SQL: SELECT * FROM `task` WHERE `isComplete` = 2 AND `fuzeren` = '陈伟林' LIMIT 0,3   [ RunTime:0.0004s ]
INFO: [ view_parse ] --START--
INFO: [ template_filter ] --START--
INFO: Run Behavior\ContentReplaceBehavior [ RunTime:0.000047s ]
INFO: [ template_filter ] --END-- [ RunTime:0.000089s ]
NOTIC: [8] Undefined variable: taskCount /var/www/html/shequ/Application/Runtime/Cache/Task/c7bc3fc3c39ff1f737de529f2b76a970.php 第 46 行.
INFO: Run Behavior\ParseTemplateBehavior [ RunTime:0.004860s ]
INFO: [ view_parse ] --END-- [ RunTime:0.004888s ]
INFO: [ view_filter ] --START--
INFO: Run Behavior\WriteHtmlCacheBehavior [ RunTime:0.000026s ]
INFO: [ view_filter ] --END-- [ RunTime:0.000043s ]
INFO: [ app_end ] --START--
INFO: Run Behavior\ShowPageTraceBehavior [ RunTime:0.000033s ]
INFO: [ app_end ] --END-- [ RunTime:0.000065s ]

[ 2019-02-21T23:03:12+08:00 ] 110.83.23.136 /index.php?m=task&c=list&a=index
INFO: [ app_init ] --START--
INFO: Run Behavior\BuildLiteBehavior [ RunTime:0.000010s ]
INFO: [ app_init ] --END-- [ RunTime:0.000063s ]
INFO: [ app_begin ] --START--
INFO: Run Behavior\ReadHtmlCacheBehavior [ RunTime:0.000027s ]
INFO: [ app_begin ] --END-- [ RunTime:0.000047s ]
NOTIC: [8] Use of undefined constant admin - assumed 'admin' /var/www/html/shequ/Application/Task/Controller/ListController.class.php 第 8 行.
NOTIC: [8] Use of undefined constant name - assumed 'name' /var/www/html/shequ/Application/Task/Controller/ListController.class.php 第 8 行.
NOTIC: [8] Undefined index: p /var/www/html/shequ/Application/Task/Controller/ListController.class.php 第 10 行.
NOTIC: [8] Undefined index: pageSize /var/www/html/shequ/Application/Task/Controller/ListController.class.php 第 11 行.
SQL: SHOW COLUMNS FROM `task` [ RunTime:0.0008s ]
SQL: SELECT COUNT(*) AS tp_count FROM `task` WHERE `isComplete` = 1 AND `fuzeren` = '陈伟林' LIMIT 1   [ RunTime:0.0005s ]
SQL: SELECT COUNT(*) AS tp_count FROM `task` WHERE `isComplete` = 2 AND `fuzeren` = '陈伟林' LIMIT 1   [ RunTime:0.0004s ]
SQL: SELECT COUNT(*) AS tp_count FROM `task` WHERE `isComplete` = 3 LIMIT 1   [ RunTime:0.0004s ]
NOTIC: [8] Use of undefined constant admin - assumed 'admin' /var/www/html/shequ/Application/Task/Controller/ListController.class.php 第 28 行.
NOTIC: [8] Use of undefined constant isadmin - assumed 'isadmin' /var/www/html/shequ/Application/Task/Controller/ListController.class.php 第 28 行.
SQL: SELECT COUNT(*) AS tp_count FROM `task` WHERE `isComplete` = 4 AND `fuzeren` = '陈伟林' LIMIT 1   [ RunTime:0.0004s ]
SQL: SELECT COUNT(*) AS tp_count FROM `task` WHERE `register` = '陈伟林' LIMIT 1   [ RunTime:0.0004s ]
SQL: SELECT * FROM `task` WHERE `isComplete` = 1 AND `fuzeren` = '陈伟林' LIMIT 0,3   [ RunTime:0.0005s ]
INFO: [ view_parse ] --START--
INFO: [ template_filter ] --START--
INFO: Run Behavior\ContentReplaceBehavior [ RunTime:0.000033s ]
INFO: [ template_filter ] --END-- [ RunTime:0.000063s ]
NOTIC: [8] Undefined variable: taskCount /var/www/html/shequ/Application/Runtime/Cache/Task/14c1eb8b5acd8eb3773c7d59b6a2e0dd.php 第 46 行.
INFO: Run Behavior\ParseTemplateBehavior [ RunTime:0.003851s ]
INFO: [ view_parse ] --END-- [ RunTime:0.003877s ]
INFO: [ view_filter ] --START--
INFO: Run Behavior\WriteHtmlCacheBehavior [ RunTime:0.000030s ]
INFO: [ view_filter ] --END-- [ RunTime:0.000048s ]
INFO: [ app_end ] --START--
INFO: Run Behavior\ShowPageTraceBehavior [ RunTime:0.000024s ]
INFO: [ app_end ] --END-- [ RunTime:0.000041s ]

