[ 2019-02-24T16:35:35+08:00 ] 218.85.30.82 /index.php?m=task&c=list&a=index
INFO: [ app_init ] --START--
INFO: Run Behavior\BuildLiteBehavior [ RunTime:0.000010s ]
INFO: [ app_init ] --END-- [ RunTime:0.000064s ]
INFO: [ app_begin ] --START--
INFO: Run Behavior\ReadHtmlCacheBehavior [ RunTime:0.000036s ]
INFO: [ app_begin ] --END-- [ RunTime:0.000074s ]
NOTIC: [8] Use of undefined constant admin - assumed 'admin' /var/www/html/shequ/Application/Task/Controller/ListController.class.php 第 8 行.
NOTIC: [8] Use of undefined constant name - assumed 'name' /var/www/html/shequ/Application/Task/Controller/ListController.class.php 第 8 行.
NOTIC: [8] Undefined index: p /var/www/html/shequ/Application/Task/Controller/ListController.class.php 第 10 行.
NOTIC: [8] Undefined index: pageSize /var/www/html/shequ/Application/Task/Controller/ListController.class.php 第 11 行.
SQL: SHOW COLUMNS FROM `task` [ RunTime:0.0008s ]
SQL: SELECT COUNT(*) AS tp_count FROM `task` WHERE `isComplete` = 1 AND `fuzeren` = '陈伟林' LIMIT 1   [ RunTime:0.0005s ]
SQL: SELECT COUNT(*) AS tp_count FROM `task` WHERE `isComplete` = 2 AND `fuzeren` = '陈伟林' LIMIT 1   [ RunTime:0.0004s ]
SQL: SELECT COUNT(*) AS tp_count FROM `task` WHERE `isComplete` = 3 LIMIT 1   [ RunTime:0.0004s ]
NOTIC: [8] Use of undefined constant admin - assumed 'admin' /var/www/html/shequ/Application/Task/Controller/ListController.class.php 第 28 行.
NOTIC: [8] Use of undefined constant isadmin - assumed 'isadmin' /var/www/html/shequ/Application/Task/Controller/ListController.class.php 第 28 行.
SQL: SELECT COUNT(*) AS tp_count FROM `task` WHERE `isComplete` = 4 AND `fuzeren` = '陈伟林' LIMIT 1   [ RunTime:0.0004s ]
SQL: SELECT COUNT(*) AS tp_count FROM `task` WHERE `register` = '陈伟林' LIMIT 1   [ RunTime:0.0004s ]
SQL: SELECT * FROM `task` WHERE `isComplete` = 1 AND `fuzeren` = '陈伟林' LIMIT 0,3   [ RunTime:0.0005s ]
INFO: [ view_parse ] --START--
INFO: [ template_filter ] --START--
INFO: Run Behavior\ContentReplaceBehavior [ RunTime:0.000033s ]
INFO: [ template_filter ] --END-- [ RunTime:0.000063s ]
NOTIC: [8] Undefined variable: taskCount /var/www/html/shequ/Application/Runtime/Cache/Task/14c1eb8b5acd8eb3773c7d59b6a2e0dd.php 第 46 行.
INFO: Run Behavior\ParseTemplateBehavior [ RunTime:0.004258s ]
INFO: [ view_parse ] --END-- [ RunTime:0.004284s ]
INFO: [ view_filter ] --START--
INFO: Run Behavior\WriteHtmlCacheBehavior [ RunTime:0.000032s ]
INFO: [ view_filter ] --END-- [ RunTime:0.000049s ]
INFO: [ app_end ] --START--
INFO: Run Behavior\ShowPageTraceBehavior [ RunTime:0.000025s ]
INFO: [ app_end ] --END-- [ RunTime:0.000042s ]

