[ 2019-03-02T22:49:50+08:00 ] 117.29.137.73 /index.php?m=people&c=list&a=index
INFO: [ app_init ] --START--
INFO: Run Behavior\BuildLiteBehavior [ RunTime:0.000010s ]
INFO: [ app_init ] --END-- [ RunTime:0.000075s ]
INFO: [ app_begin ] --START--
INFO: Run Behavior\ReadHtmlCacheBehavior [ RunTime:0.000052s ]
INFO: [ app_begin ] --END-- [ RunTime:0.000108s ]
NOTIC: [8] Undefined index: p /var/www/html/shequ/Application/People/Controller/ListController.class.php 第 9 行.
NOTIC: [8] Undefined index: pageSize /var/www/html/shequ/Application/People/Controller/ListController.class.php 第 10 行.
NOTIC: [8] Use of undefined constant admin - assumed 'admin' /var/www/html/shequ/Application/People/Controller/ListController.class.php 第 15 行.
NOTIC: [8] Use of undefined constant community - assumed 'community' /var/www/html/shequ/Application/People/Controller/ListController.class.php 第 15 行.
SQL: SHOW COLUMNS FROM `people` [ RunTime:0.0008s ]
SQL: SELECT COUNT(*) AS tp_count FROM `people` WHERE `isDel` = 0 AND `community` = 3 AND `roomType` = 1 LIMIT 1   [ RunTime:0.0005s ]
NOTIC: [8] Use of undefined constant admin - assumed 'admin' /var/www/html/shequ/Application/People/Controller/ListController.class.php 第 20 行.
NOTIC: [8] Use of undefined constant community - assumed 'community' /var/www/html/shequ/Application/People/Controller/ListController.class.php 第 20 行.
SQL: SELECT COUNT(*) AS tp_count FROM `people` WHERE `isDel` = 0 AND `community` = 3 AND `roomType` = 2 LIMIT 1   [ RunTime:0.0004s ]
NOTIC: [8] Use of undefined constant admin - assumed 'admin' /var/www/html/shequ/Application/People/Controller/ListController.class.php 第 25 行.
NOTIC: [8] Use of undefined constant community - assumed 'community' /var/www/html/shequ/Application/People/Controller/ListController.class.php 第 25 行.
SQL: SHOW COLUMNS FROM `zanzhu` [ RunTime:0.0007s ]
SQL: SELECT COUNT(*) AS tp_count FROM `zanzhu` WHERE `isDel` = 0 AND `community` = 3 AND `roomType` = 3 LIMIT 1   [ RunTime:0.0005s ]
NOTIC: [8] Use of undefined constant admin - assumed 'admin' /var/www/html/shequ/Application/People/Controller/ListController.class.php 第 30 行.
NOTIC: [8] Use of undefined constant community - assumed 'community' /var/www/html/shequ/Application/People/Controller/ListController.class.php 第 30 行.
SQL: SHOW COLUMNS FROM `qiaolian` [ RunTime:0.0006s ]
SQL: SELECT COUNT(*) AS tp_count FROM `qiaolian` WHERE `isDel` = 0 AND `community` = 3 LIMIT 1   [ RunTime:0.0004s ]
NOTIC: [8] Use of undefined constant admin - assumed 'admin' /var/www/html/shequ/Application/People/Controller/ListController.class.php 第 34 行.
NOTIC: [8] Use of undefined constant community - assumed 'community' /var/www/html/shequ/Application/People/Controller/ListController.class.php 第 34 行.
SQL: SELECT COUNT(*) AS tp_count FROM `people` WHERE `isDel` = 1 AND `community` = 3 LIMIT 1   [ RunTime:0.0004s ]
SQL: SELECT COUNT(*) AS tp_count FROM `qiaolian` WHERE `isDel` = 1 AND `community` = 3 LIMIT 1   [ RunTime:0.0004s ]
SQL: SELECT COUNT(*) AS tp_count FROM `zanzhu` WHERE `isDel` = 1 AND `community` = 3 LIMIT 1   [ RunTime:0.0004s ]
SQL: SELECT * FROM `people` WHERE `isDel` = 0 AND `community` = 3 AND `roomType` = 1 LIMIT 0,9   [ RunTime:0.0005s ]
INFO: [ view_parse ] --START--
INFO: [ template_filter ] --START--
INFO: Run Behavior\ContentReplaceBehavior [ RunTime:0.000043s ]
INFO: [ template_filter ] --END-- [ RunTime:0.000082s ]
NOTIC: [8] Undefined variable: taskCount /var/www/html/shequ/Application/Runtime/Cache/People/8b4978c8a8296bcf972e35564fcad173.php 第 49 行.
NOTIC: [8] Undefined variable: peopleCount /var/www/html/shequ/Application/Runtime/Cache/People/8b4978c8a8296bcf972e35564fcad173.php 第 72 行.
INFO: Run Behavior\ParseTemplateBehavior [ RunTime:0.007480s ]
INFO: [ view_parse ] --END-- [ RunTime:0.007513s ]
INFO: [ view_filter ] --START--
INFO: Run Behavior\WriteHtmlCacheBehavior [ RunTime:0.000034s ]
INFO: [ view_filter ] --END-- [ RunTime:0.000057s ]
INFO: [ app_end ] --START--
INFO: Run Behavior\ShowPageTraceBehavior [ RunTime:0.000034s ]
INFO: [ app_end ] --END-- [ RunTime:0.000057s ]

[ 2019-03-02T22:49:52+08:00 ] 117.29.137.73 /index.php?m=people&c=information&a=index&id=31
INFO: [ app_init ] --START--
INFO: Run Behavior\BuildLiteBehavior [ RunTime:0.000008s ]
INFO: [ app_init ] --END-- [ RunTime:0.000058s ]
INFO: [ app_begin ] --START--
INFO: Run Behavior\ReadHtmlCacheBehavior [ RunTime:0.000032s ]
INFO: [ app_begin ] --END-- [ RunTime:0.000056s ]
SQL: SHOW COLUMNS FROM `people` [ RunTime:0.0009s ]
SQL: SELECT * FROM `people` WHERE ( id="31" ) LIMIT 1   [ RunTime:0.0007s ]
INFO: [ view_parse ] --START--
INFO: [ template_filter ] --START--
INFO: Run Behavior\ContentReplaceBehavior [ RunTime:0.000035s ]
INFO: [ template_filter ] --END-- [ RunTime:0.000069s ]
NOTIC: [8] Undefined variable: taskCount /var/www/html/shequ/Application/Runtime/Cache/People/66e5d011b35dd89f14e228dcf5c1e364.php 第 47 行.
INFO: Run Behavior\ParseTemplateBehavior [ RunTime:0.005558s ]
INFO: [ view_parse ] --END-- [ RunTime:0.005590s ]
INFO: [ view_filter ] --START--
INFO: Run Behavior\WriteHtmlCacheBehavior [ RunTime:0.000025s ]
INFO: [ view_filter ] --END-- [ RunTime:0.000044s ]
INFO: [ app_end ] --START--
INFO: Run Behavior\ShowPageTraceBehavior [ RunTime:0.000027s ]
INFO: [ app_end ] --END-- [ RunTime:0.000050s ]

[ 2019-03-02T22:49:53+08:00 ] 117.29.137.73 /index.php?m=people&c=list&a=index
INFO: [ app_init ] --START--
INFO: Run Behavior\BuildLiteBehavior [ RunTime:0.000010s ]
INFO: [ app_init ] --END-- [ RunTime:0.000074s ]
INFO: [ app_begin ] --START--
INFO: Run Behavior\ReadHtmlCacheBehavior [ RunTime:0.000029s ]
INFO: [ app_begin ] --END-- [ RunTime:0.000054s ]
NOTIC: [8] Undefined index: p /var/www/html/shequ/Application/People/Controller/ListController.class.php 第 9 行.
NOTIC: [8] Undefined index: pageSize /var/www/html/shequ/Application/People/Controller/ListController.class.php 第 10 行.
NOTIC: [8] Use of undefined constant admin - assumed 'admin' /var/www/html/shequ/Application/People/Controller/ListController.class.php 第 15 行.
NOTIC: [8] Use of undefined constant community - assumed 'community' /var/www/html/shequ/Application/People/Controller/ListController.class.php 第 15 行.
SQL: SHOW COLUMNS FROM `people` [ RunTime:0.0008s ]
SQL: SELECT COUNT(*) AS tp_count FROM `people` WHERE `isDel` = 0 AND `community` = 3 AND `roomType` = 1 LIMIT 1   [ RunTime:0.0005s ]
NOTIC: [8] Use of undefined constant admin - assumed 'admin' /var/www/html/shequ/Application/People/Controller/ListController.class.php 第 20 行.
NOTIC: [8] Use of undefined constant community - assumed 'community' /var/www/html/shequ/Application/People/Controller/ListController.class.php 第 20 行.
SQL: SELECT COUNT(*) AS tp_count FROM `people` WHERE `isDel` = 0 AND `community` = 3 AND `roomType` = 2 LIMIT 1   [ RunTime:0.0004s ]
NOTIC: [8] Use of undefined constant admin - assumed 'admin' /var/www/html/shequ/Application/People/Controller/ListController.class.php 第 25 行.
NOTIC: [8] Use of undefined constant community - assumed 'community' /var/www/html/shequ/Application/People/Controller/ListController.class.php 第 25 行.
SQL: SHOW COLUMNS FROM `zanzhu` [ RunTime:0.0006s ]
SQL: SELECT COUNT(*) AS tp_count FROM `zanzhu` WHERE `isDel` = 0 AND `community` = 3 AND `roomType` = 3 LIMIT 1   [ RunTime:0.0004s ]
NOTIC: [8] Use of undefined constant admin - assumed 'admin' /var/www/html/shequ/Application/People/Controller/ListController.class.php 第 30 行.
NOTIC: [8] Use of undefined constant community - assumed 'community' /var/www/html/shequ/Application/People/Controller/ListController.class.php 第 30 行.
SQL: SHOW COLUMNS FROM `qiaolian` [ RunTime:0.0006s ]
SQL: SELECT COUNT(*) AS tp_count FROM `qiaolian` WHERE `isDel` = 0 AND `community` = 3 LIMIT 1   [ RunTime:0.0004s ]
NOTIC: [8] Use of undefined constant admin - assumed 'admin' /var/www/html/shequ/Application/People/Controller/ListController.class.php 第 34 行.
NOTIC: [8] Use of undefined constant community - assumed 'community' /var/www/html/shequ/Application/People/Controller/ListController.class.php 第 34 行.
SQL: SELECT COUNT(*) AS tp_count FROM `people` WHERE `isDel` = 1 AND `community` = 3 LIMIT 1   [ RunTime:0.0004s ]
SQL: SELECT COUNT(*) AS tp_count FROM `qiaolian` WHERE `isDel` = 1 AND `community` = 3 LIMIT 1   [ RunTime:0.0004s ]
SQL: SELECT COUNT(*) AS tp_count FROM `zanzhu` WHERE `isDel` = 1 AND `community` = 3 LIMIT 1   [ RunTime:0.0004s ]
SQL: SELECT * FROM `people` WHERE `isDel` = 0 AND `community` = 3 AND `roomType` = 1 LIMIT 0,9   [ RunTime:0.0005s ]
INFO: [ view_parse ] --START--
INFO: [ template_filter ] --START--
INFO: Run Behavior\ContentReplaceBehavior [ RunTime:0.000036s ]
INFO: [ template_filter ] --END-- [ RunTime:0.000066s ]
NOTIC: [8] Undefined variable: taskCount /var/www/html/shequ/Application/Runtime/Cache/People/8b4978c8a8296bcf972e35564fcad173.php 第 49 行.
NOTIC: [8] Undefined variable: peopleCount /var/www/html/shequ/Application/Runtime/Cache/People/8b4978c8a8296bcf972e35564fcad173.php 第 72 行.
INFO: Run Behavior\ParseTemplateBehavior [ RunTime:0.004790s ]
INFO: [ view_parse ] --END-- [ RunTime:0.004817s ]
INFO: [ view_filter ] --START--
INFO: Run Behavior\WriteHtmlCacheBehavior [ RunTime:0.000045s ]
INFO: [ view_filter ] --END-- [ RunTime:0.000066s ]
INFO: [ app_end ] --START--
INFO: Run Behavior\ShowPageTraceBehavior [ RunTime:0.000032s ]
INFO: [ app_end ] --END-- [ RunTime:0.000054s ]

[ 2019-03-02T22:49:54+08:00 ] 117.29.137.73 /index.php?m=people&c=edit&a=index&id=31
INFO: [ app_init ] --START--
INFO: Run Behavior\BuildLiteBehavior [ RunTime:0.000009s ]
INFO: [ app_init ] --END-- [ RunTime:0.000057s ]
INFO: [ app_begin ] --START--
INFO: Run Behavior\ReadHtmlCacheBehavior [ RunTime:0.000024s ]
INFO: [ app_begin ] --END-- [ RunTime:0.000046s ]
SQL: SHOW COLUMNS FROM `people` [ RunTime:0.0008s ]
SQL: SELECT * FROM `people` WHERE ( id="31" ) LIMIT 1   [ RunTime:0.0005s ]
INFO: [ view_parse ] --START--
INFO: [ template_filter ] --START--
INFO: Run Behavior\ContentReplaceBehavior [ RunTime:0.000075s ]
INFO: [ template_filter ] --END-- [ RunTime:0.000119s ]
INFO: Run Behavior\ParseTemplateBehavior [ RunTime:0.013092s ]
INFO: [ view_parse ] --END-- [ RunTime:0.013166s ]
INFO: [ view_filter ] --START--
INFO: Run Behavior\WriteHtmlCacheBehavior [ RunTime:0.000029s ]
INFO: [ view_filter ] --END-- [ RunTime:0.000047s ]
INFO: [ app_end ] --START--
INFO: Run Behavior\ShowPageTraceBehavior [ RunTime:0.000025s ]
INFO: [ app_end ] --END-- [ RunTime:0.000046s ]

