[ 2019-03-17T16:37:07+08:00 ] 110.83.22.124 /index.php?m=people&c=list&a=index
INFO: [ app_init ] --START--
INFO: Run Behavior\BuildLiteBehavior [ RunTime:0.000010s ]
INFO: [ app_init ] --END-- [ RunTime:0.000066s ]
INFO: [ app_begin ] --START--
INFO: Run Behavior\ReadHtmlCacheBehavior [ RunTime:0.000059s ]
INFO: [ app_begin ] --END-- [ RunTime:0.000127s ]
NOTIC: [8] Undefined index: p /var/www/html/shequ/Application/People/Controller/ListController.class.php 第 9 行.
NOTIC: [8] Undefined index: pageSize /var/www/html/shequ/Application/People/Controller/ListController.class.php 第 10 行.
NOTIC: [8] Use of undefined constant admin - assumed 'admin' /var/www/html/shequ/Application/People/Controller/ListController.class.php 第 15 行.
NOTIC: [8] Use of undefined constant community - assumed 'community' /var/www/html/shequ/Application/People/Controller/ListController.class.php 第 15 行.
SQL: SHOW COLUMNS FROM `people` [ RunTime:0.0008s ]
SQL: SELECT COUNT(*) AS tp_count FROM `people` WHERE `isDel` = 0 AND `community` = 3 AND `roomType` = 1 LIMIT 1   [ RunTime:0.0005s ]
NOTIC: [8] Use of undefined constant admin - assumed 'admin' /var/www/html/shequ/Application/People/Controller/ListController.class.php 第 20 行.
NOTIC: [8] Use of undefined constant community - assumed 'community' /var/www/html/shequ/Application/People/Controller/ListController.class.php 第 20 行.
SQL: SELECT COUNT(*) AS tp_count FROM `people` WHERE `isDel` = 0 AND `community` = 3 AND `roomType` = 2 LIMIT 1   [ RunTime:0.0004s ]
NOTIC: [8] Use of undefined constant admin - assumed 'admin' /var/www/html/shequ/Application/People/Controller/ListController.class.php 第 25 行.
NOTIC: [8] Use of undefined constant community - assumed 'community' /var/www/html/shequ/Application/People/Controller/ListController.class.php 第 25 行.
SQL: SHOW COLUMNS FROM `zanzhu` [ RunTime:0.0006s ]
SQL: SELECT COUNT(*) AS tp_count FROM `zanzhu` WHERE `isDel` = 0 AND `community` = 3 AND `roomType` = 3 LIMIT 1   [ RunTime:0.0005s ]
NOTIC: [8] Use of undefined constant admin - assumed 'admin' /var/www/html/shequ/Application/People/Controller/ListController.class.php 第 30 行.
NOTIC: [8] Use of undefined constant community - assumed 'community' /var/www/html/shequ/Application/People/Controller/ListController.class.php 第 30 行.
SQL: SHOW COLUMNS FROM `qiaolian` [ RunTime:0.0007s ]
SQL: SELECT COUNT(*) AS tp_count FROM `qiaolian` WHERE `isDel` = 0 AND `community` = 3 LIMIT 1   [ RunTime:0.0004s ]
NOTIC: [8] Use of undefined constant admin - assumed 'admin' /var/www/html/shequ/Application/People/Controller/ListController.class.php 第 34 行.
NOTIC: [8] Use of undefined constant community - assumed 'community' /var/www/html/shequ/Application/People/Controller/ListController.class.php 第 34 行.
SQL: SELECT COUNT(*) AS tp_count FROM `people` WHERE `isDel` = 1 AND `community` = 3 LIMIT 1   [ RunTime:0.0004s ]
SQL: SELECT COUNT(*) AS tp_count FROM `qiaolian` WHERE `isDel` = 1 AND `community` = 3 LIMIT 1   [ RunTime:0.0004s ]
SQL: SELECT COUNT(*) AS tp_count FROM `zanzhu` WHERE `isDel` = 1 AND `community` = 3 LIMIT 1   [ RunTime:0.0004s ]
SQL: SELECT * FROM `people` WHERE `isDel` = 0 AND `community` = 3 AND `roomType` = 1 LIMIT 0,9   [ RunTime:0.0005s ]
INFO: [ view_parse ] --START--
INFO: [ template_filter ] --START--
INFO: Run Behavior\ContentReplaceBehavior [ RunTime:0.000043s ]
INFO: [ template_filter ] --END-- [ RunTime:0.000088s ]
NOTIC: [8] Undefined variable: taskCount /var/www/html/shequ/Application/Runtime/Cache/People/8b4978c8a8296bcf972e35564fcad173.php 第 49 行.
NOTIC: [8] Undefined variable: peopleCount /var/www/html/shequ/Application/Runtime/Cache/People/8b4978c8a8296bcf972e35564fcad173.php 第 72 行.
INFO: Run Behavior\ParseTemplateBehavior [ RunTime:0.061180s ]
INFO: [ view_parse ] --END-- [ RunTime:0.061207s ]
INFO: [ view_filter ] --START--
INFO: Run Behavior\WriteHtmlCacheBehavior [ RunTime:0.000030s ]
INFO: [ view_filter ] --END-- [ RunTime:0.000048s ]
INFO: [ app_end ] --START--
INFO: Run Behavior\ShowPageTraceBehavior [ RunTime:0.000032s ]
INFO: [ app_end ] --END-- [ RunTime:0.000057s ]

[ 2019-03-17T16:37:08+08:00 ] 110.83.22.124 /index.php?m=people&c=information&a=index&id=31
INFO: [ app_init ] --START--
INFO: Run Behavior\BuildLiteBehavior [ RunTime:0.000009s ]
INFO: [ app_init ] --END-- [ RunTime:0.000059s ]
INFO: [ app_begin ] --START--
INFO: Run Behavior\ReadHtmlCacheBehavior [ RunTime:0.000025s ]
INFO: [ app_begin ] --END-- [ RunTime:0.000049s ]
SQL: SHOW COLUMNS FROM `people` [ RunTime:0.0008s ]
SQL: SELECT * FROM `people` WHERE ( id="31" ) LIMIT 1   [ RunTime:0.0006s ]
INFO: [ view_parse ] --START--
INFO: [ template_filter ] --START--
INFO: Run Behavior\ContentReplaceBehavior [ RunTime:0.000032s ]
INFO: [ template_filter ] --END-- [ RunTime:0.000060s ]
NOTIC: [8] Undefined variable: taskCount /var/www/html/shequ/Application/Runtime/Cache/People/66e5d011b35dd89f14e228dcf5c1e364.php 第 47 行.
INFO: Run Behavior\ParseTemplateBehavior [ RunTime:0.004834s ]
INFO: [ view_parse ] --END-- [ RunTime:0.004868s ]
INFO: [ view_filter ] --START--
INFO: Run Behavior\WriteHtmlCacheBehavior [ RunTime:0.000037s ]
INFO: [ view_filter ] --END-- [ RunTime:0.000069s ]
INFO: [ app_end ] --START--
INFO: Run Behavior\ShowPageTraceBehavior [ RunTime:0.000026s ]
INFO: [ app_end ] --END-- [ RunTime:0.000049s ]

[ 2019-03-17T16:37:11+08:00 ] 110.83.22.124 /index.php?m=people&c=del&a=del
INFO: [ app_init ] --START--
INFO: Run Behavior\BuildLiteBehavior [ RunTime:0.000014s ]
INFO: [ app_init ] --END-- [ RunTime:0.000108s ]
INFO: [ app_begin ] --START--
INFO: Run Behavior\ReadHtmlCacheBehavior [ RunTime:0.000047s ]
INFO: [ app_begin ] --END-- [ RunTime:0.000085s ]
SQL: SHOW COLUMNS FROM `people` [ RunTime:0.0008s ]
NOTIC: [2] Illegal offset type in isset or empty /var/www/html/shequ/ThinkPHP/Library/Think/Model.class.php 第 445 行.
SQL: UPDATE `people` SET `isDel`='1' WHERE `id` = 31 [ RunTime:0.0158s ]

[ 2019-03-17T16:37:11+08:00 ] 110.83.22.124 /index.php?m=people&c=list&a=index
INFO: [ app_init ] --START--
INFO: Run Behavior\BuildLiteBehavior [ RunTime:0.000013s ]
INFO: [ app_init ] --END-- [ RunTime:0.000090s ]
INFO: [ app_begin ] --START--
INFO: Run Behavior\ReadHtmlCacheBehavior [ RunTime:0.000031s ]
INFO: [ app_begin ] --END-- [ RunTime:0.000056s ]
NOTIC: [8] Undefined index: p /var/www/html/shequ/Application/People/Controller/ListController.class.php 第 9 行.
NOTIC: [8] Undefined index: pageSize /var/www/html/shequ/Application/People/Controller/ListController.class.php 第 10 行.
NOTIC: [8] Use of undefined constant admin - assumed 'admin' /var/www/html/shequ/Application/People/Controller/ListController.class.php 第 15 行.
NOTIC: [8] Use of undefined constant community - assumed 'community' /var/www/html/shequ/Application/People/Controller/ListController.class.php 第 15 行.
SQL: SHOW COLUMNS FROM `people` [ RunTime:0.0012s ]
SQL: SELECT COUNT(*) AS tp_count FROM `people` WHERE `isDel` = 0 AND `community` = 3 AND `roomType` = 1 LIMIT 1   [ RunTime:0.0006s ]
NOTIC: [8] Use of undefined constant admin - assumed 'admin' /var/www/html/shequ/Application/People/Controller/ListController.class.php 第 20 行.
NOTIC: [8] Use of undefined constant community - assumed 'community' /var/www/html/shequ/Application/People/Controller/ListController.class.php 第 20 行.
SQL: SELECT COUNT(*) AS tp_count FROM `people` WHERE `isDel` = 0 AND `community` = 3 AND `roomType` = 2 LIMIT 1   [ RunTime:0.0005s ]
NOTIC: [8] Use of undefined constant admin - assumed 'admin' /var/www/html/shequ/Application/People/Controller/ListController.class.php 第 25 行.
NOTIC: [8] Use of undefined constant community - assumed 'community' /var/www/html/shequ/Application/People/Controller/ListController.class.php 第 25 行.
SQL: SHOW COLUMNS FROM `zanzhu` [ RunTime:0.0006s ]
SQL: SELECT COUNT(*) AS tp_count FROM `zanzhu` WHERE `isDel` = 0 AND `community` = 3 AND `roomType` = 3 LIMIT 1   [ RunTime:0.0004s ]
NOTIC: [8] Use of undefined constant admin - assumed 'admin' /var/www/html/shequ/Application/People/Controller/ListController.class.php 第 30 行.
NOTIC: [8] Use of undefined constant community - assumed 'community' /var/www/html/shequ/Application/People/Controller/ListController.class.php 第 30 行.
SQL: SHOW COLUMNS FROM `qiaolian` [ RunTime:0.0007s ]
SQL: SELECT COUNT(*) AS tp_count FROM `qiaolian` WHERE `isDel` = 0 AND `community` = 3 LIMIT 1   [ RunTime:0.0004s ]
NOTIC: [8] Use of undefined constant admin - assumed 'admin' /var/www/html/shequ/Application/People/Controller/ListController.class.php 第 34 行.
NOTIC: [8] Use of undefined constant community - assumed 'community' /var/www/html/shequ/Application/People/Controller/ListController.class.php 第 34 行.
SQL: SELECT COUNT(*) AS tp_count FROM `people` WHERE `isDel` = 1 AND `community` = 3 LIMIT 1   [ RunTime:0.0005s ]
SQL: SELECT COUNT(*) AS tp_count FROM `qiaolian` WHERE `isDel` = 1 AND `community` = 3 LIMIT 1   [ RunTime:0.0005s ]
SQL: SELECT COUNT(*) AS tp_count FROM `zanzhu` WHERE `isDel` = 1 AND `community` = 3 LIMIT 1   [ RunTime:0.0006s ]
SQL: SELECT * FROM `people` WHERE `isDel` = 0 AND `community` = 3 AND `roomType` = 1 LIMIT 0,9   [ RunTime:0.0013s ]
INFO: [ view_parse ] --START--
INFO: [ template_filter ] --START--
INFO: Run Behavior\ContentReplaceBehavior [ RunTime:0.000038s ]
INFO: [ template_filter ] --END-- [ RunTime:0.000071s ]
NOTIC: [8] Undefined variable: taskCount /var/www/html/shequ/Application/Runtime/Cache/People/8b4978c8a8296bcf972e35564fcad173.php 第 49 行.
NOTIC: [8] Undefined variable: peopleCount /var/www/html/shequ/Application/Runtime/Cache/People/8b4978c8a8296bcf972e35564fcad173.php 第 72 行.
INFO: Run Behavior\ParseTemplateBehavior [ RunTime:0.006115s ]
INFO: [ view_parse ] --END-- [ RunTime:0.006151s ]
INFO: [ view_filter ] --START--
INFO: Run Behavior\WriteHtmlCacheBehavior [ RunTime:0.000029s ]
INFO: [ view_filter ] --END-- [ RunTime:0.000046s ]
INFO: [ app_end ] --START--
INFO: Run Behavior\ShowPageTraceBehavior [ RunTime:0.000028s ]
INFO: [ app_end ] --END-- [ RunTime:0.000050s ]

[ 2019-03-17T16:37:13+08:00 ] 110.83.22.124 /index.php?m=people&c=list&a=qianchu
INFO: [ app_init ] --START--
INFO: Run Behavior\BuildLiteBehavior [ RunTime:0.000013s ]
INFO: [ app_init ] --END-- [ RunTime:0.000091s ]
INFO: [ app_begin ] --START--
INFO: Run Behavior\ReadHtmlCacheBehavior [ RunTime:0.000027s ]
INFO: [ app_begin ] --END-- [ RunTime:0.000052s ]
NOTIC: [8] Undefined index: p /var/www/html/shequ/Application/People/Controller/ListController.class.php 第 222 行.
NOTIC: [8] Undefined index: pageSize /var/www/html/shequ/Application/People/Controller/ListController.class.php 第 223 行.
NOTIC: [8] Use of undefined constant admin - assumed 'admin' /var/www/html/shequ/Application/People/Controller/ListController.class.php 第 227 行.
NOTIC: [8] Use of undefined constant community - assumed 'community' /var/www/html/shequ/Application/People/Controller/ListController.class.php 第 227 行.
SQL: SHOW COLUMNS FROM `people` [ RunTime:0.0008s ]
SQL: SELECT COUNT(*) AS tp_count FROM `people` WHERE `isDel` = 0 AND `community` = 3 AND `roomType` = 1 LIMIT 1   [ RunTime:0.0005s ]
NOTIC: [8] Use of undefined constant admin - assumed 'admin' /var/www/html/shequ/Application/People/Controller/ListController.class.php 第 232 行.
NOTIC: [8] Use of undefined constant community - assumed 'community' /var/www/html/shequ/Application/People/Controller/ListController.class.php 第 232 行.
SQL: SELECT COUNT(*) AS tp_count FROM `people` WHERE `isDel` = 0 AND `community` = 3 AND `roomType` = 2 LIMIT 1   [ RunTime:0.0005s ]
NOTIC: [8] Use of undefined constant admin - assumed 'admin' /var/www/html/shequ/Application/People/Controller/ListController.class.php 第 237 行.
NOTIC: [8] Use of undefined constant community - assumed 'community' /var/www/html/shequ/Application/People/Controller/ListController.class.php 第 237 行.
SQL: SHOW COLUMNS FROM `zanzhu` [ RunTime:0.0007s ]
SQL: SELECT COUNT(*) AS tp_count FROM `zanzhu` WHERE `isDel` = 0 AND `community` = 3 AND `roomType` = 3 LIMIT 1   [ RunTime:0.0005s ]
NOTIC: [8] Use of undefined constant admin - assumed 'admin' /var/www/html/shequ/Application/People/Controller/ListController.class.php 第 242 行.
NOTIC: [8] Use of undefined constant community - assumed 'community' /var/www/html/shequ/Application/People/Controller/ListController.class.php 第 242 行.
SQL: SHOW COLUMNS FROM `qiaolian` [ RunTime:0.0006s ]
SQL: SELECT COUNT(*) AS tp_count FROM `qiaolian` WHERE `isDel` = 0 AND `community` = 3 LIMIT 1   [ RunTime:0.0004s ]
NOTIC: [8] Use of undefined constant admin - assumed 'admin' /var/www/html/shequ/Application/People/Controller/ListController.class.php 第 246 行.
NOTIC: [8] Use of undefined constant community - assumed 'community' /var/www/html/shequ/Application/People/Controller/ListController.class.php 第 246 行.
SQL: SELECT COUNT(*) AS tp_count FROM `people` WHERE `isDel` = 1 AND `community` = 3 LIMIT 1   [ RunTime:0.0004s ]
SQL: SELECT * FROM `people` WHERE `isDel` = 1 AND `community` = 3 LIMIT 0,9   [ RunTime:0.0005s ]
INFO: [ view_parse ] --START--
INFO: [ template_filter ] --START--
INFO: Run Behavior\ContentReplaceBehavior [ RunTime:0.000040s ]
INFO: [ template_filter ] --END-- [ RunTime:0.000093s ]
NOTIC: [8] Undefined variable: taskCount /var/www/html/shequ/Application/Runtime/Cache/People/6763c9c073db10d8c7d2799b5aaab452.php 第 49 行.
NOTIC: [8] Undefined variable: peopleCount /var/www/html/shequ/Application/Runtime/Cache/People/6763c9c073db10d8c7d2799b5aaab452.php 第 72 行.
INFO: Run Behavior\ParseTemplateBehavior [ RunTime:0.021947s ]
INFO: [ view_parse ] --END-- [ RunTime:0.021975s ]
INFO: [ view_filter ] --START--
INFO: Run Behavior\WriteHtmlCacheBehavior [ RunTime:0.000028s ]
INFO: [ view_filter ] --END-- [ RunTime:0.000045s ]
INFO: [ app_end ] --START--
INFO: Run Behavior\ShowPageTraceBehavior [ RunTime:0.000036s ]
INFO: [ app_end ] --END-- [ RunTime:0.000068s ]

[ 2019-03-17T16:37:14+08:00 ] 110.83.22.124 /index.php?m=people&c=information&a=index&id=31
INFO: [ app_init ] --START--
INFO: Run Behavior\BuildLiteBehavior [ RunTime:0.000010s ]
INFO: [ app_init ] --END-- [ RunTime:0.000072s ]
INFO: [ app_begin ] --START--
INFO: Run Behavior\ReadHtmlCacheBehavior [ RunTime:0.000033s ]
INFO: [ app_begin ] --END-- [ RunTime:0.000057s ]
SQL: SHOW COLUMNS FROM `people` [ RunTime:0.0010s ]
SQL: SELECT * FROM `people` WHERE ( id="31" ) LIMIT 1   [ RunTime:0.0007s ]
INFO: [ view_parse ] --START--
INFO: [ template_filter ] --START--
INFO: Run Behavior\ContentReplaceBehavior [ RunTime:0.000033s ]
INFO: [ template_filter ] --END-- [ RunTime:0.000066s ]
NOTIC: [8] Undefined variable: taskCount /var/www/html/shequ/Application/Runtime/Cache/People/66e5d011b35dd89f14e228dcf5c1e364.php 第 47 行.
INFO: Run Behavior\ParseTemplateBehavior [ RunTime:0.003729s ]
INFO: [ view_parse ] --END-- [ RunTime:0.003757s ]
INFO: [ view_filter ] --START--
INFO: Run Behavior\WriteHtmlCacheBehavior [ RunTime:0.000034s ]
INFO: [ view_filter ] --END-- [ RunTime:0.000055s ]
INFO: [ app_end ] --START--
INFO: Run Behavior\ShowPageTraceBehavior [ RunTime:0.000031s ]
INFO: [ app_end ] --END-- [ RunTime:0.000051s ]

[ 2019-03-17T16:37:17+08:00 ] 110.83.22.124 /index.php?m=people&c=del&a=revoke
INFO: [ app_init ] --START--
INFO: Run Behavior\BuildLiteBehavior [ RunTime:0.000013s ]
INFO: [ app_init ] --END-- [ RunTime:0.000076s ]
INFO: [ app_begin ] --START--
INFO: Run Behavior\ReadHtmlCacheBehavior [ RunTime:0.000047s ]
INFO: [ app_begin ] --END-- [ RunTime:0.000081s ]
SQL: SHOW COLUMNS FROM `people` [ RunTime:0.0008s ]
NOTIC: [2] Illegal offset type in isset or empty /var/www/html/shequ/ThinkPHP/Library/Think/Model.class.php 第 445 行.
SQL: UPDATE `people` SET `isDel`='0' WHERE `id` = 31 [ RunTime:0.0182s ]

[ 2019-03-17T16:37:17+08:00 ] 110.83.22.124 /index.php?m=people&c=list&a=qianchu
INFO: [ app_init ] --START--
INFO: Run Behavior\BuildLiteBehavior [ RunTime:0.000010s ]
INFO: [ app_init ] --END-- [ RunTime:0.000065s ]
INFO: [ app_begin ] --START--
INFO: Run Behavior\ReadHtmlCacheBehavior [ RunTime:0.000024s ]
INFO: [ app_begin ] --END-- [ RunTime:0.000046s ]
NOTIC: [8] Undefined index: p /var/www/html/shequ/Application/People/Controller/ListController.class.php 第 222 行.
NOTIC: [8] Undefined index: pageSize /var/www/html/shequ/Application/People/Controller/ListController.class.php 第 223 行.
NOTIC: [8] Use of undefined constant admin - assumed 'admin' /var/www/html/shequ/Application/People/Controller/ListController.class.php 第 227 行.
NOTIC: [8] Use of undefined constant community - assumed 'community' /var/www/html/shequ/Application/People/Controller/ListController.class.php 第 227 行.
SQL: SHOW COLUMNS FROM `people` [ RunTime:0.0009s ]
SQL: SELECT COUNT(*) AS tp_count FROM `people` WHERE `isDel` = 0 AND `community` = 3 AND `roomType` = 1 LIMIT 1   [ RunTime:0.0005s ]
NOTIC: [8] Use of undefined constant admin - assumed 'admin' /var/www/html/shequ/Application/People/Controller/ListController.class.php 第 232 行.
NOTIC: [8] Use of undefined constant community - assumed 'community' /var/www/html/shequ/Application/People/Controller/ListController.class.php 第 232 行.
SQL: SELECT COUNT(*) AS tp_count FROM `people` WHERE `isDel` = 0 AND `community` = 3 AND `roomType` = 2 LIMIT 1   [ RunTime:0.0004s ]
NOTIC: [8] Use of undefined constant admin - assumed 'admin' /var/www/html/shequ/Application/People/Controller/ListController.class.php 第 237 行.
NOTIC: [8] Use of undefined constant community - assumed 'community' /var/www/html/shequ/Application/People/Controller/ListController.class.php 第 237 行.
SQL: SHOW COLUMNS FROM `zanzhu` [ RunTime:0.0006s ]
SQL: SELECT COUNT(*) AS tp_count FROM `zanzhu` WHERE `isDel` = 0 AND `community` = 3 AND `roomType` = 3 LIMIT 1   [ RunTime:0.0004s ]
NOTIC: [8] Use of undefined constant admin - assumed 'admin' /var/www/html/shequ/Application/People/Controller/ListController.class.php 第 242 行.
NOTIC: [8] Use of undefined constant community - assumed 'community' /var/www/html/shequ/Application/People/Controller/ListController.class.php 第 242 行.
SQL: SHOW COLUMNS FROM `qiaolian` [ RunTime:0.0006s ]
SQL: SELECT COUNT(*) AS tp_count FROM `qiaolian` WHERE `isDel` = 0 AND `community` = 3 LIMIT 1   [ RunTime:0.0004s ]
NOTIC: [8] Use of undefined constant admin - assumed 'admin' /var/www/html/shequ/Application/People/Controller/ListController.class.php 第 246 行.
NOTIC: [8] Use of undefined constant community - assumed 'community' /var/www/html/shequ/Application/People/Controller/ListController.class.php 第 246 行.
SQL: SELECT COUNT(*) AS tp_count FROM `people` WHERE `isDel` = 1 AND `community` = 3 LIMIT 1   [ RunTime:0.0004s ]
SQL: SELECT * FROM `people` WHERE `isDel` = 1 AND `community` = 3 LIMIT 0,9   [ RunTime:0.0005s ]
INFO: [ view_parse ] --START--
INFO: [ template_filter ] --START--
INFO: Run Behavior\ContentReplaceBehavior [ RunTime:0.000037s ]
INFO: [ template_filter ] --END-- [ RunTime:0.000066s ]
NOTIC: [8] Undefined variable: taskCount /var/www/html/shequ/Application/Runtime/Cache/People/6763c9c073db10d8c7d2799b5aaab452.php 第 49 行.
NOTIC: [8] Undefined variable: peopleCount /var/www/html/shequ/Application/Runtime/Cache/People/6763c9c073db10d8c7d2799b5aaab452.php 第 72 行.
INFO: Run Behavior\ParseTemplateBehavior [ RunTime:0.004082s ]
INFO: [ view_parse ] --END-- [ RunTime:0.004108s ]
INFO: [ view_filter ] --START--
INFO: Run Behavior\WriteHtmlCacheBehavior [ RunTime:0.000029s ]
INFO: [ view_filter ] --END-- [ RunTime:0.000045s ]
INFO: [ app_end ] --START--
INFO: Run Behavior\ShowPageTraceBehavior [ RunTime:0.000031s ]
INFO: [ app_end ] --END-- [ RunTime:0.000052s ]

[ 2019-03-17T16:37:18+08:00 ] 110.83.22.124 /index.php?m=people&c=list&a=index
INFO: [ app_init ] --START--
INFO: Run Behavior\BuildLiteBehavior [ RunTime:0.000014s ]
INFO: [ app_init ] --END-- [ RunTime:0.000090s ]
INFO: [ app_begin ] --START--
INFO: Run Behavior\ReadHtmlCacheBehavior [ RunTime:0.000026s ]
INFO: [ app_begin ] --END-- [ RunTime:0.000055s ]
NOTIC: [8] Undefined index: p /var/www/html/shequ/Application/People/Controller/ListController.class.php 第 9 行.
NOTIC: [8] Undefined index: pageSize /var/www/html/shequ/Application/People/Controller/ListController.class.php 第 10 行.
NOTIC: [8] Use of undefined constant admin - assumed 'admin' /var/www/html/shequ/Application/People/Controller/ListController.class.php 第 15 行.
NOTIC: [8] Use of undefined constant community - assumed 'community' /var/www/html/shequ/Application/People/Controller/ListController.class.php 第 15 行.
SQL: SHOW COLUMNS FROM `people` [ RunTime:0.0008s ]
SQL: SELECT COUNT(*) AS tp_count FROM `people` WHERE `isDel` = 0 AND `community` = 3 AND `roomType` = 1 LIMIT 1   [ RunTime:0.0005s ]
NOTIC: [8] Use of undefined constant admin - assumed 'admin' /var/www/html/shequ/Application/People/Controller/ListController.class.php 第 20 行.
NOTIC: [8] Use of undefined constant community - assumed 'community' /var/www/html/shequ/Application/People/Controller/ListController.class.php 第 20 行.
SQL: SELECT COUNT(*) AS tp_count FROM `people` WHERE `isDel` = 0 AND `community` = 3 AND `roomType` = 2 LIMIT 1   [ RunTime:0.0005s ]
NOTIC: [8] Use of undefined constant admin - assumed 'admin' /var/www/html/shequ/Application/People/Controller/ListController.class.php 第 25 行.
NOTIC: [8] Use of undefined constant community - assumed 'community' /var/www/html/shequ/Application/People/Controller/ListController.class.php 第 25 行.
SQL: SHOW COLUMNS FROM `zanzhu` [ RunTime:0.0006s ]
SQL: SELECT COUNT(*) AS tp_count FROM `zanzhu` WHERE `isDel` = 0 AND `community` = 3 AND `roomType` = 3 LIMIT 1   [ RunTime:0.0004s ]
NOTIC: [8] Use of undefined constant admin - assumed 'admin' /var/www/html/shequ/Application/People/Controller/ListController.class.php 第 30 行.
NOTIC: [8] Use of undefined constant community - assumed 'community' /var/www/html/shequ/Application/People/Controller/ListController.class.php 第 30 行.
SQL: SHOW COLUMNS FROM `qiaolian` [ RunTime:0.0006s ]
SQL: SELECT COUNT(*) AS tp_count FROM `qiaolian` WHERE `isDel` = 0 AND `community` = 3 LIMIT 1   [ RunTime:0.0004s ]
NOTIC: [8] Use of undefined constant admin - assumed 'admin' /var/www/html/shequ/Application/People/Controller/ListController.class.php 第 34 行.
NOTIC: [8] Use of undefined constant community - assumed 'community' /var/www/html/shequ/Application/People/Controller/ListController.class.php 第 34 行.
SQL: SELECT COUNT(*) AS tp_count FROM `people` WHERE `isDel` = 1 AND `community` = 3 LIMIT 1   [ RunTime:0.0004s ]
SQL: SELECT COUNT(*) AS tp_count FROM `qiaolian` WHERE `isDel` = 1 AND `community` = 3 LIMIT 1   [ RunTime:0.0004s ]
SQL: SELECT COUNT(*) AS tp_count FROM `zanzhu` WHERE `isDel` = 1 AND `community` = 3 LIMIT 1   [ RunTime:0.0005s ]
SQL: SELECT * FROM `people` WHERE `isDel` = 0 AND `community` = 3 AND `roomType` = 1 LIMIT 0,9   [ RunTime:0.0006s ]
INFO: [ view_parse ] --START--
INFO: [ template_filter ] --START--
INFO: Run Behavior\ContentReplaceBehavior [ RunTime:0.000034s ]
INFO: [ template_filter ] --END-- [ RunTime:0.000063s ]
NOTIC: [8] Undefined variable: taskCount /var/www/html/shequ/Application/Runtime/Cache/People/8b4978c8a8296bcf972e35564fcad173.php 第 49 行.
NOTIC: [8] Undefined variable: peopleCount /var/www/html/shequ/Application/Runtime/Cache/People/8b4978c8a8296bcf972e35564fcad173.php 第 72 行.
INFO: Run Behavior\ParseTemplateBehavior [ RunTime:0.004472s ]
INFO: [ view_parse ] --END-- [ RunTime:0.004499s ]
INFO: [ view_filter ] --START--
INFO: Run Behavior\WriteHtmlCacheBehavior [ RunTime:0.000026s ]
INFO: [ view_filter ] --END-- [ RunTime:0.000042s ]
INFO: [ app_end ] --START--
INFO: Run Behavior\ShowPageTraceBehavior [ RunTime:0.000024s ]
INFO: [ app_end ] --END-- [ RunTime:0.000044s ]

