[ 2019-02-03T00:39:14+08:00 ] 127.0.0.1 /index.php?m=people&c=add&a=index
INFO: [ app_init ] --START--
INFO: Run Behavior\BuildLiteBehavior [ RunTime:0.000015s ]
INFO: [ app_init ] --END-- [ RunTime:0.000280s ]
INFO: [ app_begin ] --START--
INFO: Run Behavior\ReadHtmlCacheBehavior [ RunTime:0.000314s ]
INFO: [ app_begin ] --END-- [ RunTime:0.000391s ]
SQL: SHOW COLUMNS FROM `community` [ RunTime:0.0041s ]
SQL: SELECT * FROM `community`  [ RunTime:0.0002s ]
NOTIC: [8] Undefined index: id D:\phpProjects\wampProjects\shequ\Application\People\Controller\AddController.class.php 第 12 行.
SQL: SHOW COLUMNS FROM `people` [ RunTime:0.0100s ]
SQL: SELECT `ownerName` FROM `people` WHERE `id` = null LIMIT 1   [ RunTime:0.0002s ]
INFO: [ view_parse ] --START--
INFO: [ template_filter ] --START--
INFO: Run Behavior\ContentReplaceBehavior [ RunTime:0.000092s ]
INFO: [ template_filter ] --END-- [ RunTime:0.000169s ]
NOTIC: [8] Use of undefined constant id - assumed 'id' D:\phpProjects\wampProjects\shequ\Application\Runtime\Cache\People\6f7ba2d04e96e90b6d77438934b96068.php 第 38 行.
NOTIC: [8] Use of undefined constant id - assumed 'id' D:\phpProjects\wampProjects\shequ\Application\Runtime\Cache\People\6f7ba2d04e96e90b6d77438934b96068.php 第 38 行.
INFO: Run Behavior\ParseTemplateBehavior [ RunTime:0.008024s ]
INFO: [ view_parse ] --END-- [ RunTime:0.008188s ]
INFO: [ view_filter ] --START--
INFO: Run Behavior\WriteHtmlCacheBehavior [ RunTime:0.001536s ]
INFO: [ view_filter ] --END-- [ RunTime:0.001640s ]
INFO: [ app_end ] --START--
INFO: Run Behavior\ShowPageTraceBehavior [ RunTime:0.000777s ]
INFO: [ app_end ] --END-- [ RunTime:0.000912s ]

[ 2019-02-03T00:39:17+08:00 ] 127.0.0.1 /index.php?m=people&c=add&a=img
INFO: [ app_init ] --START--
INFO: Run Behavior\BuildLiteBehavior [ RunTime:0.000019s ]
INFO: [ app_init ] --END-- [ RunTime:0.000364s ]
INFO: [ app_begin ] --START--
INFO: Run Behavior\ReadHtmlCacheBehavior [ RunTime:0.000364s ]
INFO: [ app_begin ] --END-- [ RunTime:0.000436s ]
NOTIC: [2] call_user_func() expects parameter 1 to be a valid callback, no array or string given D:\phpProjects\wampProjects\shequ\ThinkPHP\Library\Think\Upload.class.php 第 170 行.
NOTIC: [8] Use of undefined constant community - assumed 'community' D:\phpProjects\wampProjects\shequ\Application\People\Controller\AddController.class.php 第 112 行.
SQL: SHOW COLUMNS FROM `image` [ RunTime:0.0080s ]
SQL: INSERT INTO `image` (`url`,`imgName`,`community`) VALUES ('/img/1.png','1.png','2') [ RunTime:0.0024s ]

[ 2019-02-03T00:47:40+08:00 ] 127.0.0.1 /index.php?m=people&c=add&a=index
INFO: [ app_init ] --START--
INFO: Run Behavior\BuildLiteBehavior [ RunTime:0.000016s ]
INFO: [ app_init ] --END-- [ RunTime:0.000280s ]
INFO: [ app_begin ] --START--
INFO: Run Behavior\ReadHtmlCacheBehavior [ RunTime:0.000629s ]
INFO: [ app_begin ] --END-- [ RunTime:0.000703s ]
SQL: SHOW COLUMNS FROM `community` [ RunTime:0.0034s ]
SQL: SELECT * FROM `community`  [ RunTime:0.0001s ]
NOTIC: [8] Undefined index: id D:\phpProjects\wampProjects\shequ\Application\People\Controller\AddController.class.php 第 12 行.
SQL: SHOW COLUMNS FROM `people` [ RunTime:0.0036s ]
SQL: SELECT `ownerName` FROM `people` WHERE `id` = null LIMIT 1   [ RunTime:0.0001s ]
INFO: [ view_parse ] --START--
INFO: [ template_filter ] --START--
INFO: Run Behavior\ContentReplaceBehavior [ RunTime:0.000070s ]
INFO: [ template_filter ] --END-- [ RunTime:0.000152s ]
NOTIC: [8] Use of undefined constant id - assumed 'id' D:\phpProjects\wampProjects\shequ\Application\Runtime\Cache\People\6f7ba2d04e96e90b6d77438934b96068.php 第 38 行.
NOTIC: [8] Use of undefined constant id - assumed 'id' D:\phpProjects\wampProjects\shequ\Application\Runtime\Cache\People\6f7ba2d04e96e90b6d77438934b96068.php 第 38 行.
INFO: Run Behavior\ParseTemplateBehavior [ RunTime:0.009520s ]
INFO: [ view_parse ] --END-- [ RunTime:0.009593s ]
INFO: [ view_filter ] --START--
INFO: Run Behavior\WriteHtmlCacheBehavior [ RunTime:0.000503s ]
INFO: [ view_filter ] --END-- [ RunTime:0.000579s ]
INFO: [ app_end ] --START--
INFO: Run Behavior\ShowPageTraceBehavior [ RunTime:0.000705s ]
INFO: [ app_end ] --END-- [ RunTime:0.000802s ]

[ 2019-02-03T00:47:42+08:00 ] 127.0.0.1 /index.php?m=people&c=add&a=img
INFO: [ app_init ] --START--
INFO: Run Behavior\BuildLiteBehavior [ RunTime:0.000024s ]
INFO: [ app_init ] --END-- [ RunTime:0.000365s ]
INFO: [ app_begin ] --START--
INFO: Run Behavior\ReadHtmlCacheBehavior [ RunTime:0.001120s ]
INFO: [ app_begin ] --END-- [ RunTime:0.001324s ]
NOTIC: [2] call_user_func() expects parameter 1 to be a valid callback, no array or string given D:\phpProjects\wampProjects\shequ\ThinkPHP\Library\Think\Upload.class.php 第 170 行.
NOTIC: [8] Use of undefined constant community - assumed 'community' D:\phpProjects\wampProjects\shequ\Application\People\Controller\AddController.class.php 第 112 行.
SQL: SHOW COLUMNS FROM `image` [ RunTime:0.0038s ]
SQL: INSERT INTO `image` (`url`,`imgName`,`community`) VALUES ('/img/1.jpg','1.jpg','2') [ RunTime:0.0032s ]

[ 2019-02-03T00:49:26+08:00 ] 127.0.0.1 /index.php?m=people&c=add&a=index
INFO: [ app_init ] --START--
INFO: Run Behavior\BuildLiteBehavior [ RunTime:0.000028s ]
INFO: [ app_init ] --END-- [ RunTime:0.001005s ]
INFO: [ app_begin ] --START--
INFO: Run Behavior\ReadHtmlCacheBehavior [ RunTime:0.000641s ]
INFO: [ app_begin ] --END-- [ RunTime:0.000721s ]
SQL: SHOW COLUMNS FROM `community` [ RunTime:0.0082s ]
SQL: SELECT * FROM `community`  [ RunTime:0.0002s ]
NOTIC: [8] Undefined index: id D:\phpProjects\wampProjects\shequ\Application\People\Controller\AddController.class.php 第 12 行.
SQL: SHOW COLUMNS FROM `people` [ RunTime:0.0037s ]
SQL: SELECT `ownerName` FROM `people` WHERE `id` = null LIMIT 1   [ RunTime:0.0002s ]
INFO: [ view_parse ] --START--
INFO: [ template_filter ] --START--
INFO: Run Behavior\ContentReplaceBehavior [ RunTime:0.000076s ]
INFO: [ template_filter ] --END-- [ RunTime:0.000157s ]
NOTIC: [8] Use of undefined constant id - assumed 'id' D:\phpProjects\wampProjects\shequ\Application\Runtime\Cache\People\6f7ba2d04e96e90b6d77438934b96068.php 第 38 行.
NOTIC: [8] Use of undefined constant id - assumed 'id' D:\phpProjects\wampProjects\shequ\Application\Runtime\Cache\People\6f7ba2d04e96e90b6d77438934b96068.php 第 38 行.
INFO: Run Behavior\ParseTemplateBehavior [ RunTime:0.008581s ]
INFO: [ view_parse ] --END-- [ RunTime:0.008657s ]
INFO: [ view_filter ] --START--
INFO: Run Behavior\WriteHtmlCacheBehavior [ RunTime:0.000500s ]
INFO: [ view_filter ] --END-- [ RunTime:0.000569s ]
INFO: [ app_end ] --START--
INFO: Run Behavior\ShowPageTraceBehavior [ RunTime:0.000692s ]
INFO: [ app_end ] --END-- [ RunTime:0.000798s ]

[ 2019-02-03T00:49:36+08:00 ] 127.0.0.1 /index.php?m=people&c=add&a=img
INFO: [ app_init ] --START--
INFO: Run Behavior\BuildLiteBehavior [ RunTime:0.000016s ]
INFO: [ app_init ] --END-- [ RunTime:0.000322s ]
INFO: [ app_begin ] --START--
INFO: Run Behavior\ReadHtmlCacheBehavior [ RunTime:0.000589s ]
INFO: [ app_begin ] --END-- [ RunTime:0.000653s ]
NOTIC: [2] call_user_func() expects parameter 1 to be a valid callback, no array or string given D:\phpProjects\wampProjects\shequ\ThinkPHP\Library\Think\Upload.class.php 第 170 行.
NOTIC: [8] Use of undefined constant community - assumed 'community' D:\phpProjects\wampProjects\shequ\Application\People\Controller\AddController.class.php 第 112 行.
SQL: SHOW COLUMNS FROM `image` [ RunTime:0.0036s ]
SQL: INSERT INTO `image` (`url`,`imgName`,`community`) VALUES ('/img/1.jpg','1.jpg','2') [ RunTime:0.0022s ]

[ 2019-02-03T00:53:31+08:00 ] 127.0.0.1 /index.php?m=people&c=add&a=index
INFO: [ app_init ] --START--
INFO: Run Behavior\BuildLiteBehavior [ RunTime:0.000018s ]
INFO: [ app_init ] --END-- [ RunTime:0.000361s ]
INFO: [ app_begin ] --START--
INFO: Run Behavior\ReadHtmlCacheBehavior [ RunTime:0.000336s ]
INFO: [ app_begin ] --END-- [ RunTime:0.000410s ]
SQL: SHOW COLUMNS FROM `community` [ RunTime:0.0106s ]
SQL: SELECT * FROM `community`  [ RunTime:0.0002s ]
NOTIC: [8] Undefined index: id D:\phpProjects\wampProjects\shequ\Application\People\Controller\AddController.class.php 第 12 行.
SQL: SHOW COLUMNS FROM `people` [ RunTime:0.0042s ]
SQL: SELECT `ownerName` FROM `people` WHERE `id` = null LIMIT 1   [ RunTime:0.0002s ]
INFO: [ view_parse ] --START--
INFO: [ template_filter ] --START--
INFO: Run Behavior\ContentReplaceBehavior [ RunTime:0.000081s ]
INFO: [ template_filter ] --END-- [ RunTime:0.000170s ]
NOTIC: [8] Use of undefined constant id - assumed 'id' D:\phpProjects\wampProjects\shequ\Application\Runtime\Cache\People\6f7ba2d04e96e90b6d77438934b96068.php 第 38 行.
NOTIC: [8] Use of undefined constant id - assumed 'id' D:\phpProjects\wampProjects\shequ\Application\Runtime\Cache\People\6f7ba2d04e96e90b6d77438934b96068.php 第 38 行.
INFO: Run Behavior\ParseTemplateBehavior [ RunTime:0.008914s ]
INFO: [ view_parse ] --END-- [ RunTime:0.008990s ]
INFO: [ view_filter ] --START--
INFO: Run Behavior\WriteHtmlCacheBehavior [ RunTime:0.000391s ]
INFO: [ view_filter ] --END-- [ RunTime:0.000508s ]
INFO: [ app_end ] --START--
INFO: Run Behavior\ShowPageTraceBehavior [ RunTime:0.000758s ]
INFO: [ app_end ] --END-- [ RunTime:0.000887s ]

[ 2019-02-03T00:53:33+08:00 ] 127.0.0.1 /index.php?m=people&c=add&a=img
INFO: [ app_init ] --START--
INFO: Run Behavior\BuildLiteBehavior [ RunTime:0.000016s ]
INFO: [ app_init ] --END-- [ RunTime:0.000283s ]
INFO: [ app_begin ] --START--
INFO: Run Behavior\ReadHtmlCacheBehavior [ RunTime:0.000305s ]
INFO: [ app_begin ] --END-- [ RunTime:0.000371s ]
NOTIC: [2] call_user_func() expects parameter 1 to be a valid callback, no array or string given D:\phpProjects\wampProjects\shequ\ThinkPHP\Library\Think\Upload.class.php 第 170 行.
NOTIC: [8] Use of undefined constant community - assumed 'community' D:\phpProjects\wampProjects\shequ\Application\People\Controller\AddController.class.php 第 112 行.
SQL: SHOW COLUMNS FROM `image` [ RunTime:0.0037s ]
SQL: INSERT INTO `image` (`url`,`imgName`,`community`) VALUES ('/img/1.jpg','1.jpg','2') [ RunTime:0.0018s ]

[ 2019-02-03T00:55:19+08:00 ] 127.0.0.1 /index.php?m=people&c=add&a=index
INFO: [ app_init ] --START--
INFO: Run Behavior\BuildLiteBehavior [ RunTime:0.000017s ]
INFO: [ app_init ] --END-- [ RunTime:0.000289s ]
INFO: [ app_begin ] --START--
INFO: Run Behavior\ReadHtmlCacheBehavior [ RunTime:0.000351s ]
INFO: [ app_begin ] --END-- [ RunTime:0.000509s ]
SQL: SHOW COLUMNS FROM `community` [ RunTime:0.0039s ]
SQL: SELECT * FROM `community`  [ RunTime:0.0002s ]
NOTIC: [8] Undefined index: id D:\phpProjects\wampProjects\shequ\Application\People\Controller\AddController.class.php 第 12 行.
SQL: SHOW COLUMNS FROM `people` [ RunTime:0.0062s ]
SQL: SELECT `ownerName` FROM `people` WHERE `id` = null LIMIT 1   [ RunTime:0.0007s ]
INFO: [ view_parse ] --START--
INFO: [ template_filter ] --START--
INFO: Run Behavior\ContentReplaceBehavior [ RunTime:0.000092s ]
INFO: [ template_filter ] --END-- [ RunTime:0.000167s ]
NOTIC: [8] Use of undefined constant id - assumed 'id' D:\phpProjects\wampProjects\shequ\Application\Runtime\Cache\People\6f7ba2d04e96e90b6d77438934b96068.php 第 38 行.
NOTIC: [8] Use of undefined constant id - assumed 'id' D:\phpProjects\wampProjects\shequ\Application\Runtime\Cache\People\6f7ba2d04e96e90b6d77438934b96068.php 第 38 行.
INFO: Run Behavior\ParseTemplateBehavior [ RunTime:0.006854s ]
INFO: [ view_parse ] --END-- [ RunTime:0.006930s ]
INFO: [ view_filter ] --START--
INFO: Run Behavior\WriteHtmlCacheBehavior [ RunTime:0.000352s ]
INFO: [ view_filter ] --END-- [ RunTime:0.000420s ]
INFO: [ app_end ] --START--
INFO: Run Behavior\ShowPageTraceBehavior [ RunTime:0.000483s ]
INFO: [ app_end ] --END-- [ RunTime:0.000563s ]

[ 2019-02-03T00:55:21+08:00 ] 127.0.0.1 /index.php?m=people&c=add&a=img
INFO: [ app_init ] --START--
INFO: Run Behavior\BuildLiteBehavior [ RunTime:0.000017s ]
INFO: [ app_init ] --END-- [ RunTime:0.000301s ]
INFO: [ app_begin ] --START--
INFO: Run Behavior\ReadHtmlCacheBehavior [ RunTime:0.000313s ]
INFO: [ app_begin ] --END-- [ RunTime:0.000382s ]
NOTIC: [2] call_user_func() expects parameter 1 to be a valid callback, no array or string given D:\phpProjects\wampProjects\shequ\ThinkPHP\Library\Think\Upload.class.php 第 170 行.
NOTIC: [8] Use of undefined constant community - assumed 'community' D:\phpProjects\wampProjects\shequ\Application\People\Controller\AddController.class.php 第 112 行.
SQL: SHOW COLUMNS FROM `image` [ RunTime:0.0052s ]
SQL: INSERT INTO `image` (`url`,`imgName`,`community`) VALUES ('/img/1.png','1.png','2') [ RunTime:0.0018s ]

[ 2019-02-03T00:57:06+08:00 ] 127.0.0.1 /index.php?m=people&c=add&a=index
INFO: [ app_init ] --START--
INFO: Run Behavior\BuildLiteBehavior [ RunTime:0.000016s ]
INFO: [ app_init ] --END-- [ RunTime:0.000314s ]
INFO: [ app_begin ] --START--
INFO: Run Behavior\ReadHtmlCacheBehavior [ RunTime:0.000552s ]
INFO: [ app_begin ] --END-- [ RunTime:0.000626s ]
SQL: SHOW COLUMNS FROM `community` [ RunTime:0.0049s ]
SQL: SELECT * FROM `community`  [ RunTime:0.0002s ]
NOTIC: [8] Undefined index: id D:\phpProjects\wampProjects\shequ\Application\People\Controller\AddController.class.php 第 12 行.
SQL: SHOW COLUMNS FROM `people` [ RunTime:0.0035s ]
SQL: SELECT `ownerName` FROM `people` WHERE `id` = null LIMIT 1   [ RunTime:0.0002s ]
INFO: [ view_parse ] --START--
INFO: [ template_filter ] --START--
INFO: Run Behavior\ContentReplaceBehavior [ RunTime:0.000109s ]
INFO: [ template_filter ] --END-- [ RunTime:0.000211s ]
NOTIC: [8] Use of undefined constant id - assumed 'id' D:\phpProjects\wampProjects\shequ\Application\Runtime\Cache\People\6f7ba2d04e96e90b6d77438934b96068.php 第 38 行.
NOTIC: [8] Use of undefined constant id - assumed 'id' D:\phpProjects\wampProjects\shequ\Application\Runtime\Cache\People\6f7ba2d04e96e90b6d77438934b96068.php 第 38 行.
INFO: Run Behavior\ParseTemplateBehavior [ RunTime:0.008578s ]
INFO: [ view_parse ] --END-- [ RunTime:0.008656s ]
INFO: [ view_filter ] --START--
INFO: Run Behavior\WriteHtmlCacheBehavior [ RunTime:0.000479s ]
INFO: [ view_filter ] --END-- [ RunTime:0.000548s ]
INFO: [ app_end ] --START--
INFO: Run Behavior\ShowPageTraceBehavior [ RunTime:0.000603s ]
INFO: [ app_end ] --END-- [ RunTime:0.000686s ]

[ 2019-02-03T00:57:11+08:00 ] 127.0.0.1 /index.php?m=people&c=add&a=img
INFO: [ app_init ] --START--
INFO: Run Behavior\BuildLiteBehavior [ RunTime:0.000021s ]
INFO: [ app_init ] --END-- [ RunTime:0.000352s ]
INFO: [ app_begin ] --START--
INFO: Run Behavior\ReadHtmlCacheBehavior [ RunTime:0.001090s ]
INFO: [ app_begin ] --END-- [ RunTime:0.001240s ]
NOTIC: [2] call_user_func() expects parameter 1 to be a valid callback, no array or string given D:\phpProjects\wampProjects\shequ\ThinkPHP\Library\Think\Upload.class.php 第 170 行.
NOTIC: [8] Use of undefined constant community - assumed 'community' D:\phpProjects\wampProjects\shequ\Application\People\Controller\AddController.class.php 第 112 行.
SQL: SHOW COLUMNS FROM `image` [ RunTime:0.0036s ]
SQL: INSERT INTO `image` (`url`,`imgName`,`community`) VALUES ('/img/1.jpg','1.jpg','2') [ RunTime:0.0016s ]

[ 2019-02-03T00:57:13+08:00 ] 127.0.0.1 /index.php?m=people&c=add&a=img
INFO: [ app_init ] --START--
INFO: Run Behavior\BuildLiteBehavior [ RunTime:0.000017s ]
INFO: [ app_init ] --END-- [ RunTime:0.000327s ]
INFO: [ app_begin ] --START--
INFO: Run Behavior\ReadHtmlCacheBehavior [ RunTime:0.000807s ]
INFO: [ app_begin ] --END-- [ RunTime:0.000941s ]
NOTIC: [2] call_user_func() expects parameter 1 to be a valid callback, no array or string given D:\phpProjects\wampProjects\shequ\ThinkPHP\Library\Think\Upload.class.php 第 170 行.
NOTIC: [8] Use of undefined constant community - assumed 'community' D:\phpProjects\wampProjects\shequ\Application\People\Controller\AddController.class.php 第 112 行.
SQL: SHOW COLUMNS FROM `image` [ RunTime:0.0063s ]
SQL: INSERT INTO `image` (`url`,`imgName`,`community`) VALUES ('/img/1.png','1.png','2') [ RunTime:0.0064s ]

[ 2019-02-03T01:00:04+08:00 ] 127.0.0.1 /index.php?m=people&c=add&a=index
INFO: [ app_init ] --START--
INFO: Run Behavior\BuildLiteBehavior [ RunTime:0.000019s ]
INFO: [ app_init ] --END-- [ RunTime:0.000426s ]
INFO: [ app_begin ] --START--
INFO: Run Behavior\ReadHtmlCacheBehavior [ RunTime:0.000399s ]
INFO: [ app_begin ] --END-- [ RunTime:0.000522s ]
SQL: SHOW COLUMNS FROM `community` [ RunTime:0.0071s ]
SQL: SELECT * FROM `community`  [ RunTime:0.0006s ]
NOTIC: [8] Undefined index: id D:\phpProjects\wampProjects\shequ\Application\People\Controller\AddController.class.php 第 12 行.
SQL: SHOW COLUMNS FROM `people` [ RunTime:0.0065s ]
SQL: SELECT `ownerName` FROM `people` WHERE `id` = null LIMIT 1   [ RunTime:0.0002s ]
INFO: [ view_parse ] --START--
INFO: [ template_filter ] --START--
INFO: Run Behavior\ContentReplaceBehavior [ RunTime:0.000077s ]
INFO: [ template_filter ] --END-- [ RunTime:0.000164s ]
NOTIC: [8] Use of undefined constant id - assumed 'id' D:\phpProjects\wampProjects\shequ\Application\Runtime\Cache\People\6f7ba2d04e96e90b6d77438934b96068.php 第 38 行.
NOTIC: [8] Use of undefined constant id - assumed 'id' D:\phpProjects\wampProjects\shequ\Application\Runtime\Cache\People\6f7ba2d04e96e90b6d77438934b96068.php 第 38 行.
INFO: Run Behavior\ParseTemplateBehavior [ RunTime:0.009319s ]
INFO: [ view_parse ] --END-- [ RunTime:0.009392s ]
INFO: [ view_filter ] --START--
INFO: Run Behavior\WriteHtmlCacheBehavior [ RunTime:0.000354s ]
INFO: [ view_filter ] --END-- [ RunTime:0.000422s ]
INFO: [ app_end ] --START--
INFO: Run Behavior\ShowPageTraceBehavior [ RunTime:0.000487s ]
INFO: [ app_end ] --END-- [ RunTime:0.000562s ]

[ 2019-02-03T01:00:07+08:00 ] 127.0.0.1 /index.php?m=people&c=add&a=img
INFO: [ app_init ] --START--
INFO: Run Behavior\BuildLiteBehavior [ RunTime:0.000031s ]
INFO: [ app_init ] --END-- [ RunTime:0.000630s ]
INFO: [ app_begin ] --START--
INFO: Run Behavior\ReadHtmlCacheBehavior [ RunTime:0.000702s ]
INFO: [ app_begin ] --END-- [ RunTime:0.000908s ]
NOTIC: [2] call_user_func() expects parameter 1 to be a valid callback, no array or string given D:\phpProjects\wampProjects\shequ\ThinkPHP\Library\Think\Upload.class.php 第 170 行.
NOTIC: [8] Use of undefined constant community - assumed 'community' D:\phpProjects\wampProjects\shequ\Application\People\Controller\AddController.class.php 第 112 行.
SQL: SHOW COLUMNS FROM `image` [ RunTime:0.0037s ]
SQL: INSERT INTO `image` (`url`,`imgName`,`community`) VALUES ('/img/1.jpg','1.jpg','2') [ RunTime:0.0026s ]

[ 2019-02-03T01:00:09+08:00 ] 127.0.0.1 /index.php?m=people&c=add&a=img
INFO: [ app_init ] --START--
INFO: Run Behavior\BuildLiteBehavior [ RunTime:0.000024s ]
INFO: [ app_init ] --END-- [ RunTime:0.000313s ]
INFO: [ app_begin ] --START--
INFO: Run Behavior\ReadHtmlCacheBehavior [ RunTime:0.000298s ]
INFO: [ app_begin ] --END-- [ RunTime:0.000365s ]
NOTIC: [2] call_user_func() expects parameter 1 to be a valid callback, no array or string given D:\phpProjects\wampProjects\shequ\ThinkPHP\Library\Think\Upload.class.php 第 170 行.
NOTIC: [8] Use of undefined constant community - assumed 'community' D:\phpProjects\wampProjects\shequ\Application\People\Controller\AddController.class.php 第 112 行.
SQL: SHOW COLUMNS FROM `image` [ RunTime:0.0041s ]
SQL: INSERT INTO `image` (`url`,`imgName`,`community`) VALUES ('/img/1.png','1.png','2') [ RunTime:0.0017s ]

[ 2019-02-03T01:02:12+08:00 ] 127.0.0.1 /index.php?m=people&c=add&a=index
INFO: [ app_init ] --START--
INFO: Run Behavior\BuildLiteBehavior [ RunTime:0.000021s ]
INFO: [ app_init ] --END-- [ RunTime:0.000289s ]
INFO: [ app_begin ] --START--
INFO: Run Behavior\ReadHtmlCacheBehavior [ RunTime:0.000307s ]
INFO: [ app_begin ] --END-- [ RunTime:0.000391s ]
SQL: SHOW COLUMNS FROM `community` [ RunTime:0.0081s ]
SQL: SELECT * FROM `community`  [ RunTime:0.0003s ]
NOTIC: [8] Undefined index: id D:\phpProjects\wampProjects\shequ\Application\People\Controller\AddController.class.php 第 12 行.
SQL: SHOW COLUMNS FROM `people` [ RunTime:0.0067s ]
SQL: SELECT `ownerName` FROM `people` WHERE `id` = null LIMIT 1   [ RunTime:0.0002s ]
INFO: [ view_parse ] --START--
INFO: [ template_filter ] --START--
INFO: Run Behavior\ContentReplaceBehavior [ RunTime:0.000146s ]
INFO: [ template_filter ] --END-- [ RunTime:0.000327s ]
NOTIC: [8] Use of undefined constant id - assumed 'id' D:\phpProjects\wampProjects\shequ\Application\Runtime\Cache\People\6f7ba2d04e96e90b6d77438934b96068.php 第 38 行.
NOTIC: [8] Use of undefined constant id - assumed 'id' D:\phpProjects\wampProjects\shequ\Application\Runtime\Cache\People\6f7ba2d04e96e90b6d77438934b96068.php 第 38 行.
INFO: Run Behavior\ParseTemplateBehavior [ RunTime:0.013227s ]
INFO: [ view_parse ] --END-- [ RunTime:0.013349s ]
INFO: [ view_filter ] --START--
INFO: Run Behavior\WriteHtmlCacheBehavior [ RunTime:0.000460s ]
INFO: [ view_filter ] --END-- [ RunTime:0.000567s ]
INFO: [ app_end ] --START--
INFO: Run Behavior\ShowPageTraceBehavior [ RunTime:0.000645s ]
INFO: [ app_end ] --END-- [ RunTime:0.000757s ]

[ 2019-02-03T01:02:14+08:00 ] 127.0.0.1 /index.php?m=people&c=add&a=img
INFO: [ app_init ] --START--
INFO: Run Behavior\BuildLiteBehavior [ RunTime:0.000022s ]
INFO: [ app_init ] --END-- [ RunTime:0.000602s ]
INFO: [ app_begin ] --START--
INFO: Run Behavior\ReadHtmlCacheBehavior [ RunTime:0.000435s ]
INFO: [ app_begin ] --END-- [ RunTime:0.000555s ]
NOTIC: [2] call_user_func() expects parameter 1 to be a valid callback, no array or string given D:\phpProjects\wampProjects\shequ\ThinkPHP\Library\Think\Upload.class.php 第 170 行.
NOTIC: [8] Use of undefined constant community - assumed 'community' D:\phpProjects\wampProjects\shequ\Application\People\Controller\AddController.class.php 第 112 行.
SQL: SHOW COLUMNS FROM `image` [ RunTime:0.0039s ]
SQL: INSERT INTO `image` (`url`,`imgName`,`community`) VALUES ('/img/1.png','1.png','2') [ RunTime:0.0030s ]

[ 2019-02-03T22:02:38+08:00 ] 127.0.0.1 /index.php?m=people&c=list&a=index
INFO: [ app_init ] --START--
INFO: Run Behavior\BuildLiteBehavior [ RunTime:0.000019s ]
INFO: [ app_init ] --END-- [ RunTime:0.000364s ]
INFO: [ app_begin ] --START--
INFO: Run Behavior\ReadHtmlCacheBehavior [ RunTime:0.000335s ]
INFO: [ app_begin ] --END-- [ RunTime:0.000410s ]
NOTIC: [8] Undefined index: p D:\phpProjects\wampProjects\shequ\Application\People\Controller\ListController.class.php 第 9 行.
NOTIC: [8] Undefined index: pageSize D:\phpProjects\wampProjects\shequ\Application\People\Controller\ListController.class.php 第 10 行.
NOTIC: [8] Use of undefined constant admin - assumed 'admin' D:\phpProjects\wampProjects\shequ\Application\People\Controller\ListController.class.php 第 15 行.
NOTIC: [8] Use of undefined constant community - assumed 'community' D:\phpProjects\wampProjects\shequ\Application\People\Controller\ListController.class.php 第 15 行.
NOTIC: [8] Undefined index: admin D:\phpProjects\wampProjects\shequ\Application\People\Controller\ListController.class.php 第 15 行.
SQL: SHOW COLUMNS FROM `people` [ RunTime:0.0056s ]
SQL: SELECT COUNT(*) AS tp_count FROM `people` WHERE `isDel` = 0 AND `community` = null AND `roomType` = 1 LIMIT 1   [ RunTime:0.0010s ]
NOTIC: [8] Use of undefined constant admin - assumed 'admin' D:\phpProjects\wampProjects\shequ\Application\People\Controller\ListController.class.php 第 20 行.
NOTIC: [8] Use of undefined constant community - assumed 'community' D:\phpProjects\wampProjects\shequ\Application\People\Controller\ListController.class.php 第 20 行.
NOTIC: [8] Undefined index: admin D:\phpProjects\wampProjects\shequ\Application\People\Controller\ListController.class.php 第 20 行.
SQL: SELECT COUNT(*) AS tp_count FROM `people` WHERE `isDel` = 0 AND `community` = null AND `roomType` = 2 LIMIT 1   [ RunTime:0.0002s ]
NOTIC: [8] Use of undefined constant admin - assumed 'admin' D:\phpProjects\wampProjects\shequ\Application\People\Controller\ListController.class.php 第 25 行.
NOTIC: [8] Use of undefined constant community - assumed 'community' D:\phpProjects\wampProjects\shequ\Application\People\Controller\ListController.class.php 第 25 行.
NOTIC: [8] Undefined index: admin D:\phpProjects\wampProjects\shequ\Application\People\Controller\ListController.class.php 第 25 行.
SQL: SHOW COLUMNS FROM `zanzhu` [ RunTime:0.0044s ]
SQL: SELECT COUNT(*) AS tp_count FROM `zanzhu` WHERE `isDel` = 0 AND `community` = null AND `roomType` = 3 LIMIT 1   [ RunTime:0.0003s ]
NOTIC: [8] Use of undefined constant admin - assumed 'admin' D:\phpProjects\wampProjects\shequ\Application\People\Controller\ListController.class.php 第 30 行.
NOTIC: [8] Use of undefined constant community - assumed 'community' D:\phpProjects\wampProjects\shequ\Application\People\Controller\ListController.class.php 第 30 行.
NOTIC: [8] Undefined index: admin D:\phpProjects\wampProjects\shequ\Application\People\Controller\ListController.class.php 第 30 行.
SQL: SHOW COLUMNS FROM `qiaolian` [ RunTime:0.0057s ]
SQL: SELECT COUNT(*) AS tp_count FROM `qiaolian` WHERE `isDel` = 0 AND `community` = null LIMIT 1   [ RunTime:0.0003s ]
NOTIC: [8] Use of undefined constant admin - assumed 'admin' D:\phpProjects\wampProjects\shequ\Application\People\Controller\ListController.class.php 第 34 行.
NOTIC: [8] Use of undefined constant community - assumed 'community' D:\phpProjects\wampProjects\shequ\Application\People\Controller\ListController.class.php 第 34 行.
NOTIC: [8] Undefined index: admin D:\phpProjects\wampProjects\shequ\Application\People\Controller\ListController.class.php 第 34 行.
SQL: SELECT COUNT(*) AS tp_count FROM `people` WHERE `isDel` = 1 AND `community` = null LIMIT 1   [ RunTime:0.0002s ]
SQL: SELECT COUNT(*) AS tp_count FROM `qiaolian` WHERE `isDel` = 1 AND `community` = null LIMIT 1   [ RunTime:0.0002s ]
SQL: SELECT COUNT(*) AS tp_count FROM `zanzhu` WHERE `isDel` = 1 AND `community` = null LIMIT 1   [ RunTime:0.0001s ]
SQL: SELECT * FROM `people` WHERE `isDel` = 0 AND `community` = null AND `roomType` = 1 LIMIT 0,9   [ RunTime:0.0009s ]
INFO: [ view_parse ] --START--
INFO: [ template_filter ] --START--
INFO: Run Behavior\ContentReplaceBehavior [ RunTime:0.000133s ]
INFO: [ template_filter ] --END-- [ RunTime:0.000213s ]
NOTIC: [8] Undefined index: admin D:\phpProjects\wampProjects\shequ\Application\Runtime\Cache\People\8b4978c8a8296bcf972e35564fcad173.php 第 47 行.
NOTIC: [8] Undefined variable: taskCount D:\phpProjects\wampProjects\shequ\Application\Runtime\Cache\People\8b4978c8a8296bcf972e35564fcad173.php 第 49 行.
NOTIC: [8] Undefined index: admin D:\phpProjects\wampProjects\shequ\Application\Runtime\Cache\People\8b4978c8a8296bcf972e35564fcad173.php 第 51 行.
NOTIC: [8] Undefined variable: peopleCount D:\phpProjects\wampProjects\shequ\Application\Runtime\Cache\People\8b4978c8a8296bcf972e35564fcad173.php 第 72 行.
INFO: Run Behavior\ParseTemplateBehavior [ RunTime:0.009450s ]
INFO: [ view_parse ] --END-- [ RunTime:0.009529s ]
INFO: [ view_filter ] --START--
INFO: Run Behavior\WriteHtmlCacheBehavior [ RunTime:0.000413s ]
INFO: [ view_filter ] --END-- [ RunTime:0.000483s ]
INFO: [ app_end ] --START--
INFO: Run Behavior\ShowPageTraceBehavior [ RunTime:0.000610s ]
INFO: [ app_end ] --END-- [ RunTime:0.000726s ]

[ 2019-02-03T22:09:06+08:00 ] 127.0.0.1 /index.php?m=people&c=add&a=index
INFO: [ app_init ] --START--
INFO: Run Behavior\BuildLiteBehavior [ RunTime:0.000020s ]
INFO: [ app_init ] --END-- [ RunTime:0.000443s ]
INFO: [ app_begin ] --START--
INFO: Run Behavior\ReadHtmlCacheBehavior [ RunTime:0.001133s ]
INFO: [ app_begin ] --END-- [ RunTime:0.001410s ]
SQL: SHOW COLUMNS FROM `community` [ RunTime:0.0042s ]
SQL: SELECT * FROM `community`  [ RunTime:0.0003s ]
NOTIC: [8] Undefined index: id D:\phpProjects\wampProjects\shequ\Application\People\Controller\AddController.class.php 第 12 行.
SQL: SHOW COLUMNS FROM `people` [ RunTime:0.0067s ]
SQL: SELECT `ownerName` FROM `people` WHERE `id` = null LIMIT 1   [ RunTime:0.0003s ]
INFO: [ view_parse ] --START--
INFO: [ template_filter ] --START--
INFO: Run Behavior\ContentReplaceBehavior [ RunTime:0.000327s ]
INFO: [ template_filter ] --END-- [ RunTime:0.000802s ]
NOTIC: [8] Use of undefined constant id - assumed 'id' D:\phpProjects\wampProjects\shequ\Application\Runtime\Cache\People\6f7ba2d04e96e90b6d77438934b96068.php 第 38 行.
NOTIC: [8] Use of undefined constant id - assumed 'id' D:\phpProjects\wampProjects\shequ\Application\Runtime\Cache\People\6f7ba2d04e96e90b6d77438934b96068.php 第 38 行.
INFO: Run Behavior\ParseTemplateBehavior [ RunTime:0.015026s ]
INFO: [ view_parse ] --END-- [ RunTime:0.015106s ]
INFO: [ view_filter ] --START--
INFO: Run Behavior\WriteHtmlCacheBehavior [ RunTime:0.000372s ]
INFO: [ view_filter ] --END-- [ RunTime:0.000439s ]
INFO: [ app_end ] --START--
INFO: Run Behavior\ShowPageTraceBehavior [ RunTime:0.000521s ]
INFO: [ app_end ] --END-- [ RunTime:0.000600s ]

[ 2019-02-03T22:09:10+08:00 ] 127.0.0.1 /index.php?m=people&c=add&a=img
INFO: [ app_init ] --START--
INFO: Run Behavior\BuildLiteBehavior [ RunTime:0.000019s ]
INFO: [ app_init ] --END-- [ RunTime:0.000740s ]
INFO: [ app_begin ] --START--
INFO: Run Behavior\ReadHtmlCacheBehavior [ RunTime:0.000333s ]
INFO: [ app_begin ] --END-- [ RunTime:0.000399s ]
NOTIC: [2] call_user_func() expects parameter 1 to be a valid callback, no array or string given D:\phpProjects\wampProjects\shequ\ThinkPHP\Library\Think\Upload.class.php 第 170 行.
NOTIC: [8] Use of undefined constant community - assumed 'community' D:\phpProjects\wampProjects\shequ\Application\People\Controller\AddController.class.php 第 112 行.
SQL: SHOW COLUMNS FROM `image` [ RunTime:0.0034s ]
SQL: INSERT INTO `image` (`url`,`imgName`,`community`) VALUES ('/img/1.jpg','1.jpg','2') [ RunTime:0.0023s ]

[ 2019-02-03T22:09:13+08:00 ] 127.0.0.1 /index.php?m=people&c=add&a=img
INFO: [ app_init ] --START--
INFO: Run Behavior\BuildLiteBehavior [ RunTime:0.000024s ]
INFO: [ app_init ] --END-- [ RunTime:0.000660s ]
INFO: [ app_begin ] --START--
INFO: Run Behavior\ReadHtmlCacheBehavior [ RunTime:0.001430s ]
INFO: [ app_begin ] --END-- [ RunTime:0.001501s ]
NOTIC: [2] call_user_func() expects parameter 1 to be a valid callback, no array or string given D:\phpProjects\wampProjects\shequ\ThinkPHP\Library\Think\Upload.class.php 第 170 行.
NOTIC: [8] Use of undefined constant community - assumed 'community' D:\phpProjects\wampProjects\shequ\Application\People\Controller\AddController.class.php 第 112 行.
SQL: SHOW COLUMNS FROM `image` [ RunTime:0.0042s ]
SQL: INSERT INTO `image` (`url`,`imgName`,`community`) VALUES ('/img/1.png','1.png','2') [ RunTime:0.0021s ]

[ 2019-02-03T22:10:46+08:00 ] 127.0.0.1 /index.php?m=people&c=add&a=img
INFO: [ app_init ] --START--
INFO: Run Behavior\BuildLiteBehavior [ RunTime:0.000019s ]
INFO: [ app_init ] --END-- [ RunTime:0.000402s ]
INFO: [ app_begin ] --START--
INFO: Run Behavior\ReadHtmlCacheBehavior [ RunTime:0.001841s ]
INFO: [ app_begin ] --END-- [ RunTime:0.002168s ]
NOTIC: [2] call_user_func() expects parameter 1 to be a valid callback, no array or string given D:\phpProjects\wampProjects\shequ\ThinkPHP\Library\Think\Upload.class.php 第 170 行.
NOTIC: [8] Use of undefined constant community - assumed 'community' D:\phpProjects\wampProjects\shequ\Application\People\Controller\AddController.class.php 第 112 行.
SQL: SHOW COLUMNS FROM `image` [ RunTime:0.0043s ]
SQL: INSERT INTO `image` (`url`,`imgName`,`community`) VALUES ('/img/timg (1).jpg','timg (1).jpg','2') [ RunTime:0.0019s ]

[ 2019-02-03T22:10:48+08:00 ] 127.0.0.1 /index.php?m=people&c=add&a=img
INFO: [ app_init ] --START--
INFO: Run Behavior\BuildLiteBehavior [ RunTime:0.000016s ]
INFO: [ app_init ] --END-- [ RunTime:0.000375s ]
INFO: [ app_begin ] --START--
INFO: Run Behavior\ReadHtmlCacheBehavior [ RunTime:0.000561s ]
INFO: [ app_begin ] --END-- [ RunTime:0.000627s ]
NOTIC: [2] call_user_func() expects parameter 1 to be a valid callback, no array or string given D:\phpProjects\wampProjects\shequ\ThinkPHP\Library\Think\Upload.class.php 第 170 行.
NOTIC: [8] Use of undefined constant community - assumed 'community' D:\phpProjects\wampProjects\shequ\Application\People\Controller\AddController.class.php 第 112 行.
SQL: SHOW COLUMNS FROM `image` [ RunTime:0.0068s ]
SQL: INSERT INTO `image` (`url`,`imgName`,`community`) VALUES ('/img/timg (2).jpg','timg (2).jpg','2') [ RunTime:0.0015s ]

[ 2019-02-03T22:10:50+08:00 ] 127.0.0.1 /index.php?m=people&c=add&a=img
INFO: [ app_init ] --START--
INFO: Run Behavior\BuildLiteBehavior [ RunTime:0.000017s ]
INFO: [ app_init ] --END-- [ RunTime:0.000382s ]
INFO: [ app_begin ] --START--
INFO: Run Behavior\ReadHtmlCacheBehavior [ RunTime:0.000562s ]
INFO: [ app_begin ] --END-- [ RunTime:0.000625s ]
NOTIC: [2] call_user_func() expects parameter 1 to be a valid callback, no array or string given D:\phpProjects\wampProjects\shequ\ThinkPHP\Library\Think\Upload.class.php 第 170 行.
NOTIC: [8] Use of undefined constant community - assumed 'community' D:\phpProjects\wampProjects\shequ\Application\People\Controller\AddController.class.php 第 112 行.
SQL: SHOW COLUMNS FROM `image` [ RunTime:0.0065s ]
SQL: INSERT INTO `image` (`url`,`imgName`,`community`) VALUES ('/img/timg (3).jpg','timg (3).jpg','2') [ RunTime:0.0021s ]

[ 2019-02-03T22:10:52+08:00 ] 127.0.0.1 /index.php?m=people&c=add&a=img
INFO: [ app_init ] --START--
INFO: Run Behavior\BuildLiteBehavior [ RunTime:0.000024s ]
INFO: [ app_init ] --END-- [ RunTime:0.001405s ]
INFO: [ app_begin ] --START--
INFO: Run Behavior\ReadHtmlCacheBehavior [ RunTime:0.000575s ]
INFO: [ app_begin ] --END-- [ RunTime:0.000640s ]
NOTIC: [2] call_user_func() expects parameter 1 to be a valid callback, no array or string given D:\phpProjects\wampProjects\shequ\ThinkPHP\Library\Think\Upload.class.php 第 170 行.
NOTIC: [8] Use of undefined constant community - assumed 'community' D:\phpProjects\wampProjects\shequ\Application\People\Controller\AddController.class.php 第 112 行.
SQL: SHOW COLUMNS FROM `image` [ RunTime:0.0035s ]
SQL: INSERT INTO `image` (`url`,`imgName`,`community`) VALUES ('/img/timg (4).jpg','timg (4).jpg','2') [ RunTime:0.0017s ]

[ 2019-02-03T22:10:55+08:00 ] 127.0.0.1 /index.php?m=people&c=add&a=img
INFO: [ app_init ] --START--
INFO: Run Behavior\BuildLiteBehavior [ RunTime:0.000016s ]
INFO: [ app_init ] --END-- [ RunTime:0.000376s ]
INFO: [ app_begin ] --START--
INFO: Run Behavior\ReadHtmlCacheBehavior [ RunTime:0.000561s ]
INFO: [ app_begin ] --END-- [ RunTime:0.000625s ]
NOTIC: [2] call_user_func() expects parameter 1 to be a valid callback, no array or string given D:\phpProjects\wampProjects\shequ\ThinkPHP\Library\Think\Upload.class.php 第 170 行.
NOTIC: [8] Use of undefined constant community - assumed 'community' D:\phpProjects\wampProjects\shequ\Application\People\Controller\AddController.class.php 第 112 行.
SQL: SHOW COLUMNS FROM `image` [ RunTime:0.0051s ]
SQL: INSERT INTO `image` (`url`,`imgName`,`community`) VALUES ('/img/timg (5).jpg','timg (5).jpg','2') [ RunTime:0.0017s ]

[ 2019-02-03T22:10:59+08:00 ] 127.0.0.1 /index.php?m=people&c=add&a=img
INFO: [ app_init ] --START--
INFO: Run Behavior\BuildLiteBehavior [ RunTime:0.000017s ]
INFO: [ app_init ] --END-- [ RunTime:0.000406s ]
INFO: [ app_begin ] --START--
INFO: Run Behavior\ReadHtmlCacheBehavior [ RunTime:0.001049s ]
INFO: [ app_begin ] --END-- [ RunTime:0.001140s ]
NOTIC: [2] call_user_func() expects parameter 1 to be a valid callback, no array or string given D:\phpProjects\wampProjects\shequ\ThinkPHP\Library\Think\Upload.class.php 第 170 行.
NOTIC: [8] Use of undefined constant community - assumed 'community' D:\phpProjects\wampProjects\shequ\Application\People\Controller\AddController.class.php 第 112 行.
SQL: SHOW COLUMNS FROM `image` [ RunTime:0.0144s ]
SQL: INSERT INTO `image` (`url`,`imgName`,`community`) VALUES ('/img/timg (6).jpg','timg (6).jpg','2') [ RunTime:0.0018s ]

[ 2019-02-03T22:11:02+08:00 ] 127.0.0.1 /index.php?m=people&c=add&a=img
INFO: [ app_init ] --START--
INFO: Run Behavior\BuildLiteBehavior [ RunTime:0.000017s ]
INFO: [ app_init ] --END-- [ RunTime:0.000385s ]
INFO: [ app_begin ] --START--
INFO: Run Behavior\ReadHtmlCacheBehavior [ RunTime:0.000567s ]
INFO: [ app_begin ] --END-- [ RunTime:0.000630s ]
NOTIC: [2] call_user_func() expects parameter 1 to be a valid callback, no array or string given D:\phpProjects\wampProjects\shequ\ThinkPHP\Library\Think\Upload.class.php 第 170 行.
NOTIC: [8] Use of undefined constant community - assumed 'community' D:\phpProjects\wampProjects\shequ\Application\People\Controller\AddController.class.php 第 112 行.
SQL: SHOW COLUMNS FROM `image` [ RunTime:0.0110s ]
SQL: INSERT INTO `image` (`url`,`imgName`,`community`) VALUES ('/img/timg.jpg','timg.jpg','2') [ RunTime:0.0018s ]

[ 2019-02-03T22:16:43+08:00 ] 127.0.0.1 /index.php?m=people&c=add&a=img
INFO: [ app_init ] --START--
INFO: Run Behavior\BuildLiteBehavior [ RunTime:0.000017s ]
INFO: [ app_init ] --END-- [ RunTime:0.000407s ]
INFO: [ app_begin ] --START--
INFO: Run Behavior\ReadHtmlCacheBehavior [ RunTime:0.000462s ]
INFO: [ app_begin ] --END-- [ RunTime:0.000538s ]
NOTIC: [2] call_user_func() expects parameter 1 to be a valid callback, no array or string given D:\phpProjects\wampProjects\shequ\ThinkPHP\Library\Think\Upload.class.php 第 170 行.
NOTIC: [8] Use of undefined constant community - assumed 'community' D:\phpProjects\wampProjects\shequ\Application\People\Controller\AddController.class.php 第 112 行.
SQL: SHOW COLUMNS FROM `image` [ RunTime:0.0043s ]
SQL: INSERT INTO `image` (`url`,`imgName`,`community`) VALUES ('/img/timg (7).jpg','timg (7).jpg','2') [ RunTime:0.0022s ]

[ 2019-02-03T22:16:46+08:00 ] 127.0.0.1 /index.php?m=people&c=add&a=img
INFO: [ app_init ] --START--
INFO: Run Behavior\BuildLiteBehavior [ RunTime:0.000016s ]
INFO: [ app_init ] --END-- [ RunTime:0.000379s ]
INFO: [ app_begin ] --START--
INFO: Run Behavior\ReadHtmlCacheBehavior [ RunTime:0.000449s ]
INFO: [ app_begin ] --END-- [ RunTime:0.000512s ]
NOTIC: [2] call_user_func() expects parameter 1 to be a valid callback, no array or string given D:\phpProjects\wampProjects\shequ\ThinkPHP\Library\Think\Upload.class.php 第 170 行.
NOTIC: [8] Use of undefined constant community - assumed 'community' D:\phpProjects\wampProjects\shequ\Application\People\Controller\AddController.class.php 第 112 行.
SQL: SHOW COLUMNS FROM `image` [ RunTime:0.0036s ]
SQL: INSERT INTO `image` (`url`,`imgName`,`community`) VALUES ('/img/timg (8).jpg','timg (8).jpg','2') [ RunTime:0.0018s ]

[ 2019-02-03T22:16:49+08:00 ] 127.0.0.1 /index.php?m=people&c=add&a=img
INFO: [ app_init ] --START--
INFO: Run Behavior\BuildLiteBehavior [ RunTime:0.000016s ]
INFO: [ app_init ] --END-- [ RunTime:0.000388s ]
INFO: [ app_begin ] --START--
INFO: Run Behavior\ReadHtmlCacheBehavior [ RunTime:0.000449s ]
INFO: [ app_begin ] --END-- [ RunTime:0.000519s ]
NOTIC: [2] call_user_func() expects parameter 1 to be a valid callback, no array or string given D:\phpProjects\wampProjects\shequ\ThinkPHP\Library\Think\Upload.class.php 第 170 行.
NOTIC: [8] Use of undefined constant community - assumed 'community' D:\phpProjects\wampProjects\shequ\Application\People\Controller\AddController.class.php 第 112 行.
SQL: SHOW COLUMNS FROM `image` [ RunTime:0.0038s ]
SQL: INSERT INTO `image` (`url`,`imgName`,`community`) VALUES ('/img/timg (9).jpg','timg (9).jpg','2') [ RunTime:0.0024s ]

[ 2019-02-03T22:16:52+08:00 ] 127.0.0.1 /index.php?m=people&c=add&a=img
INFO: [ app_init ] --START--
INFO: Run Behavior\BuildLiteBehavior [ RunTime:0.000017s ]
INFO: [ app_init ] --END-- [ RunTime:0.000382s ]
INFO: [ app_begin ] --START--
INFO: Run Behavior\ReadHtmlCacheBehavior [ RunTime:0.000444s ]
INFO: [ app_begin ] --END-- [ RunTime:0.000508s ]
NOTIC: [2] call_user_func() expects parameter 1 to be a valid callback, no array or string given D:\phpProjects\wampProjects\shequ\ThinkPHP\Library\Think\Upload.class.php 第 170 行.
NOTIC: [8] Use of undefined constant community - assumed 'community' D:\phpProjects\wampProjects\shequ\Application\People\Controller\AddController.class.php 第 112 行.
SQL: SHOW COLUMNS FROM `image` [ RunTime:0.0036s ]
SQL: INSERT INTO `image` (`url`,`imgName`,`community`) VALUES ('/img/timg (10).jpg','timg (10).jpg','2') [ RunTime:0.0015s ]

[ 2019-02-03T22:16:57+08:00 ] 127.0.0.1 /index.php?m=people&c=add&a=img
INFO: [ app_init ] --START--
INFO: Run Behavior\BuildLiteBehavior [ RunTime:0.000016s ]
INFO: [ app_init ] --END-- [ RunTime:0.000378s ]
INFO: [ app_begin ] --START--
INFO: Run Behavior\ReadHtmlCacheBehavior [ RunTime:0.000449s ]
INFO: [ app_begin ] --END-- [ RunTime:0.000516s ]
NOTIC: [2] call_user_func() expects parameter 1 to be a valid callback, no array or string given D:\phpProjects\wampProjects\shequ\ThinkPHP\Library\Think\Upload.class.php 第 170 行.
NOTIC: [8] Use of undefined constant community - assumed 'community' D:\phpProjects\wampProjects\shequ\Application\People\Controller\AddController.class.php 第 112 行.
SQL: SHOW COLUMNS FROM `image` [ RunTime:0.0035s ]
SQL: INSERT INTO `image` (`url`,`imgName`,`community`) VALUES ('/img/timg (11).jpg','timg (11).jpg','2') [ RunTime:0.0015s ]

[ 2019-02-03T22:17:00+08:00 ] 127.0.0.1 /index.php?m=people&c=add&a=img
INFO: [ app_init ] --START--
INFO: Run Behavior\BuildLiteBehavior [ RunTime:0.000021s ]
INFO: [ app_init ] --END-- [ RunTime:0.000461s ]
INFO: [ app_begin ] --START--
INFO: Run Behavior\ReadHtmlCacheBehavior [ RunTime:0.001103s ]
INFO: [ app_begin ] --END-- [ RunTime:0.001229s ]
NOTIC: [2] call_user_func() expects parameter 1 to be a valid callback, no array or string given D:\phpProjects\wampProjects\shequ\ThinkPHP\Library\Think\Upload.class.php 第 170 行.
NOTIC: [8] Use of undefined constant community - assumed 'community' D:\phpProjects\wampProjects\shequ\Application\People\Controller\AddController.class.php 第 112 行.
SQL: SHOW COLUMNS FROM `image` [ RunTime:0.0035s ]
SQL: INSERT INTO `image` (`url`,`imgName`,`community`) VALUES ('/img/timg (12).jpg','timg (12).jpg','2') [ RunTime:0.0028s ]

[ 2019-02-03T22:21:37+08:00 ] 127.0.0.1 /index.php?m=people&c=list&a=index
INFO: [ app_init ] --START--
INFO: Run Behavior\BuildLiteBehavior [ RunTime:0.000018s ]
INFO: [ app_init ] --END-- [ RunTime:0.000318s ]
INFO: [ app_begin ] --START--
INFO: Run Behavior\ReadHtmlCacheBehavior [ RunTime:0.000827s ]
INFO: [ app_begin ] --END-- [ RunTime:0.001057s ]
NOTIC: [8] Undefined index: p D:\phpProjects\wampProjects\shequ\Application\People\Controller\ListController.class.php 第 9 行.
NOTIC: [8] Undefined index: pageSize D:\phpProjects\wampProjects\shequ\Application\People\Controller\ListController.class.php 第 10 行.
NOTIC: [8] Use of undefined constant admin - assumed 'admin' D:\phpProjects\wampProjects\shequ\Application\People\Controller\ListController.class.php 第 15 行.
NOTIC: [8] Use of undefined constant community - assumed 'community' D:\phpProjects\wampProjects\shequ\Application\People\Controller\ListController.class.php 第 15 行.
SQL: SHOW COLUMNS FROM `people` [ RunTime:0.0042s ]
SQL: SELECT COUNT(*) AS tp_count FROM `people` WHERE `isDel` = 0 AND `community` = 2 AND `roomType` = 1 LIMIT 1   [ RunTime:0.0002s ]
NOTIC: [8] Use of undefined constant admin - assumed 'admin' D:\phpProjects\wampProjects\shequ\Application\People\Controller\ListController.class.php 第 20 行.
NOTIC: [8] Use of undefined constant community - assumed 'community' D:\phpProjects\wampProjects\shequ\Application\People\Controller\ListController.class.php 第 20 行.
SQL: SELECT COUNT(*) AS tp_count FROM `people` WHERE `isDel` = 0 AND `community` = 2 AND `roomType` = 2 LIMIT 1   [ RunTime:0.0001s ]
NOTIC: [8] Use of undefined constant admin - assumed 'admin' D:\phpProjects\wampProjects\shequ\Application\People\Controller\ListController.class.php 第 25 行.
NOTIC: [8] Use of undefined constant community - assumed 'community' D:\phpProjects\wampProjects\shequ\Application\People\Controller\ListController.class.php 第 25 行.
SQL: SHOW COLUMNS FROM `zanzhu` [ RunTime:0.0068s ]
SQL: SELECT COUNT(*) AS tp_count FROM `zanzhu` WHERE `isDel` = 0 AND `community` = 2 AND `roomType` = 3 LIMIT 1   [ RunTime:0.0002s ]
NOTIC: [8] Use of undefined constant admin - assumed 'admin' D:\phpProjects\wampProjects\shequ\Application\People\Controller\ListController.class.php 第 30 行.
NOTIC: [8] Use of undefined constant community - assumed 'community' D:\phpProjects\wampProjects\shequ\Application\People\Controller\ListController.class.php 第 30 行.
SQL: SHOW COLUMNS FROM `qiaolian` [ RunTime:0.0036s ]
SQL: SELECT COUNT(*) AS tp_count FROM `qiaolian` WHERE `isDel` = 0 AND `community` = 2 LIMIT 1   [ RunTime:0.0002s ]
NOTIC: [8] Use of undefined constant admin - assumed 'admin' D:\phpProjects\wampProjects\shequ\Application\People\Controller\ListController.class.php 第 34 行.
NOTIC: [8] Use of undefined constant community - assumed 'community' D:\phpProjects\wampProjects\shequ\Application\People\Controller\ListController.class.php 第 34 行.
SQL: SELECT COUNT(*) AS tp_count FROM `people` WHERE `isDel` = 1 AND `community` = 2 LIMIT 1   [ RunTime:0.0002s ]
SQL: SELECT COUNT(*) AS tp_count FROM `qiaolian` WHERE `isDel` = 1 AND `community` = 2 LIMIT 1   [ RunTime:0.0001s ]
SQL: SELECT COUNT(*) AS tp_count FROM `zanzhu` WHERE `isDel` = 1 AND `community` = 2 LIMIT 1   [ RunTime:0.0002s ]
SQL: SELECT * FROM `people` WHERE `isDel` = 0 AND `community` = 2 AND `roomType` = 1 LIMIT 0,9   [ RunTime:0.0004s ]
INFO: [ view_parse ] --START--
INFO: [ template_filter ] --START--
INFO: Run Behavior\ContentReplaceBehavior [ RunTime:0.000072s ]
INFO: [ template_filter ] --END-- [ RunTime:0.000145s ]
NOTIC: [8] Undefined variable: taskCount D:\phpProjects\wampProjects\shequ\Application\Runtime\Cache\People\8b4978c8a8296bcf972e35564fcad173.php 第 49 行.
NOTIC: [8] Undefined variable: peopleCount D:\phpProjects\wampProjects\shequ\Application\Runtime\Cache\People\8b4978c8a8296bcf972e35564fcad173.php 第 72 行.
INFO: Run Behavior\ParseTemplateBehavior [ RunTime:0.010665s ]
INFO: [ view_parse ] --END-- [ RunTime:0.010745s ]
INFO: [ view_filter ] --START--
INFO: Run Behavior\WriteHtmlCacheBehavior [ RunTime:0.000413s ]
INFO: [ view_filter ] --END-- [ RunTime:0.000481s ]
INFO: [ app_end ] --START--
INFO: Run Behavior\ShowPageTraceBehavior [ RunTime:0.000939s ]
INFO: [ app_end ] --END-- [ RunTime:0.001127s ]

[ 2019-02-03T22:21:42+08:00 ] 127.0.0.1 /index.php?m=people&c=list&a=huji
INFO: [ app_init ] --START--
INFO: Run Behavior\BuildLiteBehavior [ RunTime:0.000015s ]
INFO: [ app_init ] --END-- [ RunTime:0.000343s ]
INFO: [ app_begin ] --START--
INFO: Run Behavior\ReadHtmlCacheBehavior [ RunTime:0.000840s ]
INFO: [ app_begin ] --END-- [ RunTime:0.000965s ]
NOTIC: [8] Undefined index: p D:\phpProjects\wampProjects\shequ\Application\People\Controller\ListController.class.php 第 58 行.
NOTIC: [8] Undefined index: pageSize D:\phpProjects\wampProjects\shequ\Application\People\Controller\ListController.class.php 第 59 行.
NOTIC: [8] Use of undefined constant admin - assumed 'admin' D:\phpProjects\wampProjects\shequ\Application\People\Controller\ListController.class.php 第 63 行.
NOTIC: [8] Use of undefined constant community - assumed 'community' D:\phpProjects\wampProjects\shequ\Application\People\Controller\ListController.class.php 第 63 行.
SQL: SHOW COLUMNS FROM `people` [ RunTime:0.0041s ]
SQL: SELECT COUNT(*) AS tp_count FROM `people` WHERE `isDel` = 0 AND `community` = 2 AND `roomType` = 1 LIMIT 1   [ RunTime:0.0002s ]
NOTIC: [8] Use of undefined constant admin - assumed 'admin' D:\phpProjects\wampProjects\shequ\Application\People\Controller\ListController.class.php 第 68 行.
NOTIC: [8] Use of undefined constant community - assumed 'community' D:\phpProjects\wampProjects\shequ\Application\People\Controller\ListController.class.php 第 68 行.
SQL: SELECT COUNT(*) AS tp_count FROM `people` WHERE `isDel` = 0 AND `community` = 2 AND `roomType` = 2 LIMIT 1   [ RunTime:0.0002s ]
NOTIC: [8] Use of undefined constant admin - assumed 'admin' D:\phpProjects\wampProjects\shequ\Application\People\Controller\ListController.class.php 第 73 行.
NOTIC: [8] Use of undefined constant community - assumed 'community' D:\phpProjects\wampProjects\shequ\Application\People\Controller\ListController.class.php 第 73 行.
SQL: SHOW COLUMNS FROM `zanzhu` [ RunTime:0.0036s ]
SQL: SELECT COUNT(*) AS tp_count FROM `zanzhu` WHERE `isDel` = 0 AND `community` = 2 AND `roomType` = 3 LIMIT 1   [ RunTime:0.0002s ]
NOTIC: [8] Use of undefined constant admin - assumed 'admin' D:\phpProjects\wampProjects\shequ\Application\People\Controller\ListController.class.php 第 78 行.
NOTIC: [8] Use of undefined constant community - assumed 'community' D:\phpProjects\wampProjects\shequ\Application\People\Controller\ListController.class.php 第 78 行.
SQL: SHOW COLUMNS FROM `qiaolian` [ RunTime:0.0031s ]
SQL: SELECT COUNT(*) AS tp_count FROM `qiaolian` WHERE `isDel` = 0 AND `community` = 2 LIMIT 1   [ RunTime:0.0002s ]
NOTIC: [8] Use of undefined constant admin - assumed 'admin' D:\phpProjects\wampProjects\shequ\Application\People\Controller\ListController.class.php 第 82 行.
NOTIC: [8] Use of undefined constant community - assumed 'community' D:\phpProjects\wampProjects\shequ\Application\People\Controller\ListController.class.php 第 82 行.
SQL: SELECT COUNT(*) AS tp_count FROM `people` WHERE `isDel` = 1 AND `community` = 2 LIMIT 1   [ RunTime:0.0002s ]
SQL: SELECT COUNT(*) AS tp_count FROM `qiaolian` WHERE `isDel` = 1 AND `community` = 2 LIMIT 1   [ RunTime:0.0003s ]
SQL: SELECT COUNT(*) AS tp_count FROM `zanzhu` WHERE `isDel` = 1 AND `community` = 2 LIMIT 1   [ RunTime:0.0005s ]
SQL: SELECT * FROM `people` WHERE `isDel` = 0 AND `community` = 2 AND `roomType` = 2 LIMIT 0,9   [ RunTime:0.0003s ]
INFO: [ view_parse ] --START--
INFO: [ template_filter ] --START--
INFO: Run Behavior\ContentReplaceBehavior [ RunTime:0.000098s ]
INFO: [ template_filter ] --END-- [ RunTime:0.000174s ]
NOTIC: [8] Undefined variable: taskCount D:\phpProjects\wampProjects\shequ\Application\Runtime\Cache\People\78c78e3c8062214227686b5ff8f2fa87.php 第 49 行.
NOTIC: [8] Undefined variable: peopleCount D:\phpProjects\wampProjects\shequ\Application\Runtime\Cache\People\78c78e3c8062214227686b5ff8f2fa87.php 第 72 行.
INFO: Run Behavior\ParseTemplateBehavior [ RunTime:0.047347s ]
INFO: [ view_parse ] --END-- [ RunTime:0.047423s ]
INFO: [ view_filter ] --START--
INFO: Run Behavior\WriteHtmlCacheBehavior [ RunTime:0.000407s ]
INFO: [ view_filter ] --END-- [ RunTime:0.000475s ]
INFO: [ app_end ] --START--
INFO: Run Behavior\ShowPageTraceBehavior [ RunTime:0.000537s ]
INFO: [ app_end ] --END-- [ RunTime:0.000612s ]

[ 2019-02-03T22:21:46+08:00 ] 127.0.0.1 /index.php?m=people&c=list&a=qianchu
INFO: [ app_init ] --START--
INFO: Run Behavior\BuildLiteBehavior [ RunTime:0.000016s ]
INFO: [ app_init ] --END-- [ RunTime:0.000302s ]
INFO: [ app_begin ] --START--
INFO: Run Behavior\ReadHtmlCacheBehavior [ RunTime:0.000321s ]
INFO: [ app_begin ] --END-- [ RunTime:0.000395s ]
NOTIC: [8] Undefined index: p D:\phpProjects\wampProjects\shequ\Application\People\Controller\ListController.class.php 第 222 行.
NOTIC: [8] Undefined index: pageSize D:\phpProjects\wampProjects\shequ\Application\People\Controller\ListController.class.php 第 223 行.
NOTIC: [8] Use of undefined constant admin - assumed 'admin' D:\phpProjects\wampProjects\shequ\Application\People\Controller\ListController.class.php 第 227 行.
NOTIC: [8] Use of undefined constant community - assumed 'community' D:\phpProjects\wampProjects\shequ\Application\People\Controller\ListController.class.php 第 227 行.
SQL: SHOW COLUMNS FROM `people` [ RunTime:0.0040s ]
SQL: SELECT COUNT(*) AS tp_count FROM `people` WHERE `isDel` = 0 AND `community` = 2 AND `roomType` = 1 LIMIT 1   [ RunTime:0.0002s ]
NOTIC: [8] Use of undefined constant admin - assumed 'admin' D:\phpProjects\wampProjects\shequ\Application\People\Controller\ListController.class.php 第 232 行.
NOTIC: [8] Use of undefined constant community - assumed 'community' D:\phpProjects\wampProjects\shequ\Application\People\Controller\ListController.class.php 第 232 行.
SQL: SELECT COUNT(*) AS tp_count FROM `people` WHERE `isDel` = 0 AND `community` = 2 AND `roomType` = 2 LIMIT 1   [ RunTime:0.0002s ]
NOTIC: [8] Use of undefined constant admin - assumed 'admin' D:\phpProjects\wampProjects\shequ\Application\People\Controller\ListController.class.php 第 237 行.
NOTIC: [8] Use of undefined constant community - assumed 'community' D:\phpProjects\wampProjects\shequ\Application\People\Controller\ListController.class.php 第 237 行.
SQL: SHOW COLUMNS FROM `zanzhu` [ RunTime:0.0034s ]
SQL: SELECT COUNT(*) AS tp_count FROM `zanzhu` WHERE `isDel` = 0 AND `community` = 2 AND `roomType` = 3 LIMIT 1   [ RunTime:0.0002s ]
NOTIC: [8] Use of undefined constant admin - assumed 'admin' D:\phpProjects\wampProjects\shequ\Application\People\Controller\ListController.class.php 第 242 行.
NOTIC: [8] Use of undefined constant community - assumed 'community' D:\phpProjects\wampProjects\shequ\Application\People\Controller\ListController.class.php 第 242 行.
SQL: SHOW COLUMNS FROM `qiaolian` [ RunTime:0.0033s ]
SQL: SELECT COUNT(*) AS tp_count FROM `qiaolian` WHERE `isDel` = 0 AND `community` = 2 LIMIT 1   [ RunTime:0.0002s ]
NOTIC: [8] Use of undefined constant admin - assumed 'admin' D:\phpProjects\wampProjects\shequ\Application\People\Controller\ListController.class.php 第 246 行.
NOTIC: [8] Use of undefined constant community - assumed 'community' D:\phpProjects\wampProjects\shequ\Application\People\Controller\ListController.class.php 第 246 行.
SQL: SELECT COUNT(*) AS tp_count FROM `people` WHERE `isDel` = 1 AND `community` = 2 LIMIT 1   [ RunTime:0.0001s ]
SQL: SELECT * FROM `people` WHERE `isDel` = 1 AND `community` = 2 LIMIT 0,9   [ RunTime:0.0002s ]
INFO: [ view_parse ] --START--
INFO: [ template_filter ] --START--
INFO: Run Behavior\ContentReplaceBehavior [ RunTime:0.000078s ]
INFO: [ template_filter ] --END-- [ RunTime:0.000159s ]
NOTIC: [8] Undefined variable: taskCount D:\phpProjects\wampProjects\shequ\Application\Runtime\Cache\People\6763c9c073db10d8c7d2799b5aaab452.php 第 47 行.
NOTIC: [8] Undefined variable: peopleCount D:\phpProjects\wampProjects\shequ\Application\Runtime\Cache\People\6763c9c073db10d8c7d2799b5aaab452.php 第 70 行.
INFO: Run Behavior\ParseTemplateBehavior [ RunTime:0.048070s ]
INFO: [ view_parse ] --END-- [ RunTime:0.048143s ]
INFO: [ view_filter ] --START--
INFO: Run Behavior\WriteHtmlCacheBehavior [ RunTime:0.000395s ]
INFO: [ view_filter ] --END-- [ RunTime:0.000462s ]
INFO: [ app_end ] --START--
INFO: Run Behavior\ShowPageTraceBehavior [ RunTime:0.000527s ]
INFO: [ app_end ] --END-- [ RunTime:0.000601s ]

[ 2019-02-03T22:21:47+08:00 ] 127.0.0.1 /index.php?m=people&c=list&a=qiaolian
INFO: [ app_init ] --START--
INFO: Run Behavior\BuildLiteBehavior [ RunTime:0.000017s ]
INFO: [ app_init ] --END-- [ RunTime:0.000302s ]
INFO: [ app_begin ] --START--
INFO: Run Behavior\ReadHtmlCacheBehavior [ RunTime:0.000321s ]
INFO: [ app_begin ] --END-- [ RunTime:0.000394s ]
NOTIC: [8] Undefined index: p D:\phpProjects\wampProjects\shequ\Application\People\Controller\ListController.class.php 第 175 行.
NOTIC: [8] Undefined index: pageSize D:\phpProjects\wampProjects\shequ\Application\People\Controller\ListController.class.php 第 176 行.
NOTIC: [8] Use of undefined constant admin - assumed 'admin' D:\phpProjects\wampProjects\shequ\Application\People\Controller\ListController.class.php 第 180 行.
NOTIC: [8] Use of undefined constant community - assumed 'community' D:\phpProjects\wampProjects\shequ\Application\People\Controller\ListController.class.php 第 180 行.
SQL: SHOW COLUMNS FROM `people` [ RunTime:0.0043s ]
SQL: SELECT COUNT(*) AS tp_count FROM `people` WHERE `isDel` = 0 AND `community` = 2 AND `roomType` = 1 LIMIT 1   [ RunTime:0.0003s ]
NOTIC: [8] Use of undefined constant admin - assumed 'admin' D:\phpProjects\wampProjects\shequ\Application\People\Controller\ListController.class.php 第 185 行.
NOTIC: [8] Use of undefined constant community - assumed 'community' D:\phpProjects\wampProjects\shequ\Application\People\Controller\ListController.class.php 第 185 行.
SQL: SELECT COUNT(*) AS tp_count FROM `people` WHERE `isDel` = 0 AND `community` = 2 AND `roomType` = 2 LIMIT 1   [ RunTime:0.0002s ]
NOTIC: [8] Use of undefined constant admin - assumed 'admin' D:\phpProjects\wampProjects\shequ\Application\People\Controller\ListController.class.php 第 190 行.
NOTIC: [8] Use of undefined constant community - assumed 'community' D:\phpProjects\wampProjects\shequ\Application\People\Controller\ListController.class.php 第 190 行.
SQL: SHOW COLUMNS FROM `zanzhu` [ RunTime:0.0041s ]
SQL: SELECT COUNT(*) AS tp_count FROM `zanzhu` WHERE `isDel` = 0 AND `community` = 2 AND `roomType` = 3 LIMIT 1   [ RunTime:0.0002s ]
NOTIC: [8] Use of undefined constant admin - assumed 'admin' D:\phpProjects\wampProjects\shequ\Application\People\Controller\ListController.class.php 第 195 行.
NOTIC: [8] Use of undefined constant community - assumed 'community' D:\phpProjects\wampProjects\shequ\Application\People\Controller\ListController.class.php 第 195 行.
SQL: SHOW COLUMNS FROM `qiaolian` [ RunTime:0.0034s ]
SQL: SELECT COUNT(*) AS tp_count FROM `qiaolian` WHERE `isDel` = 0 AND `community` = 2 LIMIT 1   [ RunTime:0.0002s ]
NOTIC: [8] Use of undefined constant admin - assumed 'admin' D:\phpProjects\wampProjects\shequ\Application\People\Controller\ListController.class.php 第 199 行.
NOTIC: [8] Use of undefined constant community - assumed 'community' D:\phpProjects\wampProjects\shequ\Application\People\Controller\ListController.class.php 第 199 行.
SQL: SELECT COUNT(*) AS tp_count FROM `people` WHERE `isDel` = 1 AND `community` = 2 LIMIT 1   [ RunTime:0.0002s ]
SQL: SELECT COUNT(*) AS tp_count FROM `qiaolian` WHERE `isDel` = 1 AND `community` = 2 LIMIT 1   [ RunTime:0.0002s ]
SQL: SELECT COUNT(*) AS tp_count FROM `zanzhu` WHERE `isDel` = 1 AND `community` = 2 LIMIT 1   [ RunTime:0.0001s ]
SQL: SELECT * FROM `qiaolian` WHERE `isDel` = 0 AND `community` = 2 LIMIT 0,9   [ RunTime:0.0002s ]
INFO: [ view_parse ] --START--
INFO: [ template_filter ] --START--
INFO: Run Behavior\ContentReplaceBehavior [ RunTime:0.000073s ]
INFO: [ template_filter ] --END-- [ RunTime:0.000147s ]
NOTIC: [8] Undefined variable: taskCount D:\phpProjects\wampProjects\shequ\Application\Runtime\Cache\People\ecdf3b0fd11386eedc00022c4ef7e48f.php 第 49 行.
NOTIC: [8] Undefined variable: peopleCount D:\phpProjects\wampProjects\shequ\Application\Runtime\Cache\People\ecdf3b0fd11386eedc00022c4ef7e48f.php 第 72 行.
INFO: Run Behavior\ParseTemplateBehavior [ RunTime:0.017010s ]
INFO: [ view_parse ] --END-- [ RunTime:0.017083s ]
INFO: [ view_filter ] --START--
INFO: Run Behavior\WriteHtmlCacheBehavior [ RunTime:0.000389s ]
INFO: [ view_filter ] --END-- [ RunTime:0.000456s ]
INFO: [ app_end ] --START--
INFO: Run Behavior\ShowPageTraceBehavior [ RunTime:0.001143s ]
INFO: [ app_end ] --END-- [ RunTime:0.001275s ]

[ 2019-02-03T22:21:49+08:00 ] 127.0.0.1 /index.php?m=people&c=list&a=zanzhu
INFO: [ app_init ] --START--
INFO: Run Behavior\BuildLiteBehavior [ RunTime:0.000016s ]
INFO: [ app_init ] --END-- [ RunTime:0.000292s ]
INFO: [ app_begin ] --START--
INFO: Run Behavior\ReadHtmlCacheBehavior [ RunTime:0.000315s ]
INFO: [ app_begin ] --END-- [ RunTime:0.000389s ]
NOTIC: [8] Undefined index: p D:\phpProjects\wampProjects\shequ\Application\People\Controller\ListController.class.php 第 105 行.
NOTIC: [8] Undefined index: pageSize D:\phpProjects\wampProjects\shequ\Application\People\Controller\ListController.class.php 第 106 行.
NOTIC: [8] Use of undefined constant admin - assumed 'admin' D:\phpProjects\wampProjects\shequ\Application\People\Controller\ListController.class.php 第 110 行.
NOTIC: [8] Use of undefined constant community - assumed 'community' D:\phpProjects\wampProjects\shequ\Application\People\Controller\ListController.class.php 第 110 行.
SQL: SHOW COLUMNS FROM `people` [ RunTime:0.0048s ]
SQL: SELECT COUNT(*) AS tp_count FROM `people` WHERE `isDel` = 0 AND `community` = 2 AND `roomType` = 1 LIMIT 1   [ RunTime:0.0002s ]
NOTIC: [8] Use of undefined constant admin - assumed 'admin' D:\phpProjects\wampProjects\shequ\Application\People\Controller\ListController.class.php 第 115 行.
NOTIC: [8] Use of undefined constant community - assumed 'community' D:\phpProjects\wampProjects\shequ\Application\People\Controller\ListController.class.php 第 115 行.
SQL: SELECT COUNT(*) AS tp_count FROM `people` WHERE `isDel` = 0 AND `community` = 2 AND `roomType` = 2 LIMIT 1   [ RunTime:0.0002s ]
NOTIC: [8] Use of undefined constant admin - assumed 'admin' D:\phpProjects\wampProjects\shequ\Application\People\Controller\ListController.class.php 第 120 行.
NOTIC: [8] Use of undefined constant community - assumed 'community' D:\phpProjects\wampProjects\shequ\Application\People\Controller\ListController.class.php 第 120 行.
SQL: SHOW COLUMNS FROM `zanzhu` [ RunTime:0.0035s ]
SQL: SELECT COUNT(*) AS tp_count FROM `zanzhu` WHERE `isDel` = 0 AND `community` = 2 AND `roomType` = 3 LIMIT 1   [ RunTime:0.0002s ]
NOTIC: [8] Use of undefined constant admin - assumed 'admin' D:\phpProjects\wampProjects\shequ\Application\People\Controller\ListController.class.php 第 125 行.
NOTIC: [8] Use of undefined constant community - assumed 'community' D:\phpProjects\wampProjects\shequ\Application\People\Controller\ListController.class.php 第 125 行.
SQL: SHOW COLUMNS FROM `qiaolian` [ RunTime:0.0034s ]
SQL: SELECT COUNT(*) AS tp_count FROM `qiaolian` WHERE `isDel` = 0 AND `community` = 2 LIMIT 1   [ RunTime:0.0002s ]
NOTIC: [8] Use of undefined constant admin - assumed 'admin' D:\phpProjects\wampProjects\shequ\Application\People\Controller\ListController.class.php 第 129 行.
NOTIC: [8] Use of undefined constant community - assumed 'community' D:\phpProjects\wampProjects\shequ\Application\People\Controller\ListController.class.php 第 129 行.
SQL: SELECT COUNT(*) AS tp_count FROM `people` WHERE `isDel` = 1 AND `community` = 2 LIMIT 1   [ RunTime:0.0002s ]
SQL: SELECT COUNT(*) AS tp_count FROM `qiaolian` WHERE `isDel` = 1 AND `community` = 2 LIMIT 1   [ RunTime:0.0001s ]
SQL: SELECT COUNT(*) AS tp_count FROM `zanzhu` WHERE `isDel` = 1 AND `community` = 2 LIMIT 1   [ RunTime:0.0004s ]
SQL: SELECT * FROM `zanzhu` WHERE `isDel` = 0 AND `community` = 2 AND `roomType` = 3 LIMIT 0,9   [ RunTime:0.0003s ]
INFO: [ view_parse ] --START--
INFO: [ template_filter ] --START--
INFO: Run Behavior\ContentReplaceBehavior [ RunTime:0.000099s ]
INFO: [ template_filter ] --END-- [ RunTime:0.000175s ]
NOTIC: [8] Undefined variable: taskCount D:\phpProjects\wampProjects\shequ\Application\Runtime\Cache\People\9c9f4e90c94886e302861466fe893628.php 第 49 行.
NOTIC: [8] Undefined variable: peopleCount D:\phpProjects\wampProjects\shequ\Application\Runtime\Cache\People\9c9f4e90c94886e302861466fe893628.php 第 72 行.
NOTIC: [8] Undefined index: picture D:\phpProjects\wampProjects\shequ\Application\Runtime\Cache\People\9c9f4e90c94886e302861466fe893628.php 第 111 行.
NOTIC: [8] Undefined index: nation D:\phpProjects\wampProjects\shequ\Application\Runtime\Cache\People\9c9f4e90c94886e302861466fe893628.php 第 115 行.
INFO: Run Behavior\ParseTemplateBehavior [ RunTime:0.053628s ]
INFO: [ view_parse ] --END-- [ RunTime:0.053741s ]
INFO: [ view_filter ] --START--
INFO: Run Behavior\WriteHtmlCacheBehavior [ RunTime:0.000395s ]
INFO: [ view_filter ] --END-- [ RunTime:0.000463s ]
INFO: [ app_end ] --START--
INFO: Run Behavior\ShowPageTraceBehavior [ RunTime:0.000538s ]
INFO: [ app_end ] --END-- [ RunTime:0.000617s ]

[ 2019-02-03T22:21:51+08:00 ] 127.0.0.1 /index.php?m=people&c=list&a=huji
INFO: [ app_init ] --START--
INFO: Run Behavior\BuildLiteBehavior [ RunTime:0.000015s ]
INFO: [ app_init ] --END-- [ RunTime:0.000294s ]
INFO: [ app_begin ] --START--
INFO: Run Behavior\ReadHtmlCacheBehavior [ RunTime:0.000319s ]
INFO: [ app_begin ] --END-- [ RunTime:0.000392s ]
NOTIC: [8] Undefined index: p D:\phpProjects\wampProjects\shequ\Application\People\Controller\ListController.class.php 第 58 行.
NOTIC: [8] Undefined index: pageSize D:\phpProjects\wampProjects\shequ\Application\People\Controller\ListController.class.php 第 59 行.
NOTIC: [8] Use of undefined constant admin - assumed 'admin' D:\phpProjects\wampProjects\shequ\Application\People\Controller\ListController.class.php 第 63 行.
NOTIC: [8] Use of undefined constant community - assumed 'community' D:\phpProjects\wampProjects\shequ\Application\People\Controller\ListController.class.php 第 63 行.
SQL: SHOW COLUMNS FROM `people` [ RunTime:0.0040s ]
SQL: SELECT COUNT(*) AS tp_count FROM `people` WHERE `isDel` = 0 AND `community` = 2 AND `roomType` = 1 LIMIT 1   [ RunTime:0.0002s ]
NOTIC: [8] Use of undefined constant admin - assumed 'admin' D:\phpProjects\wampProjects\shequ\Application\People\Controller\ListController.class.php 第 68 行.
NOTIC: [8] Use of undefined constant community - assumed 'community' D:\phpProjects\wampProjects\shequ\Application\People\Controller\ListController.class.php 第 68 行.
SQL: SELECT COUNT(*) AS tp_count FROM `people` WHERE `isDel` = 0 AND `community` = 2 AND `roomType` = 2 LIMIT 1   [ RunTime:0.0001s ]
NOTIC: [8] Use of undefined constant admin - assumed 'admin' D:\phpProjects\wampProjects\shequ\Application\People\Controller\ListController.class.php 第 73 行.
NOTIC: [8] Use of undefined constant community - assumed 'community' D:\phpProjects\wampProjects\shequ\Application\People\Controller\ListController.class.php 第 73 行.
SQL: SHOW COLUMNS FROM `zanzhu` [ RunTime:0.0045s ]
SQL: SELECT COUNT(*) AS tp_count FROM `zanzhu` WHERE `isDel` = 0 AND `community` = 2 AND `roomType` = 3 LIMIT 1   [ RunTime:0.0002s ]
NOTIC: [8] Use of undefined constant admin - assumed 'admin' D:\phpProjects\wampProjects\shequ\Application\People\Controller\ListController.class.php 第 78 行.
NOTIC: [8] Use of undefined constant community - assumed 'community' D:\phpProjects\wampProjects\shequ\Application\People\Controller\ListController.class.php 第 78 行.
SQL: SHOW COLUMNS FROM `qiaolian` [ RunTime:0.0033s ]
SQL: SELECT COUNT(*) AS tp_count FROM `qiaolian` WHERE `isDel` = 0 AND `community` = 2 LIMIT 1   [ RunTime:0.0002s ]
NOTIC: [8] Use of undefined constant admin - assumed 'admin' D:\phpProjects\wampProjects\shequ\Application\People\Controller\ListController.class.php 第 82 行.
NOTIC: [8] Use of undefined constant community - assumed 'community' D:\phpProjects\wampProjects\shequ\Application\People\Controller\ListController.class.php 第 82 行.
SQL: SELECT COUNT(*) AS tp_count FROM `people` WHERE `isDel` = 1 AND `community` = 2 LIMIT 1   [ RunTime:0.0002s ]
SQL: SELECT COUNT(*) AS tp_count FROM `qiaolian` WHERE `isDel` = 1 AND `community` = 2 LIMIT 1   [ RunTime:0.0002s ]
SQL: SELECT COUNT(*) AS tp_count FROM `zanzhu` WHERE `isDel` = 1 AND `community` = 2 LIMIT 1   [ RunTime:0.0001s ]
SQL: SELECT * FROM `people` WHERE `isDel` = 0 AND `community` = 2 AND `roomType` = 2 LIMIT 0,9   [ RunTime:0.0003s ]
INFO: [ view_parse ] --START--
INFO: [ template_filter ] --START--
INFO: Run Behavior\ContentReplaceBehavior [ RunTime:0.000402s ]
INFO: [ template_filter ] --END-- [ RunTime:0.000587s ]
NOTIC: [8] Undefined variable: taskCount D:\phpProjects\wampProjects\shequ\Application\Runtime\Cache\People\78c78e3c8062214227686b5ff8f2fa87.php 第 49 行.
NOTIC: [8] Undefined variable: peopleCount D:\phpProjects\wampProjects\shequ\Application\Runtime\Cache\People\78c78e3c8062214227686b5ff8f2fa87.php 第 72 行.
INFO: Run Behavior\ParseTemplateBehavior [ RunTime:0.009829s ]
INFO: [ view_parse ] --END-- [ RunTime:0.009905s ]
INFO: [ view_filter ] --START--
INFO: Run Behavior\WriteHtmlCacheBehavior [ RunTime:0.000399s ]
INFO: [ view_filter ] --END-- [ RunTime:0.000466s ]
INFO: [ app_end ] --START--
INFO: Run Behavior\ShowPageTraceBehavior [ RunTime:0.000538s ]
INFO: [ app_end ] --END-- [ RunTime:0.000612s ]

[ 2019-02-03T22:21:55+08:00 ] 127.0.0.1 /index.php?m=people&c=list&a=zanzhu
INFO: [ app_init ] --START--
INFO: Run Behavior\BuildLiteBehavior [ RunTime:0.000016s ]
INFO: [ app_init ] --END-- [ RunTime:0.000303s ]
INFO: [ app_begin ] --START--
INFO: Run Behavior\ReadHtmlCacheBehavior [ RunTime:0.000320s ]
INFO: [ app_begin ] --END-- [ RunTime:0.000394s ]
NOTIC: [8] Undefined index: p D:\phpProjects\wampProjects\shequ\Application\People\Controller\ListController.class.php 第 105 行.
NOTIC: [8] Undefined index: pageSize D:\phpProjects\wampProjects\shequ\Application\People\Controller\ListController.class.php 第 106 行.
NOTIC: [8] Use of undefined constant admin - assumed 'admin' D:\phpProjects\wampProjects\shequ\Application\People\Controller\ListController.class.php 第 110 行.
NOTIC: [8] Use of undefined constant community - assumed 'community' D:\phpProjects\wampProjects\shequ\Application\People\Controller\ListController.class.php 第 110 行.
SQL: SHOW COLUMNS FROM `people` [ RunTime:0.0048s ]
SQL: SELECT COUNT(*) AS tp_count FROM `people` WHERE `isDel` = 0 AND `community` = 2 AND `roomType` = 1 LIMIT 1   [ RunTime:0.0002s ]
NOTIC: [8] Use of undefined constant admin - assumed 'admin' D:\phpProjects\wampProjects\shequ\Application\People\Controller\ListController.class.php 第 115 行.
NOTIC: [8] Use of undefined constant community - assumed 'community' D:\phpProjects\wampProjects\shequ\Application\People\Controller\ListController.class.php 第 115 行.
SQL: SELECT COUNT(*) AS tp_count FROM `people` WHERE `isDel` = 0 AND `community` = 2 AND `roomType` = 2 LIMIT 1   [ RunTime:0.0002s ]
NOTIC: [8] Use of undefined constant admin - assumed 'admin' D:\phpProjects\wampProjects\shequ\Application\People\Controller\ListController.class.php 第 120 行.
NOTIC: [8] Use of undefined constant community - assumed 'community' D:\phpProjects\wampProjects\shequ\Application\People\Controller\ListController.class.php 第 120 行.
SQL: SHOW COLUMNS FROM `zanzhu` [ RunTime:0.0034s ]
SQL: SELECT COUNT(*) AS tp_count FROM `zanzhu` WHERE `isDel` = 0 AND `community` = 2 AND `roomType` = 3 LIMIT 1   [ RunTime:0.0002s ]
NOTIC: [8] Use of undefined constant admin - assumed 'admin' D:\phpProjects\wampProjects\shequ\Application\People\Controller\ListController.class.php 第 125 行.
NOTIC: [8] Use of undefined constant community - assumed 'community' D:\phpProjects\wampProjects\shequ\Application\People\Controller\ListController.class.php 第 125 行.
SQL: SHOW COLUMNS FROM `qiaolian` [ RunTime:0.0033s ]
SQL: SELECT COUNT(*) AS tp_count FROM `qiaolian` WHERE `isDel` = 0 AND `community` = 2 LIMIT 1   [ RunTime:0.0002s ]
NOTIC: [8] Use of undefined constant admin - assumed 'admin' D:\phpProjects\wampProjects\shequ\Application\People\Controller\ListController.class.php 第 129 行.
NOTIC: [8] Use of undefined constant community - assumed 'community' D:\phpProjects\wampProjects\shequ\Application\People\Controller\ListController.class.php 第 129 行.
SQL: SELECT COUNT(*) AS tp_count FROM `people` WHERE `isDel` = 1 AND `community` = 2 LIMIT 1   [ RunTime:0.0002s ]
SQL: SELECT COUNT(*) AS tp_count FROM `qiaolian` WHERE `isDel` = 1 AND `community` = 2 LIMIT 1   [ RunTime:0.0002s ]
SQL: SELECT COUNT(*) AS tp_count FROM `zanzhu` WHERE `isDel` = 1 AND `community` = 2 LIMIT 1   [ RunTime:0.0003s ]
SQL: SELECT * FROM `zanzhu` WHERE `isDel` = 0 AND `community` = 2 AND `roomType` = 3 LIMIT 0,9   [ RunTime:0.0008s ]
INFO: [ view_parse ] --START--
INFO: [ template_filter ] --START--
INFO: Run Behavior\ContentReplaceBehavior [ RunTime:0.000071s ]
INFO: [ template_filter ] --END-- [ RunTime:0.000142s ]
NOTIC: [8] Undefined variable: taskCount D:\phpProjects\wampProjects\shequ\Application\Runtime\Cache\People\9c9f4e90c94886e302861466fe893628.php 第 49 行.
NOTIC: [8] Undefined variable: peopleCount D:\phpProjects\wampProjects\shequ\Application\Runtime\Cache\People\9c9f4e90c94886e302861466fe893628.php 第 72 行.
NOTIC: [8] Undefined index: picture D:\phpProjects\wampProjects\shequ\Application\Runtime\Cache\People\9c9f4e90c94886e302861466fe893628.php 第 111 行.
NOTIC: [8] Undefined index: nation D:\phpProjects\wampProjects\shequ\Application\Runtime\Cache\People\9c9f4e90c94886e302861466fe893628.php 第 115 行.
INFO: Run Behavior\ParseTemplateBehavior [ RunTime:0.008916s ]
INFO: [ view_parse ] --END-- [ RunTime:0.008987s ]
INFO: [ view_filter ] --START--
INFO: Run Behavior\WriteHtmlCacheBehavior [ RunTime:0.000391s ]
INFO: [ view_filter ] --END-- [ RunTime:0.000463s ]
INFO: [ app_end ] --START--
INFO: Run Behavior\ShowPageTraceBehavior [ RunTime:0.000624s ]
INFO: [ app_end ] --END-- [ RunTime:0.000714s ]

[ 2019-02-03T22:22:34+08:00 ] 127.0.0.1 /index.php?m=people&c=list&a=zanzhu
INFO: [ app_init ] --START--
INFO: Run Behavior\BuildLiteBehavior [ RunTime:0.000016s ]
INFO: [ app_init ] --END-- [ RunTime:0.000300s ]
INFO: [ app_begin ] --START--
INFO: Run Behavior\ReadHtmlCacheBehavior [ RunTime:0.000334s ]
INFO: [ app_begin ] --END-- [ RunTime:0.000407s ]
NOTIC: [8] Undefined index: p D:\phpProjects\wampProjects\shequ\Application\People\Controller\ListController.class.php 第 105 行.
NOTIC: [8] Undefined index: pageSize D:\phpProjects\wampProjects\shequ\Application\People\Controller\ListController.class.php 第 106 行.
NOTIC: [8] Use of undefined constant admin - assumed 'admin' D:\phpProjects\wampProjects\shequ\Application\People\Controller\ListController.class.php 第 110 行.
NOTIC: [8] Use of undefined constant community - assumed 'community' D:\phpProjects\wampProjects\shequ\Application\People\Controller\ListController.class.php 第 110 行.
SQL: SHOW COLUMNS FROM `people` [ RunTime:0.0056s ]
SQL: SELECT COUNT(*) AS tp_count FROM `people` WHERE `isDel` = 0 AND `community` = 2 AND `roomType` = 1 LIMIT 1   [ RunTime:0.0002s ]
NOTIC: [8] Use of undefined constant admin - assumed 'admin' D:\phpProjects\wampProjects\shequ\Application\People\Controller\ListController.class.php 第 115 行.
NOTIC: [8] Use of undefined constant community - assumed 'community' D:\phpProjects\wampProjects\shequ\Application\People\Controller\ListController.class.php 第 115 行.
SQL: SELECT COUNT(*) AS tp_count FROM `people` WHERE `isDel` = 0 AND `community` = 2 AND `roomType` = 2 LIMIT 1   [ RunTime:0.0002s ]
NOTIC: [8] Use of undefined constant admin - assumed 'admin' D:\phpProjects\wampProjects\shequ\Application\People\Controller\ListController.class.php 第 120 行.
NOTIC: [8] Use of undefined constant community - assumed 'community' D:\phpProjects\wampProjects\shequ\Application\People\Controller\ListController.class.php 第 120 行.
SQL: SHOW COLUMNS FROM `zanzhu` [ RunTime:0.0035s ]
SQL: SELECT COUNT(*) AS tp_count FROM `zanzhu` WHERE `isDel` = 0 AND `community` = 2 AND `roomType` = 3 LIMIT 1   [ RunTime:0.0002s ]
NOTIC: [8] Use of undefined constant admin - assumed 'admin' D:\phpProjects\wampProjects\shequ\Application\People\Controller\ListController.class.php 第 125 行.
NOTIC: [8] Use of undefined constant community - assumed 'community' D:\phpProjects\wampProjects\shequ\Application\People\Controller\ListController.class.php 第 125 行.
SQL: SHOW COLUMNS FROM `qiaolian` [ RunTime:0.0036s ]
SQL: SELECT COUNT(*) AS tp_count FROM `qiaolian` WHERE `isDel` = 0 AND `community` = 2 LIMIT 1   [ RunTime:0.0002s ]
NOTIC: [8] Use of undefined constant admin - assumed 'admin' D:\phpProjects\wampProjects\shequ\Application\People\Controller\ListController.class.php 第 129 行.
NOTIC: [8] Use of undefined constant community - assumed 'community' D:\phpProjects\wampProjects\shequ\Application\People\Controller\ListController.class.php 第 129 行.
SQL: SELECT COUNT(*) AS tp_count FROM `people` WHERE `isDel` = 1 AND `community` = 2 LIMIT 1   [ RunTime:0.0002s ]
SQL: SELECT COUNT(*) AS tp_count FROM `qiaolian` WHERE `isDel` = 1 AND `community` = 2 LIMIT 1   [ RunTime:0.0001s ]
SQL: SELECT COUNT(*) AS tp_count FROM `zanzhu` WHERE `isDel` = 1 AND `community` = 2 LIMIT 1   [ RunTime:0.0002s ]
SQL: SELECT * FROM `zanzhu` WHERE `isDel` = 0 AND `community` = 2 AND `roomType` = 3 LIMIT 0,9   [ RunTime:0.0002s ]
INFO: [ view_parse ] --START--
INFO: [ template_filter ] --START--
INFO: Run Behavior\ContentReplaceBehavior [ RunTime:0.000072s ]
INFO: [ template_filter ] --END-- [ RunTime:0.000160s ]
NOTIC: [8] Undefined variable: taskCount D:\phpProjects\wampProjects\shequ\Application\Runtime\Cache\People\9c9f4e90c94886e302861466fe893628.php 第 49 行.
NOTIC: [8] Undefined variable: peopleCount D:\phpProjects\wampProjects\shequ\Application\Runtime\Cache\People\9c9f4e90c94886e302861466fe893628.php 第 72 行.
NOTIC: [8] Undefined index: picture D:\phpProjects\wampProjects\shequ\Application\Runtime\Cache\People\9c9f4e90c94886e302861466fe893628.php 第 111 行.
NOTIC: [8] Undefined index: nation D:\phpProjects\wampProjects\shequ\Application\Runtime\Cache\People\9c9f4e90c94886e302861466fe893628.php 第 115 行.
INFO: Run Behavior\ParseTemplateBehavior [ RunTime:0.009789s ]
INFO: [ view_parse ] --END-- [ RunTime:0.009862s ]
INFO: [ view_filter ] --START--
INFO: Run Behavior\WriteHtmlCacheBehavior [ RunTime:0.000428s ]
INFO: [ view_filter ] --END-- [ RunTime:0.000496s ]
INFO: [ app_end ] --START--
INFO: Run Behavior\ShowPageTraceBehavior [ RunTime:0.000542s ]
INFO: [ app_end ] --END-- [ RunTime:0.000616s ]

[ 2019-02-03T22:42:59+08:00 ] 127.0.0.1 /index.php?m=people&c=search&a=zanzhu&cardId=12
INFO: [ app_init ] --START--
INFO: Run Behavior\BuildLiteBehavior [ RunTime:0.000016s ]
INFO: [ app_init ] --END-- [ RunTime:0.000366s ]
INFO: [ app_begin ] --START--
INFO: Run Behavior\ReadHtmlCacheBehavior [ RunTime:0.000470s ]
INFO: [ app_begin ] --END-- [ RunTime:0.000571s ]
NOTIC: [8] Undefined index: name D:\phpProjects\wampProjects\shequ\Application\People\Controller\SearchController.class.php 第 46 行.
SQL: SHOW COLUMNS FROM `zanzhu` [ RunTime:0.0038s ]
SQL: SELECT * FROM `zanzhu` WHERE `cardId` LIKE '%12%'  [ RunTime:0.0003s ]
INFO: [ view_parse ] --START--
INFO: [ template_filter ] --START--
INFO: Run Behavior\ContentReplaceBehavior [ RunTime:0.000079s ]
INFO: [ template_filter ] --END-- [ RunTime:0.000156s ]
NOTIC: [8] Undefined variable: taskCount D:\phpProjects\wampProjects\shequ\Application\Runtime\Cache\People\dccf2167b36ebdc0ddc794dcf77b93fa.php 第 47 行.
NOTIC: [8] Undefined index: picture D:\phpProjects\wampProjects\shequ\Application\Runtime\Cache\People\dccf2167b36ebdc0ddc794dcf77b93fa.php 第 77 行.
NOTIC: [8] Undefined index: nation D:\phpProjects\wampProjects\shequ\Application\Runtime\Cache\People\dccf2167b36ebdc0ddc794dcf77b93fa.php 第 81 行.
NOTIC: [8] Undefined variable: pageRes D:\phpProjects\wampProjects\shequ\Application\Runtime\Cache\People\dccf2167b36ebdc0ddc794dcf77b93fa.php 第 159 行.
INFO: Run Behavior\ParseTemplateBehavior [ RunTime:0.010306s ]
INFO: [ view_parse ] --END-- [ RunTime:0.010380s ]
INFO: [ view_filter ] --START--
INFO: Run Behavior\WriteHtmlCacheBehavior [ RunTime:0.000379s ]
INFO: [ view_filter ] --END-- [ RunTime:0.000447s ]
INFO: [ app_end ] --START--
INFO: Run Behavior\ShowPageTraceBehavior [ RunTime:0.000521s ]
INFO: [ app_end ] --END-- [ RunTime:0.000597s ]

[ 2019-02-03T23:46:17+08:00 ] 127.0.0.1 /index.php?m=people&c=add&a=zanzhu
INFO: [ app_init ] --START--
INFO: Run Behavior\BuildLiteBehavior [ RunTime:0.000025s ]
INFO: [ app_init ] --END-- [ RunTime:0.000354s ]
INFO: [ app_begin ] --START--
INFO: Run Behavior\ReadHtmlCacheBehavior [ RunTime:0.000499s ]
INFO: [ app_begin ] --END-- [ RunTime:0.000578s ]
NOTIC: [8] Undefined index: id D:\phpProjects\wampProjects\shequ\Application\People\Controller\AddController.class.php 第 31 行.
SQL: SHOW COLUMNS FROM `people` [ RunTime:0.0042s ]
SQL: SELECT `ownerName` FROM `people` WHERE `id` = null LIMIT 1   [ RunTime:0.0002s ]
INFO: [ view_parse ] --START--
INFO: [ template_filter ] --START--
INFO: Run Behavior\ContentReplaceBehavior [ RunTime:0.000100s ]
INFO: [ template_filter ] --END-- [ RunTime:0.000192s ]
NOTIC: [8] Undefined variable: taskCount D:\phpProjects\wampProjects\shequ\Application\Runtime\Cache\People\4bb0fb41f5e305b9e6377ab900f71eb6.php 第 47 行.
INFO: Run Behavior\ParseTemplateBehavior [ RunTime:0.047063s ]
INFO: [ view_parse ] --END-- [ RunTime:0.047136s ]
INFO: [ view_filter ] --START--
INFO: Run Behavior\WriteHtmlCacheBehavior [ RunTime:0.000402s ]
INFO: [ view_filter ] --END-- [ RunTime:0.000476s ]
INFO: [ app_end ] --START--
INFO: Run Behavior\ShowPageTraceBehavior [ RunTime:0.000535s ]
INFO: [ app_end ] --END-- [ RunTime:0.000630s ]

[ 2019-02-03T23:46:21+08:00 ] 127.0.0.1 /index.php?m=people&c=add&a=zanzhu
INFO: [ app_init ] --START--
INFO: Run Behavior\BuildLiteBehavior [ RunTime:0.000016s ]
INFO: [ app_init ] --END-- [ RunTime:0.000294s ]
INFO: [ app_begin ] --START--
INFO: Run Behavior\ReadHtmlCacheBehavior [ RunTime:0.000323s ]
INFO: [ app_begin ] --END-- [ RunTime:0.000396s ]
NOTIC: [8] Undefined index: id D:\phpProjects\wampProjects\shequ\Application\People\Controller\AddController.class.php 第 31 行.
SQL: SHOW COLUMNS FROM `people` [ RunTime:0.0039s ]
SQL: SELECT `ownerName` FROM `people` WHERE `id` = null LIMIT 1   [ RunTime:0.0002s ]
INFO: [ view_parse ] --START--
INFO: [ template_filter ] --START--
INFO: Run Behavior\ContentReplaceBehavior [ RunTime:0.000082s ]
INFO: [ template_filter ] --END-- [ RunTime:0.000156s ]
NOTIC: [8] Undefined variable: taskCount D:\phpProjects\wampProjects\shequ\Application\Runtime\Cache\People\4bb0fb41f5e305b9e6377ab900f71eb6.php 第 47 行.
INFO: Run Behavior\ParseTemplateBehavior [ RunTime:0.008262s ]
INFO: [ view_parse ] --END-- [ RunTime:0.008338s ]
INFO: [ view_filter ] --START--
INFO: Run Behavior\WriteHtmlCacheBehavior [ RunTime:0.000415s ]
INFO: [ view_filter ] --END-- [ RunTime:0.000484s ]
INFO: [ app_end ] --START--
INFO: Run Behavior\ShowPageTraceBehavior [ RunTime:0.000527s ]
INFO: [ app_end ] --END-- [ RunTime:0.000601s ]

[ 2019-02-03T23:46:22+08:00 ] 127.0.0.1 /index.php?m=people&c=list&a=huji
INFO: [ app_init ] --START--
INFO: Run Behavior\BuildLiteBehavior [ RunTime:0.000017s ]
INFO: [ app_init ] --END-- [ RunTime:0.000302s ]
INFO: [ app_begin ] --START--
INFO: Run Behavior\ReadHtmlCacheBehavior [ RunTime:0.000319s ]
INFO: [ app_begin ] --END-- [ RunTime:0.000394s ]
NOTIC: [8] Undefined index: p D:\phpProjects\wampProjects\shequ\Application\People\Controller\ListController.class.php 第 58 行.
NOTIC: [8] Undefined index: pageSize D:\phpProjects\wampProjects\shequ\Application\People\Controller\ListController.class.php 第 59 行.
NOTIC: [8] Use of undefined constant admin - assumed 'admin' D:\phpProjects\wampProjects\shequ\Application\People\Controller\ListController.class.php 第 63 行.
NOTIC: [8] Use of undefined constant community - assumed 'community' D:\phpProjects\wampProjects\shequ\Application\People\Controller\ListController.class.php 第 63 行.
SQL: SHOW COLUMNS FROM `people` [ RunTime:0.0044s ]
SQL: SELECT COUNT(*) AS tp_count FROM `people` WHERE `isDel` = 0 AND `community` = 2 AND `roomType` = 1 LIMIT 1   [ RunTime:0.0003s ]
NOTIC: [8] Use of undefined constant admin - assumed 'admin' D:\phpProjects\wampProjects\shequ\Application\People\Controller\ListController.class.php 第 68 行.
NOTIC: [8] Use of undefined constant community - assumed 'community' D:\phpProjects\wampProjects\shequ\Application\People\Controller\ListController.class.php 第 68 行.
SQL: SELECT COUNT(*) AS tp_count FROM `people` WHERE `isDel` = 0 AND `community` = 2 AND `roomType` = 2 LIMIT 1   [ RunTime:0.0002s ]
NOTIC: [8] Use of undefined constant admin - assumed 'admin' D:\phpProjects\wampProjects\shequ\Application\People\Controller\ListController.class.php 第 73 行.
NOTIC: [8] Use of undefined constant community - assumed 'community' D:\phpProjects\wampProjects\shequ\Application\People\Controller\ListController.class.php 第 73 行.
SQL: SHOW COLUMNS FROM `zanzhu` [ RunTime:0.0035s ]
SQL: SELECT COUNT(*) AS tp_count FROM `zanzhu` WHERE `isDel` = 0 AND `community` = 2 AND `roomType` = 3 LIMIT 1   [ RunTime:0.0002s ]
NOTIC: [8] Use of undefined constant admin - assumed 'admin' D:\phpProjects\wampProjects\shequ\Application\People\Controller\ListController.class.php 第 78 行.
NOTIC: [8] Use of undefined constant community - assumed 'community' D:\phpProjects\wampProjects\shequ\Application\People\Controller\ListController.class.php 第 78 行.
SQL: SHOW COLUMNS FROM `qiaolian` [ RunTime:0.0047s ]
SQL: SELECT COUNT(*) AS tp_count FROM `qiaolian` WHERE `isDel` = 0 AND `community` = 2 LIMIT 1   [ RunTime:0.0003s ]
NOTIC: [8] Use of undefined constant admin - assumed 'admin' D:\phpProjects\wampProjects\shequ\Application\People\Controller\ListController.class.php 第 82 行.
NOTIC: [8] Use of undefined constant community - assumed 'community' D:\phpProjects\wampProjects\shequ\Application\People\Controller\ListController.class.php 第 82 行.
SQL: SELECT COUNT(*) AS tp_count FROM `people` WHERE `isDel` = 1 AND `community` = 2 LIMIT 1   [ RunTime:0.0002s ]
SQL: SELECT COUNT(*) AS tp_count FROM `qiaolian` WHERE `isDel` = 1 AND `community` = 2 LIMIT 1   [ RunTime:0.0001s ]
SQL: SELECT COUNT(*) AS tp_count FROM `zanzhu` WHERE `isDel` = 1 AND `community` = 2 LIMIT 1   [ RunTime:0.0001s ]
SQL: SELECT * FROM `people` WHERE `isDel` = 0 AND `community` = 2 AND `roomType` = 2 LIMIT 0,9   [ RunTime:0.0003s ]
INFO: [ view_parse ] --START--
INFO: [ template_filter ] --START--
INFO: Run Behavior\ContentReplaceBehavior [ RunTime:0.000077s ]
INFO: [ template_filter ] --END-- [ RunTime:0.000156s ]
NOTIC: [8] Undefined variable: taskCount D:\phpProjects\wampProjects\shequ\Application\Runtime\Cache\People\78c78e3c8062214227686b5ff8f2fa87.php 第 49 行.
NOTIC: [8] Undefined variable: peopleCount D:\phpProjects\wampProjects\shequ\Application\Runtime\Cache\People\78c78e3c8062214227686b5ff8f2fa87.php 第 72 行.
INFO: Run Behavior\ParseTemplateBehavior [ RunTime:0.014413s ]
INFO: [ view_parse ] --END-- [ RunTime:0.014487s ]
INFO: [ view_filter ] --START--
INFO: Run Behavior\WriteHtmlCacheBehavior [ RunTime:0.000387s ]
INFO: [ view_filter ] --END-- [ RunTime:0.000454s ]
INFO: [ app_end ] --START--
INFO: Run Behavior\ShowPageTraceBehavior [ RunTime:0.000571s ]
INFO: [ app_end ] --END-- [ RunTime:0.000660s ]

[ 2019-02-03T23:46:23+08:00 ] 127.0.0.1 /index.php?m=people&c=add&a=huji
INFO: [ app_init ] --START--
INFO: Run Behavior\BuildLiteBehavior [ RunTime:0.000017s ]
INFO: [ app_init ] --END-- [ RunTime:0.000297s ]
INFO: [ app_begin ] --START--
INFO: Run Behavior\ReadHtmlCacheBehavior [ RunTime:0.000311s ]
INFO: [ app_begin ] --END-- [ RunTime:0.000421s ]
SQL: SHOW COLUMNS FROM `community` [ RunTime:0.0039s ]
SQL: SELECT * FROM `community`  [ RunTime:0.0002s ]
NOTIC: [8] Undefined index: id D:\phpProjects\wampProjects\shequ\Application\People\Controller\AddController.class.php 第 22 行.
SQL: SHOW COLUMNS FROM `people` [ RunTime:0.0035s ]
SQL: SELECT `ownerName` FROM `people` WHERE `id` = null LIMIT 1   [ RunTime:0.0002s ]
INFO: [ view_parse ] --START--
INFO: [ template_filter ] --START--
INFO: Run Behavior\ContentReplaceBehavior [ RunTime:0.000069s ]
INFO: [ template_filter ] --END-- [ RunTime:0.000148s ]
NOTIC: [8] Use of undefined constant id - assumed 'id' D:\phpProjects\wampProjects\shequ\Application\Runtime\Cache\People\d352e08ade3fdae98a1bfc5c5d30b9b6.php 第 39 行.
NOTIC: [8] Use of undefined constant id - assumed 'id' D:\phpProjects\wampProjects\shequ\Application\Runtime\Cache\People\d352e08ade3fdae98a1bfc5c5d30b9b6.php 第 39 行.
INFO: Run Behavior\ParseTemplateBehavior [ RunTime:0.044605s ]
INFO: [ view_parse ] --END-- [ RunTime:0.044677s ]
INFO: [ view_filter ] --START--
INFO: Run Behavior\WriteHtmlCacheBehavior [ RunTime:0.000389s ]
INFO: [ view_filter ] --END-- [ RunTime:0.000455s ]
INFO: [ app_end ] --START--
INFO: Run Behavior\ShowPageTraceBehavior [ RunTime:0.000524s ]
INFO: [ app_end ] --END-- [ RunTime:0.000599s ]

[ 2019-02-03T23:46:30+08:00 ] 127.0.0.1 /index.php?m=people&c=add&a=img
INFO: [ app_init ] --START--
INFO: Run Behavior\BuildLiteBehavior [ RunTime:0.000017s ]
INFO: [ app_init ] --END-- [ RunTime:0.000305s ]
INFO: [ app_begin ] --START--
INFO: Run Behavior\ReadHtmlCacheBehavior [ RunTime:0.000330s ]
INFO: [ app_begin ] --END-- [ RunTime:0.000395s ]
NOTIC: [2] call_user_func() expects parameter 1 to be a valid callback, no array or string given D:\phpProjects\wampProjects\shequ\ThinkPHP\Library\Think\Upload.class.php 第 170 行.
NOTIC: [8] Use of undefined constant community - assumed 'community' D:\phpProjects\wampProjects\shequ\Application\People\Controller\AddController.class.php 第 112 行.
SQL: SHOW COLUMNS FROM `image` [ RunTime:0.0044s ]
SQL: INSERT INTO `image` (`url`,`imgName`,`community`) VALUES ('/img/娜扎.jpg','娜扎.jpg','2') [ RunTime:0.0025s ]

[ 2019-02-03T23:46:53+08:00 ] 127.0.0.1 /index.php?m=people&c=add&a=img
INFO: [ app_init ] --START--
INFO: Run Behavior\BuildLiteBehavior [ RunTime:0.000017s ]
INFO: [ app_init ] --END-- [ RunTime:0.000303s ]
INFO: [ app_begin ] --START--
INFO: Run Behavior\ReadHtmlCacheBehavior [ RunTime:0.000396s ]
INFO: [ app_begin ] --END-- [ RunTime:0.000470s ]
NOTIC: [2] call_user_func() expects parameter 1 to be a valid callback, no array or string given D:\phpProjects\wampProjects\shequ\ThinkPHP\Library\Think\Upload.class.php 第 170 行.

