[ 2019-04-11T00:32:02+08:00 ] 112.120.111.247 /index.php?m=people&c=list&a=index
INFO: [ app_init ] --START--
INFO: Run Behavior\BuildLiteBehavior [ RunTime:0.000016s ]
INFO: [ app_init ] --END-- [ RunTime:0.000128s ]
INFO: [ app_begin ] --START--
INFO: Run Behavior\ReadHtmlCacheBehavior [ RunTime:0.000078s ]
INFO: [ app_begin ] --END-- [ RunTime:0.000149s ]
NOTIC: [8] Undefined index: p /var/www/html/shequ/Application/People/Controller/ListController.class.php 第 9 行.
NOTIC: [8] Undefined index: pageSize /var/www/html/shequ/Application/People/Controller/ListController.class.php 第 10 行.
NOTIC: [8] Use of undefined constant admin - assumed 'admin' /var/www/html/shequ/Application/People/Controller/ListController.class.php 第 15 行.
NOTIC: [8] Use of undefined constant community - assumed 'community' /var/www/html/shequ/Application/People/Controller/ListController.class.php 第 15 行.
SQL: SHOW COLUMNS FROM `people` [ RunTime:0.0011s ]
SQL: SELECT COUNT(*) AS tp_count FROM `people` WHERE `isDel` = 0 AND `community` = 3 AND `roomType` = 1 LIMIT 1   [ RunTime:0.0007s ]
NOTIC: [8] Use of undefined constant admin - assumed 'admin' /var/www/html/shequ/Application/People/Controller/ListController.class.php 第 20 行.
NOTIC: [8] Use of undefined constant community - assumed 'community' /var/www/html/shequ/Application/People/Controller/ListController.class.php 第 20 行.
SQL: SELECT COUNT(*) AS tp_count FROM `people` WHERE `isDel` = 0 AND `community` = 3 AND `roomType` = 2 LIMIT 1   [ RunTime:0.0006s ]
NOTIC: [8] Use of undefined constant admin - assumed 'admin' /var/www/html/shequ/Application/People/Controller/ListController.class.php 第 25 行.
NOTIC: [8] Use of undefined constant community - assumed 'community' /var/www/html/shequ/Application/People/Controller/ListController.class.php 第 25 行.
SQL: SHOW COLUMNS FROM `zanzhu` [ RunTime:0.0010s ]
SQL: SELECT COUNT(*) AS tp_count FROM `zanzhu` WHERE `isDel` = 0 AND `community` = 3 AND `roomType` = 3 LIMIT 1   [ RunTime:0.0005s ]
NOTIC: [8] Use of undefined constant admin - assumed 'admin' /var/www/html/shequ/Application/People/Controller/ListController.class.php 第 30 行.
NOTIC: [8] Use of undefined constant community - assumed 'community' /var/www/html/shequ/Application/People/Controller/ListController.class.php 第 30 行.
SQL: SHOW COLUMNS FROM `qiaolian` [ RunTime:0.0009s ]
SQL: SELECT COUNT(*) AS tp_count FROM `qiaolian` WHERE `isDel` = 0 AND `community` = 3 LIMIT 1   [ RunTime:0.0005s ]
NOTIC: [8] Use of undefined constant admin - assumed 'admin' /var/www/html/shequ/Application/People/Controller/ListController.class.php 第 34 行.
NOTIC: [8] Use of undefined constant community - assumed 'community' /var/www/html/shequ/Application/People/Controller/ListController.class.php 第 34 行.
SQL: SELECT COUNT(*) AS tp_count FROM `people` WHERE `isDel` = 1 AND `community` = 3 LIMIT 1   [ RunTime:0.0005s ]
SQL: SELECT COUNT(*) AS tp_count FROM `qiaolian` WHERE `isDel` = 1 AND `community` = 3 LIMIT 1   [ RunTime:0.0005s ]
SQL: SELECT COUNT(*) AS tp_count FROM `zanzhu` WHERE `isDel` = 1 AND `community` = 3 LIMIT 1   [ RunTime:0.0008s ]
SQL: SELECT * FROM `people` WHERE `isDel` = 0 AND `community` = 3 AND `roomType` = 1 LIMIT 0,9   [ RunTime:0.0008s ]
INFO: [ view_parse ] --START--
INFO: [ template_filter ] --START--
INFO: Run Behavior\ContentReplaceBehavior [ RunTime:0.000058s ]
INFO: [ template_filter ] --END-- [ RunTime:0.000122s ]
NOTIC: [8] Undefined variable: taskCount /var/www/html/shequ/Application/Runtime/Cache/People/8b4978c8a8296bcf972e35564fcad173.php 第 49 行.
NOTIC: [8] Undefined variable: peopleCount /var/www/html/shequ/Application/Runtime/Cache/People/8b4978c8a8296bcf972e35564fcad173.php 第 72 行.
INFO: Run Behavior\ParseTemplateBehavior [ RunTime:0.010890s ]
INFO: [ view_parse ] --END-- [ RunTime:0.010942s ]
INFO: [ view_filter ] --START--
INFO: Run Behavior\WriteHtmlCacheBehavior [ RunTime:0.000061s ]
INFO: [ view_filter ] --END-- [ RunTime:0.000090s ]
INFO: [ app_end ] --START--
INFO: Run Behavior\ShowPageTraceBehavior [ RunTime:0.000045s ]
INFO: [ app_end ] --END-- [ RunTime:0.000078s ]

[ 2019-04-11T00:32:10+08:00 ] 112.120.111.247 /index.php?m=people&c=excel&a=index
INFO: [ app_init ] --START--
INFO: Run Behavior\BuildLiteBehavior [ RunTime:0.000013s ]
INFO: [ app_init ] --END-- [ RunTime:0.000101s ]
INFO: [ app_begin ] --START--
INFO: Run Behavior\ReadHtmlCacheBehavior [ RunTime:0.000119s ]
INFO: [ app_begin ] --END-- [ RunTime:0.000161s ]
SQL: SHOW COLUMNS FROM `community` [ RunTime:0.0007s ]
SQL: SELECT * FROM `community`  [ RunTime:0.0006s ]
INFO: [ view_parse ] --START--
INFO: [ template_filter ] --START--
INFO: Run Behavior\ContentReplaceBehavior [ RunTime:0.000037s ]
INFO: [ template_filter ] --END-- [ RunTime:0.000073s ]
NOTIC: [8] Undefined variable: taskCount /var/www/html/shequ/Application/Runtime/Cache/People/a9d8f0d1922ae3778952672b7b7c4543.php 第 47 行.
INFO: Run Behavior\ParseTemplateBehavior [ RunTime:0.004965s ]
INFO: [ view_parse ] --END-- [ RunTime:0.005011s ]
INFO: [ view_filter ] --START--
INFO: Run Behavior\WriteHtmlCacheBehavior [ RunTime:0.000036s ]
INFO: [ view_filter ] --END-- [ RunTime:0.000092s ]
INFO: [ app_end ] --START--
INFO: Run Behavior\ShowPageTraceBehavior [ RunTime:0.000033s ]
INFO: [ app_end ] --END-- [ RunTime:0.000056s ]

