[ 2019-02-24T16:26:26+08:00 ] 218.85.30.82 /index.php?m=people&c=list&a=index
INFO: [ app_init ] --START--
INFO: Run Behavior\BuildLiteBehavior [ RunTime:0.000008s ]
INFO: [ app_init ] --END-- [ RunTime:0.000061s ]
INFO: [ app_begin ] --START--
INFO: Run Behavior\ReadHtmlCacheBehavior [ RunTime:0.000039s ]
INFO: [ app_begin ] --END-- [ RunTime:0.000071s ]
NOTIC: [8] Undefined index: p /var/www/html/shequ/Application/People/Controller/ListController.class.php 第 9 行.
NOTIC: [8] Undefined index: pageSize /var/www/html/shequ/Application/People/Controller/ListController.class.php 第 10 行.
NOTIC: [8] Use of undefined constant admin - assumed 'admin' /var/www/html/shequ/Application/People/Controller/ListController.class.php 第 15 行.
NOTIC: [8] Use of undefined constant community - assumed 'community' /var/www/html/shequ/Application/People/Controller/ListController.class.php 第 15 行.
SQL: SHOW COLUMNS FROM `people` [ RunTime:0.0009s ]
SQL: SELECT COUNT(*) AS tp_count FROM `people` WHERE `isDel` = 0 AND `community` = 3 AND `roomType` = 1 LIMIT 1   [ RunTime:0.0005s ]
NOTIC: [8] Use of undefined constant admin - assumed 'admin' /var/www/html/shequ/Application/People/Controller/ListController.class.php 第 20 行.
NOTIC: [8] Use of undefined constant community - assumed 'community' /var/www/html/shequ/Application/People/Controller/ListController.class.php 第 20 行.
SQL: SELECT COUNT(*) AS tp_count FROM `people` WHERE `isDel` = 0 AND `community` = 3 AND `roomType` = 2 LIMIT 1   [ RunTime:0.0005s ]
NOTIC: [8] Use of undefined constant admin - assumed 'admin' /var/www/html/shequ/Application/People/Controller/ListController.class.php 第 25 行.
NOTIC: [8] Use of undefined constant community - assumed 'community' /var/www/html/shequ/Application/People/Controller/ListController.class.php 第 25 行.
SQL: SHOW COLUMNS FROM `zanzhu` [ RunTime:0.0006s ]
SQL: SELECT COUNT(*) AS tp_count FROM `zanzhu` WHERE `isDel` = 0 AND `community` = 3 AND `roomType` = 3 LIMIT 1   [ RunTime:0.0004s ]
NOTIC: [8] Use of undefined constant admin - assumed 'admin' /var/www/html/shequ/Application/People/Controller/ListController.class.php 第 30 行.
NOTIC: [8] Use of undefined constant community - assumed 'community' /var/www/html/shequ/Application/People/Controller/ListController.class.php 第 30 行.
SQL: SHOW COLUMNS FROM `qiaolian` [ RunTime:0.0006s ]
SQL: SELECT COUNT(*) AS tp_count FROM `qiaolian` WHERE `isDel` = 0 AND `community` = 3 LIMIT 1   [ RunTime:0.0004s ]
NOTIC: [8] Use of undefined constant admin - assumed 'admin' /var/www/html/shequ/Application/People/Controller/ListController.class.php 第 34 行.
NOTIC: [8] Use of undefined constant community - assumed 'community' /var/www/html/shequ/Application/People/Controller/ListController.class.php 第 34 行.
SQL: SELECT COUNT(*) AS tp_count FROM `people` WHERE `isDel` = 1 AND `community` = 3 LIMIT 1   [ RunTime:0.0005s ]
SQL: SELECT COUNT(*) AS tp_count FROM `qiaolian` WHERE `isDel` = 1 AND `community` = 3 LIMIT 1   [ RunTime:0.0005s ]
SQL: SELECT COUNT(*) AS tp_count FROM `zanzhu` WHERE `isDel` = 1 AND `community` = 3 LIMIT 1   [ RunTime:0.0004s ]
SQL: SELECT * FROM `people` WHERE `isDel` = 0 AND `community` = 3 AND `roomType` = 1 LIMIT 0,9   [ RunTime:0.0006s ]
INFO: [ view_parse ] --START--
INFO: [ template_filter ] --START--
INFO: Run Behavior\ContentReplaceBehavior [ RunTime:0.000041s ]
INFO: [ template_filter ] --END-- [ RunTime:0.000072s ]
NOTIC: [8] Undefined variable: taskCount /var/www/html/shequ/Application/Runtime/Cache/People/8b4978c8a8296bcf972e35564fcad173.php 第 49 行.
NOTIC: [8] Undefined variable: peopleCount /var/www/html/shequ/Application/Runtime/Cache/People/8b4978c8a8296bcf972e35564fcad173.php 第 72 行.
INFO: Run Behavior\ParseTemplateBehavior [ RunTime:0.004475s ]
INFO: [ view_parse ] --END-- [ RunTime:0.004502s ]
INFO: [ view_filter ] --START--
INFO: Run Behavior\WriteHtmlCacheBehavior [ RunTime:0.000031s ]
INFO: [ view_filter ] --END-- [ RunTime:0.000047s ]
INFO: [ app_end ] --START--
INFO: Run Behavior\ShowPageTraceBehavior [ RunTime:0.000028s ]
INFO: [ app_end ] --END-- [ RunTime:0.000054s ]

[ 2019-02-24T16:26:28+08:00 ] 218.85.30.82 /index.php?m=people&c=edit&a=index&id=31
INFO: [ app_init ] --START--
INFO: Run Behavior\BuildLiteBehavior [ RunTime:0.000012s ]
INFO: [ app_init ] --END-- [ RunTime:0.000074s ]
INFO: [ app_begin ] --START--
INFO: Run Behavior\ReadHtmlCacheBehavior [ RunTime:0.000032s ]
INFO: [ app_begin ] --END-- [ RunTime:0.000056s ]
SQL: SHOW COLUMNS FROM `people` [ RunTime:0.0008s ]
SQL: SELECT * FROM `people` WHERE ( id="31" ) LIMIT 1   [ RunTime:0.0006s ]
INFO: [ view_parse ] --START--
INFO: [ template_filter ] --START--
INFO: Run Behavior\ContentReplaceBehavior [ RunTime:0.000044s ]
INFO: [ template_filter ] --END-- [ RunTime:0.000078s ]
INFO: Run Behavior\ParseTemplateBehavior [ RunTime:0.007019s ]
INFO: [ view_parse ] --END-- [ RunTime:0.007054s ]
INFO: [ view_filter ] --START--
INFO: Run Behavior\WriteHtmlCacheBehavior [ RunTime:0.000031s ]
INFO: [ view_filter ] --END-- [ RunTime:0.000051s ]
INFO: [ app_end ] --START--
INFO: Run Behavior\ShowPageTraceBehavior [ RunTime:0.000025s ]
INFO: [ app_end ] --END-- [ RunTime:0.000047s ]

