[ 2019-02-24T16:26:49+08:00 ] 218.85.30.82 /index.php?m=lease&c=list&a=index
INFO: [ app_init ] --START--
INFO: Run Behavior\BuildLiteBehavior [ RunTime:0.000009s ]
INFO: [ app_init ] --END-- [ RunTime:0.000065s ]
INFO: [ app_begin ] --START--
INFO: Run Behavior\ReadHtmlCacheBehavior [ RunTime:0.000027s ]
INFO: [ app_begin ] --END-- [ RunTime:0.000057s ]
NOTIC: [8] Undefined index: p /var/www/html/shequ/Application/Lease/Controller/ListController.class.php 第 7 行.
NOTIC: [8] Undefined index: pageSize /var/www/html/shequ/Application/Lease/Controller/ListController.class.php 第 8 行.
NOTIC: [8] Use of undefined constant admin - assumed 'admin' /var/www/html/shequ/Application/Lease/Controller/ListController.class.php 第 11 行.
NOTIC: [8] Use of undefined constant community - assumed 'community' /var/www/html/shequ/Application/Lease/Controller/ListController.class.php 第 11 行.
SQL: SHOW COLUMNS FROM `lease` [ RunTime:0.0008s ]
SQL: SELECT COUNT(*) AS tp_count FROM `lease` WHERE `community` = 3 LIMIT 1   [ RunTime:0.0005s ]
SQL: SELECT * FROM `lease` WHERE `community` = 3 LIMIT 0,9   [ RunTime:0.0004s ]
INFO: [ view_parse ] --START--
INFO: [ template_filter ] --START--
INFO: Run Behavior\ContentReplaceBehavior [ RunTime:0.000040s ]
INFO: [ template_filter ] --END-- [ RunTime:0.000097s ]
NOTIC: [8] Undefined variable: taskCount /var/www/html/shequ/Application/Runtime/Cache/Lease/5b7b01085156028b59a2b3200698c012.php 第 46 行.
INFO: Run Behavior\ParseTemplateBehavior [ RunTime:0.033749s ]
INFO: [ view_parse ] --END-- [ RunTime:0.033786s ]
INFO: [ view_filter ] --START--
INFO: Run Behavior\WriteHtmlCacheBehavior [ RunTime:0.000030s ]
INFO: [ view_filter ] --END-- [ RunTime:0.000046s ]
INFO: [ app_end ] --START--
INFO: Run Behavior\ShowPageTraceBehavior [ RunTime:0.000046s ]
INFO: [ app_end ] --END-- [ RunTime:0.000069s ]

[ 2019-02-24T16:35:45+08:00 ] 218.85.30.82 /index.php?m=lease&c=list&a=index
INFO: [ app_init ] --START--
INFO: Run Behavior\BuildLiteBehavior [ RunTime:0.000009s ]
INFO: [ app_init ] --END-- [ RunTime:0.000064s ]
INFO: [ app_begin ] --START--
INFO: Run Behavior\ReadHtmlCacheBehavior [ RunTime:0.000025s ]
INFO: [ app_begin ] --END-- [ RunTime:0.000053s ]
NOTIC: [8] Undefined index: p /var/www/html/shequ/Application/Lease/Controller/ListController.class.php 第 7 行.
NOTIC: [8] Undefined index: pageSize /var/www/html/shequ/Application/Lease/Controller/ListController.class.php 第 8 行.
NOTIC: [8] Use of undefined constant admin - assumed 'admin' /var/www/html/shequ/Application/Lease/Controller/ListController.class.php 第 11 行.
NOTIC: [8] Use of undefined constant community - assumed 'community' /var/www/html/shequ/Application/Lease/Controller/ListController.class.php 第 11 行.
SQL: SHOW COLUMNS FROM `lease` [ RunTime:0.0008s ]
SQL: SELECT COUNT(*) AS tp_count FROM `lease` WHERE `community` = 3 LIMIT 1   [ RunTime:0.0005s ]
SQL: SELECT * FROM `lease` WHERE `community` = 3 LIMIT 0,9   [ RunTime:0.0004s ]
INFO: [ view_parse ] --START--
INFO: [ template_filter ] --START--
INFO: Run Behavior\ContentReplaceBehavior [ RunTime:0.000034s ]
INFO: [ template_filter ] --END-- [ RunTime:0.000062s ]
NOTIC: [8] Undefined variable: taskCount /var/www/html/shequ/Application/Runtime/Cache/Lease/5b7b01085156028b59a2b3200698c012.php 第 46 行.
INFO: Run Behavior\ParseTemplateBehavior [ RunTime:0.003925s ]
INFO: [ view_parse ] --END-- [ RunTime:0.003952s ]
INFO: [ view_filter ] --START--
INFO: Run Behavior\WriteHtmlCacheBehavior [ RunTime:0.000024s ]
INFO: [ view_filter ] --END-- [ RunTime:0.000041s ]
INFO: [ app_end ] --START--
INFO: Run Behavior\ShowPageTraceBehavior [ RunTime:0.000025s ]
INFO: [ app_end ] --END-- [ RunTime:0.000046s ]

