[ 2019-04-11T00:31:18+08:00 ] 112.120.111.247 /
INFO: [ app_init ] --START--
INFO: Run Behavior\BuildLiteBehavior [ RunTime:0.000010s ]
INFO: [ app_init ] --END-- [ RunTime:0.000093s ]
INFO: [ app_begin ] --START--
INFO: Run Behavior\ReadHtmlCacheBehavior [ RunTime:0.000040s ]
INFO: [ app_begin ] --END-- [ RunTime:0.000066s ]
SQL: SHOW COLUMNS FROM `file` [ RunTime:0.0008s ]
SQL: SELECT * FROM `file` LIMIT 6   [ RunTime:0.0004s ]
SQL: SELECT COUNT(*) AS tp_count FROM `file` LIMIT 1   [ RunTime:0.0003s ]
NOTIC: [8] Use of undefined constant admin - assumed 'admin' /var/www/html/shequ/Application/Home/Controller/IndexController.class.php 第 11 行.
NOTIC: [8] Use of undefined constant community - assumed 'community' /var/www/html/shequ/Application/Home/Controller/IndexController.class.php 第 11 行.
NOTIC: [8] Undefined index: admin /var/www/html/shequ/Application/Home/Controller/IndexController.class.php 第 11 行.
SQL: SHOW COLUMNS FROM `house` [ RunTime:0.0005s ]
SQL: SELECT COUNT(*) AS tp_count FROM `house` WHERE `community` = null LIMIT 1   [ RunTime:0.0004s ]
SQL: SHOW COLUMNS FROM `people` [ RunTime:0.0006s ]
SQL: SELECT COUNT(*) AS tp_count FROM `people` WHERE `community` = null LIMIT 1   [ RunTime:0.0004s ]
SQL: SHOW COLUMNS FROM `qiaolian` [ RunTime:0.0005s ]
SQL: SELECT COUNT(*) AS tp_count FROM `qiaolian` WHERE `community` = null LIMIT 1   [ RunTime:0.0004s ]
SQL: SHOW COLUMNS FROM `car` [ RunTime:0.0006s ]
SQL: SELECT COUNT(*) AS tp_count FROM `car` WHERE `community` = null LIMIT 1   [ RunTime:0.0004s ]
SQL: SHOW COLUMNS FROM `lease` [ RunTime:0.0006s ]
SQL: SELECT COUNT(*) AS tp_count FROM `lease` WHERE `community` = null LIMIT 1   [ RunTime:0.0005s ]
SQL: SHOW COLUMNS FROM `admin` [ RunTime:0.0007s ]
SQL: SELECT COUNT(*) AS tp_count FROM `admin` LIMIT 1   [ RunTime:0.0004s ]
SQL: SHOW COLUMNS FROM `charge` [ RunTime:0.0006s ]
SQL: SELECT COUNT(*) AS tp_count FROM `charge` WHERE `community` = null LIMIT 1   [ RunTime:0.0004s ]
SQL: SHOW COLUMNS FROM `company` [ RunTime:0.0005s ]
SQL: SELECT COUNT(*) AS tp_count FROM `company` WHERE `community` = null LIMIT 1   [ RunTime:0.0005s ]
SQL: SHOW COLUMNS FROM `community` [ RunTime:0.0005s ]
SQL: SELECT * FROM `community`  [ RunTime:0.0003s ]
SQL: SELECT COUNT(*) AS tp_count FROM `community` LIMIT 1   [ RunTime:0.0003s ]
NOTIC: [8] Use of undefined constant admin - assumed 'admin' /var/www/html/shequ/Application/Home/Controller/IndexController.class.php 第 21 行.
NOTIC: [8] Use of undefined constant isadmin - assumed 'isadmin' /var/www/html/shequ/Application/Home/Controller/IndexController.class.php 第 21 行.
NOTIC: [8] Undefined index: admin /var/www/html/shequ/Application/Home/Controller/IndexController.class.php 第 21 行.
NOTIC: [8] Use of undefined constant admin - assumed 'admin' /var/www/html/shequ/Application/Home/Controller/IndexController.class.php 第 22 行.
NOTIC: [8] Use of undefined constant name - assumed 'name' /var/www/html/shequ/Application/Home/Controller/IndexController.class.php 第 22 行.
NOTIC: [8] Undefined index: admin /var/www/html/shequ/Application/Home/Controller/IndexController.class.php 第 22 行.
SQL: SHOW COLUMNS FROM `task` [ RunTime:0.0006s ]
SQL: SELECT COUNT(*) AS tp_count FROM `task` WHERE `fuzeren` = null AND `isComplete` = 1 LIMIT 1   [ RunTime:0.0004s ]
NOTIC: [8] Use of undefined constant admin - assumed 'admin' /var/www/html/shequ/Application/Home/Controller/IndexController.class.php 第 31 行.
NOTIC: [8] Use of undefined constant isadmin - assumed 'isadmin' /var/www/html/shequ/Application/Home/Controller/IndexController.class.php 第 31 行.
NOTIC: [8] Undefined index: admin /var/www/html/shequ/Application/Home/Controller/IndexController.class.php 第 31 行.
NOTIC: [8] Use of undefined constant admin - assumed 'admin' /var/www/html/shequ/Application/Home/Controller/IndexController.class.php 第 32 行.
NOTIC: [8] Use of undefined constant name - assumed 'name' /var/www/html/shequ/Application/Home/Controller/IndexController.class.php 第 32 行.
NOTIC: [8] Undefined index: admin /var/www/html/shequ/Application/Home/Controller/IndexController.class.php 第 32 行.
SQL: SELECT COUNT(*) AS tp_count FROM `task` WHERE `fuzeren` = null LIMIT 1   [ RunTime:0.0005s ]
NOTIC: [8] Use of undefined constant admin - assumed 'admin' /var/www/html/shequ/Application/Home/Controller/IndexController.class.php 第 42 行.
NOTIC: [8] Use of undefined constant community - assumed 'community' /var/www/html/shequ/Application/Home/Controller/IndexController.class.php 第 42 行.
NOTIC: [8] Undefined index: admin /var/www/html/shequ/Application/Home/Controller/IndexController.class.php 第 42 行.
SQL: SELECT COUNT(*) AS tp_count FROM `people` WHERE `community` = null LIMIT 1   [ RunTime:0.0004s ]
NOTIC: [8] Use of undefined constant admin - assumed 'admin' /var/www/html/shequ/Application/Home/Controller/IndexController.class.php 第 46 行.
NOTIC: [8] Use of undefined constant community - assumed 'community' /var/www/html/shequ/Application/Home/Controller/IndexController.class.php 第 46 行.
NOTIC: [8] Undefined index: admin /var/www/html/shequ/Application/Home/Controller/IndexController.class.php 第 46 行.
SQL: SELECT COUNT(*) AS tp_count FROM `people` WHERE `community` = null LIMIT 1   [ RunTime:0.0004s ]
NOTIC: [8] Use of undefined constant admin - assumed 'admin' /var/www/html/shequ/Application/Home/Controller/IndexController.class.php 第 50 行.
NOTIC: [8] Use of undefined constant community - assumed 'community' /var/www/html/shequ/Application/Home/Controller/IndexController.class.php 第 50 行.
NOTIC: [8] Undefined index: admin /var/www/html/shequ/Application/Home/Controller/IndexController.class.php 第 50 行.
SQL: SELECT COUNT(*) AS tp_count FROM `people` WHERE `community` = null LIMIT 1   [ RunTime:0.0004s ]
NOTIC: [8] Use of undefined constant admin - assumed 'admin' /var/www/html/shequ/Application/Home/Controller/IndexController.class.php 第 54 行.
NOTIC: [8] Use of undefined constant community - assumed 'community' /var/www/html/shequ/Application/Home/Controller/IndexController.class.php 第 54 行.
NOTIC: [8] Undefined index: admin /var/www/html/shequ/Application/Home/Controller/IndexController.class.php 第 54 行.
SQL: SELECT COUNT(*) AS tp_count FROM `people` WHERE `community` = null LIMIT 1   [ RunTime:0.0004s ]
INFO: [ view_parse ] --START--
INFO: [ template_filter ] --START--
INFO: Run Behavior\ContentReplaceBehavior [ RunTime:0.000054s ]
INFO: [ template_filter ] --END-- [ RunTime:0.000100s ]
NOTIC: [8] Undefined index: admin /var/www/html/shequ/Application/Runtime/Cache/Home/2a94b8bda04ff446dcedd42276fc99ee.php 第 47 行.
NOTIC: [8] Undefined index: admin /var/www/html/shequ/Application/Runtime/Cache/Home/2a94b8bda04ff446dcedd42276fc99ee.php 第 51 行.
NOTIC: [8] Undefined index: admin /var/www/html/shequ/Application/Runtime/Cache/Home/2a94b8bda04ff446dcedd42276fc99ee.php 第 65 行.
NOTIC: [8] Undefined index: admin /var/www/html/shequ/Application/Runtime/Cache/Home/2a94b8bda04ff446dcedd42276fc99ee.php 第 65 行.
NOTIC: [8] Undefined index: admin /var/www/html/shequ/Application/Runtime/Cache/Home/2a94b8bda04ff446dcedd42276fc99ee.php 第 65 行.
NOTIC: [8] Undefined index: admin /var/www/html/shequ/Application/Runtime/Cache/Home/2a94b8bda04ff446dcedd42276fc99ee.php 第 67 行.
NOTIC: [8] Undefined index: admin /var/www/html/shequ/Application/Runtime/Cache/Home/2a94b8bda04ff446dcedd42276fc99ee.php 第 68 行.
NOTIC: [8] Undefined index: admin /var/www/html/shequ/Application/Runtime/Cache/Home/2a94b8bda04ff446dcedd42276fc99ee.php 第 68 行.
NOTIC: [8] Undefined index: admin /var/www/html/shequ/Application/Runtime/Cache/Home/2a94b8bda04ff446dcedd42276fc99ee.php 第 69 行.
NOTIC: [8] Undefined index: admin /var/www/html/shequ/Application/Runtime/Cache/Home/2a94b8bda04ff446dcedd42276fc99ee.php 第 70 行.
NOTIC: [8] Undefined index: admin /var/www/html/shequ/Application/Runtime/Cache/Home/2a94b8bda04ff446dcedd42276fc99ee.php 第 74 行.
NOTIC: [8] Use of undefined constant id - assumed 'id' /var/www/html/shequ/Application/Runtime/Cache/Home/2a94b8bda04ff446dcedd42276fc99ee.php 第 74 行.
NOTIC: [8] Undefined index: admin /var/www/html/shequ/Application/Runtime/Cache/Home/2a94b8bda04ff446dcedd42276fc99ee.php 第 74 行.
NOTIC: [8] Use of undefined constant id - assumed 'id' /var/www/html/shequ/Application/Runtime/Cache/Home/2a94b8bda04ff446dcedd42276fc99ee.php 第 74 行.
NOTIC: [8] Undefined index: admin /var/www/html/shequ/Application/Runtime/Cache/Home/2a94b8bda04ff446dcedd42276fc99ee.php 第 74 行.
NOTIC: [8] Undefined index: admin /var/www/html/shequ/Application/Runtime/Cache/Home/2a94b8bda04ff446dcedd42276fc99ee.php 第 183 行.
NOTIC: [8] Undefined index: admin /var/www/html/shequ/Application/Runtime/Cache/Home/2a94b8bda04ff446dcedd42276fc99ee.php 第 208 行.
INFO: Run Behavior\ParseTemplateBehavior [ RunTime:0.007896s ]
INFO: [ view_parse ] --END-- [ RunTime:0.007922s ]
INFO: [ view_filter ] --START--
INFO: Run Behavior\WriteHtmlCacheBehavior [ RunTime:0.000034s ]
INFO: [ view_filter ] --END-- [ RunTime:0.000062s ]
INFO: [ app_end ] --START--
INFO: Run Behavior\ShowPageTraceBehavior [ RunTime:0.000054s ]
INFO: [ app_end ] --END-- [ RunTime:0.000090s ]

[ 2019-04-11T00:31:32+08:00 ] 112.120.111.247 /index.php?m=home&c=login&a=index
INFO: [ app_init ] --START--
INFO: Run Behavior\BuildLiteBehavior [ RunTime:0.000010s ]
INFO: [ app_init ] --END-- [ RunTime:0.000066s ]
INFO: [ app_begin ] --START--
INFO: Run Behavior\ReadHtmlCacheBehavior [ RunTime:0.000028s ]
INFO: [ app_begin ] --END-- [ RunTime:0.000049s ]
INFO: [ view_parse ] --START--
INFO: [ template_filter ] --START--
INFO: Run Behavior\ContentReplaceBehavior [ RunTime:0.000047s ]
INFO: [ template_filter ] --END-- [ RunTime:0.000148s ]
INFO: Run Behavior\ParseTemplateBehavior [ RunTime:0.004153s ]
INFO: [ view_parse ] --END-- [ RunTime:0.004215s ]
INFO: [ view_filter ] --START--
INFO: Run Behavior\WriteHtmlCacheBehavior [ RunTime:0.000065s ]
INFO: [ view_filter ] --END-- [ RunTime:0.000127s ]
INFO: [ app_end ] --START--
INFO: Run Behavior\ShowPageTraceBehavior [ RunTime:0.000048s ]
INFO: [ app_end ] --END-- [ RunTime:0.000079s ]

[ 2019-04-11T00:31:42+08:00 ] 112.120.111.247 /index.php?m=home&c=login&a=check
INFO: [ app_init ] --START--
INFO: Run Behavior\BuildLiteBehavior [ RunTime:0.000014s ]
INFO: [ app_init ] --END-- [ RunTime:0.000098s ]
INFO: [ app_begin ] --START--
INFO: Run Behavior\ReadHtmlCacheBehavior [ RunTime:0.000054s ]
INFO: [ app_begin ] --END-- [ RunTime:0.000088s ]
SQL: SHOW COLUMNS FROM `admin` [ RunTime:0.0009s ]
SQL: SELECT * FROM `admin` WHERE ( name="陈伟林" ) LIMIT 1   [ RunTime:0.0005s ]

[ 2019-04-11T00:31:44+08:00 ] 112.120.111.247 /index.php?m=home&c=index&a=index
INFO: [ app_init ] --START--
INFO: Run Behavior\BuildLiteBehavior [ RunTime:0.000009s ]
INFO: [ app_init ] --END-- [ RunTime:0.000066s ]
INFO: [ app_begin ] --START--
INFO: Run Behavior\ReadHtmlCacheBehavior [ RunTime:0.000023s ]
INFO: [ app_begin ] --END-- [ RunTime:0.000045s ]
SQL: SHOW COLUMNS FROM `file` [ RunTime:0.0007s ]
SQL: SELECT * FROM `file` LIMIT 6   [ RunTime:0.0004s ]
SQL: SELECT COUNT(*) AS tp_count FROM `file` LIMIT 1   [ RunTime:0.0004s ]
NOTIC: [8] Use of undefined constant admin - assumed 'admin' /var/www/html/shequ/Application/Home/Controller/IndexController.class.php 第 11 行.
NOTIC: [8] Use of undefined constant community - assumed 'community' /var/www/html/shequ/Application/Home/Controller/IndexController.class.php 第 11 行.
SQL: SHOW COLUMNS FROM `house` [ RunTime:0.0007s ]
SQL: SELECT COUNT(*) AS tp_count FROM `house` WHERE `community` = 3 LIMIT 1   [ RunTime:0.0004s ]
SQL: SHOW COLUMNS FROM `people` [ RunTime:0.0006s ]
SQL: SELECT COUNT(*) AS tp_count FROM `people` WHERE `community` = 3 LIMIT 1   [ RunTime:0.0005s ]
SQL: SHOW COLUMNS FROM `qiaolian` [ RunTime:0.0006s ]
SQL: SELECT COUNT(*) AS tp_count FROM `qiaolian` WHERE `community` = 3 LIMIT 1   [ RunTime:0.0004s ]
SQL: SHOW COLUMNS FROM `car` [ RunTime:0.0007s ]
SQL: SELECT COUNT(*) AS tp_count FROM `car` WHERE `community` = 3 LIMIT 1   [ RunTime:0.0005s ]
SQL: SHOW COLUMNS FROM `lease` [ RunTime:0.0006s ]
SQL: SELECT COUNT(*) AS tp_count FROM `lease` WHERE `community` = 3 LIMIT 1   [ RunTime:0.0004s ]
SQL: SHOW COLUMNS FROM `admin` [ RunTime:0.0006s ]
SQL: SELECT COUNT(*) AS tp_count FROM `admin` LIMIT 1   [ RunTime:0.0004s ]
SQL: SHOW COLUMNS FROM `charge` [ RunTime:0.0006s ]
SQL: SELECT COUNT(*) AS tp_count FROM `charge` WHERE `community` = 3 LIMIT 1   [ RunTime:0.0004s ]
SQL: SHOW COLUMNS FROM `company` [ RunTime:0.0006s ]
SQL: SELECT COUNT(*) AS tp_count FROM `company` WHERE `community` = 3 LIMIT 1   [ RunTime:0.0004s ]
SQL: SHOW COLUMNS FROM `community` [ RunTime:0.0005s ]
SQL: SELECT * FROM `community`  [ RunTime:0.0004s ]
SQL: SELECT COUNT(*) AS tp_count FROM `community` LIMIT 1   [ RunTime:0.0003s ]
NOTIC: [8] Use of undefined constant admin - assumed 'admin' /var/www/html/shequ/Application/Home/Controller/IndexController.class.php 第 21 行.
NOTIC: [8] Use of undefined constant isadmin - assumed 'isadmin' /var/www/html/shequ/Application/Home/Controller/IndexController.class.php 第 21 行.
NOTIC: [8] Use of undefined constant admin - assumed 'admin' /var/www/html/shequ/Application/Home/Controller/IndexController.class.php 第 22 行.
NOTIC: [8] Use of undefined constant name - assumed 'name' /var/www/html/shequ/Application/Home/Controller/IndexController.class.php 第 22 行.
SQL: SHOW COLUMNS FROM `task` [ RunTime:0.0006s ]
SQL: SELECT COUNT(*) AS tp_count FROM `task` WHERE `fuzeren` = '陈伟林' AND `isComplete` = 1 LIMIT 1   [ RunTime:0.0005s ]
NOTIC: [8] Use of undefined constant admin - assumed 'admin' /var/www/html/shequ/Application/Home/Controller/IndexController.class.php 第 31 行.
NOTIC: [8] Use of undefined constant isadmin - assumed 'isadmin' /var/www/html/shequ/Application/Home/Controller/IndexController.class.php 第 31 行.
NOTIC: [8] Use of undefined constant admin - assumed 'admin' /var/www/html/shequ/Application/Home/Controller/IndexController.class.php 第 32 行.
NOTIC: [8] Use of undefined constant name - assumed 'name' /var/www/html/shequ/Application/Home/Controller/IndexController.class.php 第 32 行.
SQL: SELECT COUNT(*) AS tp_count FROM `task` WHERE `fuzeren` = '陈伟林' LIMIT 1   [ RunTime:0.0004s ]
NOTIC: [8] Use of undefined constant admin - assumed 'admin' /var/www/html/shequ/Application/Home/Controller/IndexController.class.php 第 42 行.
NOTIC: [8] Use of undefined constant community - assumed 'community' /var/www/html/shequ/Application/Home/Controller/IndexController.class.php 第 42 行.
SQL: SELECT COUNT(*) AS tp_count FROM `people` WHERE `community` = 3 LIMIT 1   [ RunTime:0.0004s ]
NOTIC: [8] Use of undefined constant admin - assumed 'admin' /var/www/html/shequ/Application/Home/Controller/IndexController.class.php 第 46 行.
NOTIC: [8] Use of undefined constant community - assumed 'community' /var/www/html/shequ/Application/Home/Controller/IndexController.class.php 第 46 行.
SQL: SELECT COUNT(*) AS tp_count FROM `people` WHERE `community` = 3 LIMIT 1   [ RunTime:0.0004s ]
NOTIC: [8] Use of undefined constant admin - assumed 'admin' /var/www/html/shequ/Application/Home/Controller/IndexController.class.php 第 50 行.
NOTIC: [8] Use of undefined constant community - assumed 'community' /var/www/html/shequ/Application/Home/Controller/IndexController.class.php 第 50 行.
SQL: SELECT COUNT(*) AS tp_count FROM `people` WHERE `community` = 3 LIMIT 1   [ RunTime:0.0004s ]
NOTIC: [8] Use of undefined constant admin - assumed 'admin' /var/www/html/shequ/Application/Home/Controller/IndexController.class.php 第 54 行.
NOTIC: [8] Use of undefined constant community - assumed 'community' /var/www/html/shequ/Application/Home/Controller/IndexController.class.php 第 54 行.
SQL: SELECT COUNT(*) AS tp_count FROM `people` WHERE `community` = 3 LIMIT 1   [ RunTime:0.0003s ]
INFO: [ view_parse ] --START--
INFO: [ template_filter ] --START--
INFO: Run Behavior\ContentReplaceBehavior [ RunTime:0.000064s ]
INFO: [ template_filter ] --END-- [ RunTime:0.000117s ]
NOTIC: [8] Use of undefined constant id - assumed 'id' /var/www/html/shequ/Application/Runtime/Cache/Home/2a94b8bda04ff446dcedd42276fc99ee.php 第 74 行.
NOTIC: [8] Use of undefined constant id - assumed 'id' /var/www/html/shequ/Application/Runtime/Cache/Home/2a94b8bda04ff446dcedd42276fc99ee.php 第 74 行.
INFO: Run Behavior\ParseTemplateBehavior [ RunTime:0.009543s ]
INFO: [ view_parse ] --END-- [ RunTime:0.009578s ]
INFO: [ view_filter ] --START--
INFO: Run Behavior\WriteHtmlCacheBehavior [ RunTime:0.000051s ]
INFO: [ view_filter ] --END-- [ RunTime:0.000074s ]
INFO: [ app_end ] --START--
INFO: Run Behavior\ShowPageTraceBehavior [ RunTime:0.000033s ]
INFO: [ app_end ] --END-- [ RunTime:0.000067s ]

[ 2019-04-11T00:32:36+08:00 ] 112.120.111.247 /index.php?m=home&c=index&a=note
INFO: [ app_init ] --START--
INFO: Run Behavior\BuildLiteBehavior [ RunTime:0.000009s ]
INFO: [ app_init ] --END-- [ RunTime:0.000066s ]
INFO: [ app_begin ] --START--
INFO: Run Behavior\ReadHtmlCacheBehavior [ RunTime:0.000039s ]
INFO: [ app_begin ] --END-- [ RunTime:0.000068s ]
INFO: [ view_parse ] --START--
INFO: [ template_filter ] --START--
INFO: Run Behavior\ContentReplaceBehavior [ RunTime:0.000043s ]
INFO: [ template_filter ] --END-- [ RunTime:0.000107s ]
INFO: Run Behavior\ParseTemplateBehavior [ RunTime:0.008378s ]
INFO: [ view_parse ] --END-- [ RunTime:0.008418s ]
INFO: [ view_filter ] --START--
INFO: Run Behavior\WriteHtmlCacheBehavior [ RunTime:0.000050s ]
INFO: [ view_filter ] --END-- [ RunTime:0.000118s ]
INFO: [ app_end ] --START--
INFO: Run Behavior\ShowPageTraceBehavior [ RunTime:0.000036s ]
INFO: [ app_end ] --END-- [ RunTime:0.000056s ]

[ 2019-04-11T00:33:14+08:00 ] 112.120.111.247 /index.php?m=home&c=index&a=task
INFO: [ app_init ] --START--
INFO: Run Behavior\BuildLiteBehavior [ RunTime:0.000013s ]
INFO: [ app_init ] --END-- [ RunTime:0.000088s ]
INFO: [ app_begin ] --START--
INFO: Run Behavior\ReadHtmlCacheBehavior [ RunTime:0.000045s ]
INFO: [ app_begin ] --END-- [ RunTime:0.000096s ]
NOTIC: [8] Use of undefined constant admin - assumed 'admin' /var/www/html/shequ/Application/Home/Controller/IndexController.class.php 第 85 行.
NOTIC: [8] Use of undefined constant name - assumed 'name' /var/www/html/shequ/Application/Home/Controller/IndexController.class.php 第 85 行.
SQL: SHOW COLUMNS FROM `task` [ RunTime:0.0009s ]
SQL: SELECT COUNT(*) AS tp_count FROM `task` WHERE `isComplete` = 2 AND `fuzeren` = '陈伟林' LIMIT 1   [ RunTime:0.0005s ]
NOTIC: [8] Use of undefined constant admin - assumed 'admin' /var/www/html/shequ/Application/Home/Controller/IndexController.class.php 第 91 行.
NOTIC: [8] Use of undefined constant name - assumed 'name' /var/www/html/shequ/Application/Home/Controller/IndexController.class.php 第 91 行.
SQL: SELECT COUNT(*) AS tp_count FROM `task` WHERE `isComplete` = 1 AND `fuzeren` = '陈伟林' LIMIT 1   [ RunTime:0.0005s ]
INFO: [ app_end ] --START--
INFO: Run Behavior\ShowPageTraceBehavior [ RunTime:0.000045s ]
INFO: [ app_end ] --END-- [ RunTime:0.000068s ]

[ 2019-04-11T00:33:53+08:00 ] 112.120.111.247 /index.php
INFO: [ app_init ] --START--
INFO: Run Behavior\BuildLiteBehavior [ RunTime:0.000013s ]
INFO: [ app_init ] --END-- [ RunTime:0.000094s ]
INFO: [ app_begin ] --START--
INFO: Run Behavior\ReadHtmlCacheBehavior [ RunTime:0.000048s ]
INFO: [ app_begin ] --END-- [ RunTime:0.000080s ]
SQL: SHOW COLUMNS FROM `file` [ RunTime:0.0010s ]
SQL: SELECT * FROM `file` LIMIT 6   [ RunTime:0.0005s ]
SQL: SELECT COUNT(*) AS tp_count FROM `file` LIMIT 1   [ RunTime:0.2136s ]
NOTIC: [8] Use of undefined constant admin - assumed 'admin' /var/www/html/shequ/Application/Home/Controller/IndexController.class.php 第 11 行.
NOTIC: [8] Use of undefined constant community - assumed 'community' /var/www/html/shequ/Application/Home/Controller/IndexController.class.php 第 11 行.
SQL: SHOW COLUMNS FROM `house` [ RunTime:0.0010s ]
SQL: SELECT COUNT(*) AS tp_count FROM `house` WHERE `community` = 3 LIMIT 1   [ RunTime:0.0005s ]
SQL: SHOW COLUMNS FROM `people` [ RunTime:0.0007s ]
SQL: SELECT COUNT(*) AS tp_count FROM `people` WHERE `community` = 3 LIMIT 1   [ RunTime:0.0004s ]
SQL: SHOW COLUMNS FROM `qiaolian` [ RunTime:0.0007s ]
SQL: SELECT COUNT(*) AS tp_count FROM `qiaolian` WHERE `community` = 3 LIMIT 1   [ RunTime:0.0006s ]
SQL: SHOW COLUMNS FROM `car` [ RunTime:0.0006s ]
SQL: SELECT COUNT(*) AS tp_count FROM `car` WHERE `community` = 3 LIMIT 1   [ RunTime:0.0005s ]
SQL: SHOW COLUMNS FROM `lease` [ RunTime:0.2057s ]
SQL: SELECT COUNT(*) AS tp_count FROM `lease` WHERE `community` = 3 LIMIT 1   [ RunTime:0.0007s ]
SQL: SHOW COLUMNS FROM `admin` [ RunTime:0.0008s ]
SQL: SELECT COUNT(*) AS tp_count FROM `admin` LIMIT 1   [ RunTime:0.0004s ]
SQL: SHOW COLUMNS FROM `charge` [ RunTime:0.0006s ]
SQL: SELECT COUNT(*) AS tp_count FROM `charge` WHERE `community` = 3 LIMIT 1   [ RunTime:0.0004s ]
SQL: SHOW COLUMNS FROM `company` [ RunTime:0.0007s ]
SQL: SELECT COUNT(*) AS tp_count FROM `company` WHERE `community` = 3 LIMIT 1   [ RunTime:0.0005s ]
SQL: SHOW COLUMNS FROM `community` [ RunTime:0.2028s ]
SQL: SELECT * FROM `community`  [ RunTime:0.0006s ]
SQL: SELECT COUNT(*) AS tp_count FROM `community` LIMIT 1   [ RunTime:0.3014s ]
NOTIC: [8] Use of undefined constant admin - assumed 'admin' /var/www/html/shequ/Application/Home/Controller/IndexController.class.php 第 21 行.
NOTIC: [8] Use of undefined constant isadmin - assumed 'isadmin' /var/www/html/shequ/Application/Home/Controller/IndexController.class.php 第 21 行.
NOTIC: [8] Use of undefined constant admin - assumed 'admin' /var/www/html/shequ/Application/Home/Controller/IndexController.class.php 第 22 行.
NOTIC: [8] Use of undefined constant name - assumed 'name' /var/www/html/shequ/Application/Home/Controller/IndexController.class.php 第 22 行.
SQL: SHOW COLUMNS FROM `task` [ RunTime:0.0009s ]
SQL: SELECT COUNT(*) AS tp_count FROM `task` WHERE `fuzeren` = '陈伟林' AND `isComplete` = 1 LIMIT 1   [ RunTime:0.0006s ]
NOTIC: [8] Use of undefined constant admin - assumed 'admin' /var/www/html/shequ/Application/Home/Controller/IndexController.class.php 第 31 行.
NOTIC: [8] Use of undefined constant isadmin - assumed 'isadmin' /var/www/html/shequ/Application/Home/Controller/IndexController.class.php 第 31 行.
NOTIC: [8] Use of undefined constant admin - assumed 'admin' /var/www/html/shequ/Application/Home/Controller/IndexController.class.php 第 32 行.
NOTIC: [8] Use of undefined constant name - assumed 'name' /var/www/html/shequ/Application/Home/Controller/IndexController.class.php 第 32 行.
SQL: SELECT COUNT(*) AS tp_count FROM `task` WHERE `fuzeren` = '陈伟林' LIMIT 1   [ RunTime:0.0004s ]
NOTIC: [8] Use of undefined constant admin - assumed 'admin' /var/www/html/shequ/Application/Home/Controller/IndexController.class.php 第 42 行.
NOTIC: [8] Use of undefined constant community - assumed 'community' /var/www/html/shequ/Application/Home/Controller/IndexController.class.php 第 42 行.
SQL: SELECT COUNT(*) AS tp_count FROM `people` WHERE `community` = 3 LIMIT 1   [ RunTime:0.0004s ]
NOTIC: [8] Use of undefined constant admin - assumed 'admin' /var/www/html/shequ/Application/Home/Controller/IndexController.class.php 第 46 行.
NOTIC: [8] Use of undefined constant community - assumed 'community' /var/www/html/shequ/Application/Home/Controller/IndexController.class.php 第 46 行.
SQL: SELECT COUNT(*) AS tp_count FROM `people` WHERE `community` = 3 LIMIT 1   [ RunTime:0.0004s ]
NOTIC: [8] Use of undefined constant admin - assumed 'admin' /var/www/html/shequ/Application/Home/Controller/IndexController.class.php 第 50 行.
NOTIC: [8] Use of undefined constant community - assumed 'community' /var/www/html/shequ/Application/Home/Controller/IndexController.class.php 第 50 行.
SQL: SELECT COUNT(*) AS tp_count FROM `people` WHERE `community` = 3 LIMIT 1   [ RunTime:0.0004s ]
NOTIC: [8] Use of undefined constant admin - assumed 'admin' /var/www/html/shequ/Application/Home/Controller/IndexController.class.php 第 54 行.
NOTIC: [8] Use of undefined constant community - assumed 'community' /var/www/html/shequ/Application/Home/Controller/IndexController.class.php 第 54 行.
SQL: SELECT COUNT(*) AS tp_count FROM `people` WHERE `community` = 3 LIMIT 1   [ RunTime:0.0004s ]
INFO: [ view_parse ] --START--
INFO: [ template_filter ] --START--
INFO: Run Behavior\ContentReplaceBehavior [ RunTime:0.000088s ]
INFO: [ template_filter ] --END-- [ RunTime:0.000163s ]
NOTIC: [8] Use of undefined constant id - assumed 'id' /var/www/html/shequ/Application/Runtime/Cache/Home/2a94b8bda04ff446dcedd42276fc99ee.php 第 74 行.
NOTIC: [8] Use of undefined constant id - assumed 'id' /var/www/html/shequ/Application/Runtime/Cache/Home/2a94b8bda04ff446dcedd42276fc99ee.php 第 74 行.
INFO: Run Behavior\ParseTemplateBehavior [ RunTime:0.012061s ]
INFO: [ view_parse ] --END-- [ RunTime:0.012110s ]
INFO: [ view_filter ] --START--
INFO: Run Behavior\WriteHtmlCacheBehavior [ RunTime:0.000061s ]
INFO: [ view_filter ] --END-- [ RunTime:0.000093s ]
INFO: [ app_end ] --START--
INFO: Run Behavior\ShowPageTraceBehavior [ RunTime:0.000044s ]
INFO: [ app_end ] --END-- [ RunTime:0.000087s ]

[ 2019-04-11T00:34:51+08:00 ] 112.120.111.247 /index.php
INFO: [ app_init ] --START--
INFO: Run Behavior\BuildLiteBehavior [ RunTime:0.000009s ]
INFO: [ app_init ] --END-- [ RunTime:0.000059s ]
INFO: [ app_begin ] --START--
INFO: Run Behavior\ReadHtmlCacheBehavior [ RunTime:0.000028s ]
INFO: [ app_begin ] --END-- [ RunTime:0.000049s ]
SQL: SHOW COLUMNS FROM `file` [ RunTime:0.0007s ]
SQL: SELECT * FROM `file` LIMIT 6   [ RunTime:0.0004s ]
SQL: SELECT COUNT(*) AS tp_count FROM `file` LIMIT 1   [ RunTime:0.0004s ]
NOTIC: [8] Use of undefined constant admin - assumed 'admin' /var/www/html/shequ/Application/Home/Controller/IndexController.class.php 第 11 行.
NOTIC: [8] Use of undefined constant community - assumed 'community' /var/www/html/shequ/Application/Home/Controller/IndexController.class.php 第 11 行.
SQL: SHOW COLUMNS FROM `house` [ RunTime:0.0006s ]
SQL: SELECT COUNT(*) AS tp_count FROM `house` WHERE `community` = 3 LIMIT 1   [ RunTime:0.0005s ]
SQL: SHOW COLUMNS FROM `people` [ RunTime:0.0007s ]
SQL: SELECT COUNT(*) AS tp_count FROM `people` WHERE `community` = 3 LIMIT 1   [ RunTime:0.0005s ]
SQL: SHOW COLUMNS FROM `qiaolian` [ RunTime:0.0006s ]
SQL: SELECT COUNT(*) AS tp_count FROM `qiaolian` WHERE `community` = 3 LIMIT 1   [ RunTime:0.0009s ]
SQL: SHOW COLUMNS FROM `car` [ RunTime:0.0006s ]
SQL: SELECT COUNT(*) AS tp_count FROM `car` WHERE `community` = 3 LIMIT 1   [ RunTime:0.0005s ]
SQL: SHOW COLUMNS FROM `lease` [ RunTime:0.0007s ]
SQL: SELECT COUNT(*) AS tp_count FROM `lease` WHERE `community` = 3 LIMIT 1   [ RunTime:0.0006s ]
SQL: SHOW COLUMNS FROM `admin` [ RunTime:0.0008s ]
SQL: SELECT COUNT(*) AS tp_count FROM `admin` LIMIT 1   [ RunTime:0.0004s ]
SQL: SHOW COLUMNS FROM `charge` [ RunTime:0.0009s ]
SQL: SELECT COUNT(*) AS tp_count FROM `charge` WHERE `community` = 3 LIMIT 1   [ RunTime:0.0004s ]
SQL: SHOW COLUMNS FROM `company` [ RunTime:0.0007s ]
SQL: SELECT COUNT(*) AS tp_count FROM `company` WHERE `community` = 3 LIMIT 1   [ RunTime:0.0004s ]
SQL: SHOW COLUMNS FROM `community` [ RunTime:0.0006s ]
SQL: SELECT * FROM `community`  [ RunTime:0.0004s ]
SQL: SELECT COUNT(*) AS tp_count FROM `community` LIMIT 1   [ RunTime:0.0004s ]
NOTIC: [8] Use of undefined constant admin - assumed 'admin' /var/www/html/shequ/Application/Home/Controller/IndexController.class.php 第 21 行.
NOTIC: [8] Use of undefined constant isadmin - assumed 'isadmin' /var/www/html/shequ/Application/Home/Controller/IndexController.class.php 第 21 行.
NOTIC: [8] Use of undefined constant admin - assumed 'admin' /var/www/html/shequ/Application/Home/Controller/IndexController.class.php 第 22 行.
NOTIC: [8] Use of undefined constant name - assumed 'name' /var/www/html/shequ/Application/Home/Controller/IndexController.class.php 第 22 行.
SQL: SHOW COLUMNS FROM `task` [ RunTime:0.2013s ]
SQL: SELECT COUNT(*) AS tp_count FROM `task` WHERE `fuzeren` = '陈伟林' AND `isComplete` = 1 LIMIT 1   [ RunTime:0.0007s ]
NOTIC: [8] Use of undefined constant admin - assumed 'admin' /var/www/html/shequ/Application/Home/Controller/IndexController.class.php 第 31 行.
NOTIC: [8] Use of undefined constant isadmin - assumed 'isadmin' /var/www/html/shequ/Application/Home/Controller/IndexController.class.php 第 31 行.
NOTIC: [8] Use of undefined constant admin - assumed 'admin' /var/www/html/shequ/Application/Home/Controller/IndexController.class.php 第 32 行.
NOTIC: [8] Use of undefined constant name - assumed 'name' /var/www/html/shequ/Application/Home/Controller/IndexController.class.php 第 32 行.
SQL: SELECT COUNT(*) AS tp_count FROM `task` WHERE `fuzeren` = '陈伟林' LIMIT 1   [ RunTime:0.0005s ]
NOTIC: [8] Use of undefined constant admin - assumed 'admin' /var/www/html/shequ/Application/Home/Controller/IndexController.class.php 第 42 行.
NOTIC: [8] Use of undefined constant community - assumed 'community' /var/www/html/shequ/Application/Home/Controller/IndexController.class.php 第 42 行.
SQL: SELECT COUNT(*) AS tp_count FROM `people` WHERE `community` = 3 LIMIT 1   [ RunTime:0.0005s ]
NOTIC: [8] Use of undefined constant admin - assumed 'admin' /var/www/html/shequ/Application/Home/Controller/IndexController.class.php 第 46 行.
NOTIC: [8] Use of undefined constant community - assumed 'community' /var/www/html/shequ/Application/Home/Controller/IndexController.class.php 第 46 行.
SQL: SELECT COUNT(*) AS tp_count FROM `people` WHERE `community` = 3 LIMIT 1   [ RunTime:0.0004s ]
NOTIC: [8] Use of undefined constant admin - assumed 'admin' /var/www/html/shequ/Application/Home/Controller/IndexController.class.php 第 50 行.
NOTIC: [8] Use of undefined constant community - assumed 'community' /var/www/html/shequ/Application/Home/Controller/IndexController.class.php 第 50 行.
SQL: SELECT COUNT(*) AS tp_count FROM `people` WHERE `community` = 3 LIMIT 1   [ RunTime:0.0004s ]
NOTIC: [8] Use of undefined constant admin - assumed 'admin' /var/www/html/shequ/Application/Home/Controller/IndexController.class.php 第 54 行.
NOTIC: [8] Use of undefined constant community - assumed 'community' /var/www/html/shequ/Application/Home/Controller/IndexController.class.php 第 54 行.
SQL: SELECT COUNT(*) AS tp_count FROM `people` WHERE `community` = 3 LIMIT 1   [ RunTime:0.0005s ]
INFO: [ view_parse ] --START--
INFO: [ template_filter ] --START--
INFO: Run Behavior\ContentReplaceBehavior [ RunTime:0.000063s ]
INFO: [ template_filter ] --END-- [ RunTime:0.000111s ]
NOTIC: [8] Use of undefined constant id - assumed 'id' /var/www/html/shequ/Application/Runtime/Cache/Home/2a94b8bda04ff446dcedd42276fc99ee.php 第 74 行.
NOTIC: [8] Use of undefined constant id - assumed 'id' /var/www/html/shequ/Application/Runtime/Cache/Home/2a94b8bda04ff446dcedd42276fc99ee.php 第 74 行.
INFO: Run Behavior\ParseTemplateBehavior [ RunTime:0.010418s ]
INFO: [ view_parse ] --END-- [ RunTime:0.010455s ]
INFO: [ view_filter ] --START--
INFO: Run Behavior\WriteHtmlCacheBehavior [ RunTime:0.000039s ]
INFO: [ view_filter ] --END-- [ RunTime:0.000057s ]
INFO: [ app_end ] --START--
INFO: Run Behavior\ShowPageTraceBehavior [ RunTime:0.000025s ]
INFO: [ app_end ] --END-- [ RunTime:0.000051s ]

[ 2019-04-11T00:35:14+08:00 ] 112.120.111.247 /index.php
INFO: [ app_init ] --START--
INFO: Run Behavior\BuildLiteBehavior [ RunTime:0.000014s ]
INFO: [ app_init ] --END-- [ RunTime:0.000120s ]
INFO: [ app_begin ] --START--
INFO: Run Behavior\ReadHtmlCacheBehavior [ RunTime:0.000042s ]
INFO: [ app_begin ] --END-- [ RunTime:0.000078s ]
SQL: SHOW COLUMNS FROM `file` [ RunTime:0.0008s ]
SQL: SELECT * FROM `file` LIMIT 6   [ RunTime:0.0005s ]
SQL: SELECT COUNT(*) AS tp_count FROM `file` LIMIT 1   [ RunTime:0.2044s ]
NOTIC: [8] Use of undefined constant admin - assumed 'admin' /var/www/html/shequ/Application/Home/Controller/IndexController.class.php 第 11 行.
NOTIC: [8] Use of undefined constant community - assumed 'community' /var/www/html/shequ/Application/Home/Controller/IndexController.class.php 第 11 行.
SQL: SHOW COLUMNS FROM `house` [ RunTime:0.0009s ]
SQL: SELECT COUNT(*) AS tp_count FROM `house` WHERE `community` = 3 LIMIT 1   [ RunTime:0.0005s ]
SQL: SHOW COLUMNS FROM `people` [ RunTime:0.0008s ]
SQL: SELECT COUNT(*) AS tp_count FROM `people` WHERE `community` = 3 LIMIT 1   [ RunTime:0.0005s ]
SQL: SHOW COLUMNS FROM `qiaolian` [ RunTime:0.0007s ]
SQL: SELECT COUNT(*) AS tp_count FROM `qiaolian` WHERE `community` = 3 LIMIT 1   [ RunTime:0.0005s ]
SQL: SHOW COLUMNS FROM `car` [ RunTime:0.0006s ]
SQL: SELECT COUNT(*) AS tp_count FROM `car` WHERE `community` = 3 LIMIT 1   [ RunTime:0.0004s ]
SQL: SHOW COLUMNS FROM `lease` [ RunTime:0.2029s ]
SQL: SELECT COUNT(*) AS tp_count FROM `lease` WHERE `community` = 3 LIMIT 1   [ RunTime:0.0005s ]
SQL: SHOW COLUMNS FROM `admin` [ RunTime:0.0006s ]
SQL: SELECT COUNT(*) AS tp_count FROM `admin` LIMIT 1   [ RunTime:0.0005s ]
SQL: SHOW COLUMNS FROM `charge` [ RunTime:0.0008s ]
SQL: SELECT COUNT(*) AS tp_count FROM `charge` WHERE `community` = 3 LIMIT 1   [ RunTime:0.2014s ]
SQL: SHOW COLUMNS FROM `company` [ RunTime:0.0008s ]
SQL: SELECT COUNT(*) AS tp_count FROM `company` WHERE `community` = 3 LIMIT 1   [ RunTime:0.0004s ]
SQL: SHOW COLUMNS FROM `community` [ RunTime:0.0006s ]
SQL: SELECT * FROM `community`  [ RunTime:0.2014s ]
SQL: SELECT COUNT(*) AS tp_count FROM `community` LIMIT 1   [ RunTime:0.0006s ]
NOTIC: [8] Use of undefined constant admin - assumed 'admin' /var/www/html/shequ/Application/Home/Controller/IndexController.class.php 第 21 行.
NOTIC: [8] Use of undefined constant isadmin - assumed 'isadmin' /var/www/html/shequ/Application/Home/Controller/IndexController.class.php 第 21 行.
NOTIC: [8] Use of undefined constant admin - assumed 'admin' /var/www/html/shequ/Application/Home/Controller/IndexController.class.php 第 22 行.
NOTIC: [8] Use of undefined constant name - assumed 'name' /var/www/html/shequ/Application/Home/Controller/IndexController.class.php 第 22 行.
SQL: SHOW COLUMNS FROM `task` [ RunTime:0.0008s ]
SQL: SELECT COUNT(*) AS tp_count FROM `task` WHERE `fuzeren` = '陈伟林' AND `isComplete` = 1 LIMIT 1   [ RunTime:0.0008s ]
NOTIC: [8] Use of undefined constant admin - assumed 'admin' /var/www/html/shequ/Application/Home/Controller/IndexController.class.php 第 31 行.
NOTIC: [8] Use of undefined constant isadmin - assumed 'isadmin' /var/www/html/shequ/Application/Home/Controller/IndexController.class.php 第 31 行.
NOTIC: [8] Use of undefined constant admin - assumed 'admin' /var/www/html/shequ/Application/Home/Controller/IndexController.class.php 第 32 行.
NOTIC: [8] Use of undefined constant name - assumed 'name' /var/www/html/shequ/Application/Home/Controller/IndexController.class.php 第 32 行.
SQL: SELECT COUNT(*) AS tp_count FROM `task` WHERE `fuzeren` = '陈伟林' LIMIT 1   [ RunTime:0.0004s ]
NOTIC: [8] Use of undefined constant admin - assumed 'admin' /var/www/html/shequ/Application/Home/Controller/IndexController.class.php 第 42 行.
NOTIC: [8] Use of undefined constant community - assumed 'community' /var/www/html/shequ/Application/Home/Controller/IndexController.class.php 第 42 行.
SQL: SELECT COUNT(*) AS tp_count FROM `people` WHERE `community` = 3 LIMIT 1   [ RunTime:0.0004s ]
NOTIC: [8] Use of undefined constant admin - assumed 'admin' /var/www/html/shequ/Application/Home/Controller/IndexController.class.php 第 46 行.
NOTIC: [8] Use of undefined constant community - assumed 'community' /var/www/html/shequ/Application/Home/Controller/IndexController.class.php 第 46 行.
SQL: SELECT COUNT(*) AS tp_count FROM `people` WHERE `community` = 3 LIMIT 1   [ RunTime:0.0004s ]
NOTIC: [8] Use of undefined constant admin - assumed 'admin' /var/www/html/shequ/Application/Home/Controller/IndexController.class.php 第 50 行.
NOTIC: [8] Use of undefined constant community - assumed 'community' /var/www/html/shequ/Application/Home/Controller/IndexController.class.php 第 50 行.
SQL: SELECT COUNT(*) AS tp_count FROM `people` WHERE `community` = 3 LIMIT 1   [ RunTime:0.0004s ]
NOTIC: [8] Use of undefined constant admin - assumed 'admin' /var/www/html/shequ/Application/Home/Controller/IndexController.class.php 第 54 行.
NOTIC: [8] Use of undefined constant community - assumed 'community' /var/www/html/shequ/Application/Home/Controller/IndexController.class.php 第 54 行.
SQL: SELECT COUNT(*) AS tp_count FROM `people` WHERE `community` = 3 LIMIT 1   [ RunTime:0.0004s ]
INFO: [ view_parse ] --START--
INFO: [ template_filter ] --START--
INFO: Run Behavior\ContentReplaceBehavior [ RunTime:0.000059s ]
INFO: [ template_filter ] --END-- [ RunTime:0.000103s ]
NOTIC: [8] Use of undefined constant id - assumed 'id' /var/www/html/shequ/Application/Runtime/Cache/Home/2a94b8bda04ff446dcedd42276fc99ee.php 第 74 行.
NOTIC: [8] Use of undefined constant id - assumed 'id' /var/www/html/shequ/Application/Runtime/Cache/Home/2a94b8bda04ff446dcedd42276fc99ee.php 第 74 行.
INFO: Run Behavior\ParseTemplateBehavior [ RunTime:0.007724s ]
INFO: [ view_parse ] --END-- [ RunTime:0.007756s ]
INFO: [ view_filter ] --START--
INFO: Run Behavior\WriteHtmlCacheBehavior [ RunTime:0.000076s ]
INFO: [ view_filter ] --END-- [ RunTime:0.001488s ]
INFO: [ app_end ] --START--
INFO: Run Behavior\ShowPageTraceBehavior [ RunTime:0.000035s ]
INFO: [ app_end ] --END-- [ RunTime:0.000067s ]

[ 2019-04-11T00:36:19+08:00 ] 112.120.111.247 /index.php?m=home&c=index&a=task
INFO: [ app_init ] --START--
INFO: Run Behavior\BuildLiteBehavior [ RunTime:0.000012s ]
INFO: [ app_init ] --END-- [ RunTime:0.000093s ]
INFO: [ app_begin ] --START--
INFO: Run Behavior\ReadHtmlCacheBehavior [ RunTime:0.000042s ]
INFO: [ app_begin ] --END-- [ RunTime:0.000075s ]
NOTIC: [8] Use of undefined constant admin - assumed 'admin' /var/www/html/shequ/Application/Home/Controller/IndexController.class.php 第 85 行.
NOTIC: [8] Use of undefined constant name - assumed 'name' /var/www/html/shequ/Application/Home/Controller/IndexController.class.php 第 85 行.
SQL: SHOW COLUMNS FROM `task` [ RunTime:0.2069s ]
SQL: SELECT COUNT(*) AS tp_count FROM `task` WHERE `isComplete` = 2 AND `fuzeren` = '陈伟林' LIMIT 1   [ RunTime:0.0007s ]
NOTIC: [8] Use of undefined constant admin - assumed 'admin' /var/www/html/shequ/Application/Home/Controller/IndexController.class.php 第 91 行.
NOTIC: [8] Use of undefined constant name - assumed 'name' /var/www/html/shequ/Application/Home/Controller/IndexController.class.php 第 91 行.
SQL: SELECT COUNT(*) AS tp_count FROM `task` WHERE `isComplete` = 1 AND `fuzeren` = '陈伟林' LIMIT 1   [ RunTime:0.0014s ]
INFO: [ app_end ] --START--
INFO: Run Behavior\ShowPageTraceBehavior [ RunTime:0.000062s ]
INFO: [ app_end ] --END-- [ RunTime:0.000091s ]

